138.234 8.2337
138.283 8.62143
139.715 8.12563
139.274 8.69405
139.241 9.24344
139.276 9.29706
136.62 8.82042
140.119 9.60664
135.454 7.42012
136.126 9.03167
137.854 9.07478
140.083 9.19331
139.154 9.0553
139.458 8.87255
136.808 8.5974
138.521 8.78879
144.164 7.99522
139.131 8.01293
138.319 8.06577
139.024 9.30223
140.748 8.69106
140.689 9.02846
141.278 8.28866
140.598 8.28569
141.452 8.24178
144.019 9.23906
141.833 10.6176
136.608 8.77585
138.804 9.05649
137.798 9.3302
137.831 8.63503
140.116 8.63401
140.119 8.56257
137.305 8.05065
136.157 8.78538
137.294 8.6153
138.225 8.51377
138.173 8.9062
137.429 7.94263
138.114 8.89929
137.269 8.97259
137.298 9.04201
139.466 8.48966
140.028 9.22324
135.525 8.41065
135.277 8.48854
138.422 7.24658
138.152 9.11344
138.191 7.48409
138.228 8.97111
138.676 8.89281
136.751 9.03145
135.786 8.50942
137.922 9.25139
137.047 9.19636
138.266 9.02425
137.165 8.1899
137.12 8.74531
136.401 8.80438
139.019 9.23358
138.783 8.84148
137.006 7.93057
141.373 7.96616
138.283 8.02211
137.078 9.15288
136.998 8.79865
138.037 8.59654
137.024 7.51986
136.393 9.01233
141.63 7.5751
140.151 7.83684
143.015 8.11494
142.087 7.36877
141.249 8.33808
138.703 8.85263
139.889 8.94664
137.535 9.62672
137.398 9.16143
138.095 7.15147
139.902 9.28442
135.308 8.07497
141.354 8.16186
140.665 8.46539
140.182 7.72141
140.508 8.08739
141.047 9.1966
139.29 8.52057
140.466 8.10576
138.667 8.39842
140.847 8.35411
142.975 8.56129
139.068 9.05319
138.678 9.41812
136.533 8.5241
137.723 9.74389
138.713 8.6721
136.994 8.00334
134.033 8.02308
136.341 8.60009
137.23 8.98367
138.031 7.71431
138.391 8.60414
140.521 8.0404
136.23 7.86987
136.963 9.09204
137.247 10.5379
137.101 8.38796
136.845 8.96617
135.779 9.11589
132.779 8.09505
133.754 8.10435
135.15 8.27115
135.871 8.73344
136.54 8.58893
136.547 8.54482
136.218 7.83128
136.611 7.18623
135.681 8.17809
134.33 9.00759
134.49 8.29645
133.115 8.35231
141.142 8.41545
141.514 8.68827
139.457 7.4317
139.11 9.74785
138.29 9.4734
138.505 8.28068
139.26 8.24816
137.643 8.44877
136.663 8.21555
134.456 9.07079
138.527 8.39888
138.869 7.96712
142.432 8.36606
137.335 8.01164
137.854 8.34457
139.923 8.16648
139.72 7.63339
136.727 8.77291
138.727 8.63336
140.35 8.37893
141.584 8.53212
142.644 7.98015
139.127 9.32394
143.159 8.89035
141.398 9.41302
140.086 9.56611
144.251 9.57848
144.04 8.57624
142.694 7.66955
139.258 7.98828
139.121 7.01808
139.188 7.98983
141.661 8.56034
139.647 8.2167
139.404 8.20961
140.09 8.50207
140.011 8.39396
139.92 7.68206
140.967 8.13913
139.214 8.47653
140.986 9.19186
141.081 7.94123
137.728 7.89888
137.511 8.13269
138.74 7.92013
137.381 8.07543
138.419 8.95332
136.466 8.11961
137.532 8.68157
134.257 8.98077
135.67 8.18828
136.384 7.77728
141.079 9.20724
138.711 9.21997
137.521 8.27953
134.752 9.4579
134.193 9.59192
135.927 9.83248
140.21 7.84788
139.923 8.44294
139.483 8.3615
138.171 8.14989
136.646 8.46755
136.681 8.30251
137.121 8.36264
138.867 8.94649
138.225 9.66927
137.368 8.61207
134.201 8.16855
136.769 8.34623
137.944 8.47487
136.427 8.48319
137.316 9.74353
137.015 9.64057
138.05 9.07023
137.827 8.6748
140.475 9.61407
138.401 8.76911
139.101 7.96844
139.276 7.67651
146.31 7.56634
140.173 7.7086
143.566 8.56529
141.542 8.20921
140.651 7.4544
140.509 8.23811
139.813 8.41998
140.682 7.88321
142.053 9.67926
141.612 8.58781
143.351 8.74553
140.291 8.32934
140.41 8.56347
144.112 8.88103
141.176 8.46073
143.482 9.09384
144.3 7.70797
140.689 7.94596
141.151 8.49358
141.734 7.46418
140.136 8.19122
139.777 8.35571
141.65 8.5535
140.78 7.43793
139.806 9.41085
139.174 9.45926
140.735 7.07588
137.875 7.57966
138.678 8.20031
137.649 9.64553
139.745 9.56739
141.042 8.126
141.026 8.28746
141.38 9.39204
140.935 8.41317
139.939 8.67215
139.999 8.58956
139.551 8.3348
139.115 9.07708
137.502 7.92649
142.642 8.86078
142.091 9.24204
139.841 8.29499
137.961 8.46187
136.466 9.08731
142.558 8.74486
140.697 8.17445
142.385 8.21371
140.688 8.16175
136.783 8.56506
138.954 9.19655
136.945 8.45776
136.417 8.6764
136.166 8.15642
137.351 7.76058
136.494 8.12972
137.184 8.52752
133.037 8.8474
136.407 10.0332
138.342 9.25942
138.878 8.5276
138.431 8.89636
134.476 9.27649
137.585 8.47113
136.602 9.06838
138.758 9.47712
137.26 8.99557
139.082 7.85573
137.414 8.39871
137.088 8.68555
136.736 8.76062
138.769 8.286
139.95 7.77761
141.559 8.03007
140.719 9.08072
140.917 7.81333
140.506 9.34903
141.101 8.81463
140.488 7.91024
140.746 7.7115
140.623 8.6485
138.247 7.55758
139.57 8.46012
137.395 8.16403
138.331 8.87133
138.28 9.0362
141.134 8.11973
138.375 8.46468
137.749 9.2596
140.262 8.67069
135.373 9.69327
134.722 8.03303
139.643 8.20841
136.483 9.02145
139.706 8.68952
137.308 8.82224
136.957 9.92205
136.467 9.92123
137.001 8.89754
138.699 8.28846
142.059 9.49957
140.12 8.25042
141.621 7.95842
139.805 8.51646
138.646 8.96764
138.012 8.20527
138.317 9.15882
138.044 7.71482
137.842 7.59583
139.881 9.89472
138.276 9.51981
138.424 8.2947
137.713 8.05853
139.925 8.42549
138.639 9.21438
140.002 8.13912
135.977 9.14834
135.671 7.83225
137.328 8.2352
137.061 8.96079
136.739 7.88463
141.119 7.76893
137.217 7.87691
140.621 8.94591
137.613 8.64995
140.818 7.65655
137.56 8.70148
138.756 8.70369
138.35 9.77258
136.445 9.14848
137.873 10.3215
138.01 8.58173
135.24 8.27061
140.04 7.6428
137.332 8.40627
136.741 8.01525
140.092 7.62645
140.331 9.61928
138.525 7.90834
138.135 8.94107
142.383 9.79779
138.174 8.45133
137.508 8.48794
139.17 7.75252
139.47 7.70524
138.72 7.62018
137.714 9.65617
136.5 7.98531
136.048 9.47606
136.274 9.31171
137.602 9.33175
138.232 9.98507
139.074 8.82936
136.958 9.01181
132.675 7.97863
135.696 8.10309
137.989 8.2108
137.645 7.55236
136.337 9.33572
138.768 8.99969
138.998 8.60648
138.418 8.05008
140.559 8.60763
140.241 7.7146
139.509 7.73495
136.686 9.54232
135.937 8.97525
137.772 7.78707
138.924 8.90253
136.55 8.48843
136.144 8.10949
138.856 9.03302
139.934 9.05094
141.242 8.14808
135.408 9.31708
136.641 8.36333
136.87 7.97194
138.329 8.65722
137.397 9.02847
140.186 8.39408
138.149 8.87611
136.259 8.92429
135.926 8.60963
134.884 8.56421
137.081 8.65707
135.366 9.22299
140.255 7.86122
137.95 8.77066
137.284 8.2505
138.283 8.28874
138.593 8.27851
139.776 8.41808
138.548 8.86848
137.634 9.12418
137.512 8.53998
137.705 8.82087
137.729 8.58101
135.518 8.87576
134.673 8.80087
135.423 8.91866
134.449 8.294
138.423 9.18018
137.251 7.61701
139.317 7.74337
139.892 8.18083
137.564 9.72131
136.822 7.49412
138.778 7.36137
139.869 8.23211
134.947 9.04947
139.673 9.58313
137.937 8.36672
137.705 8.53457
137.723 8.95427
138.258 7.79152
139.157 8.67093
137.38 10.2511
136.454 8.50472
137.484 7.91246
137.877 8.1737
136.627 8.84621
136.744 8.68217
136.088 7.67637
139.823 8.1309
138.007 10.3768
136.215 9.78506
135.269 8.81989
137.81 9.98845
137.413 9.10526
137.697 8.58323
135.56 8.59117
137.677 8.46485
139.226 9.79879
141.09 8.36915
140.045 8.83366
142.494 8.22155
141.038 9.38811
142.796 9.08288
141.518 7.90791
139.131 9.10605
141.157 7.78177
138.075 8.50177
137.335 8.72286
139.332 9.42492
139.249 7.55263
137.42 8.88677
137.103 10.2217
137.343 8.78268
138.679 8.72566
138.591 8.34391
140.324 8.5955
137.26 8.10469
137.851 9.20102
138.296 9.13373
139.895 8.27227
140.227 8.52543
139.981 8.41738
137.687 8.42162
138.595 8.42225
138.021 8.41127
137.93 9.44204
138.214 8.28898
140.884 8.1377
139.165 8.34472
139.751 8.2493
140.869 9.12397
140.659 7.49228
143.144 7.58994
141.41 8.65764
137.121 8.89881
139.571 7.72258
134.116 9.58558
139.032 8.81076
140.551 8.94751
139.388 8.21588
138.404 8.64685
139.739 9.49819
140.095 8.13521
144.224 7.79023
140.301 8.79072
140.636 8.35623
139.92 8.37918
140.612 8.15995
140.802 8.27314
142.109 9.56121
139.204 8.06563
139.723 7.87621
140.536 9.91846
137.832 9.94026
141.233 8.79961
138.454 8.63459
141.075 8.42737
136.398 9.0203
138.537 9.61899
138.708 9.03368
142.151 9.16438
142.014 8.27081
140.162 9.25153
139.133 9.0176
137.566 8.98853
136.158 8.52219
140.687 8.23778
143.75 7.9328
142.899 7.89189
140.874 8.55842
137.153 8.52678
137.888 8.69141
137.085 8.71508
139.635 6.94767
139.178 9.06803
140.691 8.77626
138.997 8.21744
136.054 8.33311
138.869 7.76951
136.734 8.56712
137.428 8.42086
138.567 8.56544
140.06 10.0763
136.172 8.94582
136.099 7.92362
139.266 9.30335
140.482 8.05907
140.63 7.60966
134.527 9.76808
134.066 10.0436
138.052 8.68916
138.817 8.04692
136.511 10.086
137.679 8.10085
142.157 7.86284
142.26 9.26464
138.182 9.10642
138.115 9.0341
137.126 8.77065
140.629 8.09277
140.198 8.28438
140.326 8.73652
137.874 8.87062
137.537 8.15606
140.212 8.03741
138.568 9.31404
136.89 7.74547
138.49 8.28035
139.848 9.50188
133.973 9.2879
138.124 7.70943
137.127 7.40157
138.623 8.00349
138.205 8.84025
136.479 8.28635
136.776 9.80484
135.579 9.01955
140.39 8.47469
139.419 9.05927
140.391 8.45206
139.114 9.29526
138.451 8.32519
139.7 7.8144
137.045 9.87059
138.021 9.12841
139.758 9.51204
133.942 8.73975
140.123 8.98811
135.174 9.65828
138.481 8.43124
137.369 7.92829
140.202 8.81192
139.338 9.04608
140.535 9.30033
139.163 9.57552
136.646 9.74532
137.206 7.9889
137.506 8.23316
137.897 8.75309
137.157 8.75719
136.602 8.2868
138.106 9.984
141.165 9.37432
136.251 9.1121
137.116 7.63502
139.277 9.04297
138.308 9.89532
137.113 10.2386
136.472 9.4299
139.854 8.94276
140.042 8.66588
138.805 9.05935
143.529 8.81096
140.46 8.30334
139.116 9.96727
139.017 8.90557
135.675 9.19931
132.369 9.32769
137.452 8.22728
138.152 8.22728
138.913 7.22878
138.031 8.5779
140.568 9.19938
137.332 9.08058
140.361 9.33296
138.619 8.8616
137.122 8.37302
138.938 9.3736
137.61 8.14682
136.071 8.21035
139.296 7.87426
135.694 9.22264
139.707 9.22483
139.17 9.06064
139.2 9.17582
139.88 8.83841
140.575 9.0262
140.097 8.44626
139.596 8.86345
137.033 8.82958
135.997 9.42632
142.798 9.18174
139.094 9.11956
138.966 8.67957
136.505 9.65631
136.078 10.2782
137.477 9.30459
137.575 9.23159
136.906 9.07447
138.125 8.96302
135.176 8.7836
138.544 8.91376
137.016 9.01658
137.749 9.79676
140.106 8.37552
139.215 7.29845
138.568 9.20754
137.919 9.10347
138.642 8.48903
136.723 7.52598
135.339 9.19682
138.066 7.53827
138.339 8.21804
136.663 8.96195
138.251 7.9721
135.684 8.0608
136.481 9.21781
135.584 9.32214
139.398 7.35279
139.275 8.64124
139.232 7.45826
139.249 7.89166
137.308 8.04769
136.559 8.5441
136.675 7.93952
137.726 9.04364
138.955 8.38679
137.737 10.4905
139.418 8.19674
140.279 8.5332
140.367 8.50331
140.082 9.18953
140.99 8.75826
141.23 7.58768
140.492 8.78004
141.602 8.46953
140.054 8.67386
138.681 9.42828
139.248 7.95601
140.289 8.61399
139.044 8.67467
137.88 7.74652
137.555 8.11135
137.538 10.1534
139.197 9.66364
139.702 9.06187
139.937 8.56338
136.212 9.60846
134.494 9.43621
137.108 9.56083
138.788 9.7758
140.936 7.86648
139.081 8.56243
140.275 9.35287
137.482 8.94561
136.854 8.55703
136.752 9.20928
138.975 8.7668
138.555 8.3903
140.615 8.52773
138.857 8.47391
140.244 8.40352
137.444 8.92883
135.523 8.69045
139.187 8.34807
139.669 8.19321
138.063 8.18518
140.346 7.89928
140.634 8.16852
138.226 7.67804
139.533 9.06203
136.016 8.57372
136.518 8.68456
136.24 8.67193
140.26 8.69212
135.363 7.02706
136.328 8.11784
136.344 9.08525
137.106 9.08928
137.525 8.74114
137.363 7.73183
137.211 8.7819
139.752 8.56024
137.375 7.1145
135.134 9.25527
136.156 8.39197
139.067 7.82347
140.993 8.49095
143.833 8.67931
143.259 8.08758
141.218 8.9115
137.796 8.8943
138.121 7.91398
136.555 9.08945
135.911 9.09361
136.804 9.78994
138.855 9.67154
138.169 8.08266
138.232 8.07559
136.577 7.94132
137.837 7.79394
137.55 9.02401
140.944 9.44589
138.239 8.07206
140.955 7.84364
137.267 8.36863
136.027 8.42168
137.661 7.86109
139.91 8.26138
139.071 9.21361
137.106 8.93124
137.147 8.76405
140.705 9.39857
142.288 8.65547
139.379 8.81577
137.203 8.57907
141.149 7.80163
141.757 8.55987
142.61 8.72314
141.252 9.13985
139.64 9.12794
139.708 8.04405
139.252 8.01272
137.704 8.37652
142.245 8.36527
141.087 8.83042
139.765 8.94901
135.297 8.52167
139.961 8.63769
137.502 9.60105
138.135 7.34604
141.589 8.13414
133.71 9.37731
137.222 9.35938
135.872 7.83686
138.732 8.98561
133.012 9.72632
134.947 9.40371
135.619 8.63004
135.542 9.1854
133.05 9.10432
136.535 8.78532
137.546 8.09173
141.541 9.128
138.668 7.74608
137.328 8.61332
141.716 8.64929
139.466 8.62923
139.464 7.88261
135.534 7.98428
138.407 9.09131
138.881 8.55835
141.339 9.63179
141.746 9.25331
137.782 8.98215
138.917 8.87783
139.689 9.09106
140.67 7.6012
139.939 6.98257
140.463 7.49936
136.87 8.54287
140.043 8.55735
137.677 8.94714
140.351 8.55597
140.844 8.01809
139.493 9.25062
141.226 9.13231
141.881 7.57376
139.839 7.65499
137.312 7.99303
136.917 8.52731
136.778 8.80056
139.749 9.46882
139.163 7.66736
140.89 8.23447
137.519 7.78895
138.115 8.04236
140.701 9.02483
139.912 8.54639
135.763 8.2361
136.548 7.86179
137.715 8.66049
133.908 8.69125
138.625 9.25294
139.964 9.23707
138.686 7.57829
139.11 8.11945
142.444 7.79895
142.479 8.37474
141.461 8.09109
142.465 7.2413
138.349 9.09533
137.869 8.7125
137.822 8.78992
138.964 9.21934
140.013 9.33124
137.782 8.0694
138.859 8.06779
138.093 7.67197
138.022 7.76925
137.888 8.86817
139.338 10.3399
138.987 9.19822
140.409 8.53696
140.891 8.94907
139.947 8.17512
141.799 8.58712
136.486 8.90993
136.317 9.33951
138.092 8.39952
139.656 7.27489
138.323 8.92835
138.967 8.26589
140.64 8.40158
140.814 8.38545
138.398 8.82931
137.71 9.31288
137.694 8.50518
139.291 8.39343
138.508 8.89246
138.591 7.91315
142 8.61288
141.256 8.31238
140.923 8.40072
141.583 8.41524
139.428 8.43316
137.831 8.78506
137.961 8.0401
140.511 8.2198
140.02 8.1961
141.686 8.03512
141.611 9.13039
142.351 8.26477
136.598 8.54628
138.383 9.20085
137.946 7.97836
140.15 8.1762
139.151 8.30988
138.044 7.94541
137.839 9.51802
139.7 8.36494
138.014 7.78477
138.886 7.28535
140.868 8.90719
140.355 8.01791
140.098 8.31018
142.002 8.93785
140.213 9.22994
138.704 8.63554
139.889 8.66675
139.332 8.46756
140.214 6.74579
139.499 8.23628
139.775 8.37629
138.883 8.7956
138.679 9.02049
139.17 8.08226
138.735 9.63024
139.671 7.40882
139.737 8.60034
136.577 9.96223
141.978 7.85574
139.658 8.25281
136.784 9.27197
139.276 9.2361
138.058 9.14087
139.768 9.32997
139.478 9.03353
140.079 8.93473
138.456 7.86785
138.601 8.24179
137.843 7.54393
137.954 7.64499
134.964 8.92701
133.912 8.94316
137.17 8.17206
138.724 7.69101
137.467 6.83789
139.582 8.02047
136.828 8.79505
137.421 8.67229
137.11 8.27863
137.457 9.67982
139.262 8.37245
139.275 7.90866
138.123 9.9184
137.991 9.52928
137.756 8.32692
136.859 7.87073
137.8 8.27637
141.844 7.77203
135.26 8.16467
136.713 9.10018
137.831 8.93105
140.7 8.0618
141.57 7.92636
137.532 9.95898
142.302 8.05065
142.385 8.9089
142.593 8.04985
139.314 8.26165
143.009 8.16251
138.682 7.56811
138.348 7.91863
137.997 8.51063
138.227 8.09119
139.786 8.41361
139.058 8.29404
139.572 8.75373
140.704 7.7864
139.856 8.86699
141.946 8.99545
136.63 8.80741
140.346 7.60029
139.582 8.23276
141.17 9.28491
140.111 8.19889
141.7 8.11247
139.267 7.27539
140.638 8.22779
141.836 7.63653
138.988 9.18076
138.317 8.66938
137.219 8.70256
136.119 8.56186
137.714 8.59673
137.722 8.62718
137.034 8.7966
134.95 9.25082
136.99 8.6265
136.2 8.85509
139.575 9.55071
143.646 9.75926
139.783 7.53543
139.162 7.69706
138.622 10.0516
138.033 8.0255
139.55 8.10467
138.231 9.04141
140.962 8.66029
138.157 7.27305
137.428 7.38956
136.61 9.70048
138.453 8.48929
139.907 8.89907
141.058 8.46508
138.626 8.54278
138.034 9.02386
139.255 8.95991
138.896 9.35891
138.601 8.57295
138.751 9.23252
137.964 7.79637
138.821 8.60451
138.544 8.74737
137.796 9.82991
135.841 8.67893
137.43 8.84539
137.467 8.09499
137.911 8.70505
137.909 9.28142
137.247 8.25514
142.284 7.76203
138.024 8.95439
135.868 9.08204
137.071 8.18672
137.28 8.78709
136.452 8.97776
136.486 9.18287
139.634 8.33507
141.427 8.54716
139.587 9.12768
139.96 8.99027
138.084 9.64228
138.387 8.89471
138.987 8.02404
137.451 8.36681
137.291 9.3185
136.289 8.77298
135.996 8.42861
137.541 9.73015
136.616 9.386
138.414 9.42478
141.426 8.82981
136.822 9.39806
138.362 8.82854
137.892 8.63706
137.246 9.40375
137.372 8.48699
139.776 7.97408
141.321 8.10289
140.674 8.86324
139.803 8.87519
137.598 9.053
136.071 8.29759
139.408 7.98028
139.538 7.80825
137.621 9.07112
137.123 9.01513
136.96 9.15479
136.918 8.70796
136.926 8.93097
136.094 8.78194
137.95 9.20826
137.948 9.02872
138.932 7.88931
142.677 7.69279
139.694 7.69584
140.932 8.45796
138.779 8.02594
140.809 7.39468
140.779 7.44012
138.682 8.52898
142.221 9.09865
137.123 8.82771
137.734 9.19956
141.239 8.33339
140.846 8.74963
142.336 8.56598
138.341 9.27511
138.873 8.25476
139.305 8.67793
141.785 8.35134
140.52 8.1856
137.565 9.77572
137.315 8.75778
136.975 8.82499
137.91 7.5659
138.428 8.86754
142.275 8.145
140.931 8.1545
141.11 7.51626
141.093 8.73084
138.162 8.0609
142.274 9.7765
139.351 8.35504
141.507 9.31577
138.785 8.23881
137.76 8.11335
136.954 7.97074
138.033 8.58936
132.751 9.6639
133.699 8.27141
134.611 8.34887
131.323 8.30915
134.085 10.8979
134.713 9.13893
140.145 8.41853
139.954 9.36209
135.746 9.25572
139.732 8.80646
139.339 9.62641
138.053 8.75645
137.928 8.56387
136.983 8.87222
136.064 8.4364
137.947 8.91436
137.218 9.94067
136.299 7.95119
138.102 7.53907
138.699 8.02222
138.728 8.18578
138.814 8.55169
137.456 8.04332
140.629 7.84423
141.232 7.9088
143.738 7.98822
139.894 8.58248
139.718 8.16483
140.333 8.79349
139.847 8.81675
141.071 8.59609
141.097 8.77624
143.214 8.72058
140.756 8.91439
141.474 8.43861
142.27 8.74794
142.069 8.93293
140.931 9.29979
140.928 8.87822
139.784 7.97317
140.349 8.48444
140.514 8.44262
140.604 9.82759
139.957 7.92918
142.306 7.99088
143.356 8.09322
145.398 7.26646
139.649 8.54237
143.558 8.081
140.431 9.85713
143.837 10.1539
143.837 6.90358
143.375 9.45327
140.463 9.42455
141.891 8.84877
142.117 9.0775
143.674 9.12077
144.922 8.62193
145.609 9.08823
143.584 8.27234
143.584 8.77619
144.038 8.75873
144.242 9.41786
146.776 10.0542
143.013 9.09945
144.344 7.81428
141.914 9.17262
143.033 8.98372
139.905 9.13927
142.217 8.32819
139.354 9.58491
139.827 7.905
140.984 8.25405
139.475 8.16324
138.217 7.80272
140.419 8.11827
139.413 8.59466
137.966 8.84876
139.045 8.44153
140.991 8.92539
139.177 8.25813
138.569 8.93777
141.316 8.26191
138.661 8.01439
137.152 9.33364
139.903 8.44778
141.435 8.37979
138.769 8.45633
136.955 9.07826
137.649 8.13077
139.971 8.36285
137.974 7.88994
140.588 7.94269
138.559 9.0119
136.91 8.57456
142.637 9.13304
139.638 9.56179
139.619 8.73149
138.08 9.19909
139.177 8.54824
137.333 8.70532
138.202 9.65698
138.613 7.69179
140.311 8.6783
139.476 9.04339
140.329 8.41924
139.001 8.25248
140.266 7.68357
137.799 7.77475
138.427 8.14777
138.493 8.27708
139.542 9.65771
139.818 8.96217
137.532 7.80901
136.436 9.37651
138.183 7.93853
142.815 9.55089
141.798 8.49133
141.251 8.54708
140.263 8.7148
141.088 9.03688
139.134 9.01911
137.412 9.81771
137.476 8.87898
138.367 9.47283
139.303 8.39217
139.41 8.33031
136.521 8.60719
137.875 8.49242
137.533 7.84287
138.281 9.00942
136.236 8.0356
135.375 8.0463
134.731 9.43281
138.649 9.28331
136.209 8.99536
139.029 8.73305
139.646 8.25498
140.225 9.53737
136.507 8.29362
140.842 8.27896
139.086 8.80499
138.368 8.52111
139.595 8.51427
138.602 8.17675
137.772 8.14561
137.448 8.99133
141.955 7.67271
140.918 8.09336
137.828 7.66145
137.699 9.86916
135.652 9.13973
136.785 9.23156
136.886 9.38308
137.909 8.17659
137.998 9.21061
137.863 9.35927
138.601 8.95113
139.19 7.56578
138.025 9.22533
137.166 7.83647
141.277 7.73483
141.401 8.59076
138.389 9.43202
139.908 8.77387
140.29 7.49253
138.704 9.70137
141.592 8.99648
141.908 8.94307
139.266 9.79436
141.596 9.87517
141.076 9.81016
139.222 7.69109
138.224 9.68129
135.967 9.05263
139.222 8.62561
138.114 9.83435
137.766 8.14084
136.28 8.40663
135.858 8.79544
136.05 7.87694
137.098 8.64657
138.141 9.05522
137.405 8.46203
136.583 9.26329
137.87 7.65778
137.795 8.04173
139.145 8.77297
138.069 9.17191
139.356 9.1419
139.323 9.52173
141.002 8.58328
140.05 8.28736
140.209 9.63342
138.045 9.74665
137.297 9.39677
136.955 8.67703
138.094 7.74336
136.88 8.05154
138.565 8.13885
139.997 9.18556
140.498 8.9072
138.739 7.77008
139.129 8.55241
138.827 8.36072
138.927 9.599
139.539 9.16501
139.493 8.66191
139.183 8.32694
133.358 7.96074
138.478 8.3891
139.254 7.57187
139.566 7.91649
139.589 8.00597
137.477 8.63479
134.79 8.09131
133.1 9.35279
138.415 9.1203
133.806 9.19979
135.865 8.98999
139.499 8.56978
137.812 8.84304
135.812 8.10089
136.656 8.54166
135.537 8.41894
137.95 9.16457
136.875 9.34326
137.894 10.3389
136.796 8.47126
137.975 9.25833
139.687 9.77033
140.427 7.73441
137.087 7.62443
136.825 7.52098
139.938 7.62851
136.963 8.46605
135.487 9.26345
136.418 9.30977
135.5 9.08829
135.863 9.38939
137.882 8.44253
136.378 9.26598
137.746 9.07803
138.279 9.02431
138.326 8.25103
138.194 8.61816
136.03 9.91711
137.526 9.68224
137.462 8.95477
136.998 8.82574
134.418 8.99725
137.465 9.57489
141.364 9.10673
137.634 8.93741
139.052 9.32108
136.079 9.34378
139.649 8.33449
138.986 8.54533
139.563 8.3288
140.416 8.22006
137.581 8.77845
137.165 8.45549
139.416 9.41071
141.608 8.28147
140.848 7.96917
139.218 8.57794
140.348 7.97682
136.21 8.60914
136.029 8.09527
139.614 8.40309
138.762 7.9408
138.9 7.6833
135.252 9.29096
135.629 8.33605
138.484 8.38688
136.208 7.91369
135.61 9.27327
135.497 8.76722
134.391 8.29306
138.817 8.56394
133.359 9.29089
134.99 9.85237
138.519 7.86783
139.431 8.13613
141.46 8.48925
139.596 6.70676
140.278 8.90575
138.187 8.97381
139.8 8.64577
138.622 8.47834
138.856 9.67184
136.871 8.27984
137.533 8.24462
138.741 9.06391
138.887 9.34704
138.763 9.59336
136.282 8.40652
140.853 7.7405
139.102 8.52075
137.881 9.46375
138.224 9.38074
137.69 9.01248
139.219 9.34309
140.266 8.79262
139.655 8.36586
135.86 8.35136
139.159 8.48285
137.401 9.18125
137.36 8.12848
137.067 8.75936
137.681 9.39774
134.215 8.54023
137.157 8.74992
139.997 7.17393
135.399 8.0247
134.761 8.6621
137.246 6.91076
135.873 8.91071
140.143 8.73962
138.324 9.495
138.825 8.09151
140.268 8.48619
138.586 7.65219
140.494 9.06952
138.89 7.68623
139.535 8.07836
139.923 8.1237
139.001 7.5426
138.234 8.42518
138.21 8.42123
137.041 8.68905
137.412 7.79692
139.341 7.57319
134.592 8.48764
138.64 9.09935
140.526 8.57331
136.163 8.801
136.818 8.84066
140.362 8.39941
139.737 8.65545
139.141 8.59287
133.08 8.83799
133.291 8.96493
137.718 8.53942
135.926 8.03474
136.91 8.89887
138.196 10.056
139.217 9.19099
139.951 10.155
138.52 7.31568
136.344 9.27644
139.764 8.06832
136.126 8.59769
135.917 8.66662
139.085 7.93718
138.461 8.23205
138.142 9.16476
139.115 8.14812
141.35 8.0098
138.518 8.02509
137.755 8.02634
137.261 8.07433
135.844 8.8429
139.257 8.71484
137.938 8.19894
137.862 8.09678
138.601 8.30324
137.914 8.38642
136.834 9.44944
138.334 7.70518
138.974 8.37649
138.284 8.59081
136.394 8.3809
136.575 9.31029
136.407 8.79128
140.014 9.60095
142.338 8.78917
136.635 9.32748
138.672 9.3601
138.261 9.33533
137.988 9.16746
138.306 9.65712
140.118 8.30502
140.958 8.57359
137.684 9.00146
139.179 8.79327
139.188 8.5915
138.193 9.14103
139.12 8.9274
142.411 8.7618
141.068 8.53512
141.94 9.72504
137.497 9.63675
140.66 8.45176
138.845 10.3847
139.231 9.20259
139.39 9.22072
136.937 8.55394
138.227 8.11011
138.191 7.98588
136.53 8.52384
137.188 8.02568
135.488 8.00371
137.199 8.78781
137.786 8.84407
138.031 7.78918
137.843 9.27837
138.65 8.25347
136.191 8.65134
136.182 8.29727
137.088 9.2752
137.966 9.08339
139.193 8.40371
140.247 7.90476
139.244 8.26589
141.408 8.54876
142.682 8.76752
139.414 8.71573
140.379 8.6502
139.707 7.27282
137.677 9.1939
136.787 9.23218
138.95 9.33893
139.388 9.43331
139.524 8.91025
140.697 8.46621
135.074 10.0663
135.088 7.27389
136.491 7.82541
136.777 9.5369
140.218 8.21942
138.005 9.67233
139.815 9.28965
138.961 9.0176
136.823 8.71645
140.125 8.85065
137.842 7.08781
136.798 8.9643
140.213 9.18868
139.214 7.89073
138.884 8.45251
134.608 9.66439
136.892 9.4558
138.418 9.73427
136.33 8.87556
137.518 9.1307
138.392 8.57324
135.523 8.65984
135.308 9.34689
137.421 10.0085
133.759 9.67713
135.292 9.39599
135.854 9.76865
137 8.47424
142.004 7.49829
142.159 7.70731
140.088 9.32779
138.806 8.91188
139.576 7.18125
140.138 10.2207
137.154 7.95049
141.83 7.9257
138.771 7.71573
139.913 8.2161
135.785 9.67708
137.779 7.71603
137.126 9.25842
140.422 8.41412
137.925 9.40728
140.813 8.85685
137.264 8.00275
138.026 8.41867
139.321 8.72953
138.661 9.09113
137.001 8.67514
139.577 8.72279
137.59 8.24116
139.137 8.86039
139.041 8.61299
138.078 8.61593
137.22 8.2384
137.148 8.6507
135.974 8.45884
139.944 8.54299
139.103 8.52096
136.768 9.85046
136.179 8.48459
138.485 9.10327
136.336 9.39216
138.445 9.1682
136.596 8.2446
138.01 9.05803
140.043 7.20111
139.973 8.33251
138.169 8.85703
137.691 9.07563
138.131 8.57589
139.814 8.88154
139.257 8.44578
135.813 9.39516
134.695 9.43175
137.538 8.54304
136.658 8.9644
138.117 8.30477
136.807 8.60867
140.576 9.23124
138.561 9.3066
138.876 9.16205
139.686 9.2152
139.578 8.86926
137.956 9.61128
136.864 9.27182
137.53 8.55858
139.248 8.49752
138.433 9.79704
133.811 8.80696
138.038 9.23213
141.235 8.54475
137.232 8.90928
140.439 8.69638
136.401 9.27909
138.275 8.76788
137.876 8.68534
138.592 9.25423
139.042 8.8862
138.112 8.71784
140.872 9.16379
139.238 8.39965
139.97 7.54709
138.165 8.55782
139.884 7.90717
137.427 9.39662
139.062 9.56683
139.122 8.49299
140.005 8.24783
140.327 8.0725
142.403 6.78204
141.826 7.20589
139.952 8.73766
140.346 8.8196
140.715 7.65332
138.923 8.80877
139.232 9.40332
136.743 8.78971
136.961 8.89021
136.153 8.46893
138 8.75033
141.24 8.89781
139.062 8.89479
137.997 8.81638
139.417 8.65196
140.587 8.01494
136.301 9.36423
139.308 9.02209
137.689 8.51672
137.489 8.56655
138.34 8.53524
137.07 7.9304
138.059 8.61115
137.38 8.97638
139.043 9.14471
140.881 8.05226
135.809 9.06833
138.972 8.67157
137.67 9.92335
137.214 8.23347
134.829 8.46684
136.614 9.50252
138.892 8.80429
136.053 8.6024
136.351 8.27115
136.96 9.12842
141.609 8.02582
137.159 8.9851
138.256 8.57321
134.199 9.49517
135.521 9.62151
140.46 8.71697
138.867 7.9963
136.786 8.43071
135.786 7.97769
139.073 9.50674
136.689 9.87475
137.351 8.26329
137.323 8.43191
139.49 8.56305
138.819 9.53447
137.76 8.80329
137.169 8.51889
139.312 9.22762
136.846 9.3287
138.832 9.85006
139.424 9.01746
135.417 9.25344
138.69 9.39967
137.553 8.93754
137.181 10.0421
138.629 8.53268
140.271 7.63066
135.82 8.84323
138.248 8.50693
138.551 8.13973
136.826 8.82788
137.446 8.73418
140.066 8.29724
139.15 9.7462
139.409 8.08323
139.725 9.03375
141.37 8.00243
139.21 7.77893
136.675 7.61582
135.835 7.83611
135.667 8.66515
140.158 8.55491
141.698 8.02917
139.951 8.20229
138.596 7.34962
136.926 9.22001
136.084 8.26368
141.132 8.37097
139.287 8.67655
137.331 8.59205
136.37 9.69409
138.911 8.43078
139.928 8.02554
138.767 7.95856
135.699 9.29958
139.95 8.30621
139.113 8.40013
139.279 8.39933
139.549 7.85833
138.732 8.66124
140.9 8.4665
140.178 7.72147
139.83 8.31151
139.116 8.4036
139.126 9.97822
136.308 9.03356
135.828 8.23677
137.625 9.33144
139.694 8.61191
138.677 8.60224
138.07 9.32847
135.857 8.3084
136.569 9.68438
137.002 8.82303
137.739 9.83214
138.775 7.94696
138.284 8.80216
137.912 8.30323
138.67 9.03621
140.809 8.79172
137.813 8.00929
136.933 8.07173
138.888 7.98304
141.768 7.62527
142.842 8.94263
140.199 8.61026
138.091 7.69729
138.49 8.72937
138.061 8.9661
142.835 8.57806
142.66 7.51162
140.975 7.96807
139.555 9.06575
138.47 8.77581
138.297 9.88157
138.39 9.39682
137.483 8.84469
136.872 9.84553
136.157 8.15629
136.884 8.28285
137.82 8.74029
135.706 9.01124
137.481 9.33973
140.4 9.9832
139.081 9.05779
138.54 9.14227
140.294 9.2249
139.736 8.59256
135.803 9.46157
135.418 8.00606
135.803 8.06621
135.775 8.72941
135.548 9.37325
137.466 8.94824
137.949 9.45487
134.113 9.44896
134.777 9.47559
135.621 8.36373
136.075 9.95406
137.533 9.77382
137.808 8.49102
135.434 8.75637
137.299 8.86487
136.608 9.00477
139.019 8.91978
138.367 9.15591
137.623 9.56635
139.189 9.09884
136.676 8.71052
137.605 7.9093
138.988 8.1046
138.859 7.7542
135.425 7.7035
137.843 8.21286
139.108 7.53976
135.87 9.21486
136.674 8.05779
137.936 9.25575
137.14 8.73048
141.132 8.31543
141.121 9.02758
138.487 7.83281
140.168 8.0034
136.463 7.29785
141.918 7.09962
140.289 8.44778
140.319 7.7111
140.879 7.30595
138.757 9.00214
138.483 8.10074
139.171 9.00013
142.614 7.60191
142.157 8.19488
139.672 7.89435
135.531 7.71617
138.644 7.16989
139.147 8.2549
139.603 9.10859
142.148 8.55351
141.276 7.24532
139.07 7.91639
140.327 8.63328
138.809 8.78908
137.004 8.77878
137.033 8.3526
137.068 8.59081
137.166 8.5718
142.743 7.74524
137.202 8.219
137.248 9.46234
137.078 9.38184
137.312 9.0733
137.363 9.56079
137.275 8.39974
138.149 8.15922
138.575 8.47889
138.1 7.79717
133.999 8.24178
141.15 8.48298
140.499 7.96369
139.221 9.4377
138.014 7.53226
136.838 8.33603
138.327 8.17429
141.035 9.39388
138.357 8.72053
137.356 8.28391
136.164 8.23369
137.467 8.11967
140.032 8.0143
138.253 9.65114
139.32 9.75099
137.228 9.28557
136.317 8.81792
134.852 8.64547
136.729 9.84114
139.855 8.3992
136.799 9.33219
136.519 6.90747
136.112 10.3643
136.601 9.17594
132.862 9.95831
139.244 8.21597
141.975 8.32731
139.134 8.90726
143.21 9.17368
139.934 9.07314
139.321 9.01291
140.157 8.64212
138.047 8.85069
137.57 8.66466
136.998 8.62736
137.972 8.43203
139.625 8.44848
140.378 8.51681
136.353 8.25286
138.55 8.1951
139.017 8.06168
138.567 7.94256
138.471 7.72821
139.891 8.11936
138.963 8.31393
137.765 8.99001
140.605 8.77485
138.978 9.55259
139.627 9.29749
140.567 8.83565
140.228 8.2172
138.791 8.71058
138.903 9.16835
140.763 8.45317
138.035 8.90818
140.25 7.94158
140.286 8.11012
142.744 8.18644
137.761 8.09825
135.948 9.28156
137.276 8.54661
137.729 9.88329
137.496 8.19023
136.48 9.1749
137.465 9.14773
137.582 9.22641
139.3 8.43911
137.936 9.5102
138.283 9.29754
142.399 8.50871
138.895 8.70617
144.988 9.05269
140.798 7.63177
139.064 8.30643
139.599 8.42661
143.697 8.7992
140.399 8.4885
142.464 9.11877
139.709 8.98769
139.806 8.14873
139.582 8.75163
139.043 8.50501
137.339 9.63875
139.887 7.70773
140.447 8.02678
143.317 8.35798
145.053 8.75601
140.947 8.14029
144.995 9.60639
143.682 7.55397
147.218 8.57368
142.547 8.67131
145.944 8.11139
144.154 8.27797
144.932 8.53195
141.664 8.62919
140.319 8.65193
143.753 8.0924
144.52 8.23468
145.015 8.32327
140.008 8.50597
142.185 7.82702
145.405 8.29914
140.941 9.2235
142.951 8.0691
144.156 8.46759
142.129 7.31872
144.231 8.0162
144.19 8.71656
140.766 9.75775
140.399 8.35643
139.042 8.29118
140.432 8.66194
142.04 8.63015
137.901 8.26975
141.094 7.8004
138.344 7.81166
136.581 8.23321
139.881 8.25171
137.149 8.25381
139.793 8.85429
138.69 8.91584
142.052 8.32842
140.291 8.09258
138.047 7.92904
138.125 8.04726
137.766 8.74978
136.693 9.31222
135.337 9.08828
138.477 9.46363
135.962 9.23591
140.629 8.05257
138.591 9.38372
139.651 8.05399
139.553 8.17956
140.432 8.73895
140.545 9.1854
140.47 8.8603
143.463 7.38753
139.771 8.46486
141.247 8.51119
141.469 9.13867
140.735 8.45008
142.358 7.44455
140.225 7.82584
138.252 6.90978
136.865 7.79853
136.906 7.57263
135.183 8.33957
136.637 9.86059
138.112 8.7894
138.755 8.41733
138.729 8.68057
139.383 9.38921
138.442 10.0468
140.285 7.8504
135.908 9.19053
138.339 7.69882
135.775 8.12025
140.255 8.42694
139.077 8.73843
139.261 8.9986
141.383 8.29004
135.591 9.37426
137.285 8.56636
136.523 9.10155
138.458 9.27468
139.022 8.48663
138.57 9.14801
139.135 8.73912
140.303 9.34615
138.811 8.85863
136.765 9.45008
135.977 8.83477
136.255 8.96335
134.021 8.93703
137.262 8.89384
139.576 9.49325
136.082 8.01388
139.654 7.76883
138.078 8.67135
136.966 9.45362
138.255 8.34572
135.591 8.73169
136.14 7.83395
140.147 8.47115
135.278 8.04248
135.86 8.0204
135.888 10.0694
136.876 9.51444
139.08 8.63916
136.693 8.93233
137.222 8.52481
137.439 8.23382
137.495 7.5234
138.695 8.8438
139.072 9.52137
139.531 8.99183
139.621 8.46508
138.736 9.19367
139.994 7.83651
139.749 8.1364
140.626 8.82302
140.782 8.22009
139.736 8.59258
138.324 8.66357
137.322 7.89346
141.321 7.95238
143.579 7.86914
143.645 7.78579
144.124 8.19067
141.81 8.69044
141.504 9.29247
144.369 9.08972
143.827 9.63693
142.353 9.92282
141.372 8.09497
141.433 8.97502
140.226 7.72849
140.849 8.79449
141.997 8.22982
139.365 8.73972
140.763 8.27618
143.257 8.26637
141.421 8.5975
139.418 9.30867
140.134 7.76582
139.07 7.67122
142.35 7.61814
144.743 9.2283
144.923 8.01699
139.495 8.41386
138.818 8.39145
140.623 8.39407
139.303 8.52207
137.896 9.29018
134.778 8.28824
138.784 7.24353
140.541 7.8201
142.218 7.58081
141.526 8.13614
141.504 8.18439
139.912 9.45644
139.261 8.87566
139.064 9.27198
139.902 9.54811
136.838 9.15911
137.078 8.62249
139.203 8.85543
141.131 9.19935
141.975 8.01243
139.893 9.11042
139.822 8.78235
138.397 8.7319
140.153 8.78362
139.488 8.52267
136.35 8.507
140.474 9.04416
141.997 8.33487
134.268 8.4597
137.688 8.28644
138.96 8.48866
138.468 8.63663
138.856 8.64759
140.692 8.91373
136.116 9.56935
138.551 8.35964
138.798 9.68373
138.205 8.75105
134.891 8.98288
140.038 10.3935
138.015 8.39774
139.531 7.86025
142.154 8.39581
139.96 9.61867
139.254 7.94515
138.711 8.10702
140.414 8.24549
143.358 8.29606
134.753 9.46889
135.727 10.0942
139.435 8.54019
137.032 8.27221
138.38 8.29661
137.416 9.25169
137.501 8.96791
138.837 9.13824
141.999 7.89481
139.122 8.37131
139.658 8.47739
140.313 8.45515
138.933 9.27945
139.076 8.29938
138.841 9.11086
138.89 8.26537
141.334 7.781
138.946 7.88133
140.062 7.59195
140.496 8.46179
140.523 8.92
140.483 7.94998
139.532 8.97417
139.252 8.4704
137.805 8.98032
136.239 8.9147
141.499 9.18657
140.573 8.67561
139.306 8.97304
140.748 7.88724
136.845 8.07649
137.967 8.52691
140.919 8.12522
137.65 8.38698
139.605 7.82403
138.084 9.06861
136.193 9.41165
138.453 9.37692
139.426 9.39518
138.858 8.64229
138.114 8.83422
136.357 8.83125
136.451 9.51703
138.259 8.44033
136.142 9.03236
139.517 8.89909
139.196 8.57329
138.546 7.20427
141.041 8.10061
137.531 8.49369
136.677 8.77194
137.831 9.11278
142.685 8.83441
140.045 7.19949
136.956 8.9977
135.295 9.589
134.472 8.91935
134.229 9.09393
139.489 9.11777
135.911 9.99118
140.097 8.66131
142.169 8.46594
138.368 8.17438
137.596 8.03245
136.227 9.31156
138.368 9.2107
139.926 9.08658
139.968 8.80155
135.943 8.94387
139.054 8.87976
137.67 9.17307
139.288 8.31195
136.819 8.23593
137.06 8.53131
137.433 8.31653
137.063 9.65919
137.766 8.77679
137.311 9.69036
138.817 8.58278
138.835 8.18718
138.143 7.94826
137.05 7.71495
140.347 8.77949
139.532 7.47793
139.77 9.13565
134.962 8.77915
136.381 7.7953
135.622 8.22186
137.02 7.56672
135.74 8.79186
132.369 8.94365
136.417 7.84848
134.562 9.0404
136.614 7.76263
135.336 7.66208
138.754 9.6597
139.141 7.99889
138.657 9.087
136.669 8.64143
135.642 9.28089
136.553 8.86002
135.246 8.4493
136.943 9.2792
138.248 9.22947
138.977 8.99174
138.619 9.17862
135.576 9.12828
136.621 8.9942
138.634 8.58347
138.501 8.60753
139.876 9.83166
139.856 8.42967
134.274 8.21166
134.826 8.83564
133.5 8.6707
140.217 8.50298
138.348 7.96459
137.815 8.89235
136.398 9.78151
137.536 8.59353
142.024 7.33716
137.652 9.31906
139.315 8.66262
138.727 8.4315
139.727 8.40512
139.007 10.3053
136.341 10.3219
139.998 7.66006
139.858 7.59571
139.567 7.85782
135.84 9.18049
137.32 9.19599
135.379 8.73473
137.127 8.41205
138.786 8.09485
140.938 8.72506
135.556 8.97147
138.226 8.45238
137.971 8.73928
136.084 8.90549
137.842 8.09963
139.63 7.10178
138.744 8.98906
139.905 8.60371
140.6 8.65877
137.654 9.52269
138.88 8.71559
141.511 8.03137
143.198 10.0941
138.81 9.09163
136.65 8.2682
137.042 8.40411
136.349 9.15948
136.402 9.39738
144.917 7.97199
141.989 8.82274
139.398 8.39883
139.252 8.22909
140.597 8.31643
140.126 8.8357
141.519 8.56896
138.573 8.39082
139.268 8.62579
137.207 8.59299
139.245 7.8731
136.431 9.22338
137.858 9.4831
140.018 7.77633
139.825 8.34446
140.844 7.74974
137.941 8.31629
138.152 8.95732
137.155 9.54828
139.755 9.41589
138.386 8.444
137.404 7.77139
137.885 8.04951
139.173 8.02757
139.013 8.29708
138.563 8.39983
139.281 8.1913
140.407 8.73931
140.399 8.46258
137.573 8.99063
136.7 8.43326
138.996 8.22195
138.509 7.96194
133.686 8.10547
139.987 7.39708
133.534 8.01201
136.938 9.5556
137.959 8.17984
139.037 8.54172
141.587 8.6382
139.828 8.62138
137.716 8.50988
137.227 8.97824
135.375 9.31975
139.554 9.28212
138.418 8.75548
142.274 8.90341
139.424 8.45785
140.141 8.36907
138.521 8.9064
138.947 8.69613
139.917 9.63099
137.442 8.46949
138.117 8.63765
138.367 8.6972
141.968 9.16456
141.6 9.1818
142.559 9.23266
138.035 8.70458
140.399 8.09119
141.128 9.42504
142.507 8.55562
138.379 9.0557
138.247 8.79485
142.446 8.59698
143.378 7.86329
139.589 8.19135
141.153 9.09193
141.121 8.67186
139.885 7.79019
140.053 8.40947
137.7 8.54409
139.1 8.22654
137.023 8.41854
138.257 8.56454
135.56 8.51731
138.126 8.62194
137.836 7.8854
136.142 8.21828
136.261 8.91796
138.182 8.53079
138.996 8.64668
138.865 9.60065
138.347 9.11174
137.97 8.76377
138.52 9.37984
139.261 9.18585
139.576 8.55771
140.508 8.2369
136.541 8.37725
136.603 7.61672
138.946 8.42574
139.388 8.60754
139.599 8.44875
139.034 9.50747
138.176 9.40733
138.169 9.62474
136.692 8.58142
137.895 8.66886
137.225 8.73335
135.689 9.30243
138.71 9.17674
139.255 8.72357
137.953 8.94267
136.575 9.28944
136.853 7.93482
136.76 8.21009
137.307 7.93239
141.552 7.40612
136.21 8.0336
140.245 8.05185
138.77 8.34418
139.198 9.14699
142.538 7.92929
137.258 8.12875
137.88 8.16435
138.413 7.086
139.665 8.06467
135.785 8.17508
137.112 8.10392
137.02 8.91977
137.098 8.42149
137.398 8.90997
137.347 8.26463
137.635 8.37845
140.803 8.70362
137.86 9.11338
136.707 9.38517
136.399 7.98147
138.26 8.13931
136.866 9.08493
138.256 9.00599
140.047 8.15751
140.316 9.30297
138.983 8.32855
141.112 9.46605
138.382 8.97257
138.591 8.55188
138.455 8.70629
137.83 8.90154
138.507 8.82923
139.231 8.60813
139.657 8.32305
138.215 7.89007
137.133 8.30255
140.012 8.22783
138.82 8.27819
139.324 8.37314
137.319 7.35424
140.047 8.43778
139.043 8.71101
138.511 9.0237
139.691 8.78704
139.789 8.77245
139.194 8.17975
140.907 8.35818
140.237 8.90516
138.952 8.89333
138.87 8.6146
137.572 8.73996
139.172 9.5516
137.544 8.54989
135.602 8.9068
139.471 9.02089
140.072 8.46893
137.844 8.26923
139.132 8.36799
135.992 8.3822
137.22 8.34094
138.036 8.80187
142.302 8.59183
136.379 8.55162
136.226 9.22844
136.153 8.7778
138.335 8.39314
137.991 9.56765
137.734 9.66968
140.223 7.67791
138.31 7.62773
138.641 8.26094
138.737 7.20813
141.966 8.07998
140.732 8.84234
135.815 8.66736
136.62 8.64239
136.556 8.24292
137.565 8.04844
140.08 8.73361
140.045 8.77454
139.128 8.79023
138.722 9.70475
138.388 8.72367
138.392 8.00368
139.177 8.20436
138.429 9.6391
135.398 8.21686
141.853 8.75426
138.452 8.83393
136.435 8.81864
136.821 9.07286
137.62 8.46108
137.791 7.85613
139.699 9.48324
137.95 8.69222
137.211 8.169
139.755 7.57102
139.457 8.32047
140.634 8.63521
140.847 7.44557
140.139 9.23192
140.767 8.85466
139.074 8.48779
137.44 9.0386
138.409 8.96459
138.175 8.94825
140.112 8.84114
138.17 8.71007
139.061 8.21862
135.842 8.9605
142.568 9.42077
137.668 9.22819
140.819 8.9048
135.162 9.1471
135.651 9.37022
137.834 8.67563
139.281 8.38184
136.544 8.61423
138.829 8.88297
138.241 8.90256
139.46 8.46755
139.722 8.45472
140.821 8.6269
137.68 7.84997
139.349 8.58766
141.218 8.03779
141.598 8.25891
139.404 8.65284
140.238 7.94026
138.779 8.34041
137.907 8.4887
138.031 8.23499
136.044 8.59733
136.315 9.72769
141.146 8.69318
138.468 9.12631
136.964 7.80438
136.139 8.80974
138.269 9.82513
137.385 8.39301
138.036 8.68961
141.004 7.60265
139.782 8.86079
140.454 7.99358
140.45 8.70522
140.054 8.30121
140.376 7.55141
141.641 7.69773
140.007 8.34422
140.396 8.41947
138.817 9.50889
137.884 8.79485
137.425 8.13987
138.736 7.92882
137.587 9.0373
136.903 7.78956
135.644 9.93109
138.381 9.10824
137.944 7.96407
137.621 8.20617
136.836 9.46579
137.781 7.46944
137.645 8.48251
137.954 8.32968
137.373 9.04544
140.211 8.61327
137.704 9.03373
140.558 8.95061
137.247 8.96506
137.507 8.75207
136.798 9.21965
138.066 7.95678
137.333 9.74903
137.548 8.68247
136.741 8.77457
136.855 8.89071
138.333 9.67073
138.928 8.65795
137.03 8.29876
137.904 8.9852
141.808 8.76399
139.417 7.93368
139.215 9.31078
137.918 8.80915
141.206 8.83502
142.112 8.34606
138.594 8.54431
139.098 9.37483
139.964 7.96078
139.759 8.2027
138.745 8.2005
138.333 8.33297
137.998 8.31796
138.131 9.27876
140.045 7.54462
137.772 7.93279
139.363 7.66609
138.647 9.00744
138.354 8.53398
138.91 8.68263
137.651 7.46267
137.183 9.23173
137.363 8.89683
140.677 8.8865
138.615 8.89199
136.827 8.99745
136.399 9.90793
137.522 8.41282
139.615 9.67285
135.92 9.30268
137.894 8.85904
137.883 8.8587
138.03 8.80918
137.189 8.94125
134.758 9.42717
137.016 7.14517
136.741 8.65457
137.37 8.42765
135.329 7.8067
137.887 8.99234
137.427 8.93182
137.938 8.34927
136.481 8.30945
139.702 7.71262
139.991 7.8961
136.569 8.09424
135.863 8.97038
134.144 8.1578
136.405 7.83873
137.541 8.21822
136.16 8.43591
140.999 8.31621
136.734 9.81723
137.008 7.97598
137.641 7.99862
137.573 7.95576
135.702 8.92547
138.845 8.84641
139.271 9.12679
138.548 9.29741
140.026 9.04328
140.884 6.74916
138.143 7.49405
138.931 7.97893
138.943 6.85684
138.212 8.22625
137.204 8.04041
140.187 8.23893
139.828 8.26482
136.468 9.10087
140.168 8.62199
139.426 8.43549
136.611 9.43552
136.922 9.46857
136.794 7.70559
139.222 8.1376
137.877 8.43643
136.201 9.39786
137.703 9.5062
138.319 8.4282
137.376 8.16879
136.907 8.04372
139.527 8.802
139.888 9.1912
139.031 8.0022
140.861 7.58948
137.537 8.9832
137.882 8.62217
139.316 8.96822
141.148 9.19381
135.339 9.60654
139.33 10.2719
138.863 8.65687
139.253 7.8907
138.819 7.98479
136.018 8.36188
135.772 9.25795
135.228 7.73499
139.176 7.90317
138.506 8.08378
137.22 8.73134
138.309 8.97824
138.313 9.03958
136.448 9.00036
136.278 8.30089
137.228 8.2885
138.177 8.26464
136.951 8.61951
138.155 9.44521
138.719 8.37318
134.875 7.93277
137.079 8.54067
137.426 8.14507
138.504 8.68461
136.289 7.86071
132.136 9.76469
137.589 9.54002
132.718 10.2292
137.663 8.72297
138.93 8.53936
139.823 8.5656
139.51 8.76783
138.849 8.177
135.422 7.72424
138.979 8.09553
139.032 8.32879
137.819 8.233
136.995 8.73259
135.844 7.43066
138.55 8.82128
138.951 8.96382
136.513 9.65423
135.78 7.43015
137.345 8.55342
138.622 8.13151
137.23 8.8668
138.723 8.3103
138.723 8.90843
139.276 9.36331
135.759 8.3734
137.628 9.40936
137.786 8.02021
140.027 8.41703
139.411 8.20362
137.505 9.13982
141.23 7.35608
139.753 7.23201
137.495 9.07588
138.804 8.56495
139.41 7.94788
141.409 8.87149
139.414 8.1663
137.55 7.89771
139.044 8.26515
141.889 8.68591
140.565 8.6798
140.962 7.38841
141.999 7.77911
142.726 8.56439
142.408 8.08957
140.245 7.89291
142.475 8.25255
139.791 8.00195
140.878 7.79966
135.981 8.87147
139.192 8.63633
138.578 8.94162
139.352 9.08507
138.401 9.23339
139.774 8.9618
138.304 9.0128
135.641 8.08872
136.703 9.41162
138.58 7.20996
136.951 9.82404
137.284 7.7564
137.793 8.5605
139.805 8.89282
135.964 7.53268
137.251 8.31942
138.657 8.8225
140.06 8.26488
138.28 8.46001
140.872 8.02863
139.489 8.24392
140.215 8.59556
140.522 8.36729
143.138 8.32848
141.501 8.64032
139.876 8.19788
137.212 8.43026
139.581 7.44349
142.179 8.17959
137.651 9.69445
139.329 8.20158
146.662 8.6811
144.03 8.03604
145.58 7.95491
142.105 8.2779
142.518 8.66603
142.17 9.01182
141.674 8.61741
140.204 8.26173
141.406 8.33595
145.43 7.22104
146.772 8.35049
145.596 8.08838
142.829 8.35516
143.862 9.15352
142.987 8.99701
146.899 8.27406
143.247 7.78558
139.077 8.45396
137.44 8.69038
141.317 8.53139
137.765 8.40268
137.171 8.60363
136.925 9.08263
136.465 7.87239
138.702 8.15255
137.874 7.84091
140.893 8.81286
139.489 8.78856
142.706 8.44482
140.673 8.33863
138.984 8.3658
136.878 7.97426
138.419 9.17503
139.898 8.91933
139.835 9.31538
141.623 8.17149
140.675 9.2373
141.927 8.29997
141.056 8.07216
141.698 7.28572
141.834 7.87519
139.443 7.71416
141.129 8.84432
143.932 8.42058
139.638 8.60241
139.605 8.52098
139.547 8.55927
138.231 9.11447
134.663 8.7294
141.161 8.49655
135.91 7.99664
138.005 8.4264
139.642 8.36555
137.632 8.71808
139.844 7.76562
141.736 7.97406
139.64 8.59854
138.937 8.17288
140.518 9.13213
136.761 8.70634
139.962 8.16333
139.032 8.23631
137.144 9.11036
140.595 8.31287
140.002 8.05407
140.909 7.74683
139.062 8.63119
137.175 7.97394
139.038 8.60742
144.31 8.039
136.247 8.53066
137.289 8.79177
138.223 9.02276
138.264 9.08681
139.905 8.77298
139.634 9.71866
140.747 8.04958
135.704 8.07698
135.76 8.79689
133.939 9.2056
140.229 9.0291
138.888 9.31359
137.145 8.3723
139.784 8.91874
136.934 9.68881
140.19 8.06581
136.227 8.0974
139.135 7.86594
138.016 8.52213
139.621 7.72872
140.717 8.6439
141.163 8.7388
135.501 8.62716
137.497 8.68399
140.839 9.41178
136.725 9.52251
138.314 9.22985
136.192 8.95158
136.378 8.9469
134.803 8.64322
136.228 9.29516
136.084 8.05783
136.016 8.86866
137.404 9.04209
137.213 8.59495
140.869 9.22461
140.061 8.2492
142.112 7.9402
140.267 7.64317
139.087 7.74725
138.549 8.18898
137.596 9.49091
134.859 7.76752
135.209 7.80035
135.674 7.989
137.151 8.59504
138.564 8.51223
136.405 9.2271
136.859 9.26284
138.605 7.60474
135.284 9.69095
140.415 8.53604
137.851 8.83874
136.617 8.33408
137.436 8.19687
140.562 8.18694
135.513 8.50241
138.54 8.89497
139.526 9.00303
141.186 8.96478
142.008 9.578
138.836 8.02509
138.947 8.34847
137.196 9.00394
137.306 8.70223
138.045 9.20706
136.006 8.76151
135.389 8.6476
135.467 7.69145
138.462 8.33353
136.845 8.53194
136.989 9.68225
138.116 9.0483
137.946 8.08196
137.13 8.1771
136.732 6.78563
138.603 9.43506
136.104 8.69521
140.493 7.36274
139.64 8.1122
136.262 8.6434
138.382 8.39056
138.226 8.41695
144.479 8.43092
139.352 7.91415
136.044 8.04398
136.009 9.4367
137.737 8.54793
134.549 8.74266
134.688 8.24155
137.088 8.59886
138.72 8.84932
139.274 7.9328
137.058 8.83019
138.191 9.19496
137.169 9.33563
138.837 7.99009
136.556 10.265
134.639 7.32957
137.228 8.48363
136.949 8.32474
135.662 9.12339
136.485 8.81359
136.718 9.05749
137.43 9.88048
138.486 8.62122
142.161 8.95096
138.778 8.36784
138.261 7.6185
137.315 8.13838
137.701 8.97238
141.364 7.56213
138.446 9.15725
140.966 8.85193
140.64 8.49955
139.404 7.77355
138.084 7.96227
137.543 8.88848
139.127 9.16822
137.917 8.2326
136.598 7.47918
136.307 9.84275
138.771 8.42084
139.326 8.0267
140.209 7.84762
138.143 9.60919
141.221 9.04812
140.751 8.69427
138.644 9.15592
135.48 7.98805
139.812 8.3716
137.532 8.98304
135.097 8.64863
139.092 8.85752
139.722 7.53815
138.446 8.32709
136.47 8.66076
140.64 8.89888
138.846 8.81889
137.048 7.88436
137.098 8.02673
139.295 7.88389
139.626 8.49409
136.808 8.78877
136.912 7.88262
138.308 7.40754
133.767 8.6926
136.875 9.06599
138.785 9.10009
138.631 8.90327
136.423 9.28509
141.356 8.50847
138.714 8.59546
139.21 7.92511
140.89 8.68939
140.333 8.65711
139.335 9.29402
142.688 9.03678
136.929 9.01315
136.902 9.19388
138.003 8.49021
139.87 7.77475
140.522 9.17525
136.646 9.41845
138.542 8.70269
139.139 8.37738
139.943 7.57769
140.499 7.56534
143.494 9.35826
139.201 9.46897
139.181 7.97237
140.572 8.08114
141.778 9.71746
137.785 9.40067
137.536 8.81624
136.575 9.03046
137.112 9.03095
136.142 9.075
138.083 9.18042
137.484 8.09116
136.856 8.06497
139.891 7.29245
140.84 8.75571
140.063 9.45112
138.787 6.38762
137.983 8.67834
135.942 8.57271
135.245 9.20842
137.373 8.45856
137.099 10.198
140.321 8.85029
138.881 9.16003
138.565 7.58686
136.422 9.29556
139.187 9.0241
134.093 8.08699
134.671 8.98246
136.345 8.68164
136.565 8.82104
138.942 8.28727
136.71 9.25239
137.519 8.46746
139.916 8.72216
136.726 8.38362
138 10.258
138.693 9.12153
141.372 8.48708
137.494 9.07556
138.521 9.35541
137.025 8.70692
137.079 8.81634
134.53 8.87632
138.573 7.55279
138.045 7.817
136.418 7.83026
134.467 10.8207
135.353 9.59401
135.418 8.5218
136.71 9.51335
135.041 8.7947
134.705 9.32478
136.457 9.49566
137.865 9.19469
138.924 8.38674
138.132 7.9629
138.659 8.39138
137.855 8.30788
137.478 9.11148
137.279 8.15572
137.152 8.53556
133.759 8.40207
134.648 9.21894
135.495 8.47786
138.783 8.54771
137.903 8.09463
136.87 8.45953
134.892 8.48057
135.611 9.66832
140.125 8.22936
141.49 8.58071
138.966 8.36926
141.539 7.49549
139.262 9.79874
139.613 8.85268
140.315 8.72811
139.967 8.9848
138.925 8.56192
135.461 8.41116
139.617 8.38662
137.578 9.00512
138.761 7.72451
138.72 8.3768
137.541 8.30818
138.618 8.24065
138.939 8.4255
139.208 9.48381
140.027 7.77448
141.858 8.62608
139.991 8.59236
141.934 8.85587
142.417 8.58488
140.386 7.94144
140.334 10.2567
140.451 8.81481
140.562 7.94198
139.639 9.61356
136.842 7.9881
140.59 8.34903
138.112 9.39399
138.514 9.25305
137.855 9.24033
138.089 8.16554
138.045 8.46725
140.422 9.53636
138.704 7.62665
137.632 8.83128
139.245 8.2808
137.023 9.03979
139.416 9.02046
135.898 8.18621
136.673 7.97427
142.921 8.59886
139.245 8.20829
138.906 7.81901
137.956 9.74417
137.17 8.76731
140.096 8.61224
137.601 8.60287
136.478 8.67517
139.6 7.69527
140.594 8.25647
143.921 7.8263
140.617 8.55138
143.404 7.88757
142.13 8.38203
140.788 7.87736
138.993 9.86425
137.288 8.86346
140.212 8.74712
140.816 8.72322
136.06 8.71979
140.238 8.77321
141.729 8.59307
140.629 8.77641
138 8.47044
137.307 8.84931
143.449 7.87095
140.881 7.6234
136.05 9.03947
138.087 8.98335
140.735 8.01566
140.099 9.28644
139.941 8.47627
141.342 8.85239
140.698 9.73989
140.575 9.66739
139.088 8.66213
137.31 8.34057
139.223 7.89314
139.502 7.54087
136.675 9.33025
136.42 9.0891
139.92 7.96303
136.429 8.87938
137.105 8.8399
139.562 9.07038
137.504 9.1488
136.376 8.37094
138.289 8.51879
137.891 9.91524
138.821 8.12508
138.462 7.60215
141.637 8.6112
139.89 7.92626
136.54 8.64171
136.31 7.63831
135.469 7.5969
136.872 8.63038
137.636 8.16479
141.153 7.87285
140.759 8.21391
141.162 8.68569
139.667 7.97556
141.208 8.88517
142.9 9.2468
141.566 7.90733
139.169 7.62442
136.165 7.94364
137.398 9.55613
137.82 9.83727
138.624 8.29512
139.498 8.14881
140.224 9.11316
140.824 8.43319
139.553 8.06244
137.581 8.08159
137.458 9.18758
137.681 8.70942
137.918 8.12038
136.074 8.67109
139.26 8.76638
139.606 7.41886
139.45 8.37285
140.612 8.76939
141.443 8.56607
141.239 9.42168
140.717 7.55627
138.897 8.1354
138.316 8.23854
135.47 8.73256
139.48 8.764
137.892 8.07068
139.934 9.12163
139.606 6.71975
139.334 8.88776
141.156 8.81382
137.265 8.3498
136.686 8.57483
138.374 9.41676
138.985 8.23737
137.117 7.94273
138.406 9.28113
139.652 8.13612
137.702 9.52344
136.065 7.90747
138.491 9.27916
140.763 7.64033
140.532 8.35973
140.409 8.63226
139.693 7.51083
139.264 6.89371
135.065 9.1218
135.979 8.91715
137.273 8.18885
143.444 7.83428
141.785 7.80374
140.098 8.53188
140.121 7.44597
137.334 8.35064
135.591 9.09764
138.843 8.04233
139.329 8.38279
140.281 7.8539
137.293 8.63305
135.655 7.94217
136.135 8.49569
136.66 8.5766
134.667 7.69052
133.341 8.94799
136.749 7.67908
140.675 7.2487
142.965 8.61886
143.21 9.3772
140.08 8.75186
139.965 8.94224
141.689 7.16961
144.315 7.18355
138.228 7.58352
140.639 8.41267
141.344 8.92989
141.831 8.42378
140.594 8.33092
140.744 8.2575
139.851 8.76491
139.376 8.64901
144.111 9.06643
144.111 8.90736
144.036 9.01894
142.82 8.48913
145.409 7.74387
141.255 8.23112
144.268 8.97064
141.456 9.49718
141.738 9.48676
140.543 9.42865
142.702 8.10229
138.775 7.96462
134.853 8.36541
139.102 8.68659
140.975 8.63971
139.997 8.88163
136.307 9.5565
139.548 8.1257
140.647 8.8687
138.42 9.2582
138.122 8.89957
137.547 8.87404
139.923 8.17017
137.243 8.40525
137.167 8.99652
137.893 8.44629
135.163 9.39344
136.449 9.82902
138.928 7.78503
137.961 7.54007
135.258 9.41817
137.47 8.87345
138.87 8.38058
140.438 9.05037
141.361 9.13949
135.531 9.64079
138.366 8.12754
132.917 9.34079
134.178 8.7594
137.442 8.9169
138.385 7.10284
139.535 9.4685
137.599 7.92092
135.619 8.43211
135.206 9.15805
136.182 7.78242
139.156 8.88049
138.575 9.33813
139.615 8.47831
140.386 8.71748
137.027 8.83974
138.753 7.70567
137.056 8.89241
138.827 8.72563
140.007 8.40811
141.8 8.01109
139.757 8.53558
139.468 8.19261
136.881 8.234
137.356 9.04288
138.178 8.61582
138.736 8.03734
141.804 8.65104
143.011 8.98955
137.51 8.43163
138.736 8.8958
137.863 8.82916
138.262 8.24776
139.96 8.86136
141.154 8.29814
138.927 8.89771
140.824 8.67159
137.868 8.2424
138.691 9.34954
143.664 9.4085
139.893 8.51439
138.84 8.41623
136.479 8.79963
138.304 8.25778
136.103 9.1835
137.632 9.2428
133.338 9.16167
135.781 8.92233
135.707 8.90371
139.299 7.927
140.249 7.66411
136.477 7.93584
134.223 9.33347
139.148 9.06358
140.35 8.65579
136.624 9.35106
137.139 8.78882
137.648 8.05913
138.153 8.18483
135.955 8.14182
140.057 7.92391
138.05 8.00757
141.483 8.57856
139.182 8.41927
135.927 8.50696
133.966 8.69228
135.682 9.20804
138.577 7.25759
138.545 9.60227
137.595 8.46897
137.706 8.17878
142.395 8.39853
137.9 8.89383
143.079 8.11693
139.496 8.47421
139.383 8.27593
138.6 8.48011
137.056 8.43774
137.773 8.50598
138.901 7.263
138.767 7.66288
138.811 8.33955
138.346 8.78097
136.451 9.50906
138.41 9.9487
142.263 8.09156
140.028 9.13194
140.04 9.04798
139.427 8.21813
138.907 8.58518
137.856 8.04418
142.024 8.33329
139.798 8.94454
139.631 10.2606
139.621 9.17192
139.174 8.84822
143.241 7.92238
138.836 8.84749
141.56 8.09461
139.604 8.31786
140.327 7.2244
139.745 7.7119
141.385 7.60578
144.969 7.64363
141.564 7.9062
143.894 9.02492
140.023 8.9947
141.921 8.90167
140.534 9.71312
139.773 6.73962
139.821 8.36868
142.74 8.5216
140.76 8.7715
142.023 8.31898
140.949 9.58164
140.209 9.09997
139.649 8.07073
140.482 7.63562
139.966 8.44539
140.335 8.95596
140.116 8.29907
137.609 9.11979
139.776 8.71107
139.268 8.8398
137.399 8.59372
137.941 8.91739
137.64 9.08335
137.914 8.8935
137.384 8.93513
141.101 6.72095
137.45 8.52126
138.59 8.32568
138.592 8.92107
139.073 8.67262
137.856 8.3395
138.617 9.31038
136.974 7.82482
134.786 9.01707
135.16 8.68371
141.545 8.76692
135.437 9.50954
136.228 8.66379
136.786 8.39506
136.304 9.04596
138.097 7.27173
138.669 8.35981
136.593 9.69917
138.567 9.4248
137.63 8.03839
138.285 8.4877
140.777 9.78513
139.381 8.25992
138.322 9.25369
138.122 9.36184
137.65 9.02532
136.716 8.55922
139.001 7.09099
135.822 8.11921
137.299 8.18685
139.886 8.95788
139.867 7.45152
136.441 7.68403
138.225 8.24201
138.514 7.42378
141.164 7.59692
138.634 8.38664
138.73 9.25255
140.527 8.78761
138.518 8.9567
135.182 8.50129
136.158 9.00866
138.102 8.194
137.685 7.63694
137.269 8.85331
139.711 7.92766
138.612 9.51657
137.232 8.81536
138.544 7.87695
140.347 8.4879
137.149 8.52941
137.366 8.68352
136.133 9.07006
134.642 8.31811
138.552 9.13987
138.707 8.90647
136.89 9.46701
138.03 9.34629
139.701 9.97696
137.592 8.17599
135.342 8.39011
136.765 8.33193
135.784 6.84232
137.449 8.42702
136.757 8.67524
135.992 8.75116
138.025 8.92442
140.506 9.05001
138.993 9.12718
140.455 9.48752
135.879 8.90015
137.708 8.15886
138.792 7.89509
138.503 8.91764
144.939 8.71343
138.299 8.50415
139.213 9.05831
139.897 8.73893
142.249 8.7272
144.114 8.40032
141.339 8.01144
139.578 7.53596
139.872 8.15037
138.545 9.87683
143.041 7.8172
144.106 8.02736
139.992 8.25641
135.077 8.92446
140.107 8.94371
141.396 8.55536
141.06 8.3556
140.317 7.94424
139.428 8.07851
138.721 9.6285
140.057 8.04011
139.566 8.66205
140.962 8.23373
139.379 8.45853
140.536 8.81457
138.638 8.8789
137.011 9.03977
137.192 7.59257
137.467 9.33691
137.991 8.71816
136.737 9.75316
136.879 8.63234
138.15 8.91882
138.922 8.63522
139.52 7.61557
139.919 9.38547
135.961 8.07408
139.769 8.23664
135.886 8.97824
137.728 9.62878
139.04 8.01576
140.231 8.71787
139.371 8.23548
138.718 9.07848
139.178 9.19878
142.591 9.05365
143.834 9.54063
138.859 8.76983
139.546 8.82476
138.982 8.19709
141.795 8.07227
137.364 7.14092
138.36 9.47288
138.039 8.28196
138.607 8.16064
138.585 8.3785
138.174 9.77516
139.547 7.70645
136.604 8.40249
138.188 7.61033
140.396 9.55141
138.571 10.0304
137.501 10.5478
139.759 8.0776
137.118 8.96309
138.882 9.08648
138.151 9.72809
136.015 8.49728
139.165 7.79987
141.942 7.70857
138.186 7.25809
139.628 8.00686
140.167 9.58821
142.662 9.37694
140.185 8.29427
140.656 7.52497
141.39 10.2585
141.161 8.39966
140.014 8.61913
138.805 9.03252
136.135 8.76822
137.453 8.65263
138.763 8.27086
138.184 9.83299
142.031 8.99017
134.894 9.99301
138.272 8.71756
141.368 8.62553
140.427 8.79803
140.511 8.71428
138.043 8.63221
138.236 8.28564
139.331 8.47337
138.851 8.01744
141.422 8.42415
138.737 8.77785
141.075 8.31794
138.775 8.0908
137.817 7.81875
138.948 8.59053
139.538 8.48799
139.861 8.44898
136.308 8.03655
142.388 9.19214
140.498 8.97479
141.757 8.64157
135.32 8.65259
139.259 8.58321
135.548 9.19463
135.991 9.98245
139.378 8.79407
138.63 9.91616
137.904 8.83669
138.083 9.39373
137.838 9.15854
138.571 8.68168
139.072 9.31251
137.75 8.66848
139.704 8.60868
138.422 8.73163
139 8.2622
139.671 7.85076
137.104 8.97838
138.284 9.2432
138.621 9.26272
137.935 7.49597
139.194 8.90047
135.663 9.06713
134.844 8.36571
136.619 8.74336
136.247 8.92075
137.217 9.70965
137.569 9.5532
136.322 7.99233
137.395 8.2285
138.851 8.13228
138.321 8.54152
139.164 8.39929
138.876 8.89656
139.422 8.13898
142.79 8.79934
139.771 9.64117
137.46 8.11419
141.259 7.88735
137.664 8.1337
139.224 8.52603
141.36 7.90061
136.685 8.94031
139.811 8.43886
141.768 8.00291
139.732 9.83783
138.623 10.3834
137.758 8.78331
141.035 7.72133
140.016 9.53926
141.078 8.26965
140.701 9.02413
140.165 9.25012
141.45 8.83669
138.351 9.08292
138.41 7.81933
143.781 6.95389
141.448 7.6579
141.009 8.19102
140.014 8.05375
143.773 7.92403
141.395 8.77897
140.044 8.61675
140.43 8.1854
139.293 7.38521
139.307 9.13389
137.272 8.59255
136.132 8.45471
140.708 8.87664
140.096 9.61771
140.469 9.18585
140.088 8.26988
140.145 8.0382
140.371 8.40052
139.9 9.07538
137.498 7.77513
142.81 7.91364
140.774 9.35777
141.053 7.61796
138.077 8.42809
139.699 8.63193
139.866 8.35411
138.714 8.54377
139.834 8.74527
136.696 8.33844
138.4 8.09105
142.254 8.34909
136.389 8.5395
137.267 8.57272
136.883 7.90299
136.552 6.674
137.817 8.78596
138.213 8.09939
137.49 9.74567
142.892 8.73959
142.737 8.51808
140.381 8.4969
139.234 7.95986
139.306 8.46784
138.66 8.53923
136.882 8.91481
137.567 9.24772
137.342 7.82238
139.667 9.08607
141.361 9.28727
138.122 8.83135
138.916 8.62453
138.714 8.09966
139.669 8.3107
139.457 9.00168
141.66 9.14717
139.622 8.28328
140.617 7.41702
138.61 8.86197
139.257 7.97464
140.937 8.31669
144.479 8.37403
144.067 8.4898
144.067 8.52028
142.64 8.51915
146.984 8.53738
143.156 9.00436
145.265 8.69233
145.265 8.79423
142.55 8.4763
144.725 8.62896
141.865 8.5173
141.429 9.21708
138.855 8.9747
136.553 9.45316
136.014 8.43983
135.978 8.85449
138.174 9.28715
138.787 9.76207
141.153 9.88301
139.388 8.36739
139.888 9.13604
142.133 7.79528
139.001 7.23112
138.216 7.24107
139.85 8.3469
136.394 9.27452
138.379 8.38677
138.178 7.6183
137.967 8.58781
138.401 8.87322
139.874 8.91554
134.196 8.90314
138.328 8.50506
137.664 8.27502
138.531 8.36647
136.597 9.32198
138.801 9.7278
137.827 9.21617
135.982 9.44198
139.412 8.88356
138.183 8.81407
134.679 7.68791
137.641 8.37941
137.496 9.61259
140.769 7.57602
140.932 8.20015
138.887 8.57501
139.288 8.5827
137.444 8.94162
137.898 8.76632
135.536 8.54109
140.676 8.26248
141.507 8.32697
142.829 8.62575
137.693 9.18849
139.998 9.48269
140.02 8.13445
133.979 8.80902
139.163 9.0645
135.814 8.21936
136.844 8.3258
137.001 8.34774
137.386 8.59052
140.225 8.64148
136.987 7.64193
141.813 7.45204
143.287 7.29979
142.774 7.54866
144.75 7.46308
140.205 8.00592
145.361 8.26271
140.087 8.70198
139.363 8.48217
140.558 8.09001
139.885 9.15282
137.056 8.05492
137.208 8.88678
141.507 9.72724
140.665 8.7138
141.981 8.59028
140.298 8.00004
139.509 8.37116
142.045 8.63409
139.437 8.38754
143.818 8.26826
142.741 7.31058
141.377 7.02102
142.283 9.07604
138.852 9.26593
140.107 9.25593
138.952 9.12231
138.878 8.89024
143.364 8.35427
139.103 9.02569
140.163 8.61971
142.82 8.7
143.023 9.0512
141.7 9.05351
142.44 8.84345
141.122 7.60993
139.315 9.00754
138.962 8.82439
139.424 7.64001
140.301 9.62497
142.23 7.96121
137.984 8.29639
137.035 8.92239
135.495 8.14954
139.069 8.48227
139.233 8.82361
137.663 8.25266
136.585 8.7803
137.666 9.3954
139.287 8.88372
134.705 8.70161
138.304 8.41844
136.688 9.15476
140.203 8.48128
138.446 9.2307
138.572 9.58543
136.945 9.67082
141.012 7.46427
139.282 8.14343
143.483 8.34092
138.817 9.68253
139.834 9.67897
138.267 8.70472
138.639 9.15045
137.48 8.62097
137.792 8.10845
137.699 7.52668
138.382 8.64282
138.677 8.83894
138.693 8.23447
138.761 9.90078
139.49 8.38288
136.294 9.53072
135.758 8.42664
140.664 8.78655
139.63 7.72527
136.936 9.30916
138.049 9.38451
139.712 9.07382
139.432 9.05661
137.755 8.0827
140.35 9.48197
138.025 9.5693
137.283 9.61016
137.651 9.37102
140.058 9.41045
139.253 8.72952
135.91 8.52326
138.987 8.47523
139.131 7.98108
139.033 9.66384
134.897 8.79897
135.681 8.43249
137.022 8.76925
136.47 8.62162
139.163 8.22709
136.96 8.38826
139.39 7.97883
140.47 8.13467
135.549 7.86315
137.166 8.34253
137.319 8.69665
140.803 7.28053
141.745 8.56838
142.202 8.89274
141.017 8.46805
141.036 7.29063
140.497 9.24159
138.687 9.04498
141.255 8.93951
140.695 8.43298
139.351 8.28009
140.985 9.02569
140.748 8.65177
139.204 7.90735
137.752 7.74648
138.812 9.49477
136.13 8.61706
140.693 8.35251
139.68 9.11933
138.265 9.25687
137.622 9.10899
135.225 8.02447
132.745 8.05407
133.858 9.34238
135.887 7.90779
135.796 8.46502
136.375 8.28653
136.438 8.0975
137.916 7.85297
137.338 7.94755
137.847 8.2618
137.599 8.95301
136.411 8.14635
136.778 7.69931
137.447 7.91834
135.941 8.59474
138.84 7.91977
137.389 8.26301
136.83 8.4551
138.473 8.19701
137.103 8.55854
138.314 7.73578
135.614 8.70928
137.73 9.84428
137.824 8.34239
136.903 9.169
139.446 7.35767
138.292 8.07138
140.035 8.2119
138.469 7.30537
139.117 8.68217
137.345 8.69914
140.113 8.75199
140.51 9.03388
137.727 8.11956
139.46 8.92972
138.267 8.05502
138.856 8.33889
136.504 7.78247
138.289 7.73763
138.132 7.98876
137.836 8.71861
139.642 8.3029
139.645 8.36789
135.194 8.67791
138.368 9.14338
135.421 7.32011
140.051 8.18119
138.175 7.39878
137.098 8.27044
140.525 8.96215
139.098 8.18988
137.951 9.33075
136.897 8.2284
138.044 8.88398
138.952 8.66187
138.518 7.71959
134.606 8.82696
139.599 8.45207
141.929 8.75768
141.912 7.88699
142.463 7.02029
138.517 7.47818
141.259 8.73554
141.171 9.378
140.774 7.92047
142.717 7.5838
142.392 8.6095
142.495 8.36888
142.49 9.65616
141.735 7.65606
142.861 8.62281
141.291 8.63114
138.298 8.82974
138.305 8.51823
143.894 9.71751
142.84 8.7712
139.253 8.2402
140.695 7.01171
141.397 8.56629
139.807 9.06067
138.686 8.46332
138.452 9.53903
138.192 9.21333
140.469 8.39918
138.86 8.50784
140.221 9.10071
138.29 8.90563
138.671 8.78412
138.3 7.27464
138.209 7.66068
143.993 8.7298
142.12 9.2017
139.414 8.58001
140.356 9.01628
140.108 8.29853
138.197 9.29868
140.022 8.61498
138.472 9.37891
139.958 8.87545
138.851 8.56431
138.172 8.53047
139.273 7.0363
141.978 8.14648
140.376 9.61435
139.755 9.17838
135.401 8.37276
139.537 8.03578
137.249 7.57277
135.482 8.09722
137.955 8.81675
138.185 9.07159
138.08 7.39396
141.51 8.56123
139.926 8.36736
136.967 7.9984
141.594 9.09197
138.902 9.79309
140.473 9.01019
139.145 7.90508
139.236 8.37787
138.593 7.03869
136.542 8.42159
132.901 8.22005
135.731 9.81076
137.207 8.78436
137.253 7.87359
137.434 7.80756
136.11 9.40681
140.711 8.49727
137.152 8.39531
137.23 8.18397
136.669 9.34567
137.496 9.04145
136.832 8.61534
137.704 8.29718
134.939 9.27571
138.658 8.37278
139.385 9.69424
138.706 8.26405
137.628 9.04514
135.404 10.2384
139.305 8.52616
137.511 9.46328
137.998 9.16321
137.986 8.57057
138.04 9.04225
139.048 8.32725
138.403 8.85178
141.649 7.99275
141.03 9.40041
139.156 8.15979
138.791 9.59798
135.83 7.38744
135.366 9.23469
136.848 9.26537
137.532 9.3488
139.047 8.51716
137.575 9.75629
137.83 7.76412
136.56 9.08611
138.232 8.56404
134.924 8.86209
134.773 7.88884
138.012 7.80915
135.962 8.2297
136.41 8.70238
137.716 8.10571
140.371 8.3368
139.499 8.57093
139.691 9.40989
138.384 8.76325
138.379 8.26484
139.992 9.09834
136.304 8.84463
136.444 8.25436
139.968 7.58518
136.225 8.34696
138.317 8.88566
133.442 9.49935
135.431 8.44155
135.789 8.9259
138.888 4.6978
136.675 8.92963
137.692 7.92717
138.304 9.07238
136.447 8.53259
136.061 8.9227
138.382 9.26359
137.132 8.70701
138.238 9.26346
140.852 9.26564
137.39 8.15574
138.146 8.72327
137.03 7.90468
136.277 8.13854
136.002 8.11105
139.322 8.15632
140.465 8.54333
140.425 9.62073
139.966 9.20517
138.685 7.54788
135.506 8.7398
139.25 9.43691
138.603 9.37382
139.357 8.82406
138.147 9.1566
135.8 9.20942
139.18 8.38795
140.8 7.74954
139.303 8.99308
137.669 9.00386
140.435 9.04153
139.784 9.02449
139.204 7.90204
139.295 7.9226
139.677 9.10955
138.622 8.65981
141.224 7.598
140.729 7.91429
138.106 8.67913
137.456 9.04248
136.23 8.45601
140.385 8.16277
137.743 8.28022
134.489 9.46291
140.887 8.96834
135.611 8.95342
137.898 8.35797
139.082 9.63202
139.154 8.61758
140.818 7.42685
137.91 8.27046
141.588 7.88292
141.973 7.7087
140.412 8.3328
139.314 8.12256
137.716 9.23728
141.821 9.4249
139.728 7.56107
136.472 8.46696
137.104 8.70118
143.091 8.5418
138.714 8.61003
140.979 9.2628
137.188 8.78977
135.579 9.74365
138.021 9.15533
137.519 8.67763
138.079 8.9881
137.729 8.01726
137.47 8.62983
140.554 9.87418
137.431 8.15269
138.789 8.00063
138.052 8.39696
136.657 8.44287
139.496 8.3628
136.592 8.3027
138.522 7.28449
137.745 9.03046
138.355 8.32496
140.653 8.18904
138.895 8.95069
138.858 8.83823
138.734 8.36871
140.156 8.41229
138.974 8.4884
137.752 8.50319
139.892 8.63533
139.806 7.68411
140.585 7.60717
137.49 9.3284
139.806 9.57677
141.158 7.21976
136.833 7.39943
141.448 8.72601
138.268 9.25014
139.295 9.63067
139.555 9.58727
139.095 8.46515
142.563 7.87491
138.778 8.39346
139.244 7.3874
137.532 8.50484
139.625 8.17676
138.713 7.41172
138.849 7.85564
137.809 9.99448
137.121 9.74016
139.317 8.49882
139.843 8.22267
137.783 8.20402
137.467 8.34008
140.247 8.173
140.892 8.26915
139.728 8.23098
139.301 8.31918
139.325 8.42162
137.746 8.34977
136.338 8.47
139.117 8.98678
134.809 8.52585
133.314 9.46608
137.221 8.23939
138.271 8.08182
139.733 8.64072
138.6 7.71676
140.519 6.72528
141.989 8.51586
142.666 8.46363
136.774 8.58248
138.03 8.54388
139.962 7.37927
138.985 7.904
138.745 7.78011
139.602 7.41591
138.699 10.1004
138.88 10.3842
138.427 8.16947
139.615 7.64006
139.195 8.80124
137.296 8.36993
139.761 8.53687
139.726 8.47171
141.049 6.89172
138.742 8.578
139.541 8.05616
135.893 8.73907
138.545 8.16769
138.073 8.1457
139.027 8.02059
139.149 8.12753
137.869 8.21422
136.34 8.09854
138.156 7.69046
136.721 8.43105
137.22 8.34934
139.285 8.67075
136.48 7.41668
136.621 9.03535
135.254 7.45432
138.607 7.83439
141.095 8.47564
138.269 9.28922
137.392 8.66816
139.018 9.69835
138.348 9.04103
138.345 7.66033
134.589 9.26792
134.242 9.20484
137.237 7.43907
136.591 8.45534
142.163 8.03881
141.791 7.88764
139.65 9.206
141.372 7.91805
139.925 9.0519
139.611 8.39327
136.247 9.14304
139.87 9.55384
139.897 8.31192
140.341 9.12381
138.463 9.77514
139.532 8.85764
138.665 8.77729
138.227 9.35166
139.871 9.02524
138.181 7.85204
141.791 8.23365
140.448 8.04573
139.61 8.26518
139.68 7.79537
139.648 8.99887
139.721 8.7678
140.852 9.89397
139.717 9.90763
136.969 10.1065
140.217 9.74886
138.981 8.82341
139.608 8.30655
139.17 8.58907
136.972 9.33573
136.737 8.85054
139.86 8.75968
139.564 8.55889
138.996 8.01582
136.591 9.8951
139.213 8.66623
140.9 8.49922
140.133 7.87808
139.469 9.74445
139.24 8.16031
137.534 8.65302
136.925 7.66472
137.739 7.97757
137.479 7.81908
137.578 8.37335
139.194 8.28125
139.001 9.34099
137.793 9.11577
138.077 9.88048
140.229 8.82305
138.657 8.42572
138.429 7.75928
138.027 8.659
137.94 9.28356
137.704 8.37489
138.715 6.47856
136.714 7.76361
139.31 9.06377
138.851 7.99695
138.033 7.72744
138.668 8.15495
135.403 9.74486
135.757 9.31974
140.622 8.67149
138.818 7.80726
136.947 8.71176
136.71 8.51555
136.015 8.92467
139.294 8.05814
136.362 8.37908
137.123 9.09603
135.786 8.58077
138.79 9.12129
139.655 9.14598
140.517 8.63331
139.672 9.56353
139.147 8.27468
140.416 8.43916
139.395 9.36665
138.277 8.28009
139.51 8.1878
140.072 7.87354
136.255 8.50069
138.939 9.83818
139.717 9.16788
139.384 9.00526
139.779 9.07441
138.58 8.67922
137.648 7.97785
138.004 8.03272
138.076 8.3762
137.814 7.19549
137.638 8.54476
134.695 7.71028
134.246 7.75634
136.344 9.45796
131.396 7.99971
137.076 9.44749
137.176 8.02944
136.653 8.66398
138.711 8.68343
136.891 8.60553
138.741 8.634
139.697 7.97677
137.615 7.75561
139.155 7.66595
137.158 8.07652
140.251 8.62631
139.187 7.26438
138.878 8.34134
136.697 8.80966
137.479 8.52721
139.978 8.56363
139.442 8.90508
138.39 8.44343
136.974 9.41595
142.582 7.72157
139.685 8.68053
138.691 9.38061
138.76 10.1875
136.526 8.83096
139.298 8.72474
140.564 8.08754
142.691 7.78916
142.167 7.80464
138.902 8.00066
139.856 7.97711
141.759 7.97758
142.859 7.97875
143.817 7.8037
141.922 8.53038
137.051 7.86012
137.998 8.71733
140.754 8.3889
138.388 8.69085
143.527 9.04289
142.012 7.94155
143.036 10.2707
139.026 8.71368
138.182 9.30423
138.407 8.05804
139.984 8.58253
136.564 8.73169
135.501 8.69437
135.856 8.76426
136.649 8.93972
141.374 8.5139
141.767 8.68137
139.849 8.39271
141.08 8.93112
143.506 9.50553
141.113 8.03939
143.224 8.78225
142.486 8.05041
143.52 8.61981
140.988 8.24373
140.229 8.68338
143.058 9.00179
143.058 8.32379
140.279 8.66598
143.046 8.31704
144.792 8.37495
141.317 8.38548
142.125 8.78714
142.125 8.676
141.026 8.99093
143.533 9.4927
140.199 8.80191
141.058 8.80044
140.069 8.87712
134.739 9.05993
141.589 8.75441
138.944 8.80293
137.089 8.73839
140.345 8.66853
141.658 8.49433
138.851 8.2388
141.061 9.32584
139.553 8.05617
138.796 8.36401
139.691 7.90863
138.187 8.24539
136.619 9.27188
138.515 8.64543
139.934 9.69166
138.703 8.57897
139.226 8.23691
137.362 9.2289
139.877 9.56099
139.89 9.02032
140.838 8.39549
138.909 7.6352
140.632 9.00576
140.03 9.15174
140.458 9.86429
141.686 9.33873
140.428 8.3236
143.085 8.99867
139.791 8.38484
145.124 7.46342
145.25 7.66928
144.669 8.90423
141.01 8.17165
146.794 9.23751
142.877 9.5487
147.79 8.52648
145.202 8.03163
142.373 8.07055
144.447 8.62563
145.504 8.02471
142.843 7.44048
144.49 8.65239
140.608 7.50401
141.295 8.08004
140.515 8.94549
139.728 9.1918
140.052 7.88559
138.881 8.37559
138.267 8.16909
138.724 8.89568
140.009 9.51113
138.832 8.51447
133.365 9.28935
138.216 8.83057
139.534 7.08982
140.422 7.8422
140.704 7.94887
140.38 8.00946
139.263 9.24462
137.777 8.05154
138.822 10.0676
140.057 8.34297
137.539 8.34297
138.23 8.76399
139.715 8.5487
138.501 8.65138
140.02 9.43633
138 8.44138
138.902 8.66499
141.505 8.18212
140.141 8.42984
140.028 9.41852
139.054 8.9355
136.933 9.27961
138.628 8.87557
138.79 8.42144
136.084 9.23309
138.597 8.04517
139.173 7.47253
137.7 9.16925
137.48 7.70116
137.826 8.48613
138.995 8.55395
139.399 7.13933
140.138 7.21641
140.3 8.22963
137.272 8.77107
139.799 8.40529
136.386 9.29334
140.671 8.59513
137.943 8.6181
135.091 8.728
136.017 8.55491
139.395 8.14338
139.626 7.82318
138.11 8.45418
139.505 7.87581
139.99 8.77614
135.467 8.40739
138.585 8.58637
140.506 7.31571
140.99 7.55759
140.5 7.64568
139.535 8.92061
137.652 8.79527
135.93 8.31306
139.368 8.12597
142.032 8.12785
139.559 8.83799
139.021 9.09873
139.474 9.08631
136.427 9.80976
140.359 9.19064
138.899 9.08474
136.671 8.57369
136.266 8.31663
140.323 7.80978
136.438 9.06691
136.438 8.50559
138.19 10.1834
142.26 7.92942
140.195 8.25481
139.339 9.42352
140.359 8.98966
140.501 9.63644
140.672 9.49816
141.799 9.20355
140.339 9.16668
139.702 8.73566
139.809 8.81767
140.228 8.92203
139.855 8.36582
139.922 8.81314
139.304 9.16288
139.942 8.8273
140.425 8.5387
141.229 8.23182
142.42 8.20057
142.87 8.27423
142.277 8.42387
140.153 8.88128
139.888 8.64608
138.906 8.70302
141.098 9.49228
142.51 7.97198
140.215 9.04401
143.026 8.43657
142.126 9.03396
141.686 8.79956
143.064 8.49274
143.933 9.90052
141.637 8.0105
138.468 8.27882
139.828 8.36711
139.108 8.5959
139.522 9.21249
144.225 9.04037
138.959 9.41788
139.101 9.43783
140.274 8.75452
136.978 8.74561
136.848 8.383
138.005 8.29605
137.308 8.46751
137.555 7.45313
137.521 8.47338
137.526 9.18965
137.53 8.24349
136.879 8.93644
138.383 7.8011
138.211 9.2894
139.255 7.82322
140.937 8.69966
139.267 8.25594
136.035 9.48155
133.363 9.71457
140.655 8.76253
138.777 8.42883
137.943 8.11377
136.944 8.98394
136.429 9.28357
139.761 8.47037
137.782 9.06811
136.585 8.93563
136.133 9.13914
138.813 8.34435
142.023 8.39734
141.456 8.89953
140.856 8.8488
139.37 8.43491
139.772 8.7794
137.87 8.86751
134.914 9.74922
139.628 8.00178
137.898 7.87916
137.788 8.35638
137.53 8.67794
135.746 8.47974
135.006 8.86312
136.255 9.23732
138.565 9.21515
135.851 7.83946
133.614 7.96699
136.364 7.78776
139.217 8.10128
136.825 7.46348
140.981 7.89415
138.791 7.68622
138.203 8.6019
136.413 8.32906
137.584 8.76052
142.133 9.06982
138.563 7.78834
135.901 8.79648
140.484 8.2361
139.654 8.57537
140.74 7.49833
140.612 9.09649
139.072 9.07236
139.762 9.05002
140.491 8.28774
142.808 7.58295
138.347 9.56511
139.04 9.05464
135.646 8.7499
136.642 9.02789
139.966 8.56428
137.668 9.12389
142.612 8.24667
139.617 8.8482
137.354 8.97204
140.187 8.63154
136.916 8.69311
142.483 9.13133
139.058 7.55165
138.131 7.70253
136.318 8.00694
136.38 9.44663
138.714 8.72852
141.146 8.11179
142.933 7.41935
137.642 9.38076
136.625 9.88211
137.095 8.95561
139.39 8.51426
137.627 8.41911
134.323 8.89614
140.507 8.73181
142.317 8.0031
143.763 8.30255
137.979 8.22552
136.452 8.44708
138.175 8.58187
141.64 8.05899
140.881 8.12561
141.421 9.16699
140.612 8.99446
138.645 9.87239
139 9.20144
141.222 9.24399
140.674 10.0158
139.32 9.37138
143.569 9.67122
142.576 9.01404
142.56 9.21214
141.564 7.86614
141.177 8.84142
141.405 9.50906
139.385 8.72289
143.117 7.59842
143.378 8.31238
143.378 8.30406
145.137 8.47836
142.48 9.44868
145.721 8.45436
146.765 7.30652
143.838 7.15025
142.462 7.60452
141.377 8.24551
140.958 8.52885
144.176 8.45242
144.176 7.6495
144.978 8.03332
144.102 9.64411
143.228 9.15925
141.943 9.14281
142.038 8.81703
143.077 8.49759
144.016 9.25105
142.908 9.27224
143.591 8.81762
144.027 8.71547
143.302 9.33989
139.862 8.86527
139.809 8.27406
142.765 8.0661
143.448 7.2298
142.029 8.81437
139.16 8.69307
141.979 8.64159
137.617 8.8233
137.667 7.74749
139.578 8.71865
139.12 7.80929
139.358 7.85232
141.482 7.94202
141.116 8.47569
140.487 8.73304
140.062 8.67186
144.732 8.24
146.438 9.00889
144.89 8.58173
138.257 9.26549
142.183 8.91261
139.612 9.9933
140.579 8.98065
142.47 8.95685
142.648 7.78795
141.989 8.71157
145.027 8.27929
145.535 7.62238
145.286 8.01149
142.819 8.52424
140.451 9.57621
143.008 7.69944
140.451 7.88921
141.299 8.96143
138.546 8.16185
141.255 7.722
139.82 7.68451
140.247 9.89831
139.099 9.1952
139.447 8.7987
138.08 7.79001
137.306 8.33979
141.586 8.40551
135.217 8.51756
141.328 8.04865
139.262 8.36184
142.164 8.53335
139.901 8.10279
138.568 8.28035
142.97 8.68111
137.525 8.37226
139.468 9.00154
138.84 7.4777
136.93 9.17737
138.539 9.05496
138.731 8.76168
138.681 9.19001
138.824 8.60512
137.793 8.12436
137.052 8.0314
137.766 8.24486
137.74 8.98736
140.913 8.41611
138.659 9.59421
139.517 9.31166
139.227 9.09481
142.727 9.04178
138.4 8.94385
140.577 8.42207
139.494 8.61778
140.717 8.54252
139.78 8.59838
137.141 8.1712
138.541 8.25024
138.792 9.28401
139.424 9.0552
138.901 8.70076
139.077 8.01447
140.479 8.68513
140.457 8.06545
139.793 8.88372
140.279 8.73944
140.491 8.84073
138.363 8.82566
136.361 8.80397
137.096 8.51353
134.802 8.51814
136.633 8.51757
137.402 8.51786
137.548 8.51913
136.861 8.52174
133.281 8.86072
136.505 7.60742
136.283 7.80438
138.365 8.235
139.3 9.66713
140.993 8.73304
137.855 8.78562
136.991 8.91801
140.453 8.57316
143.276 8.50026
140.215 8.09476
142.713 10.091
137.629 8.42597
139.39 8.66998
136.895 8.88817
140.99 8.94081
140.266 8.57516
139.938 8.03778
140.722 7.56428
142.306 8.85351
143.079 8.36727
141.172 8.66027
142.746 7.36203
139.298 8.22886
140.549 8.44051
140.038 8.47465
137.033 8.55789
136.999 9.02601
141.01 7.97188
137.956 8.40842
137.725 8.62857
138.247 7.87565
140.518 8.55073
138.907 7.96317
139.489 8.35559
139.799 8.09795
140.313 8.56631
140.046 7.05949
139.773 9.09321
139.595 8.78356
139.181 9.38687
139.744 8.53877
137.145 7.8791
136.279 9.39066
138.78 8.26407
137.583 8.56722
136.78 7.91252
138.906 8.51446
135.975 8.66533
141.006 7.39034
141.085 9.05634
138.012 9.18143
139.92 7.21808
140.201 8.684
139.246 8.55489
139.799 9.20583
138.267 7.99776
138.597 9.22733
138.691 9.22798
138.778 8.61545
139.586 9.70758
136.592 8.06448
134.124 9.28741
136.6 8.60644
133.443 9.08498
133.209 9.03524
137.535 8.47861
138.289 7.72779
137.348 8.47917
138.633 8.57257
135.961 8.60308
136.536 9.3425
136.379 8.98727
135.865 7.76873
141.215 8.10483
135.473 8.40784
137.806 6.83588
137.091 8.79333
138.297 8.8618
134.813 8.97783
138.932 8.56591
137.357 8.35176
134.503 9.58078
135.232 9.20437
138.8 8.45953
142.412 8.36511
139.486 8.6728
139.471 8.72932
142.292 8.48103
140.448 9.89123
141.577 9.63655
139.722 8.5872
140.506 8.61357
138.695 8.42876
138.455 8.68076
135.787 8.44156
140.502 8.47882
139.352 7.89177
137.939 9.87657
137.908 8.41136
139.256 9.15355
141.72 7.51021
138.727 8.21068
140.39 7.91271
140.151 8.74774
139.48 7.97497
138.562 8.70746
140.163 8.16264
140.946 8.35588
139.471 8.64334
139.191 8.91456
137.2 8.61412
138.67 9.26693
136.848 9.3155
133.639 8.94568
137.337 9.04263
137.659 9.08309
139.222 8.83532
139.374 8.9444
137.507 8.24192
139.002 9.31143
135.179 9.28952
138.753 9.46067
138.813 7.53469
140.573 8.89466
137.53 8.22216
138.583 9.25095
140.845 9.54004
139.598 8.85679
137.54 8.78029
136.483 9.04855
138.021 9.09432
138.1 8.3569
138.782 7.4293
139.911 8.0557
136.771 8.55711
134.699 8.86196
137.009 7.96948
136.935 9.19648
136.699 9.36325
134.616 8.9464
136.904 8.96677
139.114 9.27864
140.269 8.33697
137.305 8.08153
138.464 9.08838
141.178 8.75976
140.762 8.58617
137.275 7.69381
140.16 7.84858
140.15 9.21343
140.202 7.69765
142.29 8.44422
139.451 9.41114
140.581 9.28573
141.625 8.91226
142.831 8.71442
137.711 9.18691
138.741 8.25178
139.86 8.43109
139.359 9.43471
140.428 8.46165
139.019 8.52075
139.818 7.17135
139.859 8.52454
139.748 8.18183
141.665 7.34001
140.592 8.66353
142.801 9.47307
141.459 9.23379
138.193 9.35098
139.26 8.04749
139.537 8.06797
138.787 8.27577
139.331 9.15178
140.561 8.30363
142.058 8.47784
142.883 8.7052
144.587 8.03353
142.753 8.13125
139.587 8.07785
141.481 9.54817
141.446 8.1259
139.78 8.16374
136.71 8.07147
138.063 8.17814
141.084 8.9121
139.42 8.84961
138.778 9.01789
139.111 7.71765
138.192 8.30908
135.726 7.99221
139.991 8.2192
137.145 8.38584
138.015 8.92596
141.49 7.66519
138.255 7.76508
140.7 9.32062
138.574 9.0217
138.579 8.23517
138.325 8.05931
138.654 7.92004
139.032 7.89825
140.339 7.90117
143.046 7.89276
139.581 9.00643
139.434 8.88925
139.705 8.43196
138.226 7.31775
138.426 8.74365
141.099 8.99281
142.58 8.51379
140.888 8.50421
143.591 8.30216
142.239 8.05018
140.48 7.76516
141.637 7.0168
141.521 7.63984
142.378 8.71566
139.25 8.19796
141.437 7.51886
140.812 8.62055
143.895 7.85656
143.573 7.29709
138.974 7.83412
137.66 8.6151
142.739 9.56741
142.225 8.11596
144.052 8.27381
141.473 8.72253
141.997 8.5534
141.032 9.80825
143.442 8.95718
143.041 7.92809
141.739 8.22402
142.724 8.34384
141.431 8.37167
142.034 8.36568
139.106 8.62788
142.6 8.04709
139.939 8.64216
140.781 8.46992
140.687 8.73293
138.692 8.71089
141.021 8.60354
142.364 9.00138
142.669 9.0236
143.228 8.84588
140.725 7.99139
139.388 9.22632
141.238 9.25489
141.052 9.92388
139.809 9.90035
140.433 9.11876
142.581 8.75645
145.865 7.9778
141.67 8.37422
143.265 8.10731
143.917 7.45752
139.168 8.78674
142.788 9.84533
142.3 8.57672
138.494 9.4861
139.169 9.40307
141.828 9.20969
141.979 9.17034
140.911 8.52658
142.736 7.94528
143.359 8.12798
143.131 10.1282
144.299 7.82904
142.571 8.35835
146.817 9.0469
144.158 8.98813
144.158 8.42337
142.774 8.74463
145.517 7.29295
145.123 7.09433
143.308 7.95962
140.546 8.39324
142.707 8.95515
140.89 8.72888
142.697 8.38479
143.25 8.07755
142.429 8.70181
141.176 7.47124
141.04 7.43236
142.229 8.03542
139.044 7.94642
139.084 8.80362
139.608 9.04189
142.245 7.72157
142.107 9.19803
142.723 8.90308
144.173 8.18975
143.935 8.43667
139.356 9.0236
140.798 9.06436
138.616 9.25095
137.446 8.9432
139.626 8.65065
140.135 8.60505
140.663 8.55035
140.753 8.27101
139.199 7.72708
137.971 9.41379
139.117 8.28446
137.952 8.10521
138.758 7.65001
141.443 8.2305
140.908 9.42252
137.034 9.06287
142.269 8.31049
137.172 8.6933
139.825 7.55675
140.744 8.40862
138.37 9.11296
138.31 9.27075
140.013 8.55314
137.768 8.16776
135.484 9.14432
136.992 7.76142
138.788 10.3157
139.553 7.07281
138.609 8.09124
137.973 8.96759
138.795 7.94061
142.25 9.43919
137.352 8.42816
139.263 9.03723
140.611 7.55942
137.245 8.09951
137.176 8.5132
139.482 8.8415
140.881 8.46586
137.22 8.4343
138.405 7.72045
141.156 7.02718
140.221 8.40963
139.083 8.87668
138.87 9.96947
138.979 8.43019
140.717 8.90227
138.434 8.52965
137.709 8.30772
133.699 7.868
135.281 8.29965
137.028 8.97956
137.847 8.94586
137.613 7.90525
137.592 8.03353
138.737 8.26705
139.318 8.46089
136.188 8.64093
134.152 9.42676
137.32 8.97789
137.96 8.06552
135.682 8.70102
135.852 7.96482
141.697 7.80504
138.208 7.61654
137.206 7.75931
138.812 8.83047
137.174 8.50357
137.688 8.124
140.3 8.93235
137.324 9.15628
139.616 7.97302
142.444 8.52641
141.797 9.35613
143.411 10.1078
139.402 8.92384
140.147 9.51015
137.899 8.15959
139.962 9.2093
138.887 8.26637
140.173 8.43579
138.76 8.99329
137.687 8.91152
137.958 9.33628
138.706 8.95698
138.054 9.4361
137.907 8.66284
139.8 8.45633
139.136 8.89683
141.071 8.75737
137.451 8.72319
135.664 8.76892
135.467 9.14743
140.095 8.44997
140.461 8.39006
142.148 7.7015
137.261 8.42816
137.459 8.24366
141.471 8.53623
142.941 8.42645
141.257 7.13357
140.95 7.81956
138.415 8.54097
136.205 8.90644
136.142 8.84918
137.373 8.62231
137.934 8.28111
138.647 8.12304
137.837 8.63873
137.199 9.23276
139.576 8.19554
140.733 8.53286
139.132 8.00491
137.629 7.14053
138.37 8.05372
138.18 9.06328
138.274 8.94171
140.033 8.42844
139.875 9.26657
139.052 8.85313
138.629 9.37043
142.972 9.06584
143.949 8.74149
144.966 8.06093
139.919 8.07599
139.902 8.80319
135.792 8.49986
138.655 8.68175
136.005 9.45355
137.074 8.6495
137.345 9.26961
138.416 9.35838
137.532 9.04608
138.128 9.10633
139.06 7.83991
141.462 8.36592
140.496 8.42937
140.781 9.70585
139.414 8.89498
138.76 8.95299
142.179 7.98973
140.828 7.84398
143.249 7.36396
144.041 8.88092
142.143 8.91119
143.559 8.37997
144.633 9.39743
143.541 8.6844
145.694 8.02403
139.912 8.05236
141.415 8.29371
143.105 8.87693
140.823 8.97259
142.301 8.22498
142.093 8.81916
141.809 8.59889
142.361 8.3231
143.011 8.47511
142.597 8.47621
140.667 8.61781
139.004 8.089
134.847 9.06135
138.861 8.51215
136.217 9.48819
137.777 7.47304
137.685 9.19653
136.27 8.22128
136.498 8.05144
138.154 8.93109
139.325 8.96227
138.139 8.90141
139.233 8.81644
141.377 8.97327
139.835 7.77375
139.78 9.66844
137.721 9.26217
142.103 8.62951
140.955 8.45532
141.947 8.65389
139.763 8.30295
139.062 8.76986
136.989 9.47529
139.452 9.23221
139.311 9.56986
136.189 8.94674
138.474 9.78842
139.074 8.59371
137.409 9.734
137.189 9.41206
138.593 8.85291
141.809 7.68239
135.117 9.83616
140.282 8.16416
139.13 8.12078
140.812 7.70284
139.201 8.61393
139.816 8.59491
136.862 7.22573
138.697 8.04745
140.306 8.82087
137.851 8.09208
140.599 7.59533
138.022 7.85354
139.001 7.7724
137.142 8.23713
138.13 7.24434
135.67 8.58096
135.838 8.72567
135.939 7.60299
132.606 10.0406
133.411 9.00454
135.036 7.19359
135.31 9.27634
135.204 8.18431
138.313 9.13651
139.984 8.2214
137.63 8.55558
140.941 7.70749
138.402 9.15534
136.916 8.65186
137.494 7.50515
139.396 8.53663
136.583 9.30605
137.98 9.16701
136.554 8.80474
135.741 9.04566
133.804 8.10896
136.675 8.72188
138.342 9.19189
138.416 8.56434
138.53 7.20389
136.005 8.70867
138.532 8.76453
138.834 8.37511
138.171 7.82347
137.028 10.3947
137.134 8.83398
141.718 9.06844
137.726 8.95769
135.909 7.81432
138.519 8.4414
137.535 8.23138
141.193 8.37725
142.013 8.42479
141.578 7.8979
135.508 9.14119
134.987 9.02936
136.606 8.38472
137.12 7.37718
138.317 8.15494
136.989 8.85583
138.286 8.9045
139.687 8.16285
136.871 8.32454
136.863 9.0032
138.301 8.18594
139.875 8.18594
140.163 8.13761
140.689 8.18192
138.521 8.102
135.892 8.899
135.325 8.43706
140.745 9.02093
140.155 8.64226
135.605 9.00005
139.357 8.66385
142.892 8.58528
140.315 8.84279
141.377 8.70769
142.244 9.16172
142.34 7.78702
141.167 8.219
139.932 9.1757
140.553 9.09329
141.854 8.48
140.031 9.17632
139.754 8.49872
140.98 8.35564
142.305 8.59192
141.337 7.53921
138.158 7.7461
138.192 8.40798
139.195 7.60351
138.82 7.96281
139.736 7.37822
140.172 7.93228
137.803 7.87334
137.283 7.80442
138.74 8.29555
136.51 8.5401
138.057 8.49768
135.512 9.82452
136.958 8.63861
137.718 9.01599
140.221 8.71554
141.726 8.31859
140.771 8.09555
137.054 8.35278
139.068 7.03587
137.009 9.42498
138.377 9.60572
133.676 8.20724
133.674 8.2497
140.737 8.22288
136.793 9.21867
139.874 7.6913
140.023 9.43381
139.474 9.93692
141.637 9.34008
140.043 9.16899
140.108 8.0431
141.933 9.00608
139.626 9.16625
140.56 8.62136
140.335 9.17248
138.359 9.357
136.317 9.41655
139.903 10.0809
139.002 8.90477
136.086 8.39952
137.669 8.80894
136.433 8.86795
137.451 7.57125
135.718 8.45562
138.212 9.72154
134.916 8.13012
135.305 8.73249
138.963 8.57508
138.232 7.75217
138.147 8.49928
138.577 8.30919
136.43 9.79166
136.713 9.94405
133.599 9.4144
138.519 8.68867
137.278 7.66382
136.076 8.81134
136.797 8.38195
140.223 7.51417
139.096 7.49533
137.369 8.81832
138.273 9.0397
141.592 7.33005
141.04 8.15576
141.582 7.00373
142.62 8.07554
138.648 8.29925
139.628 9.36336
140.104 8.7068
141.634 8.55696
140.639 8.56714
139.651 8.81948
139.946 9.07812
139.192 7.89127
141.113 9.15705
135.224 9.36247
134.373 8.64391
138.403 8.49182
138.616 9.19536
138.957 8.15117
140.065 8.16214
139.429 9.31683
137.945 9.37918
138.018 9.37504
138.227 8.40769
139.673 7.83831
139.258 7.77574
144.234 7.75059
146.323 7.97103
140.858 8.53481
140.661 8.15096
141.28 9.85981
141.311 8.94396
143.017 8.87978
142.167 8.90846
143.954 8.61789
144.17 8.76877
144.244 9.02395
143.01 9.00662
142.754 9.46272
142.43 8.72441
146.102 9.22968
145.253 8.52156
144.788 7.4882
144.332 8.20745
142.037 8.43072
143.104 8.53574
145.578 8.38739
143.797 8.22338
143.911 8.92338
139.705 9.14358
141.105 8.74518
139.044 9.06435
138.648 7.39305
138.13 8.56778
138.871 9.20509
139.399 8.99697
139.809 7.90781
140.002 7.27667
140.296 9.75596
140.185 9.83416
137.283 8.92048
137.695 9.34126
138.322 8.09916
137.159 8.38234
137.769 9.37285
136.613 8.04626
137.09 8.96458
136.901 9.52176
138.339 8.90529
135.04 8.52112
139.759 8.59438
139.437 8.57433
140.282 8.62757
140.153 9.18522
138.899 8.56347
139.118 8.35873
140.076 8.20546
137.744 8.53975
137.862 9.02496
141.213 9.36059
137.526 7.62423
137.502 8.74532
138.301 7.79051
136.268 8.4842
138.227 9.24253
136.664 8.79335
138.235 9.0779
142.938 8.02229
143.769 8.49894
138.514 7.69715
141.56 6.65562
139.493 8.72762
141.44 8.68293
140.965 7.46927
138.555 8.86384
141.077 7.22124
139.525 8.64918
141.155 8.08073
140.187 8.55521
139.975 8.53796
137.727 9.21096
142.087 9.18254
140.114 9.27633
142.197 7.99972
142.465 8.67948
140.369 8.72763
144.897 8.79316
142.193 7.56248
141.231 8.28297
138.949 9.72006
141.423 9.20669
140.289 7.89104
139.069 9.01492
138.405 9.20761
136.842 9.1012
138.855 8.73338
139.134 8.99829
139.842 7.6966
140.028 8.14919
141.645 8.71882
139.889 10.0447
142.341 7.91271
139.494 8.09896
139.456 8.17588
139.323 8.52975
136.714 8.25265
138.331 8.16866
138.275 8.46981
135.28 8.89949
136.323 8.47747
139.847 8.945
136.574 8.59783
140.267 9.05763
139.44 8.15383
140.21 8.60662
139.174 8.7266
139.098 8.60667
141.85 8.31498
142.576 8.32639
141.764 7.30236
136.07 9.52598
139.915 8.6945
140.653 9.59478
140.356 8.10865
140.799 8.55312
136.704 8.22608
142.84 8.86708
135.582 8.2212
139.38 7.45503
139.188 7.27734
140.107 7.51843
137.858 8.5251
140.732 8.5156
140.133 8.83084
138.568 9.11475
137.569 9.13506
139.205 8.19142
141.061 8.37119
138.413 8.58549
138.962 8.50852
139.294 8.44893
141.457 8.55926
140.919 7.9059
136.841 10.1033
136.803 8.25035
139.228 7.8204
136.621 8.70154
136.722 8.40837
141.379 8.83839
139.1 8.27054
137.61 9.3115
137.142 7.59514
138.25 7.69973
140.826 8.02905
139.668 9.23426
140.057 8.70231
139.104 9.03296
138.721 8.23301
139.065 7.91807
139.338 9.78932
137.352 8.76104
141.64 7.97653
139.272 9.07206
140.98 8.79036
139.128 9.42071
134.963 8.61067
137.099 8.28702
138.373 9.25286
140.018 7.5447
136.557 8.75524
140.979 7.92614
141.177 8.94509
139.33 9.17906
138.594 8.05161
139.97 7.97384
136.626 8.70976
138.458 9.3089
138.553 8.51941
139.093 8.43465
136.954 9.0274
137.722 8.11395
136.241 8.06447
137.755 7.92612
135.331 7.457
136.53 7.81063
137.312 7.59954
137.748 9.1796
142.583 8.77819
140.631 8.70311
140.301 8.94698
139.976 7.34951
141.452 7.89962
139.402 8.44016
136.855 8.98925
136.499 9.21935
135.604 9.10199
136.291 9.07412
138.958 8.29569
140.833 9.49491
139.135 8.02704
137.5 8.54048
137.634 9.71456
137.808 7.25476
139.174 7.55956
139.242 9.73453
138.862 9.48774
136.12 9.42023
136.747 9.40482
138.387 9.0497
136.741 9.25359
137.757 7.62296
137.285 8.12605
139.881 9.38482
135.888 9.21425
137.564 10.0532
141.335 7.95934
139.502 8.1591
137.866 9.12259
136.967 9.15195
137.121 8.59368
138.272 7.82139
139.064 8.43782
137.239 8.03749
137.091 8.71764
139.61 8.60336
138.295 8.39533
137.675 8.78659
135.074 9.20497
135.026 8.38446
134.861 8.71523
137.322 8.2892
134.403 8.41644
139.357 8.35192
137.527 7.43324
136.629 9.53544
137.266 8.05484
140.077 8.21639
136.167 8.80554
138.038 8.82424
141.135 8.86151
136.718 8.6558
138.6 8.5464
140.833 8.23989
138.572 8.22074
139.744 8.36294
139.944 10.0447
137.9 9.16879
136.145 8.9422
140.563 7.5109
137.529 8.1656
135.075 8.36506
136.43 9.41637
136.641 8.58409
136.535 8.33508
136.764 8.30488
137.948 8.64342
136.734 7.69971
137.499 9.31812
134.398 9.21719
140.243 7.7534
138.361 8.03104
137.221 9.56062
137.047 9.17669
135.83 8.77829
136.359 8.386
138.744 8.00213
139.45 8.45551
137.1 9.03652
138.857 9.13711
139.267 8.2801
137.917 9.22761
139.464 8.98213
139.706 7.62391
137.577 8.72706
139.736 8.94463
144.56 9.53482
143.997 9.03138
142.207 9.30881
143.594 9.11734
142.07 10.2256
138.008 8.48414
140.056 9.1434
139.844 8.50325
137.58 7.85264
136.747 8.10468
136.784 7.62991
134.986 7.73173
138.767 7.99665
138.235 9.19526
137.465 9.32748
139.607 8.45611
141.889 9.20777
143.27 9.45561
142.636 8.8615
146.342 8.08288
144.583 10.0553
142.346 9.04209
138.846 9.56239
139.394 9.61442
142.021 9.71325
138.967 6.51047
138.602 7.98906
140.549 10.5904
138.129 9.69931
137.283 9.72041
139.625 8.04822
142.294 8.64291
139.258 9.20768
138.014 7.83708
140.12 7.50296
137.982 7.99076
138.767 8.49417
141.275 8.05092
138.83 8.45868
140.354 8.53257
141.076 8.57054
139.035 8.48012
138.521 8.2537
138.676 8.08685
139.665 8.39242
141.092 8.53349
136.95 8.20477
139.745 8.45816
135.599 9.11751
136.663 9.01505
136.874 9.37162
137.089 8.08069
139.489 7.20662
138.294 8.2498
136.72 9.3902
134.179 8.29708
136.105 8.29116
134.092 9.92123
134.461 8.68578
135.768 7.76807
139.376 8.866
139.213 8.26371
136.122 9.83909
136.458 8.8618
139.512 8.90126
139.867 8.94322
137.212 8.71625
137.867 9.21673
136.779 8.22413
135.145 9.26643
137.034 9.19646
137.794 9.36769
136.328 8.54915
138.403 8.8186
137.87 9.23627
137.959 8.4217
139.704 8.94255
136.835 8.68743
139.17 8.87802
139.179 9.16346
137.022 10.0176
138.412 8.00694
138.488 9.19304
136.882 9.23675
138.233 8.70616
139.6 8.5005
138.958 8.95013
138.116 7.95763
138.044 8.39137
137.63 8.6237
138.971 9.38268
136.687 8.37215
137.614 9.12279
135.846 8.7519
137.864 7.21008
138.448 7.71788
138.65 8.90398
136.723 8.02901
139.231 8.64965
139.453 9.59392
138.756 9.78376
140.255 8.88845
138.628 9.45248
140.217 7.97212
141.272 8.14705
140.259 8.06368
137.201 9.01349
136.124 9.09634
137.442 9.79408
138.386 9.73911
138.477 7.81498
138.291 9.48745
138.77 9.17736
140.735 8.71612
141.552 7.64934
139.373 7.26046
139.46 8.90359
140.173 7.72068
139.41 8.27888
139.394 7.61987
138.937 7.06776
135.964 7.45145
138.271 8.85813
137.835 8.57198
135.354 8.91474
137.863 9.12428
138.757 8.97343
139.569 8.39662
139.686 8.18827
135.871 8.29374
135.809 8.53148
135.732 8.01746
136.791 8.08219
135.882 8.54398
137.276 8.99561
138.878 9.0226
139.496 8.76421
139.922 9.63132
138.622 9.07859
139.992 9.41658
138.024 9.14424
137.525 9.0999
139.974 8.49575
138.585 8.4175
138.212 9.08153
138.376 8.80466
138.085 8.16864
136.258 8.96309
136.872 8.95017
138.427 8.9786
137.391 8.70242
140.865 7.56799
138.101 7.77232
137.855 8.76906
139.509 8.29898
138.686 8.47416
140.829 8.50459
138.036 9.30585
139.573 6.89068
135.975 9.06906
137.236 7.92426
137.144 7.92796
139.435 9.32546
139.586 8.94855
140.88 8.80493
137.057 8.36607
136.768 9.07391
135.186 9.1628
137.585 8.63519
138.462 8.55414
135.113 10.2374
135.091 8.12117
136.253 8.17912
136.885 8.39427
136.862 8.63859
137.557 9.7213
137.345 8.69775
135.965 8.038
139.551 9.22033
140.649 9.40585
138.46 8.60791
134.349 8.05933
138.407 8.99352
138.52 8.56252
138.133 8.35051
138.24 8.871
138.217 7.75927
136.946 7.96046
140.225 9.42908
137.563 8.19819
138.243 8.30518
138.14 8.1428
138.651 9.53657
138.217 8.62406
137.065 8.41416
138.802 8.80149
138.834 8.71829
140.057 8.37356
137.761 8.07087
137.655 9.40814
139.926 7.67804
140.287 8.00409
139.67 7.32143
137.703 7.65758
139.173 7.3952
136.462 10.3554
135.605 9.64019
138.146 10.1985
139.519 8.69966
136.629 8.16529
136.665 9.47849
137.09 9.57498
139.086 8.25681
139.869 8.81464
138.684 9.49483
139.665 8.79056
139.839 7.27158
138.452 9.9717
136.042 10.4876
140.898 9.00812
139.637 8.42973
139.884 8.08419
139.537 9.62048
139.426 8.43946
137.194 9.20737
134.855 7.20082
140.711 7.66841
141.576 8.84341
140.004 7.33391
140.687 8.83361
141.326 8.26512
140.435 8.41794
138.333 9.1046
138.089 9.24507
139.953 8.60773
137.418 9.03307
138.848 8.26602
138.148 8.5837
141.683 7.65313
139.383 8.01431
137.893 8.8092
137.49 8.87689
137.958 9.2554
137.733 8.60404
136.185 8.32545
137.5 7.98644
139.302 8.11652
136.571 8.18808
137.888 9.29329
140.236 8.5316
136.371 7.66919
135.022 8.74924
138.255 8.87558
137.39 7.79825
136.566 8.8949
138.159 9.06102
137.129 9.10404
137.858 9.66333
139.712 8.2898
139.511 7.87975
141.679 8.79093
136.614 9.58835
137.686 9.0253
136.924 9.21517
139.25 7.81891
139.212 8.50595
137.938 8.58853
137.686 9.23923
137.105 8.25621
137.708 8.45357
137.622 9.26279
135.032 9.38847
135.291 9.00685
135.136 9.15405
136.509 9.19524
137.511 8.72716
136.844 7.97565
139.738 7.8785
136.473 8.34606
137.706 8.88697
137.775 9.54781
138.51 9.25615
137.901 7.723
139.403 8.97844
142.989 9.3696
142.419 9.47033
141.845 9.41321
142.264 8.24268
141.143 8.66673
142.311 8.88175
142.74 7.24805
143.814 9.26217
146.557 7.81407
144.491 8.41758
145.695 8.23558
146.404 7.56131
142.806 9.00284
140.776 8.05439
141.662 8.33917
141.085 8.82045
138.627 8.3628
143.062 8.49556
143.548 8.88051
139.068 9.05102
144.887 8.71648
141.225 7.75713
140.732 7.65646
142.607 7.65646
140.758 8.90748
139.459 10.2523
140.674 9.41379
139.508 8.3275
141.747 8.18465
141.849 8.1003
139.256 8.83125
139.138 8.7793
138.099 8.59317
135.043 8.92848
137.054 8.07399
137.741 8.53735
138.659 8.28358
138.213 8.70244
136.214 8.46946
137.038 9.55387
136.389 8.7681
135.72 9.49888
137.843 7.87894
136.506 9.23286
138.176 7.98362
138.768 9.05547
138.859 9.13886
136.223 8.44844
137.161 9.74439
138.859 9.48879
138.331 8.52605
139.037 9.33272
138.331 9.08537
138.453 9.0717
138.844 7.77901
139.776 9.2048
139.293 8.64164
138.774 7.35375
140.207 8.92865
136.446 7.80708
136.06 8.30757
138.104 8.69699
138.287 8.76834
138.888 8.48826
138.927 8.40107
137.342 8.25698
136.787 8.22646
138.27 9.25674
138.037 8.76012
137.124 8.23615
137.089 8.65245
138.889 7.74044
138.75 8.12064
140.137 8.61908
138.709 8.54752
140.734 8.73303
141.439 8.24002
138.62 8.2357
138.508 8.346
138.68 8.16605
138.915 7.7854
140.401 9.14331
140.257 7.72899
138.466 8.68339
137.269 9.04487
138.171 8.5142
134.908 9.88669
137.049 9.47409
138.628 8.78704
137.856 8.81032
137.021 8.79334
138.321 8.80591
140.83 8.44404
138.518 8.12048
139.087 8.83882
137.844 8.83456
134.944 9.26565
136.455 9.3021
136.971 9.78619
137.424 8.7426
136.615 8.40266
139.342 8.51949
138.991 8.32587
138.444 8.67181
138.864 8.53598
136.424 8.51234
135.548 9.17897
136.615 9.31584
