96.897 15.4532
94.0587 15.9366
90.1172 15.3804
93.8784 14.7213
92.9869 15.4876
87.8483 15.5995
89.4409 15.5246
93.2051 15.2472
92.5215 14.6328
95.2214 15.2758
95.2214 14.9551
93.6797 16.1315
93.6797 16.3457
91.592 15.3942
94.0444 15.4747
96.4624 16.2609
89.9673 16.3792
86.9477 15.286
99.3062 14.5998
100.931 16.264
100.931 15.6036
97.5595 14.6651
91.041 16.3349
87.2585 15.7666
92.7426 15.5533
93.8315 14.4638
95.0207 14.2943
93.2425 15.14
83.5898 15.8799
80.1683 15.2002
85.0906 15.9279
93.2033 15.5017
97.7698 15.1173
97.0417 14.9346
98.8065 15.0793
102.233 14.7535
99.113 14.8069
104.289 14.8387
109.349 14.348
99.026 14.2276
104.832 15.3202
101.437 15.5545
103.424 15.3061
100.75 15.3441
100.75 14.2476
98.112 14.9475
96.9201 14.7883
93.5076 14.8029
99.8002 16.003
91.948 15.7819
92.9857 16.1391
95.6625 15.6397
92.4352 14.208
102.367 15.0382
98.4421 15.3801
99.4316 14.5385
101.022 14.8279
98.4865 14.5837
98.5109 14.3351
103.059 15.062
117.875 15.5737
108.444 15.2628
115.386 15.5509
116.326 15.1878
109.997 14.1839
115.901 14.5527
104.782 15.1936
108.831 14.4811
104.049 14.7633
104.049 14.6383
93.1413 14.5196
91.4997 15.133
91.8107 15.3925
91.6339 14.9193
87.9072 15.6155
90.7549 15.6129
92.0037 14.7111
94.3777 15.809
91.578 14.9973
92.5666 16.3169
91.2261 16.3045
93.7957 15.4564
86.0849 15.8748
93.526 15.1561
100.059 15.1053
104.205 15.333
101.735 15.0453
101.203 15.0172
105.15 15.005
111.451 15.7476
107.474 15.4649
103.751 15.2393
105.149 15.3292
102.061 15.8988
98.7056 15.2499
97.0679 15.0849
90.1726 14.8038
82.3152 14.3921
92.5277 15.1004
87.6668 14.0204
95.0438 15.2469
95.4285 15.1296
94.4838 15.3457
102.482 14.9044
93.3233 14.9341
89.4059 15.3027
90.9169 14.8335
86.7353 14.1785
83.1791 15.9382
87.4508 15.628
87.8917 15.4478
90.6801 15.4354
89.2536 15.4051
91.1426 16.0025
95.9398 15.388
97.9416 15.9353
95.7243 15.9757
99.9051 15.4784
98.8842 15.0262
99.5862 15.6392
97.4679 14.8233
96.5639 14.9674
101.993 15.4488
103.144 15.3136
105.509 15.1921
103.577 15.1884
101.189 15.1775
102.709 14.9585
101.164 15.8463
101.228 15.9251
112.091 15.8512
108.207 15.078
104.693 15.5292
104.548 14.3732
104.835 16.025
106.148 15.2278
106.535 15.3895
103.429 15.6636
109.867 15.3524
109.647 15.5056
105.438 15.5403
115.947 15.3991
110.177 15.1449
109.704 14.9185
112.629 15.2099
112.77 15.9549
107.819 14.9996
114.055 15.1357
116.44 15.0189
108.495 15.9877
99.16 15.1508
96.7125 14.9732
94.1588 16.0327
95.4405 13.6796
89.601 15.5535
95.5384 15.2637
98.9341 15.3961
92.8794 15.9916
95.9334 15.0167
94.4146 14.5552
91.8458 15.06
88.1543 14.8616
88.1543 15.2475
87.5888 15.9309
87.5457 15.4505
95.0939 15.9398
91.5174 15.4224
91.8882 15.5126
96.51 15.1048
90.7883 15.246
92.0109 14.8728
92.0223 15.2179
93.5164 15.4761
98.4025 15.4866
96.7293 15.4292
101.193 15.813
108.438 15.4101
105.162 15.8315
101.637 14.9452
97.5674 14.8491
101.15 16.1886
98.9042 15.8187
95.2337 15.5802
93.5722 14.6692
93.6611 14.9564
97.436 14.566
102.692 15.1364
98.9123 15.1508
98.2614 14.9937
85.7594 15.4706
87.2165 15.5763
97.9229 14.5372
97.7094 14.5875
93.8199 15.5845
99.6311 15.9001
102.06 14.769
103.537 15.5149
108.432 15.6172
101.609 15.2704
108.091 15.2497
111.251 14.6921
114.564 14.411
115.846 15.8974
107.271 16.8705
101.166 15.337
105.409 15.1953
106.218 14.7375
105.758 14.8869
106.193 14.4385
101.448 15.3942
94.9395 15.4515
106.725 15.2809
103.921 15.0051
102.489 15.0015
99.023 15.4036
96.3052 15.118
91.2719 15.4654
94.5601 15.2763
95.5865 15.1809
97.2811 15.9591
96.7712 15.2204
93.7167 14.2751
93.9916 14.9227
101.675 15.0563
100.121 14.9977
102.316 15.3053
98.1454 15.4967
93.6392 15.8644
97.6121 15.0904
97.6453 14.8234
97.3548 15.2848
100.115 14.8957
102.115 15.7177
103.23 15.6722
105.331 14.6103
101.591 14.7543
92.1282 15.98
92.1282 15.6819
87.5981 15.7636
80.7559 16.0629
83.6752 15.0677
82.1764 15.7341
91.2256 15.3774
99.1959 14.358
87.6447 15.2353
89.5362 15.3727
93.5581 15.4291
94.5494 15.5849
97.2347 15.5038
93.8628 14.8799
87.3423 15.2897
86.4703 14.2006
91.641 15.7574
95.7015 15.577
92.5107 15.0678
92.2071 15.1367
101.479 15.8643
93.4846 15.8247
99.6538 15.6805
97.701 15.3493
101.61 15.2832
109.422 14.7528
114.273 14.4373
119.195 14.1044
110.724 14.6663
104.131 15.7512
100.778 14.8021
99.7761 14.8591
105.625 15.8234
115.547 15.2763
102.064 15.2956
105.324 15.3564
94.1343 15.9133
98.1466 15.3688
99.2531 15.2178
97.0303 15.6493
97.5222 15.5078
96.9648 15.0237
99.5426 15.2377
95.3234 15.2877
99.5309 14.3295
92.9955 15.2821
92.2695 16.09
96.0168 15.3206
96.0142 15.831
86.9178 15.3852
90.8507 14.8927
96.6132 14.5467
89.1277 14.7952
92.2152 15.0662
94.1035 14.8319
92.0434 15.06
95.1014 15.6885
94.7418 15.5716
98.4612 15.5744
98.4606 14.7633
96.3915 15.8757
96.0172 15.8914
95.2638 15.7025
89.3836 15.1623
98.9375 15.3544
93.9625 15.5677
94.3626 14.4947
97.1369 14.5165
111.611 14.8474
113.962 14.7232
104.506 16.503
113.378 14.8997
106.901 14.9707
101.732 15.4123
95.7724 15.3372
102.6 15.4231
102.087 15.1671
103.155 15.1171
98.6223 15.442
99.2157 15.3531
87.8255 15.4239
97.052 15.4488
96.5802 15.5883
92.4285 15.0399
93.97 15.5441
95.1895 15.3414
100.139 15.2881
102.342 14.4816
91.0092 15.4466
98.9361 15.4111
102.858 15.2597
100.507 15.2236
103.923 15.6546
104.398 15.9359
108.994 15.5372
112.077 14.7562
111.781 15.7036
112.743 15.0375
97.646 15.2899
96.2395 14.9453
88.8107 15.9205
94.8033 15.1477
99.1264 14.4311
98.6421 14.8045
94.975 15.5542
96.8668 14.6168
96.342 15.2303
96.0953 14.9972
95.1532 15.424
94.6439 15.5108
103.443 15.7869
104.762 15.9676
104.748 15.1207
106.227 15.2926
102.421 15.4125
102.633 15.0937
95.389 16.3174
101.965 14.6331
90.6319 14.7372
97.5868 15.7003
96.1791 14.8101
102.936 15.6796
102.05 15.4627
102.965 14.991
100.425 15.233
91.5367 15.7676
95.8179 15.147
94.7369 16.018
96.5469 15.1316
92.9862 15.3867
93.4152 14.3621
93.6652 15.2523
97.0504 14.7353
103.4 15.1739
96.9065 15.4106
98.8974 15.3675
98.8974 14.9812
97.9574 15.4342
99.611 15.8013
99.569 15.7374
95.0553 15.4598
97.3406 15.6454
95.7323 14.9557
103.787 15.0961
101.595 14.5755
97.5046 14.4468
105.762 16.4901
102.707 15.15
105.21 14.963
100.981 14.7288
96.9957 14.7106
112.929 14.959
113.163 15.2146
114.206 14.9214
107.976 14.5962
109.569 15.6594
100.652 15.5133
95.9018 15.7236
92.846 15.7468
94.6441 15.3158
90.0969 15.8192
94.361 15.0644
94.362 15.1016
102.162 14.965
107.13 14.9237
105.865 14.8181
98.6431 15.3279
107.126 15.527
101.401 15.3328
113.903 14.9643
109.942 14.9694
107.649 15.2668
104.662 16.1206
103.739 16.0072
103.692 14.9321
104.46 15.1573
112.4 15.3997
109.692 15.0805
116.184 15.2478
109.826 14.8464
104.023 15.1277
102.739 14.1442
100.772 15.423
108.012 15.3095
104.946 14.8392
110.328 14.526
102.594 14.23
100.952 15.2394
98.4939 15.8701
101.882 15.8246
103.588 15.1053
103.714 15.8788
112.292 15.816
98.0816 15.603
104.039 14.9895
101.103 14.8204
100.756 15.4973
101.564 15.881
101.819 14.7774
110.396 15.3932
109.467 15.3854
98.792 15.1683
93.3853 15.1605
92.4962 14.9972
92.9349 15.2384
89.628 15.1162
91.0654 15.3421
86.3114 14.5414
90.8205 14.9662
81.6322 15.4935
88.3774 15.0034
89.3532 14.3925
87.6861 14.7255
90.4295 14.7562
91.4069 15.1332
86.6317 15.0393
90.0478 15.7449
92.0203 15.6233
87.17 15.4719
87.5229 15.6652
83.5847 15.179
91.2723 15.1175
89.183 14.462
80.5982 14.8391
77.3807 14.7338
75.9913 15.3731
78.4303 15.8063
86.1262 14.7915
87.8054 15.5315
91.8905 14.4738
90.2472 14.8597
86.2453 15.7447
83.9757 15.798
90.9479 14.8098
91.5894 15.294
91.8527 14.8236
88.0215 15.5543
90.0181 15.3447
93.3279 15.3525
93.615 15.3488
88.8065 15.3023
88.8065 14.8145
92.7317 15.0284
92.7317 14.9906
106.963 15.0045
109.59 15.0046
106.222 15.0044
104.789 14.7862
87.5896 15.4978
87.5896 14.4776
91.5608 14.5571
91.5608 14.3874
92.0789 15.3539
88.4971 14.8523
89.9088 16.2303
89.9088 15.1471
93.8098 15.5473
94.354 15.4714
95.8395 14.3975
90.4626 15.4524
93.6144 14.9936
88.7664 14.2858
84.6853 16.0463
85.1185 15.851
86.2913 15.0218
87.8132 15.7816
86.6355 15.6571
90.1041 13.8312
89.744 16.0622
98.5711 16.1325
99.8399 15.8184
97.1532 16.1749
96.3081 16.1851
94.3799 15.1099
97.24 14.4389
94.328 15.0768
93.4859 15.6935
94.6618 16.01
99.3894 15.5673
100.437 15.0042
101.996 14.3254
101.996 14.4701
99.474 15.4045
93.5211 15.1852
92.3335 15.0525
97.3971 14.8575
96.4606 14.7432
97.0932 14.94
99.2629 16.1629
101.223 14.8519
107.347 15.1027
107.347 15.674
109.079 14.7063
107.519 15.2946
103.297 15.4955
95.5614 15.2131
100.524 14.5538
95.1534 14.9367
104.642 14.9776
103.9 15.2629
102.864 14.5564
98.2844 14.9706
97.0887 14.9976
96.0262 15.4275
98.0754 14.975
100.506 15.2409
101.032 15.1835
109.698 14.3637
103.291 14.9438
97.2503 15.054
93.6877 15.5056
92.7236 15.0776
89.1335 14.4718
96.0897 14.4686
93.8139 14.3716
96.7552 14.9232
92.5907 15.9157
90.7514 15.6805
87.5826 15.8949
90.9504 15.1617
94.239 15.4746
99.5317 15.6099
102.453 15.5021
103.891 15.2789
110.206 14.8069
114.583 14.8634
118.546 14.4324
104.485 15.6429
113.555 15.5339
101.067 15.2139
101.811 15.4277
94.1134 15.6845
94.28 15.4587
102.028 15.5278
101.577 15.399
94.1187 15.5827
92.9761 15.6125
93.4503 15.3305
90.8495 15.1006
97.1217 15.6609
93.1234 15.3355
93.1967 14.9486
93.1967 15.9327
99.0689 15.0773
94.5229 14.7478
95.7473 15.375
95.0846 15.0096
95.3124 16.0742
94.0542 15.9496
90.231 15.6468
90.9121 15.732
87.4476 14.9915
89.2255 14.2744
99.3221 14.8526
106.172 15.6742
92.989 15.3615
85.8887 15.5021
88.5336 15.3716
86.9135 15.1548
89.2417 15.0403
96.5253 15.6822
94.209 15.5221
91.2775 15.7787
99.7568 15.7658
84.9256 15.7983
99.1164 14.6041
99.9465 15.0596
95.1786 14.9317
96.382 15.532
102.208 15.0583
97.0944 15.2207
94.4378 15.2227
96.6888 15.525
94.5949 14.6224
98.1048 14.8658
101.073 15.6046
102.643 15.3543
102.271 15.5131
88.9421 16.0184
82.0594 15.6174
82.0594 15.336
86.7332 15.3465
86.7332 15.2887
85.9948 15.1662
95.293 15.3017
100.201 14.5251
91.5868 14.8564
92.6094 16.0795
93.54 14.3645
101.769 15.8241
107.453 16.6005
107.453 15.5263
105.383 15.0823
98.4291 15.178
102.99 15.0682
110.108 14.4735
107.348 14.8681
109.706 14.911
112.775 15.1772
122.623 14.9802
121.225 14.7572
121.225 14.1646
112.991 15.6769
113.956 15.2894
117.528 14.6842
126.305 15.9325
112.714 15.0076
114.207 15.6254
99.2684 15.8391
103.873 15.3273
103.504 15.3519
106.424 16.1629
109.171 15.8482
100.107 15.2789
101.141 15.8371
102.62 13.9723
103.178 15.1079
101.19 15.2225
99.8242 15.3187
99.8242 15.9735
99.7891 15.0915
98.7818 14.6736
97.3778 14.484
97.2703 14.6775
101.453 15.1137
98.2115 15.8243
105.173 15.6406
99.8323 16.1556
94.9504 16.3008
96.9244 14.805
96.6904 14.9354
93.2097 15.2155
95.1134 15.5763
93.8524 16.529
97.6884 15.2332
98.8713 15.177
95.9281 15.2976
98.197 14.9903
103.802 15.3764
109.93 15.5232
99.8183 14.7825
95.4465 14.4304
97.0927 15.2084
94.8785 15.5114
96.2382 15.6628
97.2893 15.6716
93.7454 14.9826
97.8431 15.003
93.5915 15.3667
91.3474 15.5409
98.2519 15.7196
97.7252 15.2558
95.2412 15.6978
95.9831 14.8019
99.0762 14.5747
99.3 13.9963
92.3516 14.5379
89.7193 14.3741
93.4928 15.7865
92.2302 15.0405
97.553 14.6425
101.766 15.4148
96.5302 15.7557
96.5067 15.231
99.7172 15.5356
96.2523 15.8722
92.0438 16.488
102.488 15.761
89.032 16.1542
84.3963 14.2634
86.9562 14.9874
84.4136 15.5102
82.495 15.5569
87.2891 15.7479
83.6818 15.2392
83.6744 15.0823
83.6744 15.3895
84.9055 15.2654
85.7857 15.667
88.9635 15.3993
85.8786 15.1344
90.7814 14.6054
86.9686 14.8804
87.4322 15.0243
81.122 15.8805
82.0043 14.7872
82.445 14.3486
86.7631 15.4508
76.5848 15.434
74.7842 15.2989
74.7842 14.507
75.8124 15.5318
89.5194 15.4994
84.4412 15.8815
82.4696 15.3753
83.2758 14.1471
85.8819 15.4854
83.7574 14.7729
88.3863 14.9258
81.1824 14.4083
85.8598 16.262
90.4632 15.9932
94.2033 16.0408
92.9863 16.063
87.6747 15.3295
88.5848 15.5704
86.2778 14.8067
89.3804 15.9233
99.278 15.3897
97.9841 15.6233
95.3072 15.6137
100.272 15.5877
99.0294 14.9812
89.7063 15.0181
89.0981 14.741
91.1347 14.9305
87.3516 14.6389
81.2813 15.5543
82.9344 15.1147
79.5248 14.8256
85.9877 14.8831
87.8875 15.1246
85.4663 14.9175
81.0512 16.5942
82.4536 14.5666
84.6137 15.3182
79.7487 15.7589
87.4098 15.9207
84.9122 14.9928
86.0883 15.6805
90.916 13.8344
95.879 13.7944
90.6971 15.431
82.6835 14.3538
89.8471 14.7032
90.0544 15.6312
85.1662 15.4323
88.5545 15.0131
91.8229 15.7123
93.0225 15.4363
93.03 14.9122
93.5298 15.2441
95.1278 15.7514
99.751 15.0829
96.0274 15.046
98.0205 14.6826
106.575 14.3065
93.7728 16.4619
94.8276 15.0647
92.3826 15.012
96.9706 14.9817
95.5428 15.1853
103.512 15.1933
100.846 15.4549
108.132 14.7023
112.004 15.5373
108.767 15.2971
113.229 15.4113
109.697 15.487
117.156 15.4829
109.501 15.5419
100.596 15.9483
97.4698 14.8894
87.3712 15.596
92.916 13.4116
95.3498 15.2631
96.295 15.4095
97.2867 15.0326
92.5431 15.322
100.462 15.2849
102.871 15.2811
102.287 15.4502
97.5721 15.7496
92.9297 15.3886
96.4031 14.937
87.7702 15.123
96.2481 14.9747
95.5512 15.6554
95.3303 15.2086
95.2829 15.2992
95.0033 15.2506
93.3336 15.4366
86.3295 14.3064
82.9329 15.0631
85.3188 15.5994
85.9336 16.0644
79.3638 14.9847
80.7644 14.7889
81.9492 16.0134
77.2435 14.4155
77.7546 15.9578
76.1584 15.5818
75.4233 15.7343
78.3865 15.1829
77.1517 15.9052
81.668 15.3454
80.4221 15.8692
78.2683 16.0518
75.4754 15.7908
77.1602 15.536
77.1602 14.4444
74.9797 15.1833
76.8641 15.3846
78.0645 15.2066
73.2359 15.1748
81.2101 15.1133
79.8306 14.69
80.6873 15.6686
88.9108 15.1536
93.2192 15.2613
95.5228 15.0737
99.1662 15.2458
94.1137 15.2428
95.7388 15.0738
101.636 15.0513
103.906 14.7566
97.2413 15.357
98.8487 15.3341
98.9537 15.73
94.2229 15.8117
93.4159 16.2762
93.085 15.6182
97.726 15.4554
99.4701 15.7888
101.348 15.2239
93.1729 14.6451
95.2208 14.3723
90.4338 14.7446
92.9277 14.4264
89.4813 15.604
90.2627 14.4636
89.1914 15.1336
91.3092 15.1427
91.2417 15.2874
89.1845 16.2405
89.318 16.0217
92.0078 14.5272
82.4737 14.5574
82.9154 14.6188
83.9944 15.8472
79.0736 15.1881
81.6107 15.7099
82.0752 14.1637
84.3791 15.7428
86.385 14.6291
92.1262 14.9801
91.1423 14.96
91.2356 15.0836
94.4909 14.7466
101.202 14.9511
99.9831 14.9385
104.572 14.2159
101.704 14.9262
107.218 15.0971
104.463 15.4048
105.608 15.0492
103.277 14.3504
110.057 15.2053
107.135 14.5416
109.31 15.1531
100.077 14.5563
94.9024 15.2804
99.9216 15.9323
95.3327 16.2256
94.1707 15.218
93.5902 15.2472
96.167 14.3662
94.5252 15.1902
103.202 15.0648
102.247 15.777
105.053 14.9056
105.501 14.8027
112.643 14.7192
107.683 15.4971
102.404 15.2123
101.253 15.4454
106.842 14.78
116.439 14.0215
111.112 15.1813
111.752 15.1604
111.641 14.9014
107.336 15.123
99.7052 14.624
99.4921 15.4024
95.669 15.2736
99.7191 15.805
105.391 15.5815
98.6885 15.4498
101.966 15.2135
97.3954 15.4579
94.2679 15.1677
94.6212 14.8371
97.8926 15.1698
96.2357 15.1344
91.4722 15.146
93.011 15.5504
92.2225 15.4211
98.1203 15.093
98.5052 15.4582
97.485 15.6524
104.166 14.9603
93.4377 15.7413
94.3374 15.6361
92.1598 15.9698
95.891 15.5722
93.1733 16.092
90.3861 15.7974
92.1702 14.3622
91.6669 14.5068
89.1276 15.5373
91.9852 15.2179
82.7176 15.7818
87.9522 14.5578
87.5767 14.7717
88.3373 15.0275
91.5636 15.0143
91.8217 14.9559
92.5053 15.4335
99.6519 15.1886
93.1683 15.6177
93.8716 15.4499
88.3132 15.5262
85.5714 14.5696
88.6055 15.8158
85.9558 15.5586
85.1978 15.688
83.9589 14.77
87.8856 15.4378
83.325 14.2687
88.9674 15.5228
91.4475 14.4307
88.0972 15.5893
87.908 15.6514
91.3401 15.2156
93.3645 14.4627
90.8659 14.7198
93.875 15.3038
88.8023 15.0467
86.8254 14.9225
87.0285 15.4028
89.1674 14.9809
82.2255 14.1527
82.0637 14.7958
82.0637 15.4369
80.9145 15.4385
88.0743 15.8389
86.0855 14.964
81.1706 15.9778
82.2801 14.9888
84.004 14.8755
101.615 16.1567
96.7747 14.9797
95.952 15.3577
100.895 14.8904
95.9711 14.8375
96.9554 14.3879
91.4537 14.7819
92.2552 15.1246
93.7824 14.9347
103.728 14.531
106.417 14.9581
98.0755 15.7498
96.8945 15.2885
96.9146 14.9569
96.0766 16.3331
96.9345 15.1934
96.9345 16.7241
102.598 15.7197
96.9029 15.2864
88.3641 15.2819
90.021 15.2399
94.9317 14.748
90.8001 14.5546
98.2357 14.5816
95.9425 15.3337
91.9732 15.7439
93.2916 15.3598
98.0583 16.6545
101.326 15.7264
102.174 15.8689
102.172 15.9405
104.222 16.1568
92.8777 15.4169
92.8776 15.1211
92.5334 14.9624
93.8005 15.895
86.2876 16.2312
86.6725 15.4466
83.2875 14.2803
84.8935 15.129
90.5222 15.2778
92.7638 14.4777
89.8482 14.9195
90.0835 14.8659
90.0835 14.9387
90.0835 15.4512
90.0835 16.321
90.7749 14.8923
92.8665 15.1413
100.688 16.3448
103.408 15.411
96.3879 15.2537
100.913 15.5645
108.589 15.9538
102.126 15.5133
101.379 15.4603
100.287 14.5561
92.6928 15.253
91.0562 15.6936
89.3983 15.5587
94.6951 15.2602
96.9174 13.9464
93.5975 15.2012
98.6834 16.069
103.114 16.5552
101.058 15.8043
100.465 14.2608
102.626 14.6593
97.817 14.56
102.512 15.3283
101.293 15.2176
104.578 15.2602
103.268 15.3926
98.8678 15.4294
107.636 14.5422
113.678 15.6569
113.591 15.5038
99.2277 15.8945
96.9116 15.8889
103.053 15.501
104.194 14.6078
104.194 15.3022
100.155 15.4528
101.306 14.8648
96.1039 15.0864
97.1083 15.6504
107.254 15.1249
113.758 15.4855
108.747 15.1518
108.462 15.5679
111.626 15.6818
110.925 15.6149
110.925 15.6187
111.169 16.0821
111.444 15.5634
110.062 15.002
99.1645 14.896
102.967 14.8178
98.283 14.8273
98.4754 15.6161
96.6233 15.7667
102.822 16.3522
98.0278 15.6179
91.9315 15.6199
95.88 15.4467
96.9521 14.731
97.8819 15.1902
97.1857 14.6137
93.746 14.7762
94.1262 14.794
98.8359 14.7784
97.8363 15.3912
103.267 14.9413
106.208 14.9215
103.45 14.8421
98.3861 14.2644
99.5596 15.4047
102.618 14.7983
99.1355 15.5441
99.783 15.4274
95.7741 15.0154
107.346 15.4418
106.703 15.1726
104.283 15.0347
98.997 14.2644
98.997 14.4051
99.3615 15.6593
96.2751 15.3967
98.0119 15.3482
96.8798 15.4029
97.8808 15.0232
94.7692 15.0957
96.9723 15.0602
96.24 15.7166
89.5605 15.0229
101.246 14.633
99.1189 15.4237
105.549 15.2077
100.92 14.4752
104.519 15.3514
103.432 15.367
108.454 15.6432
110.931 15.3515
106.566 15.5963
110.864 14.1826
104.833 14.4496
93.7383 15.4713
96.592 15.5371
95.2557 16.0086
90.6763 15.0771
93.9009 15.4481
96.1253 15.0568
97.8281 14.9719
89.4543 15.2768
89.66 14.9987
95.2121 16.3376
95.3454 15.3189
93.7808 15.6625
98.4023 15.6926
102.615 15.5404
102.396 15.3849
106.124 15.5439
105.663 15.568
104.96 15.6541
105.291 15.5319
108.581 15.3964
99.6533 15.5756
95.3626 15.2301
88.7903 15.04
92.8246 15.5357
93.1111 15.1396
92.5869 15.7683
85.3621 15.126
87.9954 14.8401
90.1428 15.0149
89.7844 15.5433
84.6069 15.685
83.4029 15.2876
79.8735 15.8109
79.4233 14.9699
82.0974 14.2921
84.6892 14.4599
89.3656 15.111
89.27 15.5691
89.2866 15.4979
90.9579 15.4571
89.7825 16.1525
92.9512 15.8883
95.4504 14.9057
95.3629 15.3226
93.3089 15.8509
100.048 15.0276
87.8281 15.9276
88.6839 14.7702
94.0594 15.6608
105.917 15.2907
98.285 15.0571
97.7134 14.6498
96.89 15.7716
98.2772 15.3614
98.9824 14.9082
99.2017 14.6196
97.303 15.6347
107.905 15.2175
99.4974 15.455
103.006 15.0802
102.836 15.0626
92.5367 15.2514
98.5586 14.8123
95.8854 15.7538
98.0572 15.2537
94.8443 14.3593
85.577 15.0421
92.2178 16.3831
88.5404 15.3589
94.8555 14.7088
102.105 14.8018
100.163 15.9601
99.7649 15.2596
105.67 15.1175
101.861 14.9612
99.5117 14.1243
100.277 15.1556
97.4699 15.3297
101.295 15.0133
98.462 14.7915
98.2712 14.8274
97.4522 15.2536
99.5923 14.9288
106.585 15.4856
100.3 15.8343
98.3464 15.7523
93.3077 15.3218
99.6795 15.6137
88.8719 15.118
95.2692 15.1912
96.8972 15.0672
94.7531 15.4801
98.216 15.4164
102.493 15.4695
101.182 15.5058
103.697 15.7971
102.419 15.1992
104.587 14.4573
103.676 15.1479
101.236 15.1607
99.0324 15.4975
105.68 15.3492
105.142 14.9928
99.7686 15.5571
106.544 14.6015
100.932 15.7583
106.791 14.5598
102.699 14.4831
104.287 14.5451
101.781 15.0258
94.3935 15.0152
94.3851 15.203
94.1945 14.8375
97.2261 14.4709
100.835 15.4165
102.772 14.8659
99.6288 14.8017
104.641 15.164
95.5001 15.2975
96.4181 15.8594
93.1992 15.6233
94.0738 15.7343
94.1941 15.6538
90.8858 14.9363
90.516 15.7563
98.7007 15.2271
96.5311 15.423
102.492 14.9687
100.584 15.9503
98.4424 15.5075
91.3967 15.6927
87.9924 16.0575
84.7466 15.7169
88.9907 15.1235
94.6269 15.0595
92.7979 15.25
92.373 14.9856
89.7387 16.1191
88.8544 15.9351
90.2246 15.2755
90.3198 15.0352
86.4418 14.9245
86.1646 15.5379
80.2862 15.785
86.9244 15.6178
97.0248 14.7803
95.6859 14.5207
96.1853 14.6982
97.5798 14.5151
98.6707 15.2159
101.865 15.9631
101.153 14.7917
95.3771 15.6981
100.93 16.094
104.015 15.1157
102.5 14.5857
102.78 16.1213
100.963 15.3697
90.1452 14.5924
94.5115 15.0201
94.0091 15.5832
85.9904 14.6546
88.7609 15.6249
90.8489 15.4863
88.3312 15.3751
90.2999 15.2658
81.0494 15.0837
84.8341 15.4751
86.253 15.1621
82.0882 15.9519
86.3635 16.1118
94.7434 15.005
93.8012 15.5298
104.482 15.1235
99.9793 15.5265
86.4309 14.9668
95.5685 15.7129
102.471 15.5034
99.9721 15.161
103.596 14.8392
105.193 14.5956
103.178 14.6658
104.62 14.5506
101.31 15.7795
106.03 15.0962
109.346 16.0325
110.684 16.1567
108.689 15.9531
105.867 15.6715
104.412 15.7791
105.172 14.4409
102.22 15.003
98.1022 14.732
95.0589 15.2543
93.3397 15.5079
90.0542 15.8221
94.3637 15.1923
93.6731 14.4686
92.3329 14.85
89.1794 15.2951
94.9526 15.7681
93.1652 15.0106
95.6521 16.0387
90.6842 15.8543
92.4559 15.3128
86.2846 14.8646
89.3763 15.2168
82.2757 14.994
82.2757 14.6692
83.5415 15.264
89.7598 15.8002
85.1753 15.2248
84.5896 15.141
93.6055 15.2343
97.5467 15.4081
88.1183 15.0361
94.5429 14.9354
91.9797 15.1056
98.7423 14.6657
98.068 15.4236
96.8989 15.5077
103.213 14.9241
100.343 14.822
95.6378 15.2341
97.2052 14.6242
97.3516 14.2652
98.5546 16.1753
95.9568 15.5608
93.996 15.3985
85.4069 15.9972
87.1964 15.4304
97.4169 15.5256
89.2015 15.326
95.9658 16.1578
95.4128 14.8091
94.1762 14.8467
96.0026 14.967
90.8856 15.9241
99.0012 15.3462
100.572 15.0718
91.1469 14.7602
94.5654 15.056
93.8426 15.5132
86.1236 16.0417
92.9686 15.391
98.0511 15.6722
97.1641 16.0715
83.8115 15.8179
86.6376 14.9207
84.1218 14.5543
78.4828 15.6714
84.2304 15.0196
78.2429 14.8235
96.6052 15.5398
96.1727 14.5205
94.4885 15.1327
88.4214 15.3571
91.3916 15.2978
94.6001 16.0737
91.0535 15.4372
93.7299 15.2483
86.7737 15.5087
85.9659 16.0547
89.068 15.3691
87.8229 15.4548
86.1566 14.8914
85.235 15.8454
93.2058 14.7684
97.7403 14.6064
89.8039 14.6498
91.6335 15.2458
87.2949 14.8345
79.7904 15.4343
83.4175 15.4115
84.9254 15.1011
80.9554 15.114
88.6432 15.1812
85.4213 15.1546
91.1864 15.2985
90.5539 15.1385
89.8622 15.1069
88.399 14.8518
87.8707 15.2224
83.6717 14.9453
87.4735 14.4153
89.8451 15.826
89.0846 16.1743
96.8606 16.1428
89.7168 15.6834
97.2095 14.7676
95.1407 15.2351
92.5243 14.8031
93.6046 15.0026
100.239 15.1396
114.914 15.0033
109.901 15.2
111.17 15.3151
113.071 15.5422
104.523 15.9159
102.547 15.818
101.47 15.8044
116.588 16.4407
117.342 15.1348
117.342 15.4042
117.342 15.5674
110.002 15.3501
112.851 14.4087
112.331 14.966
111.462 15.1135
107.513 15.1473
103.881 16.2963
99.9925 15.8431
95.736 14.8422
95.4725 15.8231
93.6776 15.3587
98.5026 15.785
96.8052 15.8485
97.3657 14.205
94.8855 14.8951
84.6152 15.8036
88.0162 15.1939
90.7287 14.6015
104.925 15.7425
104.113 14.6453
117.829 15.2464
118.303 14.4115
120.085 15.1493
119.664 14.4321
119.664 14.0568
120.047 14.7541
108.91 14.9133
109.739 15.2069
114.663 14.2479
110.363 15.953
110.363 14.7584
102.962 15.0857
100.558 15.4503
104.265 16.0771
106.91 14.642
105.271 15.879
106.989 15.3158
110.096 15.6002
110.605 15.2004
102.484 15.3842
104.507 14.5217
106.314 15.3379
107.137 14.3785
107.137 15.4102
108.606 14.7162
115.399 15.3599
112.006 15.8179
109.25 15.0393
111.485 14.719
112.208 15.2778
120.791 15.3139
120.791 15.0121
107.042 16.0062
107.822 15.6013
118.641 15.1487
121.551 14.449
121.071 15.5098
121.294 14.7275
123.98 14.6373
121.919 15.5021
109.349 15.9794
102.039 15.8058
100.636 15.504
97.8447 14.7969
94.9711 15.57
99.0453 15.1752
97.9716 14.7285
94.5253 14.8728
90.8199 14.7162
93.4524 14.3958
89.5367 14.5021
89.1774 14.6378
90.9773 14.39
91.0958 14.8935
92.0612 15.3609
94.6335 15.4988
94.894 15.7353
94.9558 15.4831
98.1995 15.4588
95.0889 14.3364
95.735 15.3276
93.0658 15.8423
93.5972 15.4026
93.5972 14.8771
89.4619 14.51
88.0863 15.4466
90.5947 15.0894
81.6761 15.1658
85.0944 14.9517
98.6571 15.9884
89.7811 15.2959
94.5165 14.785
90.3566 16.0588
93.5591 15.5552
94.2392 14.5634
94.0909 14.9909
93.7785 14.8519
96.9 14.1282
100.278 14.5815
93.6464 15.3144
90.2988 15.5791
94.0967 15.1719
91.4945 14.4448
88.898 14.3449
92.2861 15.8087
101.699 15.364
97.7429 14.7832
95.3334 15.3691
92.5842 15.2513
95.6869 14.513
97.9024 15.0385
95.9578 15.6268
92.2598 15.6496
95.4741 15.4553
96.9871 15.0868
102.656 14.9617
92.3377 15.5192
93.3973 14.9244
93.5457 16.4971
91.5381 15.2097
89.2568 15.8881
87.3202 15.8224
85.8697 15.6113
85.8288 15.619
85.2246 15.7609
94.551 15.0336
92.914 14.7652
90.187 15.26
92.506 15.3985
93.9785 14.9775
85.6043 15.2063
92.1434 15.9705
93.1321 15.4448
85.7937 15.1814
82.8524 15.152
85.8067 15.0986
89.2937 15.517
94.4158 14.7869
94.0351 14.9101
96.3315 15.3952
96.5324 15.4582
99.6212 15.0323
99.7338 15.5086
96.0011 15.5503
110.702 14.8621
106.645 14.6474
116.049 15.0583
117.265 14.6545
122.859 14.8514
118.058 15.0788
124.186 14.6222
120.188 14.8653
117.391 14.995
111.252 15.3789
106.248 15.7178
109.706 15.4149
103.892 14.7682
99.3063 14.8052
99.1807 15.6198
95.1389 15.228
95.6763 15.3211
95.9747 15.2498
95.2418 14.8607
97.2068 15.2292
96.5258 15.4053
96.4227 14.9982
96.2864 15.0062
96.4033 14.1212
103.998 14.824
97.3869 14.9353
104.276 14.8057
104.018 15.2163
99.398 16.2851
91.6983 14.9354
87.7625 15.2528
93.5887 16.2016
88.2559 15.306
93.0181 15.8036
91.1428 15.2255
99.1942 15.494
95.5485 14.7465
87.7403 16.1158
82.7074 14.9448
79.4613 15.5652
79.4613 14.8784
81.4692 14.4891
81.4692 15.0442
81.4692 15.52
81.4692 14.79
81.4692 14.1143
82.4787 14.1357
77.9244 14.5686
77.9244 15.7465
77.9244 15.5369
80.5935 15.226
77.5174 15.4713
86.0921 14.3886
88.456 14.4091
88.456 14.7961
86.5495 14.8712
97.5429 16.1081
106.225 15.8454
102.624 14.5279
98.5822 15.4589
97.9285 15.8801
95.4972 15.4103
98.5359 15.4082
90.7682 15.4129
87.816 15.5928
92.7877 15.6542
85.6617 14.8996
85.2743 15.7617
86.165 14.4533
86.8986 14.9903
85.5784 15.0264
84.8049 14.9372
90.7313 15.4855
94.0931 14.8292
95.4359 14.6088
93.0528 15.3069
97.2776 14.8663
97.4682 14.4548
94.9535 14.7047
100.696 14.2834
99.7436 15.3049
100.81 15.534
96.7787 15.5856
101.063 14.7171
98.9647 16.1443
101.742 15.7411
99.3917 15.0172
98.3146 14.9486
94.1137 15.39
98.2699 16.0883
97.4397 14.9179
94.5843 15.2363
93.5594 16.3411
90.9554 14.7044
97.1851 16.3939
95.4464 16.0151
98.811 14.8457
96.9826 15.5127
96.7138 15.7767
95.8208 15.5457
91.9424 14.9688
91.8319 15.1298
83.9184 14.8129
81.5213 15.6605
82.0505 16.1973
85.2711 15.6219
79.6401 14.7161
90.3343 16.034
88.4865 15.9677
88.6649 14.8887
86.8754 15.289
89.506 14.6316
88.1822 14.2226
82.5575 16.3178
86.1258 15.7651
88.1587 15.0561
83.3554 14.8702
88.9053 14.3866
86.0441 14.5313
85.0833 15.1794
79.9703 14.9903
89.8899 15.7029
91.9445 15.2014
88.4955 15.2911
96.2239 14.6684
95.7299 15.4166
101.494 15.2291
96.1071 14.7169
94.9107 14.9926
92.9737 15.4429
94.5483 15.3462
93.7622 14.8713
96.3308 15.0923
97.3096 15.2899
103.06 15.1837
103.734 16.0211
104.096 15.3824
99.0099 15.0055
93.3198 15.0757
93.3198 15.8666
94.5489 15.0274
94.5489 14.9343
91.4878 15.0703
94.2639 15.0044
95.0777 14.7007
90.5281 16.2119
95.6437 14.6315
97.9192 15.6033
97.6123 16.6658
99.1187 14.9081
104.961 14.9615
105.028 15.6666
114.708 14.919
119.143 15.3094
115.764 15.7313
109.547 14.6097
111.667 16.0128
105.072 15.3674
108.763 15.5898
113.916 15.631
105.982 16.1655
99.9657 15.5881
111.987 15.7035
107.107 15.4335
110.674 15.3781
105.341 14.6749
102.272 15.0002
94.6923 14.289
92.9071 15.3096
96.0748 15.6913
99.5658 15.338
90.4984 14.8002
98.8512 15.1601
94.7365 15.6807
90.2148 15.6338
92.2641 15.4491
90.8047 15.2375
92.3667 15.7161
93.8624 15.0211
103.2 15.2631
101.339 15.494
100.945 14.9638
100.26 15.6387
105.67 15.2534
104.819 14.6005
100.508 15.4958
99.5745 14.9272
108.746 15.2906
96.4204 16.0195
92.4721 15.697
91.8484 14.5932
85.4352 14.7592
88.0221 15.2966
84.268 14.5278
83.4135 15.3433
86.7386 15.6833
87.8558 15.1768
89.4068 15.1284
90.785 15.9128
90.785 15.2984
89.8881 15.8156
96.1332 14.929
101.521 15.0939
97.5727 14.7338
103.741 15.088
92.5876 15.069
95.9844 15.3771
92.8691 14.8641
90.5007 14.5707
93.2876 15.8085
93.2791 15.7096
86.8763 14.7327
87.5395 15.7292
90.8381 14.7124
90.6877 14.5452
94.887 15.9456
97.0493 15.5693
97.695 15.9116
100.662 15.5921
97.0962 15.2519
108.378 15.7876
117.329 14.6196
115.025 14.2226
114.469 14.8603
114.589 15.0591
110.924 15.9915
110.924 15.0382
106.729 14.3138
102.832 14.648
101.134 14.6342
97.7337 15.0532
91.4493 16.5129
91.4916 14.9131
90.7321 15.8235
91.9309 15.6001
102.698 14.4842
97.1838 15.3157
93.8792 15.1108
98.8741 15.344
89.3533 15.514
86.7625 16.0757
94.5221 14.5962
90.3345 15.0981
93.8606 15.2995
104.963 15.2687
98.9782 15.3424
101.704 15.1701
105.854 16.4795
100.929 15.4848
100.481 15.1863
102.254 16.107
97.2337 16.0136
95.0947 16.0406
101.991 15.54
98.7707 14.688
102.183 14.281
111.217 15.2644
109.321 14.6072
109.168 14.9088
115.575 15.3119
115.575 15.4519
109.048 15.0344
106.748 14.8957
106.749 15.0911
102.734 14.3296
98.3194 14.249
91.0694 15.151
95.0892 15.6728
91.6496 15.1482
90.8531 14.7308
93.5061 15.2407
93.1949 14.9814
88.8387 14.7062
91.6702 15.1938
90.6335 15.3143
82.1781 16.1942
85.7305 15.1169
80.9013 15.1051
82.328 14.6747
85.6299 15.3109
85.8805 14.9062
89.1946 14.8456
93.7534 15.8235
95.0934 16.1995
96.5805 16.0629
98.736 15.6248
96.9317 15.043
86.7677 14.8113
95.3612 15.5804
95.5946 15.1026
106.141 16.3112
110.01 15.6092
100.923 15.5
101.383 15.9051
97.1742 15.7461
90.0477 15.1277
89.3084 15.7509
91.5208 15.4989
92.7916 15.3654
95.0625 14.7262
91.1892 15.6921
84.9569 15.81
89.0368 14.6523
96.1213 14.7509
93.2602 15.5031
99.2154 15.738
101.153 15.7089
101.198 14.0798
102.97 14.5965
107.966 14.995
107.934 15.2299
107.32 15.3417
100.395 14.9213
103.213 15.785
97.6321 15.1499
94.9318 14.9743
95.7552 14.8107
91.9476 14.8819
91.3031 15.086
99.1764 15.0222
94.6564 14.9342
92.1674 15.187
91.9862 15.524
94.2126 15.5347
91.0582 15.4965
92.2461 15.5746
92.1848 15.6781
91.8099 14.6654
91.7327 15.1259
94.0919 14.9411
87.7619 15.046
83.5561 14.9243
85.3157 15.3346
90.0696 16.261
95.4872 14.7583
100.481 16.0225
98.3169 14.748
107.242 14.2926
100.171 15.2686
96.9728 14.6106
95.4493 15.0365
100.066 14.8939
100.406 14.771
102.12 13.9023
94.2182 13.9093
97.5912 14.8336
94.811 15.2645
97.9157 14.5436
102.022 15.7805
101.015 14.9199
98.3197 15.2432
105.855 14.827
104.992 14.8719
108.381 15.0388
102.712 14.1197
103.671 15.3186
101.62 15.6165
99.5223 16.3515
95.2792 15.1358
93.4324 15.3585
92.8691 15.3906
93.1149 15.3673
94.321 15.6186
101.303 14.0582
108.906 14.766
110.069 15.2745
110.069 15.665
107.114 15.6486
109.345 15.5497
105.419 15.3077
104.196 15.1631
104.774 14.6741
106.243 15.0371
105.216 15.1324
105.185 14.6117
110.765 14.5743
103.413 14.3208
100.365 16.0863
97.7899 15.0294
101.947 15.7638
100.986 15.2187
110.954 15.7007
103.129 15.0548
105.898 15.6551
110.76 15.043
105.636 15.5926
106.373 15.7682
105.354 15.3581
103.992 15.3115
116.803 14.8988
107.754 15.0529
109.36 15.232
109.36 14.5336
116.05 15.1707
115.952 14.6593
101.835 15.4031
108.536 15.415
107.339 14.9634
97.8723 15.1023
93.312 15.5237
92.5254 15.7954
97.4392 15.5754
96.8703 15.1264
104.629 16.1803
102.759 15.2842
100.301 16.1012
102.549 15.509
100.511 15.7614
100.205 15.159
111.858 14.7101
99.2763 15.0921
95.1867 15.304
98.8728 14.8529
100.972 15.0785
99.0096 15.2491
94.5096 14.9539
97.9504 15.7678
90.7237 15.3932
87.4387 15.5559
91.8319 15.2982
95.0634 14.0925
96.8784 15.0539
95.9793 14.9389
99.1316 14.3231
100.231 14.0279
102.973 15.058
104.029 14.5044
105.477 15.4249
109.849 16.2726
109.843 14.1364
117.487 15.1395
117.487 15.2408
116.338 14.9298
117.551 15.041
112.577 14.8291
114.503 15.824
104.512 15.293
107.062 15.6227
100.014 14.895
105.762 15.6394
109.765 13.8964
106.544 15.2288
100.089 14.7512
100.862 15.2188
104.723 15.8601
100.724 15.19
104.33 14.9744
92.0212 14.9023
96.4696 14.6242
92.1508 15.3616
100.348 15.39
106.136 15.3218
104.525 15.5167
108.801 15.1693
120.374 15.5053
120.042 15.5834
112.738 14.9308
106.204 15.839
100.65 15.6722
100.22 14.8938
95.6086 14.8827
99.8797 14.9977
98.7027 16.4495
96.2406 15.2384
98.6552 15.0229
105.955 15.4045
100.373 14.9293
106.385 14.6583
111.971 15.6139
103.133 15.5462
101.831 15.0254
96.9245 15.2501
96.1845 16.0095
96.1938 16.0228
96.0008 16.2591
93.844 15.2189
94.6213 14.9899
95.6934 15.0938
99.4764 15.379
97.5884 15.7905
105.566 15.5542
105.566 15.2234
105.566 15.0927
94.6376 15.0768
96.3017 15.1098
96.0356 14.6327
97.4881 15.9204
105.464 15.6846
104.357 14.7906
100.623 14.6599
85.5198 16.3944
96.0519 14.679
93.9465 16.0857
102.331 15.349
102.068 15.4224
104.095 14.8909
101.689 14.4378
100.144 14.9055
100.88 13.788
99.4774 14.8079
96.6521 14.8387
96.4653 15.2226
99.3472 15.4371
99.1486 15.1808
99.3557 14.8483
99.8758 15.0888
101.19 14.1597
100.017 14.1336
100.577 15.2625
100.751 15.5102
102.072 14.651
100.958 14.9338
104.65 15.6237
97.4645 15.8368
96.7877 15.672
89.6156 15.6507
91.1044 15.8731
90.7258 15.4346
91.684 15.059
87.1472 15.3411
88.3142 14.9981
87.2297 14.9321
89.0504 14.4617
88.1897 14.3828
88.2752 15.7366
89.7873 15.8458
94.6327 15.4627
94.584 15.2419
91.7549 15.1652
92.9353 14.655
93.1944 15.4875
96.8409 15.1988
93.4476 14.0705
93.4476 14.2091
95.9386 14.8617
93.1873 14.9576
95.1034 15.1445
100.196 15.3242
100.435 14.5591
106.852 14.8788
103.387 14.6848
95.6343 14.7112
91.2932 14.6245
90.5463 14.7267
85.6485 15.2268
87.6825 15.0974
86.7899 15.1985
85.6847 15.1619
81.6249 14.9221
85.5448 15.541
90.1278 15.8864
90.5475 15.7
87.6746 16.1297
94.5843 16.0374
100.141 15.4597
94.5906 15.6444
102.164 14.5741
100.916 15.4959
97.9351 13.5565
95.6109 15.5753
92.8395 15.9533
95.5019 14.5547
96.8138 15.3795
96.7648 15.032
99.2469 15.4425
96.4075 15.6812
95.8612 15.4787
93.9148 15.2959
93.2463 14.8951
94.5479 15.2465
101.914 15.2002
107.355 14.8374
103.724 14.9215
100.254 15.7414
97.3034 14.561
93.6013 15.4493
94.8825 14.9939
89.1802 14.3612
88.8566 15.032
85.4481 15.4675
89.0635 16.5286
90.8638 15.7736
95.6225 16.0975
93.405 15.7925
92.5509 15.2531
86.3066 15.1048
86.4441 14.7908
92.9801 14.7893
91.3004 15.6696
93.6131 15.6399
99.239 16.0477
95.682 15.5129
94.4156 15.7484
90.2031 15.2187
87.8078 14.4161
87.9438 16.0753
90.9222 14.8594
92.5147 15.2746
96.8763 15.6509
94.0044 14.5118
91.8681 15.2034
93.3262 16.3022
96.34 15.2005
98.0695 15.5491
104.128 15.6525
107.221 15.47
104.219 15.39
107.893 15.3144
98.1081 14.9285
101.239 15.4806
101.706 15.4974
102.026 15.5424
105.868 15.7417
108.191 15.5885
107.176 15.2191
105.008 15.465
101.414 15.7564
99.1904 15.4987
99.1113 15.1949
104.822 14.7627
98.4629 15.3699
94.1773 14.7632
94.6634 14.4848
96.2748 15.0557
95.4507 16.4197
100.742 16.0161
98.5181 16.1854
104.132 15.6349
97.3174 16.1823
96.22 16.199
99.5409 15.8288
99.619 15.344
97.0273 15.4421
99.3776 14.4905
95.106 14.5627
97.3134 15.3485
108.614 15.2108
100.844 14.8885
101.658 15.1269
103.241 14.8532
99.465 15.9625
102.448 15.741
104.312 16.103
98.1634 15.6796
98.6663 15.1005
92.1679 15.1304
94.2215 15.6346
92.0553 15.668
87.5855 15.16
89.6633 14.631
99.719 14.5956
102.386 15.4991
97.6885 15.8162
104.798 15.5434
106.664 14.6873
100.806 14.7816
86.0488 14.7976
87.5621 16.1225
88.3412 15.4789
86.9317 15.7496
82.8338 15.4463
90.5558 15.4741
83.1875 15.7518
81.9086 15.6548
81.6634 15.9385
90.9337 14.683
89.3063 14.7672
93.9917 15.7946
88.3371 15.7487
95.4995 14.8581
98.2297 15.5202
95.0423 14.9286
89.8292 15.0842
93.018 14.4337
90.1703 15.2445
87.2248 15.6737
86.0359 15.3569
91.3323 15.7625
98.5797 15.0439
94.4244 15.1487
93.9663 15.3319
94.3938 14.7555
101.636 14.8919
93.5309 15.1782
96.5166 15.2155
99.5756 15.0314
99.6173 15.621
101.539 15.3736
95.127 15.2357
109.204 15.232
102.606 15.6807
100.802 15.3594
101.647 15.6765
102.488 15.098
101.041 15.4878
104.509 15.9553
104.227 15.5208
111.037 15.608
103.143 15.4039
102.047 15.5648
99.0822 15.3237
110.294 15.339
118.403 15.228
106.944 15.537
102.087 14.7825
104.479 15.8264
97.787 15.7417
97.3008 15.0665
97.9969 14.762
100.534 15.2721
101.634 15.0723
99.3931 14.7405
100.706 15.3244
96.088 14.8479
92.1584 14.5632
94.0425 14.9782
97.851 15.1018
98.7523 15.1794
94.2573 15.2984
96.166 15.0927
96.4958 14.711
97.7295 15.0653
98.3281 15.6151
100.904 15.3933
99.698 15.1541
100.133 15.8382
103.225 14.4916
96.3838 15.5771
97.8601 15.6692
94.1373 16.0248
89.2938 15.0474
85.5016 15.0279
84.4781 15.2294
80.3604 15.1539
79.5264 15.6881
79.5264 14.9421
80.1832 14.8675
80.9745 15.1964
87.2518 15.907
87.3001 16.4613
83.6026 15.2199
75.2717 14.4896
77.5291 14.5169
83.299 15.0688
84.0577 16.007
83.9736 15.898
91.8012 15.6741
91.9518 15.3805
97.0047 15.7851
92.0248 15.6369
97.7536 15.434
95.2425 15.5379
101.233 15.4877
101.974 15.1094
97.9384 15.1383
95.5498 15.5566
96.2771 14.6931
103.473 14.7388
102.554 14.6216
102.2 14.6116
104.916 15.9799
94.5586 15.8091
98.1936 14.6656
100.466 14.9741
107.674 15.5394
102.364 15.6271
107.296 15.8944
105.396 15.2908
101.802 14.8072
98.6204 15.5759
97.9427 16.4792
95.8179 14.7983
94.105 15.2182
88.7148 15.1002
87.394 15.3551
83.6029 16.4085
90.143 15.8027
90.8235 14.668
92.304 16.6552
92.3495 15.4777
92.0199 16.0211
91.0456 15.356
99.1253 15.726
97.6532 14.7418
97.8268 15.2197
101.582 15.8209
97.983 15.9556
98.9282 15.7461
97.6551 14.7689
91.4715 15.2646
97.5921 14.1205
102.319 16.1869
102.319 15.9682
93.242 16.1827
90.2487 15.3331
91.352 14.9898
95.3622 15.6681
92.3389 14.5648
96.7418 15.5713
106.804 14.6549
95.7177 15.3898
99.0735 14.8273
94.9584 14.7794
95.5076 15.0532
96.5448 14.6795
94.6566 15.442
95.8323 15.7291
102.084 15.4532
100.329 15.5452
98.0893 15.5044
104.023 14.9877
106.731 16.1926
103.824 13.6248
96.3991 15.6941
102.234 14.938
101.327 15.6771
99.7646 15.6406
99.5391 15.464
99.4481 15.7508
100.062 15.8264
101.542 15.6361
107.177 14.9812
105.757 15.3732
111.034 15.0867
111.06 14.3133
106.019 15.1672
105.301 14.6003
98.6771 14.6719
98.7959 15.2184
94.0568 16.1077
99.7263 16.263
97.3191 16.103
96.3911 15.4964
98.1734 14.8974
93.2283 15.7215
95.2657 15.4751
88.6175 16.432
95.1461 16.4141
96.3916 16.0656
97.5394 15.5045
98.3667 15.6638
102.018 15.2472
96.4742 15.3874
92.4676 16.0084
90.3419 15.698
85.3996 15.3566
86.2456 15.2019
89.0624 14.8289
91.2294 15.4576
86.2006 15.124
85.1435 15.7394
88.2454 14.8239
92.9109 14.8311
95.0202 15.141
93.6518 14.7013
94.8442 14.3392
94.0802 15.2748
94.0802 15.5292
97.1002 15.1303
96.8077 15.3028
93.9375 15.1308
96.1746 16.3595
92.7153 14.7413
88.5338 16.024
87.7992 14.8431
86.4139 15.1392
85.668 15.3671
86.8274 15.315
92.3528 14.586
94.5919 14.656
96.4948 14.6521
102.514 15.207
96.3117 16.046
98.5312 15.1223
96.5641 15.2908
97.8683 15.7113
96.8543 15.3965
92.7565 15.4891
92.3307 15.5716
92.4175 14.6429
90.93 15.542
90.6624 15.6197
91.2122 15.6156
90.1617 15.4233
87.8551 16.1144
89.5605 15.3967
88.495 15.9354
90.8014 15.0088
89.4185 14.8547
91.5247 14.4747
89.7714 14.4879
91.1562 14.1988
94.6314 14.2542
94.383 15.2152
95.25 14.9949
92.775 15.2048
95.1742 15.8667
94.4037 15.3008
94.3795 15.0162
100.135 14.5207
100.672 14.9467
106.47 15.8052
106.47 15.3492
102.245 15.0291
103.918 14.03
105.763 14.7308
100.918 14.9463
105.321 14.6781
99.751 15.8198
110.421 15.659
111.329 15.1881
100.61 15.6277
89.9248 15.5101
97.194 14.8236
94.4205 15.0587
92.0281 14.8387
90.7747 15.1229
93.6233 15.2186
97.0558 14.8629
96.952 15.8095
99.6356 14.7846
97.6442 15.6092
92.0338 14.8893
91.9066 16.1339
94.8354 15.258
93.1648 16.1991
91.7317 14.4717
93.0354 14.2951
89.537 14.728
86.0188 15.1267
90.6291 15.9929
90.4261 15.0941
90.2601 15.1607
91.0742 14.8886
91.7312 15.9543
91.6316 16.2624
95.9932 16.116
98.5488 16.1328
96.5948 15.3607
102.824 15.4619
96.9866 15.6677
100.473 16.1062
106.108 15.2429
101.871 14.7755
101.068 14.4361
96.0246 14.5253
100.659 14.5518
95.3331 14.8526
95.5462 15.554
102.78 14.3707
102.198 15.6513
96.487 15.4029
103.044 15.3668
102.362 14.8215
101.844 15.0615
97.8697 15.4178
97.2481 14.3597
97.8859 15.1433
92.0057 16.316
92.2351 15.1782
95.0099 14.8302
89.8111 15.7529
82.5714 14.3818
85.8129 15.4605
90.4041 14.967
90.9978 16.1265
79.0176 14.9315
81.2698 15.4327
91.774 15.347
89.8692 15.4038
87.7421 15.9981
89.5703 14.7119
89.6122 14.7233
87.6174 14.7838
90.1977 15.0273
86.4949 15.394
92.2998 14.4715
83.1892 16.1431
98.5837 15.2363
98.5949 15.7206
100.634 14.5636
95.028 16.1411
84.4253 15.5985
86.1015 15.3919
88.3132 14.9874
92.4817 15.011
92.0336 14.2348
85.2825 15.427
87.9284 15.367
88.7344 15.5581
90.4854 15.1017
100.491 14.7297
98.6013 14.9645
92.2438 15.3023
91.1434 14.9719
96.7811 15.6181
101.013 14.8009
114.285 15.0958
114.497 15.3213
118.808 15.3009
121.046 15.5658
122.281 14.7391
121.376 14.9391
114.454 15.4802
108.232 16.1787
108.736 16.0906
101.086 15.7483
101.086 15.2058
97.9989 16.0848
96.4303 14.8532
94.7192 14.6342
91.9364 14.8405
94.4224 15.7332
102.43 16.1902
103.306 14.9656
99.6642 14.663
99.572 15.5398
100.647 15.5819
98.7016 15.1968
100.673 15.9371
104.542 15.4721
103.431 15.8965
91.4702 16.2126
99.4147 15.2529
98.498 15.2437
102.097 15.2835
102.097 14.9386
112.682 15.2642
104.547 14.8121
105.687 15.029
104.515 14.8474
100.857 15.2204
107.929 15.3258
107.61 15.1003
105.388 14.7894
110.111 14.7599
104.392 15.7403
103.537 15.7059
107.059 15.1094
114.986 15.1958
114.986 14.8696
111.495 14.9673
108.828 14.9255
102.188 15.0297
103.992 15.0112
101.946 14.9085
101.9 14.2939
99.0119 14.9286
98.87 14.7599
100.093 15.1053
106.556 14.9384
98.4065 15.9716
101.862 14.956
102.215 15.3102
101.131 15.1218
98.5367 15.764
99.1588 15.1915
93.8376 14.1167
94.8022 15.0797
104.062 14.6751
95.9209 14.6092
92.7409 15.0803
92.3674 14.5929
95.9896 14.6345
91.2244 15.0048
93.8712 15.2784
90.1178 15.4811
94.0388 14.9927
92.9689 14.971
92.0209 15.5755
91.787 14.7362
91.8614 14.9271
91.2381 15.4469
97.8487 14.819
94.9885 15.5784
97.7302 14.5923
96.7086 14.304
94.5448 15.6866
93.5733 15.0797
92.7525 14.9113
95.7392 14.9173
89.6643 15.6182
91.6921 15.8818
89.977 15.4372
93.3059 15.5352
96.0499 15.2323
97.0973 15.0201
99.633 13.9267
100.388 14.7656
97.9193 14.7618
106.006 14.7722
99.8142 14.8067
95.2905 15.4968
94.2992 14.7599
98.8187 15.0372
95.1176 15.2279
97.4799 14.5779
93.1418 15.0585
99.4134 15.3195
97.78 15.1548
94.7572 15.4875
92.0836 15.5795
91.5639 15.1015
94.783 15.6786
99.3756 15.6857
100.061 15.201
96.3849 14.48
94.2335 15.6907
97.3774 14.7408
101.606 14.9003
101.606 15.2991
98.7713 15.1777
96.4023 15.9254
98.4495 16.0849
103.256 15.3298
102.884 15.1612
105.15 14.9969
105.277 14.4661
106.205 14.4153
107.459 14.1715
110.815 14.3035
109.918 14.7018
99.6459 15.0205
97.2059 15.7994
94.213 14.8509
94.5809 14.1165
94.3965 15.1362
89.0097 15.2079
90.1947 15.1439
95.0525 15.2596
104.818 14.4835
97.0902 14.768
102.74 14.8991
101.526 15.8397
96.6791 15.3049
108.295 14.2541
102.275 15.5254
100.981 15.7232
101.406 15.0293
98.1535 14.3932
96.6356 15.9574
95.2466 15.3117
110.469 15.2546
106.643 15.6024
107.36 15.2646
104.383 14.4683
96.8242 14.6512
97.886 15.87
96.6837 15.9673
93.8368 15.7294
90.6774 15.3414
97.9223 15.1106
102.175 15.6978
101.508 14.4083
101.465 15.1749
100.183 15.7053
97.5374 15.4635
100.141 15.4605
92.271 15.8036
92.2639 15.7928
89.8502 16.2671
101.053 15.2939
102.555 15.4362
101.884 15.1493
98.1733 14.9281
103.785 15.5069
100.221 15.2256
95.8154 15.4469
92.217 15.5767
93.9939 15.8254
91.4057 15.4735
92.194 16.0019
95.5196 16.182
96.2863 15.1332
91.8933 15.4279
92.5364 15.1614
91.324 15.2248
91.1383 15.3672
86.2801 15.3791
87.8157 15.0347
82.4136 16.2162
90.7158 15.4926
84.891 15.0804
84.1681 14.8079
84.1681 15.1604
88.4844 15.4344
85.8892 15.6592
85.689 16.4318
96.7302 14.9463
91.0388 15.173
91.3432 15.1947
89.428 14.4484
92.104 15.4472
95.2068 15.2612
91.1159 15.0853
92.8968 15.4492
91.7653 14.9127
90.9073 15.7009
88.7874 14.406
84.0295 15.1809
86.1835 14.491
92.866 15.634
94.0184 15.5746
91.7781 15.2354
95.8902 14.9236
99.8898 14.4705
98.0712 14.4855
95.7451 15.091
93.8243 15.3754
98.0476 15.0811
94.1635 15.4112
98.6097 15.9052
107.324 15.91
107.656 15.4157
108.516 15.6035
107.111 14.6464
113.907 15.8449
109.827 15.3863
105.124 15.4179
99.6726 14.8743
90.785 15.7753
87.133 15.8622
88.6943 16.7896
88.6859 16.198
91.4449 14.2231
90.5997 15.6731
88.1571 15.8354
97.3374 15.5513
93.8752 14.9638
95.7123 14.7981
96.3966 15.0778
94.5235 15.708
100.998 15.2159
99.6352 15.2252
106.13 14.7609
106.295 14.7241
107.923 14.6137
110.648 14.7998
106.687 14.6174
100.828 15.0908
105.845 14.3619
103.922 14.4197
102.658 14.5641
100.203 15.5483
97.2547 15.4699
95.3424 14.8315
96.4447 14.3962
96.4818 15.2866
95.4987 15.3199
94.5579 16.0244
97.3133 15.5039
92.2498 14.5138
91.9125 15.0917
94.9061 14.9663
92.5562 14.9614
90.2839 15.7849
84.496 15.1597
84.0088 15.6496
92.7399 15.0686
85.0563 15.5212
82.4161 15.5662
80.9311 15.7025
80.4945 15.0657
89.8606 14.9373
85.895 15.0956
92.7706 15.0303
95.6802 15.2509
94.8721 15.2465
97.3708 15.8824
91.1143 15.7429
95.3611 15.3788
104.417 15.0547
103.795 15.2838
100.864 15.1365
97.4066 15.3147
101.29 15.8928
102.175 15.1545
98.1904 15.391
98.2359 15.067
91.8611 15.4443
96.6986 15.0091
105.594 14.7583
92.3421 15.3978
94.126 15.9399
104.48 15.6219
100.341 14.6453
101.709 15.9017
104.558 15.3558
99.682 15.9164
97.7496 15.9042
94.4151 16.089
98.2397 15.8032
95.7349 15.6732
93.2832 15.6858
99.0526 15.2953
93.4431 15.365
98.1439 15.2457
101.329 14.8051
100.65 16.3943
96.0837 15.5316
95.2887 15.081
90.8954 15.2163
97.2063 14.7332
96.9827 15.3972
100.128 14.6114
94.1057 15.1067
102.021 15.5442
103.384 15.7623
111.434 15.3434
107.52 15.0004
98.6285 16.1368
96.9878 15.4434
91.1082 14.6419
91.1687 14.8843
95.5779 15.3004
106.288 15.4507
103.065 15.4507
107.659 15.8467
104.715 15.5238
106.98 15.1922
102.554 15.016
98.4486 15.4124
98.1733 15.53
94.6302 14.5444
90.8145 14.716
91.635 14.4715
92.9974 14.7719
97.7572 14.8423
97.5709 14.9568
94.0882 14.7289
91.053 15.6911
90.9788 15.4136
92.4537 16.0817
93.4686 15.7446
97.3619 14.6828
92.1357 14.726
88.9811 15.8527
89.8155 15.8703
91.7987 15.7614
91.5195 15.2147
97.2332 15.2494
96.0624 14.8187
98.5379 14.7533
96.1438 15.1463
103.737 14.444
100.989 14.4339
97.198 15.1968
100.758 15.3837
108.195 15.3276
108.355 15.0907
107.792 15.2594
108.979 16.0592
104.881 15.7351
101.55 15.6111
106.138 15.2175
103.372 15.1836
101.741 15.1023
101.038 15.6368
103.425 14.9185
103.552 14.5916
106.109 14.1206
104.65 15.4754
107.687 15.6425
103.175 15.4052
116.061 16.5481
116.372 15.8295
116.495 15.8413
111.955 14.2013
104.015 14.8174
100.694 16.0697
96.6602 15.3708
102.506 16.0948
111.653 15.4098
97.6678 15.1782
98.8915 15.4839
101.809 16.2553
105.063 15.6054
103.421 14.911
110.583 14.8802
108.433 16.3637
106.828 15.1158
105.447 15.2253
108.447 15.1956
108.485 15.481
108.59 15.454
107.114 14.9231
102.712 15.1011
104.966 15.0459
119.484 14.7841
127.472 15.0268
125.829 15.3789
102.996 14.437
103.784 16.0599
104.606 14.8893
104.574 14.9481
105.919 15.0797
104.392 14.9423
100.385 15.8435
100.654 15.386
100.307 15.1439
103.087 15.0694
103.073 15.5948
106.04 15.3409
117.773 15.8446
114.008 15.2406
108.668 15.0026
107.034 15.3908
100.443 15.4146
112.03 15.4225
103.527 16.3094
99.3257 15.304
108.83 15.3128
108.504 14.7317
108.025 14.3431
105.807 14.3299
109.757 15.4841
99.6614 15.1733
99.3134 15.6107
105.975 14.1448
91.9662 15.4208
92.8425 16.5462
86.3535 15.8507
86.3535 15.3294
87.8867 15.1091
93.2906 15.1343
89.544 14.568
97.4258 14.8722
103.949 14.5647
100.959 14.6247
104.109 15.788
97.0196 15.3098
96.8036 15.7901
97.3225 15.7505
99.9042 15.4869
100.785 15.4385
104.596 15.2334
104.299 15.3343
103.6 15.1855
96.4889 15.5332
99.3248 15.4186
96.6776 15.6562
101.339 15.38
99.2049 15.371
101.208 14.9301
95.3771 15.0696
96.1711 14.1897
93.4629 14.6838
95.9618 15.5034
95.5611 15.2639
95.1207 15.6497
99.617 16.0061
99.7328 15.0092
104.432 15.9382
95.9316 15.0914
95.2219 16.0554
95.4069 15.2484
98.6526 15.4922
98.0262 15.5363
100.691 15.961
98.4043 14.8195
87.8127 15.4212
89.7078 16.2989
89.7409 15.9279
94.7341 14.414
94.2509 15.2022
101.833 15.4255
99.0469 15.6649
96.0748 16.4318
92.8402 15.7244
96.1419 15.026
89.7139 15.0138
88.9516 15.1062
92.2226 14.9408
90.1672 14.8856
87.5964 14.6529
89.7071 14.8584
89.7271 14.5145
94.4505 15.204
94.8366 15.5805
97.3341 15.2217
104.549 14.9493
101.986 14.9567
98.4214 14.9592
96.8371 15.2755
100.865 15.1941
97.1284 16.424
97.7799 15.878
94.6998 15.2608
106.191 15.7352
101.459 15.3829
97.7483 15.3752
96.2803 15.3795
94.8331 15.4984
92.6095 15.5239
99.4775 15.5424
99.5855 15.2124
98.7331 15.4771
99.3587 14.9907
96.2873 14.9235
104.787 15.1058
104.299 15.8616
104.886 14.9252
96.7941 14.6759
102.437 15.7239
102.202 14.7819
102.472 15.6619
99.3734 15.7716
103.779 15.6221
104.549 14.1962
96.1062 15.326
100.774 15.4557
106.487 14.8289
103.871 14.7935
108.545 14.8765
98.3815 14.8709
107.919 16.001
105.951 14.9527
105.275 15.1254
104.482 14.799
102.294 15.3249
100.524 15.24
94.9845 15.6159
95.4147 15.7679
92.6795 15.0254
94.4302 15.535
102.201 14.6679
100.374 15.2844
93.8154 15.6004
87.897 15.5178
86.9674 15.7858
92.3013 15.6795
93.5457 15.7628
92.7965 16.2164
93.0712 15.689
92.1303 15.9986
89.0656 15.384
94.744 14.8003
87.5992 15.1268
85.0482 14.4501
86.0338 15.1823
89.579 14.6334
91.1019 14.7142
86.9062 14.7025
88.1075 15.1401
94.6345 14.6674
95.915 15.3341
93.5124 15.8766
93.6391 15.9336
99.1662 15.3023
97.1627 16.0397
97.1627 15.4709
91.7036 16.0968
88.6801 15.1564
83.8619 14.241
83.8619 14.2038
89.1423 14.9383
91.1055 15.5691
86.919 15.5574
92.8402 14.8648
85.5766 15.9473
87.3654 14.9626
92.363 14.9477
94.9095 15.0881
96.6728 15.8045
96.5261 15.697
97.1354 14.1672
98.5285 15.7838
99.1264 14.8563
96.979 14.3826
96.5755 14.5321
99.4306 15.0813
102.595 14.8888
102.106 14.4696
99.7186 15.5568
100.15 15.8044
100.363 15.7849
94.1555 14.9419
94.6298 15.0954
93.2827 15.2811
92.55 14.7639
91.0668 14.5932
90.2493 14.8157
91.2089 15.4334
85.645 14.4872
85.645 15.9036
82.0066 15.2486
85.6377 13.6558
85.2007 16.1851
86.4506 16.1205
97.5367 16.6682
95.0356 15.363
98.0744 14.9866
92.7186 14.7154
93.1715 14.821
104.354 15.6626
103.837 14.9229
100.982 15.7256
96.6802 14.7522
94.9558 15.1576
97.694 14.2199
101.936 14.2248
101.74 14.1973
105.582 14.9909
106.032 15.5673
106.17 15.2633
104.442 15.1648
100.077 14.9949
95.9062 15.5923
98.0867 15.1985
96.3114 14.9244
99.6094 15.7787
95.857 15.6211
98.4365 15.6471
89.1647 15.933
91.7744 16.3813
94.0373 14.6317
94.8388 15.405
97.0807 15.2473
96.121 15.281
97.5085 15.2003
92.829 15.3384
96.1563 15.346
100.574 15.7153
105.872 15.4959
101.52 15.1813
103.284 15.3193
105.793 14.8389
105.587 14.443
108.637 14.8216
99.7517 16.1947
99.6853 15.5416
98.9474 15.9202
87.9971 16.1858
89.9471 15.0421
88.6564 14.9783
88.1176 15.234
88.752 15.3921
84.7957 15.8066
84.356 15.4776
90.6435 15.6001
97.2426 15.4083
95.6251 15.4954
95.6828 15.9043
88.1611 15.0648
89.7092 15.6283
84.3436 15.6832
83.966 15.9887
86.4945 15.4286
85.0419 15.6609
79.0154 15.773
80.6268 15.8249
84.5564 15.7541
88.1262 15.2863
83.3964 15.5555
93.0888 15.0706
93.7136 15.5408
91.9669 15.7451
91.1938 15.858
87.9022 14.4919
92.5579 14.5766
99.7962 15.1912
100.681 15.5112
104.237 15.48
94.3753 14.7464
94.7093 15.516
92.2844 14.4784
91.76 15.1258
95.592 15.0646
95.4267 15.167
96.106 15.594
98.4277 14.9107
98.949 14.8277
97.5162 14.9097
94.2053 14.9947
94.7714 15.206
94.2122 15.6388
89.8682 15.1097
96.776 15.4766
93.3856 14.9268
89.7826 14.8047
88.4465 14.8992
92.8023 16.3486
94.9901 15.8098
100.073 15.3393
92.531 15.4064
90.0146 15.4282
89.0477 15.6946
86.3965 15.2485
90.6678 15.0715
91.7837 14.9052
96.1029 15.5451
94.8132 15.0026
95.2989 14.8485
90.33 14.9399
94.3288 14.7135
81.2367 14.8514
82.4129 15.3027
85.2117 15.7724
88.5995 15.081
82.5509 15.8704
83.5912 15.5402
89.9872 15.3867
90.2938 15.6017
88.4164 14.6567
86.9991 15.7994
86.5661 14.8118
96.5263 15.6213
96.8345 14.4597
96.9629 15.3951
93.4451 15.1821
106.3 14.8785
107.839 15.431
110.783 16.2809
109.086 15.7758
115.918 14.9652
113.361 15.4499
113.361 15.1116
110.031 14.526
108.685 15.5862
101.852 14.9549
102.571 14.6138
104.209 14.8708
102.896 14.9285
106.373 15.7859
106.373 15.3335
109.524 15.2745
110.838 15.0656
104.556 16.3017
98.86 14.9389
97.1482 15.5613
96.5599 15.668
100.15 15.7173
95.7407 15.1996
106.222 15.3625
97.9781 14.7091
96.2338 15.1682
103.588 16.199
99.4219 14.0504
108.064 15.412
100.607 15.5738
100.607 15.896
92.1601 15.2169
88.1749 15.4391
81.9393 14.8936
81.1115 16.0147
85.4591 15.2227
84.56 15.1784
83.0944 14.6755
81.3915 14.8646
83.8883 15.2102
84.2483 14.562
85.8493 15.1893
84.3861 15.1284
87.4551 15.356
87.9957 15.9266
85.9655 16.3501
86.0375 15.2571
91.8468 14.6695
84.3249 14.086
84.6681 14.8462
86.931 14.9608
94.318 14.9346
92.2247 14.6319
92.2469 15.2735
91.9572 15.3887
95.2491 15.127
104.771 14.9149
82.9249 15.9285
92.2397 15.8261
87.6786 15.129
85.136 14.9234
82.066 16.1066
81.8794 14.7249
79.9453 14.7421
81.5758 15.5925
81.5758 15.7603
80.5985 15.6542
83.7448 15.771
86.9533 15.0013
91.1101 15.0896
94.003 14.5733
88.2581 15.578
87.6405 14.802
93.8752 14.6824
97.1989 15.522
95.2248 15.9061
86.0208 15.8732
88.1326 14.8551
88.7031 15.079
92.9259 15.6899
97.3146 15.9271
98.4071 15.0547
97.6752 13.8613
96.4503 15.1442
94.1838 14.3736
93.5151 15.5404
90.7576 15.3802
95.1152 15.4466
89.679 14.4467
93.9958 15.5352
93.9958 15.5664
92.2535 14.7168
91.7882 15.0849
95.256 15.8589
97.1736 15.4282
96.3218 15.4939
95.0637 15.3237
100.017 15.7625
97.8822 15.1912
94.3768 14.781
96.7718 15.4974
99.6334 15.3734
101.375 15.7113
92.0047 15.4137
89.3377 15.1748
87.111 15.4954
90.3286 15.3641
85.9887 14.9926
85.7977 15.0795
89.9572 15.9751
88.195 14.7579
88.0974 15.8387
91.3092 15.4578
94.6461 15.9616
93.6523 14.0543
83.9916 15.4499
88.3578 15.9791
84.8822 15.441
82.1833 16.8954
95.231 15.269
88.9037 15.7542
95.4464 15.4255
95.6857 14.7437
95.5951 15.6943
106.981 15.4929
104.41 16.4365
116.442 16.0265
103.431 15.562
98.6729 15.4757
104.559 15.9298
103.93 14.8137
102.102 14.8807
93.5494 14.1714
99.4003 15.5243
99.6334 15.8636
95.8864 15.9092
105.631 15.0263
105.956 15.3179
108.848 14.8452
116.529 14.9257
114.221 15.2578
110.413 15.74
119.539 15.0537
101.489 14.7251
93.0858 14.687
99.3299 15.2399
97.801 16.0901
88.9748 15.4036
91.6484 15.1662
93.1675 15.7853
91.0408 15.2468
90.7362 15.3142
92.7674 14.7089
89.4559 15.1847
85.6078 15.6704
87.5014 15.1765
85.2955 16.0907
87.9091 15.9053
85.3289 14.5444
91.7735 14.6501
94.4985 14.8232
89.5001 15.5134
88.9167 15.3321
89.3323 14.3942
94.581 15.1453
94.714 15.5511
94.0532 14.219
83.3839 15.6926
89.0704 14.2893
90.2963 15.0935
88.3615 15.2158
84.189 14.6782
86.4852 13.9049
85.6865 15.8373
85.3702 15.2733
84.9619 14.9654
84.9619 15.0676
83.6884 16.0286
84.8698 15.7012
89.3703 15.0056
85.2117 15.2888
87.3466 15.7021
80.763 15.5192
84.1755 15.5082
81.1397 15.0299
81.1397 15.2169
80.8143 15.2741
82.0747 15.2528
89.673 16.2126
86.5422 15.6722
86.4792 15.442
85.5476 15.7603
89.2853 15.1315
91.2607 14.6903
85.6723 15.381
85.6193 15.8984
87.3793 15.6392
91.861 14.892
88.2538 14.8536
95.9568 15.2916
88.4153 15.1001
89.343 15.7985
98.3761 14.5386
94.5139 14.8883
94.4196 15.2026
93.6057 16.6261
87.6829 15.7756
88.9925 16.0229
88.1451 15.5783
81.1891 15.9987
79.3397 15.5775
83.4844 14.9376
86.5732 15.0679
86.4121 14.5709
86.5616 14.4282
98.6542 14.7254
89.3407 15.0744
86.2426 15.7041
92.0865 14.8909
93.9579 14.8909
93.7354 14.926
95.2143 14.97
90.0984 15.713
93.5016 16.0369
90.3614 16.2704
92.8426 14.7263
101.83 14.7902
90.3272 14.9822
95.8832 14.9633
96.829 15.0354
97.7452 14.7634
94.5257 15.5329
101.352 16.0887
108.479 15.2585
109.105 14.4961
107.682 15.2512
101.21 15.2582
111.615 14.9604
115.671 13.8531
110.827 14.3355
111.683 14.4888
111.374 15.4356
107.851 16.1229
115.936 15.2027
116.313 15.2966
117.175 15.3597
121.525 15.8962
130.087 15.0088
133.745 14.4483
132.656 15.298
132.107 15.8947
132.107 15.7523
126.913 15.33
117.078 14.9449
110.44 15.3505
114.656 14.6115
110.974 15.5334
110.442 15.4398
116.465 15.2782
101.988 16.0802
99.5012 14.8599
102.369 15.8061
95.8705 14.5114
95.8618 14.9928
95.0867 14.9675
91.5731 15.1268
89.848 16.5075
88.8916 15.9709
91.5226 15.3337
98.001 15.4091
104.54 15.4102
108.797 15.4087
122.059 14.9301
129.149 14.2408
126.817 14.836
126.817 14.4411
127.565 15.4707
125.759 14.8263
125.759 14.9522
114.168 14.8869
117.398 14.945
103.529 15.1114
107.238 15.1006
103.596 15.1998
97.9018 15.7563
91.7669 15.1814
95.9053 14.0876
98.4694 14.5506
100.844 15.2313
95.8436 14.6321
95.8492 14.4334
98.2454 14.8719
100.433 16.2595
99.6379 15.132
98.0009 14.6058
95.6186 15.1594
92.4687 15.3194
103.336 14.9961
105.2 15.0065
99.8704 15.1774
100.116 15.4631
104.265 15.5292
108.765 15.3883
100.744 15.4616
91.4819 15.3098
95.1635 15.2544
93.5866 15.348
87.8947 15.6324
91.304 15.6228
94.6251 15.6644
96.4334 15.5046
95.6161 14.2206
95.4589 15.2912
95.4589 14.9787
92.5497 14.7172
97.1306 14.672
98.7569 14.8559
104.39 15.0342
104.011 15.3415
106.566 15.2504
107.151 15.0472
106.831 15.5652
104.084 15.4147
101.066 15.8523
109.39 15.9815
101.084 14.4867
101.736 15.2326
98.114 16.0014
106.998 15.9193
107.614 15.6924
107.843 15.5279
109.402 15.8424
112.68 14.096
114.068 14.7094
116.649 14.9887
113.424 15.112
116.887 15.4767
116.029 15.6249
119.282 15.3344
121.576 15.0299
111.16 14.8226
117.465 15.6017
112.092 14.873
110.057 16.8212
111.335 15.6018
111.335 15.9177
110.142 15.3909
111.655 15.9937
111.655 15.0743
114.024 15.1264
106.193 15.6651
106.239 15.1215
96.7984 15.1912
102.985 15.2489
91.5483 15.3177
92.0557 15.7944
114.014 15.0581
109.224 14.8535
109.224 15.1914
110.909 15.3739
111.382 15.096
111.564 14.9196
101.821 15.6582
95.2148 16.0012
93.2769 14.9049
90.9249 15.4328
93.2149 14.4912
103.221 14.8873
101.78 14.9176
101.045 15.9136
104.476 15.5954
107.097 15.0341
98.8712 15.2824
92.9794 15.7512
92.7402 15.828
98.6691 15.8477
102.007 15.3375
103.541 16.0993
108.441 16.1358
105.466 16.0109
98.9252 15.5383
96.0226 15.3079
96.1618 14.1413
100.598 15.0159
96.9359 15.7602
97.9701 15.5939
102.588 15.7127
109.676 15.8356
103.295 15.7752
104.977 15.2486
111.123 15.3218
101.609 15.5511
107.617 15.3224
103.758 14.3298
104.855 14.8566
97.1719 14.2865
103.596 14.3306
95.3148 14.7647
95.6698 14.5887
91.8691 14.2296
97.5126 14.8667
96.5331 16.0248
93.2609 15.3534
93.0205 15.2569
90.7303 15.3379
92.3826 14.7444
96.2914 15.4949
96.5135 14.9143
94.8084 14.9236
95.2432 15.8045
93.3816 14.6206
96.3032 14.8497
95.7645 15.1292
100.33 15.7007
95.6652 15.1073
96.5417 15.6752
90.8315 15.7567
93.3931 14.5633
97.957 14.4117
90.6022 15.1832
94.3053 15.3622
90.8379 16.3716
98.8534 15.879
97.9085 15.686
101.029 15.2683
99.6193 16.0548
97.519 15.4355
93.3458 15.5867
102.174 15.9703
101.596 15.0443
102.704 14.836
99.8096 14.6134
101.296 15.4268
99.0786 15.4553
99.0786 14.4283
102.07 14.7957
101.861 14.9635
103.154 14.9303
103.897 15.2143
98.5223 15.0366
98.2921 15.5809
98.4097 15.0884
101.611 14.5361
98.6654 14.7596
99.7166 14.9157
86.0487 14.9469
88.5932 14.9968
88.269 15.0809
87.1626 14.9559
92.198 15.719
87.0669 15.7358
84.2979 15.939
88.8279 15.2379
89.9492 15.3045
92.3722 14.6482
94.6413 15.2461
89.0236 14.5718
98.1413 16.5075
94.1019 14.746
103.846 15.1593
100.913 14.9642
100.197 15.2791
100.652 15.2724
108.931 14.8983
108.931 14.9435
110.51 14.0922
103.575 14.5861
108.71 14.7238
103.368 15.4097
103.368 14.9124
104.6 15.3567
95.8896 15.2053
91.516 15.2302
94.1544 14.8721
92.2737 15.942
92.193 14.1606
94.0141 15.7231
96.9619 15.7072
95.4898 14.9479
97.0733 15.0195
105.087 15.1553
105.964 15.3403
105.883 14.6607
105.36 14.7738
108.924 15.5427
100.273 15.6166
107.803 15.486
110.745 15.4809
107.271 15.6849
114.228 15.6496
114.799 15.1628
113.478 15.6664
106.6 16.2475
98.4802 14.5943
97.7139 15.6023
98.539 15.8941
93.9026 14.7248
99.3995 15.1438
97.8974 15.5381
104.362 15.9174
105.103 15.777
105.366 15.5985
98.7764 15.2555
98.2187 15.4608
98.2187 15.4762
93.6671 16.1985
90.6075 15.1919
99.4245 15.3579
110.189 16.4149
100.789 15.2053
95.1546 15.6721
89.9183 14.5238
92.8964 14.8543
91.1666 15.8476
94.7214 15.04
96.6266 15.2895
98.0485 14.958
101.841 15.4861
99.2339 15.2114
106.585 15.8849
104.202 14.4344
107.798 15.3935
112.192 14.9977
107.295 15.7128
108.434 15.8562
109.541 15.4431
109.339 15.5061
110.136 15.6004
109.864 15.7514
108.756 16.691
109.164 15.947
115.067 15.8532
105.454 15.0379
102.713 15.3832
93.3785 15.5747
100.395 14.814
99.0681 14.8283
113.606 16.1424
108.966 16.2825
111.113 15.7428
114.212 15.0691
109.381 15.1442
106.044 14.7153
105.141 15.1118
106.595 15.1585
112.772 15.0182
115.689 14.2096
117.354 16.2968
115.659 15.0738
115.659 15.1255
112.203 15.4711
103.06 15.2723
100.226 15.5655
102.612 15.6813
103.535 15.0972
99.426 15.733
103.239 16.2337
104.206 15.4056
101.575 16.0751
100.548 15.4967
99.8825 15.1295
102.272 14.7324
97.2757 14.2362
104.064 15.4232
103.64 15.3494
98.3179 15.0493
94.9162 14.48
95.6844 14.7155
80.239 14.3653
80.239 16.1375
80.5109 15.8193
76.8976 14.8125
80.367 14.3519
72.2129 15.1737
72.9425 14.7167
70.5341 14.2545
78.9827 14.4865
83.8393 14.2418
84.1856 16.1723
89.1971 15.2287
89.4215 14.9338
84.4087 15.2489
85.0543 15.3387
85.4136 14.9306
86.9743 15.0357
88.247 15.4926
85.0462 15.4895
90.1101 14.9801
96.7873 16.5016
96.9678 14.2399
99.3093 14.9611
104.169 14.8128
100.723 15.0375
99.6246 15.4407
100.509 15.6018
106.522 14.5611
105.888 15.1287
99.5035 15.108
96.2429 15.7853
100.366 15.1964
97.7967 15.9452
93.4994 15.1893
92.931 15.2425
94.2477 14.9424
94.9541 14.7774
87.6442 14.7076
89.0886 15.7406
89.0396 15.7097
88.1254 15.5591
91.9869 16.132
91.6642 15.7191
90.1013 15.3336
88.3614 15.442
96.4676 15.8826
98.9971 15.4793
95.2488 15.2901
98.7732 15.3312
93.3493 15.5184
93.8964 15.2426
99.9219 15.5001
96.6511 15.8474
101.691 15.665
96.448 15.4481
87.3058 14.6566
98.9804 14.1648
99.7766 15.1786
99.0025 15.8496
101.332 15.5674
99.2991 15.927
98.3938 16.0433
96.5594 15.0835
97.4594 15.1133
91.5576 15.6489
97.1804 15.0241
103.088 15.2348
103.22 15.7596
102.962 14.2362
102.956 15.0193
105.295 14.7581
98.9707 15.5104
99.0917 14.4636
94.942 14.4902
94.4152 15.4973
96.0553 14.989
96.0437 15.9751
91.8515 14.8095
89.846 15.2234
85.3079 16.1829
85.3079 15.1091
89.2001 15.3334
89.2063 15.36
89.2063 15.8429
97.7721 15.5812
93.315 15.2074
91.4404 15.9752
91.1938 15.7597
93.2831 15.2284
93.2295 14.3365
93.143 15.9592
92.7749 15.242
86.7171 15.6289
90.9889 15.2912
92.2253 15.8429
93.8093 16.0487
95.7726 14.8871
94.7335 14.8986
95.9348 14.5213
96.2277 16.0767
94.4915 14.6088
91.6527 14.9763
93.4932 15.0152
100.79 14.683
105.469 15.3181
104.373 15.5046
98.0294 15.216
102.053 14.8328
110.746 14.774
