88.5321 15.4133
92.0233 16.1329
96.7997 14.9702
91.5109 14.921
90.5366 15.0705
87.6297 15.2076
80.7508 14.1491
86.0458 15.7184
88.1898 15.1135
80.9385 14.9178
82.2143 15.3765
83.6755 15.5394
90.5898 14.6906
88.0983 15.2632
87.8973 15.0945
86.5115 14.5596
85.521 14.6233
85.0229 15.5859
87.3737 15.2096
87.0215 14.5395
96.6283 15.0357
104.46 14.0662
99.6199 15.1861
103.265 15.2308
100.654 14.6575
95.4607 16.0376
95.4607 15.0063
106.035 14.974
104.86 15.0059
107.719 14.9528
119.481 15.4088
120.241 15.6461
123.267 14.5273
116.66 14.9837
117.968 15.0998
118.176 15.5554
123.187 14.9851
118.238 14.1007
118.238 15.3863
115.061 15.2332
110.947 15.3866
110.588 15.6373
122.478 15.1164
117.379 14.8418
110.406 15.6063
105.334 15.4201
109.675 14.8889
112.629 15.05
104.534 14.6715
122.201 14.1206
122.201 14.1972
111.322 15.1643
121.916 14.5998
126.239 14.9891
120.94 15.0674
115.692 14.5942
101.738 15.0944
106.847 14.5955
105.411 15.5243
96.3497 15.3882
104.582 13.9101
113.399 14.326
105.805 15.3824
101.801 14.9697
105.944 14.7421
101.26 15.3881
104.6 16.2069
104.584 15.1474
104.303 15.4737
105.351 15.1955
109.749 15.6602
107.153 15.212
108.285 15.0297
104.302 14.8864
107.606 15.1358
122.969 14.6045
124.127 15.3972
128.249 14.6539
121.198 16.227
115.947 14.7993
105.32 14.3002
103.65 14.8042
108.986 14.9304
102.067 14.7988
110.328 14.8772
97.9423 14.7393
94.784 14.0351
95.952 14.4675
85.7676 14.7318
82.6312 14.5164
87.7891 14.6786
86.4883 14.9405
84.5667 14.5339
88.6424 15.0275
89.7059 14.8745
83.9773 15.0538
81.0895 14.7077
83.1026 14.2244
77.7109 15.7201
77.3882 15.2901
87.7849 14.2981
92.0013 14.5059
90.3431 14.5427
86.5117 15.5012
92.8544 14.633
92.8638 15.2008
91.7562 15.1757
97.015 14.9212
99.3756 15.1505
98.4085 14.9685
97.4843 16.3062
93.2744 15.3542
89.2109 15.0718
85.3047 14.4507
90.0209 15.0264
88.0321 15.6307
90.0129 14.8018
92.6805 14.8247
90.8507 14.799
88.4655 14.8542
94.8738 14.4603
93.7191 14.3446
94.6797 15.5368
102.856 15.1552
100.799 14.5674
93.4619 15.896
85.6814 14.7324
86.2346 15.7198
93.9055 14.9309
102.182 15.2498
104.829 14.9079
110.501 15.0037
97.8922 15.128
91.4811 13.942
103.031 15.1831
92.5283 14.5981
91.5082 15.0225
92.3099 14.2381
98.8502 15.4935
102.898 14.9714
108.793 14.7643
104.295 15.1661
109.032 15.6763
105.737 15.1519
98.3078 14.9228
100.568 14.9718
86.5133 14.4678
102.239 14.8163
91.7604 14.6739
98.2151 14.4973
96.2439 15.3395
93.2487 15.3792
93.2487 14.8806
93.3466 14.5961
95.5236 15.1183
96.38 15.4502
93.9634 15.2674
90.5781 14.7559
97.0353 15.2388
105.52 14.7476
103.739 15.0416
103.561 14.9451
106.175 14.997
109.244 14.5696
110.306 15.8088
105.12 15.6845
109.654 15.5392
109.278 15.0214
115.567 14.4494
108.041 14.4931
106.921 14.8795
102.961 14.1977
100.898 15.2284
102.631 15.1322
113.338 14.4873
112.027 14.3849
112.027 14.209
106.24 14.8954
111.883 14.9068
105.19 15.2838
120.892 14.5939
116.597 14.8482
119.568 14.4051
111.825 14.9432
109.931 14.688
102.792 15.6416
102.463 15.6201
104.581 14.7974
100.887 14.8367
101.415 14.7019
98.7215 15.0376
112.841 14.7429
113.681 15.9931
108.251 14.6023
108.502 14.3698
102.444 14.8974
112.578 14.813
121.247 15.0038
119.651 15.7634
117.958 14.3896
102.605 14.3324
111.525 15.3416
100.772 15.4585
101.204 14.5124
95.6361 15.5887
91.6374 14.8877
83.9835 14.3273
83.9835 15.2901
86.6747 14.0277
89.9678 14.3504
95.1542 14.3669
91.1549 14.7327
81.7839 14.9132
81.7839 14.3858
87.8754 15.1957
91.4695 15.6518
90.9014 15.3923
94.6217 14.8974
94.6217 14.9503
90.6887 15.0658
93.6553 15.2893
94.2923 15.4806
87.3344 15.9094
89.7127 14.781
95.8399 15.284
99.222 14.295
97.7565 14.2964
102.522 14.7127
102.853 14.7927
98.5087 15.9895
103.704 15.4948
108.157 14.9324
109.318 15.5142
99.452 15.3467
98.7379 15.3797
107.468 14.7536
100.906 14.7708
95.1559 15.2371
93.6802 15.8028
93.2007 15.7287
102.025 14.6564
95.0718 15.3237
91.9538 15.5636
90.1113 15.3102
90.3098 15.3533
93.1074 15.9199
93.4693 14.3349
86.6948 14.4794
86.6948 14.6553
89.4072 15.0023
82.3207 14.4738
79.5719 15.0011
82.0794 15.9567
82.0794 15.0793
85.2892 14.3318
87.0318 14.7169
84.2618 14.8184
86.2642 15.4125
92.9095 14.5548
100.206 15.1132
105.311 14.9155
107.573 14.1898
104.322 14.3822
94.7884 14.6945
94.7884 15.0038
92.1055 15.1348
98.0548 15.3588
98.4701 14.5474
98.4701 14.0574
111.737 15.5601
114.852 15.0454
107.931 14.2771
102.879 14.9485
99.8851 15.2974
99.8851 14.9916
104.865 14.5045
107.615 14.6324
110.343 13.6375
109.683 14.3042
102.439 14.158
104.604 15.1095
96.3925 15.036
87.9696 15.4039
94.423 13.9278
94.3424 15.3704
97.2712 14.7259
112.186 15.7996
119.976 14.8431
117.178 15.2868
121.219 14.2687
116.224 14.2721
126.902 14.9793
119.249 15.4131
113.953 14.0869
107.821 15.4956
112.166 15.8552
102.583 15.3769
102.546 15.1144
111.769 15.3668
114.085 14.9402
108.808 15.1791
104.394 14.713
108.658 14.3066
112.546 15.3149
129.025 14.8387
116.451 14.8092
118.473 14.9566
110.548 15.1774
109.273 14.4599
115.888 15.2313
110.002 15.5164
106.459 14.7908
101.787 15.0774
99.8062 15.4907
91.5145 16.0391
97.2866 14.771
95.8089 15.2641
96.0326 14.9184
103.45 14.2863
105.93 15.409
104.412 15.2355
106.38 15.1773
102.892 14.3739
105.62 14.9464
100.704 15.4934
107.086 15.5392
99.2741 15.2954
105.272 14.5718
106.162 14.9665
99.5081 14.2167
99.4473 14.864
102.527 14.6028
100.496 14.3501
100.496 14.7981
99.8843 14.1656
96.0106 14.7275
101.547 15.6207
97.7055 15.2823
91.0597 15.2392
95.6814 14.6841
102.257 15.2879
97.1726 14.2384
95.3387 14.6211
92.4288 15.2764
91.1085 15.1805
90.0601 13.5317
89.8086 15.3912
94.7309 14.4823
97.7643 13.8961
97.1611 14.916
91.2006 14.3475
95.477 13.8265
89.206 15.6876
84.995 14.9323
85.2147 15.8166
88.9691 14.7961
75.8678 15.5047
66.5511 15.2571
81.6385 15.59
81.9774 14.9652
87.4125 15.6362
85.5643 15.5099
83.3181 15.121
89.5435 15.1421
88.3562 14.7382
77.6124 14.4584
79.7029 15.6086
79.7029 15.4001
79.2975 14.5576
79.0523 15.3383
86.4099 15.6398
82.2127 15.1581
80.3804 15.4868
84.1836 14.9795
86.7921 15.0219
87.377 14.7927
81.994 15.1649
85.8858 14.4251
86.7474 14.0005
93.9652 14.5527
84.3772 15.5024
93.036 14.5699
89.9717 14.9631
95.7975 14.0805
94.4346 14.9169
89.745 15.6113
87.7002 15.5678
94.3176 15.5502
101.802 14.4333
91.9331 15.3122
93.3572 15.5395
100.972 15.1775
95.2929 14.7289
94.3702 15.0266
99.6095 14.3847
97.1947 15.0719
93.1742 16.0601
100.065 15.3512
95.2722 15.9845
102.219 14.5543
105.691 14.8753
107.187 15.4301
110.522 14.02
117.014 15.001
115.357 14.6101
112.237 15.0999
112.237 15.6951
118.96 15.4641
123.91 14.638
115.812 15.4198
101.504 14.802
111.214 15.7858
112.362 15.3095
115.52 15.9678
119.262 15.1466
114.362 15.2165
101.736 14.7507
104.358 15.3263
106.635 14.7078
106.057 14.9764
107.911 14.8061
107.911 15.5164
129.465 14.6884
129.465 14.2001
128.877 14.5704
126.42 15.1758
128.297 15.6532
137.982 15.1509
133.852 14.7549
136.656 15.5846
136.656 14.6842
137.746 15.3129
141.92 14.9968
134.945 14.3007
138.205 14.3021
121.862 14.637
123.708 14.8776
119.534 14.8711
119.534 14.5564
113.827 15.2419
111.406 15.4065
108.038 15.0961
110.488 16.0774
102.418 14.7012
103.851 14.7505
96.4763 15.181
96.9094 14.3501
99.5796 14.7041
87.6001 15.3498
82.7509 15.0769
76.5457 15.8738
81.9635 14.8621
84.7633 15.118
82.2893 15.3835
79.9652 15.4431
82.8366 15.5564
76.5541 15.7847
78.6687 15.1859
84.1967 14.7787
89.3906 14.4951
90.5734 13.8757
92.4712 15.153
93.7313 15.7047
106.015 15.782
103.065 15.0813
102.591 15.403
108.771 15.9144
102.452 15.2631
96.8413 14.9758
102.098 14.5327
91.2234 15.456
85.4428 14.7566
84.2937 14.8808
84.2937 14.9613
85.9869 15.1074
81.6751 15.0368
90.1261 14.6353
95.336 15.5844
95.6857 14.5578
100.534 13.9703
100.276 14.9946
102.181 14.1472
107.247 15.8629
105.872 15.2273
107.93 15.075
105.173 14.5885
106.863 14.7679
100.201 15.0901
107.385 15.7472
113.941 15.0141
98.3559 16.088
101.835 15.5308
96.6449 15.7893
98.5269 15.6146
97.6046 14.7568
97.9729 14.7571
101.204 14.7958
94.2727 15.2497
94.6376 14.7211
92.4671 14.9394
94.5388 14.7574
93.1284 16.024
88.8784 15.2724
90.8412 15.3985
93.5619 15.9858
95.8699 15.7401
95.4371 14.8144
92.8833 15.2336
105.016 15.3392
107.372 15.3366
99.8278 15.018
101.609 14.7771
111.329 14.6094
109.588 15.082
103.666 15.2304
111.514 14.8062
106.414 15.3058
99.9857 15.5203
97.3275 15.5552
95.6633 15.0649
96.0631 14.7247
95.5359 16.1349
91.5896 15.2003
93.5836 14.9935
92.2082 15.851
88.3064 15.5238
82.654 16.0758
84.3916 15.9121
85.1621 14.5837
89.6694 15.3092
87.5692 15.2484
87.346 15.0312
87.346 14.3513
91.7196 15.0854
86.4657 14.196
84.4877 15.7517
86.6105 15.2148
88.1205 15.7762
83.4778 15.4623
83.4778 14.4583
83.684 14.4165
90.3059 14.1442
79.0236 14.9606
78.3251 14.6371
89.8243 14.7893
86.5455 14.4834
86.5455 15.2395
86.4508 14.99
87.6236 15.1424
96.669 14.365
95.7575 15.7339
93.921 14.2877
93.5268 15.2956
103.538 14.8622
93.7312 14.7561
90.0099 15.2495
90.2207 14.9625
85.9618 14.9241
89.8379 15.3453
83.091 15.464
100.394 14.9581
92.306 15.7736
94.1448 14.1962
90.8498 14.8592
89.844 15.5583
92.8131 14.5521
96.5881 14.8287
96.459 14.8088
103.297 14.855
104.905 14.9419
102.447 16.0826
107.645 15.0207
111.186 15.0923
109.094 15.1577
101.204 14.694
106.08 14.7288
102.557 14.8477
96.5542 15.2643
94.7727 15.2063
91.2694 14.9753
100.467 15.1927
94.9113 15.8832
93.4095 14.9097
96.8042 15.0361
98.6302 14.3788
102.17 15.2775
102.97 15.308
104.712 15.064
96.2294 15.0815
99.908 15.6595
93.9265 14.7935
84.6117 15.429
85.0726 14.5745
89.5763 14.2152
87.5716 14.5537
94.7477 14.9505
87.2604 14.9418
92.6057 15.0283
87.4004 15.3073
85.6309 15.2765
88.1159 15.4877
96.7429 15.7322
93.0215 15.4237
83.2629 15.3543
87.5114 15.1613
90.4946 15.8668
85.9031 15.8832
80.3398 15.0768
75.747 14.6864
84.2357 15.4634
87.8675 15.484
87.5785 15.4323
97.914 14.952
102.668 14.965
98.0903 15.018
95.6965 14.8108
93.4382 14.5139
91.5408 14.4208
90.4544 15.7091
92.7597 13.805
84.406 14.4136
91.8416 15.4324
90.0324 14.6231
93.616 14.7372
95.7468 15.1785
94.1448 14.6547
97.9635 14.5535
95.7604 15.5129
91.8 15.3089
87.8074 14.8053
87.8074 14.4543
87.4932 14.4808
89.7783 13.5159
88.0505 14.8897
86.0606 14.9141
74.7185 15.2031
75.1629 14.577
72.8001 14.5323
72.8001 15.545
68.1164 15.6193
69.5342 15.4636
72.308 15.0193
65.5506 14.8072
66.8707 15.876
66.8707 15.1638
69.6019 15.3439
63.9928 14.5382
74.42 15.9627
58.649 15.6902
62.3204 15.4589
62.3204 14.8719
67.2284 15.3074
69.2026 14.5853
67.3554 15.6028
65.5123 15.6667
74.5215 15.0381
79.8369 14.5118
78.9007 14.6162
79.0901 15.22
90.0017 14.4455
101.819 14.4205
98.9099 15.0112
97.3151 14.5804
96.4513 14.4996
90.0372 15.6499
89.443 14.8541
85.7446 15.171
89.7541 15.5236
79.9728 15.4321
74.896 15.0419
77.9149 14.9512
81.4124 14.732
81.4827 15.5683
84.1991 15.1439
89.2101 14.8037
89.1485 14.3967
83.5214 15.3944
84.6297 15.0264
86.5719 15.5487
84.2765 14.8614
89.28 15.2344
89.175 15.0095
85.8032 14.7235
80.944 15.3337
83.4796 15.6028
77.3911 14.9662
75.1141 15.0278
75.3059 15.7896
74.417 14.5424
69.5737 14.5938
71.0272 15.1467
77.0302 15.5193
77.0302 14.7115
81.1424 15.3464
81.3759 15.2231
71.249 14.8829
69.1265 15.0038
79.0118 14.8514
83.2418 15.1546
87.1843 15.2459
84.7294 14.7393
87.509 14.2739
85.4138 14.3117
87.7642 14.0422
87.7642 15.8763
86.7813 15.7847
79.4383 15.5414
85.5906 14.9209
86.2426 14.8066
94.676 15.7152
89.5686 14.7227
87.6511 15.3801
88.7389 14.9826
91.0988 14.6014
89.5691 14.8629
90.0818 14.8014
89.4077 15.2394
85.9358 15.6354
86.9287 15.1388
86.453 15.0297
96.1807 15.1958
88.1995 15.0039
84.8106 14.9134
97.0074 14.9112
93.0531 15.301
89.5432 14.9776
93.0235 15.6723
96.5687 15.0205
97.2614 14.7435
89.1602 14.7661
89.2642 15.3681
91.3184 14.4561
88.0067 14.6616
93.1932 14.9671
90.7892 14.1761
81.4346 14.9645
73.1829 15.1501
76.0305 15.2271
79.8359 15.2837
81.934 15.2061
83.5411 14.906
81.228 15.2664
86.1098 15.2944
84.4262 15.3659
84.1987 15.1564
82.5544 15.0969
78.5937 15.3984
78.5937 14.6914
82.2026 14.478
93.7491 15.1565
89.5946 15.4154
89.2023 14.6366
94.974 14.8261
99.2233 14.85
100.68 15.3111
113.292 14.4227
104.058 14.7254
105.236 15.8507
112.081 15.4949
108.692 14.7006
113.265 15.2988
114.216 14.8249
114.589 15.4651
104.473 15.4688
100.716 15.4683
110.427 15.4781
99.1217 15.6232
96.1176 15.0815
90.7527 14.958
103.998 14.8659
102.97 14.5409
94.1536 15.0687
95.2448 15.2765
96.7279 14.6362
90.3139 14.7476
94.5819 14.5799
91.0907 14.6866
95.0108 15.2212
75.3016 14.8418
92.9776 15.4001
94.535 14.62
91.3236 14.534
88.7413 15.2756
91.1997 15.3042
92.7106 15.4866
94.0367 14.969
96.1402 15.1894
89.241 15.3579
94.335 14.9753
94.335 15.0698
92.7058 14.3794
93.9006 14.8717
92.3009 15.0447
92.3009 15.7908
88.3932 15.2228
96.5321 15.0039
98.4046 14.3631
93.1362 14.6089
97.2832 14.2039
89.0856 14.7768
85.7155 14.4768
83.6869 14.7482
82.2605 15.8203
86.9297 15.7517
90.0063 14.7397
91.9111 14.3651
97.0885 14.3834
103.39 14.2278
105.399 15.7756
118.676 14.6536
101.594 14.8482
116.599 14.9055
115.871 15.0705
129.338 14.9817
131.817 14.8269
127.574 15.3108
109.451 14.8896
113.959 14.9388
124.97 15.0577
118.181 15.1646
118.181 14.8857
126.51 14.507
126.51 14.7963
124.447 15.9906
126.886 15.9762
126.886 14.8893
126.886 14.9861
139.301 14.5105
139.301 15.1987
136.674 15.0249
129.485 15.2867
137.583 15.3075
149.055 15.2142
149.055 15.0805
137.7 15.4958
136.113 15.3066
156.565 14.8218
156.565 15.3565
156.565 14.6332
162.29 15.8719
162.29 15.7366
158.635 14.789
158.635 15.311
158.635 14.8838
158.635 14.7053
158.635 14.7864
158.635 15.1129
155.771 15.1067
157.196 15.1009
144.574 15.1021
162.28 15.088
147.933 15.0753
133.287 14.9458
133.287 15.2599
135.085 14.63
131.046 14.5907
128.28 15.43
127.816 13.9831
123.874 15.3671
124.388 14.8404
124.388 14.7765
115.49 15.1386
115.95 15.5056
118.982 14.9173
118.982 15.1607
118.982 16.0156
125.974 15.4507
125.974 15.2953
129.418 14.5969
113.13 16.2231
114.667 15.4416
119.923 15.1669
117.269 15.3221
115.13 14.2538
115.13 15.6014
115.13 15.1465
118.642 16.2254
120.356 14.8428
127.153 15.5222
119.824 15.3582
113.017 15.3657
114.646 15.6164
136.701 15.2394
141.913 15.0659
128.46 15.1598
128.46 14.9709
141.672 15.9855
121.323 14.8972
118.633 15.0432
100.306 15.4427
87.9988 15.3094
95.6003 15.3916
91.0519 15.2639
87.8309 14.519
85.7336 15.3227
80.9069 15.451
76.406 14.85
75.791 15.3815
79.1881 15.2373
84.0937 14.8288
86.783 14.559
84.6503 15.9574
82.8738 15.1624
85.2378 15.5551
84.8843 15.6198
81.7641 15.0074
78.7195 15.3159
87.4907 15.2095
89.7971 15.0101
92.7811 15.6319
100.585 16.4717
106.527 14.7762
105.888 15.4943
114.583 14.3788
114.662 15.382
110.021 15.4948
96.3611 15.1554
92.952 15.5028
92.6493 16.0679
88.7308 15.8393
87.5206 15.6019
93.4511 15.3704
93.1267 15.8816
88.4297 15.8907
89.5161 15.0624
89.1818 15.1346
95.8179 15.1251
92.6704 15.2855
95.4517 14.1146
95.0162 14.5796
91.0603 14.6495
86.7404 14.8483
87.1546 14.4077
89.5069 14.2047
91.5803 15.1041
93.6487 14.3746
94.8923 14.2503
96.3239 15.1465
104.408 14.4618
98.1515 15.0642
99.1252 14.1301
99.1252 15.5766
102.932 15.2635
110.328 14.046
100.718 15.3223
99.8813 15.0644
105.03 15.4922
105.343 15.6253
102.248 15.604
99.9429 15.4434
95.2414 15.1627
95.984 16.1795
93.9268 14.8408
95.5743 14.8349
92.1128 14.9243
86.2871 15.472
95.9805 15.4303
97.913 15.555
98.8378 14.7755
96.2907 14.9141
96.9996 14.9019
98.666 14.6157
96.5431 15.8083
96.2921 15.409
97.8321 15.4213
100.316 15.716
99.4373 14.9649
100.491 14.1406
101.136 15.6548
102.148 15.8358
102.698 14.3304
102.44 14.2969
97.9546 14.2578
95.0333 14.452
95.1003 14.5974
100.421 14.3681
100.421 14.3181
97.1941 14.4444
92.4269 14.4965
93.1557 14.8832
94.511 14.6474
97.4189 14.3256
103.525 15.1127
107.028 14.8381
107.685 15.3212
106.504 15.4082
106.732 15.4927
111.862 15.0274
113.803 15.5599
112.642 14.6811
105.351 14.7361
108.646 14.5631
108.227 14.4797
108.265 14.77
95.1476 15.4429
91.8955 14.9895
91.6741 14.7419
100.788 15.1688
98.8732 14.7514
98.8343 14.6886
88.4601 14.7212
90.8195 14.9266
86.2734 15.1256
93.4267 14.0215
89.3539 15.1726
82.9125 14.9555
92.73 15.1748
74.218 14.2742
75.5823 15.8927
75.4896 16.0357
73.1318 14.9554
73.1318 15.1102
81.6636 14.9405
83.7068 13.7264
83.7068 14.9894
82.7951 15.0557
88.3592 14.1472
87.5852 16.1985
86.6021 15.9565
94.675 15.9056
93.9114 15.0616
87.6506 15.0939
84.9315 15.4586
88.0568 15.3855
84.3545 14.7606
81.2141 15.6145
81.7784 14.3304
85.6853 14.846
88.5298 14.6754
92.7321 15.231
87.7812 15.2091
86.6295 15.1799
89.2272 16.1239
89.3054 14.8677
89.4665 14.8859
90.1291 13.916
90.667 14.0483
91.3797 14.4471
93.1666 15.1264
77.0107 15.3043
80.7607 14.922
78.5856 15.3171
78.9583 14.6974
85.5746 15.0752
87.4869 15.7928
87.1222 14.6966
91.8534 14.5683
86.0708 14.4259
97.6237 14.2787
94.3059 15.5936
98.0711 14.4445
98.5015 15.8136
92.8657 15.229
86.6511 15.0571
87.482 15.1274
87.7597 15.2265
95.5231 14.8481
98.2677 14.8621
97.5389 14.0486
96.0294 14.8916
97.8771 15.5912
105.072 14.7193
99.8849 14.099
101.52 13.742
101.52 15.5285
94.1997 15.2394
97.0709 14.8782
99.249 15.0159
96.0642 15.6897
104.707 14.9627
102.155 15.521
101.808 15.1557
106.42 14.6047
105.648 15.5785
97.2588 15.3439
99.8458 15.0442
94.4032 14.7824
92.3537 14.7418
93.1315 15.1563
97.124 15.0634
93.3065 15.5572
96.3625 14.8994
100.352 14.5859
95.6752 14.4122
97.0416 15.2455
88.4945 14.8284
88.4107 15.731
82.8288 15.2212
85.8827 15.1892
87.8381 15.5657
83.0746 14.9507
80.6379 15.1412
76.674 15.3658
78.9637 14.6832
78.9637 14.7409
74.5082 15.4144
77.3023 15.051
77.3023 14.4176
83.7685 14.7833
94.6445 15.7145
77.314 14.3852
70.9438 15.6438
77.0091 14.8027
78.6784 15.7474
86.3385 15.6933
85.9968 15.0672
80.8814 15.5121
80.0855 15.2792
85.0261 15.2826
85.9614 14.192
87.2892 15.1706
89.2756 14.6951
89.7459 15.6506
89.4505 14.9006
89.832 15.0955
87.436 14.1734
87.583 14.8582
92.7577 15.0428
90.8651 14.0901
92.9389 14.7886
88.6279 15.1568
95.2453 15.3502
95.2363 15.2014
100.612 15.3674
98.795 15.2617
98.795 14.6203
88.6225 15.194
93.2941 15.3718
92.9867 15.252
92.9867 14.5988
86.8473 16.1862
78.3189 15.2644
75.2276 14.6231
78.4017 14.8707
72.795 15.0466
74.1708 15.1679
70.5394 15.6909
75.3304 14.9749
84.618 15.4154
89.2045 14.0334
98.1311 14.4532
92.362 14.8355
92.2283 15.2533
91.6142 14.2742
92.0885 15.5335
91.3337 14.8495
94.4225 14.4076
90.6986 15.3223
92.7989 15.0849
83.4686 15.3863
89.1094 15.6797
90.064 15.0263
95.4161 14.9016
99.695 15.4027
100.009 14.6298
95.4355 14.5187
104.194 15.0456
102.951 15.4115
96.9576 15.1969
92.5664 15.2513
89.7976 14.9592
90.5164 14.6058
93.3448 15.3978
92.0667 14.9624
93.4289 15.1273
92.227 15.5198
89.4635 15.1966
83.3282 14.5915
86.9159 15.1562
84.4273 15.3216
85.1497 15.5909
87.7248 14.7975
87.2712 14.8307
87.1851 14.6248
87.8192 15.0691
89.6743 15.1733
87.5137 15.7076
88.0688 14.7203
88.6192 15.2532
89.1527 14.4235
87.6542 15.2105
81.9681 15.4617
77.6081 15.3063
80.3483 14.9278
78.605 15.6152
74.3854 13.9239
74.4625 16.2908
76.8101 14.7591
70.9502 16.0314
75.3439 15.8951
76.7062 14.4732
80.8014 14.7165
85.9509 15.4706
91.4666 15.5235
94.8071 15.5486
93.8216 15.7063
94.9271 14.9696
87.3985 14.7952
87.3169 15.0932
96.452 15.3473
98.7255 15.874
94.0838 15.0536
104.621 14.6733
106.726 14.7403
88.7092 14.5654
91.5946 14.8408
87.6079 15.665
79.9688 15.1177
72.2272 14.8265
68.8632 14.8112
74.1454 15.2131
76.6002 15.2412
80.7423 15.5157
80.0189 14.5458
83.1038 15.9013
87.0893 15.2678
88.1771 15.3521
86.0055 15.2416
82.338 14.821
83.6166 15.4036
86.7015 14.8159
86.5648 14.7249
88.3769 15.7223
90.2136 15.5061
80.794 15.4991
77.6969 15.436
77.5604 15.712
77.9528 15.4946
79.2155 14.698
76.7808 14.3097
77.5599 14.0755
76.5481 14.3379
69.7224 14.6189
69.0932 14.7135
64.0738 14.8705
54.9368 14.6505
53.5497 15.1913
53.5497 14.3411
53.5497 14.5815
53.5497 15.211
53.1285 14.9351
53.7636 14.8444
53.1446 14.887
49.3372 15.0709
51.7709 15.5082
54.4839 13.7185
56.2118 15.5631
59.4812 14.639
70.9973 15.4481
70.6525 14.7596
70.7703 15.4367
68.6857 15.015
68.7779 14.984
68.7117 14.852
70.3971 14.8218
71.124 14.1644
72.9206 15.2483
71.3305 15.2323
75.5504 15.1673
75.6648 14.5381
73.5039 15.3645
74.6329 15.1312
72.8273 15.0636
72.0146 13.8431
72.0146 15.3109
71.0414 15.2761
71.7892 14.15
71.0645 15.7161
84.5217 15.9207
86.7569 14.0045
90.657 14.5707
95.2995 15.7423
85.7532 14.6741
87.7409 14.6502
89.1579 15.5112
91.2617 15.2126
86.9081 14.7049
90.624 14.6985
88.015 14.86
83.873 14.8579
72.1307 15.2496
72.1307 15.6548
74.0317 15.2288
75.0267 15.1385
83.8567 15.6155
85.798 15.3397
83.2445 14.5808
82.7969 14.5084
87.4224 15.8675
89.5387 15.7547
92.3733 15.7675
88.5434 14.5669
91.0358 15.4075
97.3104 15.3028
97.8946 15.7049
99.5066 15.1932
97.3228 15.3939
103.307 14.5199
97.0122 15.1416
93.9956 14.7801
77.8785 15.1965
75.1197 14.8305
70.6858 15.4383
71.8979 15.013
72.6849 14.7519
70.0372 14.7956
70.0372 15.0661
80.1984 15.3585
77.8435 14.9889
86.0102 15.2412
91.7194 14.8306
85.6787 15.1233
85.1377 13.4444
89.1162 15.9821
91.9399 16.3237
89.6822 14.884
91.9812 15.0892
92.1817 14.7601
94.5182 14.4135
94.1411 15.102
92.4562 14.6268
87.1474 13.9712
89.0296 14.5037
96.142 14.9506
96.8601 15.3788
92.0549 14.6134
92.598 14.7581
93.143 14.491
83.2095 14.6755
86.4209 14.4131
89.084 15.5529
91.68 14.8148
90.0555 15.03
89.3224 15.7962
94.5504 15.2635
93.8002 15.1848
82.0951 15.6804
83.6543 15.3337
83.6543 14.6724
83.954 14.7056
94.5852 15.8222
94.0123 13.8661
89.3953 14.9889
95.463 15.0436
94.2594 15.1285
97.5093 14.8814
89.6882 15.4996
93.8031 15.1379
91.3999 14.8795
93.1646 15.0647
94.9423 14.6792
91.0228 15.4499
89.5595 14.7388
90.6711 14.5942
92.0016 14.684
92.0615 14.3204
91.7177 14.8614
93.8318 15.1072
96.0658 14.6622
97.8589 15.6564
88.23 14.4719
91.6345 15.1093
84.276 15.1967
88.9286 15.6978
90.223 15.0626
89.1437 14.9926
93.9984 15.4522
97.1084 14.6252
97.9085 16.1557
87.3421 15.2129
93.0865 14.7938
86.5512 14.9981
90.7783 15.0515
86.4783 14.6378
90.5987 15.1776
91.7209 15.0993
88.1492 14.8161
94.3252 15.005
94.836 14.1571
104.84 14.684
101.704 15.2977
100.534 16.0972
105.349 14.8478
100.256 14.0262
86.8206 15.8081
85.737 14.6117
89.1695 16.1454
93.6414 15.101
104.248 15.152
108.972 15.0001
103.985 15.0756
107.373 14.4434
114.98 15.0131
109.605 14.7709
103.49 14.9792
110.436 16.316
116.421 14.699
122.662 15.4999
122.662 15.4079
116.683 14.8246
114.29 14.8063
106.681 14.187
106.414 14.9896
94.9859 14.917
96.8418 15.0085
98.9932 14.7623
101.474 15.1197
98.7483 15.236
102.256 15.2228
104.158 15.2098
109.487 15.8016
114.586 14.7273
101.769 14.7441
93.9307 15.506
103.437 14.8709
108.082 15.1704
102.645 14.9065
102.265 14.9881
88.3419 14.8942
92.1537 15.093
92.5919 14.4217
94.0599 14.4529
95.1352 15.1212
89.0644 15.2573
91.275 15.3569
94.4584 15.918
86.6863 15.1079
86.2321 14.8805
84.1292 15.6455
92.0789 15.118
95.9183 15.484
102.675 15.3764
95.1639 14.5461
95.7679 15.1167
101.765 15.2901
95.0071 15.2588
95.2845 15.5129
95.732 15.0524
98.2709 14.8389
98.2709 13.8425
96.2523 14.6841
94.0311 14.6713
87.9747 14.813
92.0051 15.3346
95.856 15.0563
100.737 15.0991
106.099 14.402
106.099 14.275
97.6476 14.6095
92.222 14.4843
89.7862 14.6807
92.4924 15.0577
95.5415 14.5342
89.2114 15.0113
96.4201 14.3153
88.4684 15.5336
91.6933 14.3011
87.9402 15.4842
87.8952 15.2116
87.5826 14.5809
88.9753 14.5656
85.6486 15.1098
88.4302 15.7485
95.6772 14.7041
92.557 13.8431
95.2573 14.7453
103.26 13.8615
97.1698 15.3697
100.52 15.9772
102.562 15.2386
100.244 14.9626
100.244 14.4271
102.051 15.8283
100.023 14.607
96.7105 14.7768
95.9749 14.8008
96.809 14.8286
99.0167 14.6574
96.6404 15.9925
91.4459 14.7123
91.5917 15.8758
92.6061 15.0561
91.7398 14.5115
93.3325 15.7274
84.873 14.5507
89.382 14.7839
90.2901 14.294
93.2666 14.8292
90.2872 14.4951
85.4241 15.1707
84.9202 14.0011
87.5113 14.5247
86.2935 15.1341
86.6013 15.5664
89.4165 15.8917
87.1074 14.9005
89.2083 15.0289
81.7031 14.351
87.4917 14.9021
87.8402 14.9469
87.8974 15.2981
84.4729 15.2096
84.0581 15.3378
91.4024 15.2889
83.6279 15.1834
86.7343 15.185
86.504 14.3828
85.4901 14.4024
91.5004 14.7168
97.7164 14.8317
85.7803 15.3275
87.2023 13.9937
93.0791 15.3634
101.938 14.2646
111.598 14.9744
121.925 14.7885
121.925 14.2595
128.059 14.8559
136.941 14.975
136.941 15.103
136.941 15.0393
129.28 14.6462
118.482 15.3984
137.835 14.5068
136.17 14.6551
132.539 15.2266
134.339 15.5833
118.894 15.9517
127.485 15.3754
106.968 15.5118
114.447 14.8964
115.276 14.797
109.937 15.101
113.573 15.0773
113.841 15.6454
116.17 14.3163
114.347 14.731
121.492 14.2104
119.701 15.6725
115.739 14.1997
121.359 14.5796
135.161 14.3973
126.807 15.8163
120.325 14.7759
124.342 15.1133
124.342 16.4852
119.289 15.3131
132.405 15.3499
127.038 14.1408
145.155 14.7659
130.949 14.714
118.584 15.1271
114.409 14.7132
128.915 14.8029
136.761 14.7033
132.223 15.0773
103.709 15.1947
111.912 15.4212
106.797 14.0751
95.8532 14.7438
96.1279 14.7273
96.0033 15.1525
94.8594 15.101
101.315 14.9359
94.5493 15.0365
93.3424 15.1855
92.6734 15.471
91.7125 15.8664
89.5061 15.2452
92.3135 15.205
86.5373 14.8506
94.5128 14.3053
106.647 15.277
90.0827 15.1971
86.2768 14.3359
87.2841 14.7241
85.7388 15.613
90.3421 14.8466
90.9397 14.8774
93.3434 14.9239
90.0263 14.8297
92.8828 15.1061
100.029 15.4212
101.628 14.6893
101.996 14.8233
113.861 15.0858
102.905 13.9041
92.0126 15.6569
98.1201 15.5109
93.0034 14.4233
84.5306 14.9341
82.3126 14.9878
91.7068 13.7903
103.424 14.5078
99.8708 14.097
100.64 14.6141
104.779 15.4609
98.1683 14.3593
98.1683 14.4945
93.374 15.6238
95.7354 14.8201
94.2464 14.773
94.2464 14.6892
95.6959 14.8675
95.099 14.9104
93.8957 15.0922
99.7984 15.1077
96.4908 15.367
91.2264 15.4054
94.4418 14.05
95.8977 15.3444
91.2082 15.3725
100.258 14.7106
94.6253 15.0475
102.689 16.1697
107.487 15.733
105.254 14.6592
104.786 14.6306
102.446 15.1719
102.068 15.4611
98.9083 15.2607
100.863 15.0658
96.2219 15.6536
107.143 14.794
108.568 14.6839
111.246 15.2545
118.209 14.9728
119.435 14.2111
123.314 14.4532
137.35 14.351
123.322 15.0323
123.438 14.8211
122.1 15.4593
111.892 14.1561
109.228 14.3255
101.318 15.7697
99.1118 15.374
109.811 14.7398
107.816 14.7554
110.874 15.3603
110.718 15.4885
102.007 14.4388
100.671 14.9705
99.2812 15.3818
105.133 15.1786
110.05 14.7824
98.8795 14.8813
94.8799 15.1306
105.725 14.8251
114.158 15.2237
114.081 15.3201
124.572 14.3071
122.69 14.9315
126.727 14.2795
130.656 15.9009
132.298 15.0757
134.056 15.0311
121.918 15.6051
115.602 15.2577
111.021 15.4846
113.624 15.2042
103.492 14.6656
101.056 14.9077
101.17 14.632
96.3784 13.9314
96.3784 15.2172
99.6736 15.6574
93.6635 15.189
100.805 15.7715
97.3724 15.2893
106.159 14.3899
104.552 14.8139
105.58 14.2604
103.527 15.2295
96.3922 15.1618
90.8214 15.507
91.4656 14.8773
93.294 14.5313
96.6479 14.0655
87.1502 14.9914
87.1502 15.4953
89.0756 14.246
86.3918 15.8983
85.0335 15.7478
83.9645 15.2949
86.8767 15.5434
95.2829 15.5246
103.833 15.3174
106.775 14.2705
104.489 14.3284
106.926 14.4272
104.221 14.0563
107.643 14.7837
116.119 15.3438
113.543 14.2863
125.247 15.5208
124.683 14.299
132.643 15.4052
126.64 14.1902
130.028 14.3912
130.434 13.7683
113.77 14.4811
107.787 14.5917
112.172 14.6438
104.703 14.5936
105.385 14.8834
100.78 14.693
94.5704 15.0292
88.1065 14.9706
90.8427 15.2344
100.803 14.8809
89.47 15.0029
88.6473 15.5558
94.3604 15.5074
94.3976 14.775
94.0217 14.4568
104.666 15.7987
103.928 15.1737
105.645 16.1262
103.922 14.1757
103.978 15.0184
103.888 15.0144
94.5334 15.0921
102.116 14.9396
90.4642 14.6817
90.7908 14.6711
94.1386 15.1051
86.065 14.7203
84.7808 15.6224
87.3278 15.4474
82.535 14.992
77.834 14.8493
77.834 14.8193
77.834 15.6345
84.5666 15.5357
87.2582 15.0866
87.2582 15.6083
85.2554 15.1575
85.2554 15.8033
90.3628 15.4466
90.3628 14.8688
84.7258 15.1926
83.5387 15.0716
78.9584 15.0497
83.836 14.7391
86.852 14.8807
94.2912 15.1139
94.7228 14.8461
106.372 15.0852
105.268 14.9148
102.094 14.9776
94.6587 16.164
104.427 14.7793
95.8167 14.7362
92.0853 14.956
90.307 15.1378
92.6434 15.4365
94.3487 15.0661
90.3396 14.8534
94.697 15.2822
99.8972 14.6578
90.6826 15.621
88.4566 15.0794
84.0034 15.1948
84.096 14.4031
89.7667 15.057
94.6522 15.0654
94.6522 15.0594
94.088 15.1126
92.7869 14.8278
95.5255 14.3543
99.7536 15.3254
99.7536 15.4857
98.981 15.936
100.104 14.8812
95.9121 14.8334
95.4661 14.633
98.1708 14.3768
93.8261 14.6706
96.7765 14.5374
104.209 14.2854
96.9685 16.3151
98.595 14.0853
97.9512 15.1848
100.953 15.1884
100.85 15.1934
96.278 15.0543
97.7469 14.0964
98.0164 14.4721
99.1981 15.0288
99.5069 14.6943
93.8541 15.1089
86.1595 14.5667
91.8832 14.9738
84.8753 15.6743
84.8753 15.8847
83.2574 15.7687
78.457 15.6232
84.31 14.844
91.7824 14.787
89.4011 14.5456
91.4424 14.4082
92.925 14.7836
94.9574 15.6078
87.1176 16.1965
91.7148 14.6386
78.3871 15.2751
80.773 15.5641
76.6819 15.4456
83.3116 14.6203
84.6825 14.7098
86.1287 14.5071
91.7738 14.7068
94.343 15.4109
87.0152 15.0458
91.8266 14.7542
87.0862 14.5423
91.271 14.9169
95.0602 14.8637
90.4669 15.342
87.2384 15.0246
85.0819 15.5948
76.9671 15.2835
85.832 14.7941
84.7464 15.3296
92.702 14.9362
83.7488 15.8898
80.535 15.5719
92.1864 15.6496
103.644 14.8681
99.4388 14.4567
100.442 14.9927
100.597 15.6518
108.496 15.0161
106.858 14.4577
102.863 15.2728
99.1914 15.3399
101.929 15.0861
108.352 14.9726
99.5588 14.8331
107.851 14.8404
107.851 14.6234
107.655 15.293
112.451 14.6815
114.987 14.8154
106.464 14.9861
109.805 14.1256
99.7902 14.4292
107.641 16.0351
101.486 15.4678
108.124 14.9739
105.952 15.5559
101.647 14.8631
98.1279 14.7973
96.1113 15.0198
98.6714 14.9625
97.7713 15.4517
97.1781 15.2453
100.936 15.3186
93.4997 14.5838
93.6446 14.3777
96.4084 14.3919
98.176 14.1878
90.078 14.5636
86.8748 14.7997
87.1761 15.2541
87.0502 15.1743
91.4636 14.9607
94.0195 14.9156
87.4815 14.8542
94.2603 14.7378
95.2637 14.9005
97.6212 14.4446
99.4823 14.9119
92.1005 14.4976
92.5154 14.6659
97.075 14.9131
93.5704 15.0616
86.3487 16.1719
83.8671 14.6325
82.0697 14.5347
77.0568 14.2194
82.879 14.9959
84.1669 15.4767
76.4336 15.0119
93.5915 14.8542
97.7618 14.6832
101.268 14.9616
91.8417 14.4649
105.266 15.2497
106.115 14.8123
105.185 15.8402
111.682 14.9432
105.397 14.6555
92.7224 15.2162
93.3682 15.7362
96.4134 14.718
94.7928 15.0786
95.5488 15.6529
98.1761 15.3322
99.8287 15.7532
88.807 15.5109
89.6841 14.9925
88.5522 15.5444
89.2341 14.9095
87.102 15.443
85.4543 14.3376
83.2031 14.8236
95.4148 14.8269
91.0451 15.5619
87.8862 15.4077
97.7968 15.0988
113.07 15.0478
98.4449 15.0806
97.7025 15.1047
100.945 14.9319
98.8561 13.847
96.7863 14.8002
93.6767 14.2797
93.5081 14.7244
91.3998 15.6671
102.414 15.1108
99.4753 15.4528
108.032 15.4791
108.032 15.2927
107.444 15.084
100.639 14.8658
98.6999 15.1825
92.2778 14.5045
97.3444 14.1433
102.43 14.6484
107.854 14.1833
104.955 15.6476
104.955 14.8012
97.01 14.6883
100.536 13.4062
109.983 14.7999
113.133 15.3066
104.364 14.8128
101.012 15.0422
93.1305 15.0829
89.2002 14.6562
89.9386 15.2669
91.2665 14.6974
91.1801 14.8801
92.894 15.22
93.2993 15.125
93.735 14.9828
93.2898 14.596
94.3871 14.4691
90.0382 15.1011
83.2006 15.5197
86.8278 15.491
92.6358 15.1428
93.8021 15.8544
97.3439 15.0268
102.219 14.9168
106.338 14.8656
99.4476 15.1089
95.8007 14.7777
98.1908 14.2282
97.7193 14.8758
96.0342 14.9613
106.675 14.5431
111.754 15.9195
110.476 14.8926
105.389 15.2394
113.631 15.4545
114.631 15.6088
114.705 15.6392
106.768 15.1579
101.759 15.2568
98.5891 14.2136
98.7327 15.4242
98.023 15.248
93.3053 15.5206
96.5114 14.3873
96.3383 15.2483
95.7782 15.3479
105.762 14.3929
105.762 16.3226
105.915 15.9841
101.916 14.9499
100.033 14.2112
92.8344 15.4737
100.714 15.0454
114.467 14.6986
111.621 14.3623
110.876 14.526
110.263 14.2366
124.084 15.3147
113.413 15.2016
115.884 15.4216
114.471 14.8513
118.461 14.7805
121.321 15.5989
116.96 15.0002
118.412 15.7257
113.305 14.6379
107.54 15.5229
96.739 15.0926
103.475 14.7824
104.684 15.647
109.179 14.7966
101.789 15.6068
101.64 15.4704
100.524 15.0235
97.0091 15.8361
108.904 15.7007
109.121 15.1318
103.983 15.8125
103.949 14.5637
106.028 14.8677
100.55 14.6596
103.138 15.1104
111.735 16.0527
111.574 15.2362
108.798 14.7077
102.519 15.1227
95.4636 14.7731
107.731 14.8474
113.821 14.9924
120.045 14.4863
120.045 14.7419
121.833 14.6169
129.55 15.539
132.38 14.8825
125.13 14.5525
108.692 14.6481
109.734 14.8824
98.7214 14.4961
99.6175 14.1301
93.2103 14.647
88.5839 14.7318
83.9674 14.7408
88.7773 14.7229
87.8873 15.3348
93.3857 15.1698
102.112 15.2259
101.84 15.1947
101.973 14.7404
104.012 14.6036
102.156 15.2285
108.903 15.2042
125.99 15.4379
117.257 13.955
112.123 14.6643
113.485 15.2866
113.234 15.4255
116.502 14.8253
116.502 15.5778
111.399 15.5859
111.399 14.4944
112.362 14.6163
113.211 14.6028
113.751 15.121
99.0981 14.9455
101.939 15.5338
106.967 15.4272
103.885 14.6828
96.8818 14.6408
93.513 14.8531
90.5992 14.8433
89.8884 15.0203
90.8112 14.5585
97.1115 15.8122
88.1225 15.5325
81.1385 15.8362
84.5096 15.141
82.1839 15.4337
82.5257 15.3526
92.9841 15.0093
92.9841 14.4896
81.9846 15.6577
89.6138 15.3515
89.9914 15.4676
90.6368 14.9065
93.8495 15.0341
94.3592 15.8612
88.5704 15.9576
87.7579 14.3387
84.4206 15.0808
85.8102 14.7971
84.5624 14.3919
83.3524 15.1071
80.1314 15.0803
81.7468 15.2217
84.1316 14.8711
88.1911 15.3355
87.7295 14.4224
87.4839 14.9382
91.1331 15.1104
96.6109 15.7332
96.019 14.1918
96.7549 14.8284
92.4484 14.7619
87.1842 15.3747
88.1199 14.8667
90.6694 15.6715
97.1261 15.178
94.9846 14.9949
97.3848 14.6807
96.7385 14.1503
90.5884 14.7812
84.6319 14.3468
85.2226 14.6794
90.3779 15.3329
90.3779 14.952
88.4962 15.3875
92.1663 15.5967
89.0348 15.4136
88.3574 14.7166
86.5538 14.5285
84.1106 14.666
82.7941 14.1158
84.9345 13.5099
83.9709 15.5919
84.9598 15.676
80.9985 15.6832
82.9645 14.8503
85.6527 15.3052
85.6527 15.3573
84.7427 15.6687
88.8048 15.659
94.5291 14.2971
95.3325 14.2306
100.041 15.3413
91.772 15.4987
89.5745 14.9584
96.6386 15.6982
98.3314 14.6462
101.186 15.4712
104.522 15.6951
102.289 14.8719
98.2723 15.1133
93.5351 14.9982
96.9282 14.7387
90.1033 15.8935
98.2241 15.2927
93.9885 15.2285
91.3799 14.6686
93.4112 14.8978
91.0903 15.1027
101.66 15.3393
101.66 14.7524
89.7645 15.3422
95.5848 15.2067
107.954 14.8034
99.2494 14.5128
99.788 15.1791
99.6101 15.0273
100.359 14.6169
103.327 14.904
100.562 14.7719
94.6443 14.8531
97.0039 14.4049
95.8414 14.0227
94.4823 15.06
103.859 15.25
103.064 15.612
98.4222 15.3094
107.35 14.8834
101.739 15.1345
101.836 14.8205
106.086 15.3714
109.366 14.6024
102.022 15.0289
104.848 16.2199
110.097 15.0156
100.538 15.2986
107.579 15.0705
99.3081 15.3002
99.3466 14.2704
94.6263 14.5765
91.2819 14.6785
89.2783 14.8036
81.6709 14.5597
75.3317 15.6232
84.8215 14.6196
82.265 15.5023
82.9255 14.2276
83.9101 14.8898
83.9101 14.8513
93.0213 14.2392
94.4082 14.8885
85.8301 15.594
80.5136 15.5313
86.4905 15.2793
86.3325 14.9728
91.5277 15
91.5277 15.4108
82.3488 15.8471
84.3199 15.1641
78.9142 15.3509
81.5868 15.2564
78.5523 14.501
79.8191 14.8417
90.3928 14.6865
87.5047 15.1732
84.7762 15.1211
88.7505 15.6086
80.2261 14.6554
86.699 14.6436
84.7826 15.213
82.6288 14.5901
92.9603 15.2234
101.217 15.3698
99.8191 15.0974
96.9069 15.3484
96.8412 15.6119
90.4256 14.8835
103.452 14.468
103.452 14.9653
97.2719 14.7592
97.528 15.0797
98.6329 15.1432
99.0512 14.9066
101.538 14.2218
99.8915 14.8989
103.351 14.6508
99.0952 15.5369
101.328 14.798
109.221 14.8508
112.12 14.4503
121.345 14.2755
119.848 15.1613
116.159 15.6381
113.954 14.8147
117.133 13.5228
117.133 14.115
117.133 15.8803
111.361 15.4121
119.702 14.6717
122.8 14.935
130.02 14.7862
131.735 15.1488
121.356 13.7765
139.368 15.6941
127.696 15.0563
121.602 15.5043
117.206 15.0352
112.247 14.4819
109.691 15.555
122.01 15.5722
114.938 15.2172
115.635 14.655
114.107 15.7091
107.688 15.0756
121.319 14.0317
134.192 15.412
134.192 14.9031
123.762 14.0143
116.319 15.5706
119.748 15.518
119.703 15.8966
119.52 15.5495
123.724 15.1698
124.357 14.8452
122.759 16.6783
121.066 15.1541
116.582 14.9226
116.582 15.2486
126.951 14.6692
95.0781 15.289
110.541 15.8156
102.342 15.053
103.725 14.2526
97.5017 14.8765
90.3208 14.5662
90.9591 15.1844
93.2198 15.3371
98.6798 15.3454
91.4519 14.9216
86.8651 15.1305
88.5503 14.3594
83.2543 15.0224
81.4277 15.1027
85.1385 15.7678
77.1396 14.6185
80.3814 15.9161
85.7113 14.7932
71.2753 16.1118
71.2753 14.3973
76.0978 15.0427
76.4422 14.5963
73.7146 15.7348
70.4756 15.0861
68.9533 14.7868
68.9533 14.8486
72.0136 14.2954
72.0136 15.4516
72.0136 15.4769
75.297 14.8808
87.188 15.0444
91.9306 14.7673
90.4434 14.8163
90.6105 14.6933
88.2942 14.3921
88.7591 15.6258
85.842 15.559
89.8167 14.7676
95.7968 14.6847
95.7968 14.4503
90.37 14.3257
90.37 14.9643
80.0644 15.2213
88.4526 13.9735
86.2661 14.1442
86.2661 15.0564
92.6909 15.6129
88.5672 15.5697
88.5672 15.3428
89.378 15.4461
84.9902 15.576
74.0587 15.4809
74.825 14.647
82.7939 14.7037
77.4558 14.9742
82.2342 15.6584
81.4038 16.0295
86.2741 15.1814
87.4934 15.3918
84.8094 15.3334
82.6786 15.3271
86.2437 15.4858
93.7277 15.6799
91.108 14.82
90.6651 14.3726
86.0067 14.8046
89.4581 15.0316
100.616 15.6452
92.3365 15.3873
92.4487 15.3455
91.7702 14.5403
88.4685 14.6382
84.0396 14.2574
89.8437 14.8934
88.8948 15.8962
96.8062 15.4589
97.0478 15.3488
91.8687 14.2554
89.6028 14.2004
92.1047 14.07
93.2009 14.4166
81.9261 15.2017
81.9261 15.1363
73.4094 15.0973
71.8515 15.0942
71.8515 14.7821
77.099 14.4417
73.9349 14.2914
73.9349 14.5748
80.4154 15.0746
81.1016 15.0064
79.5982 15.6409
80.3741 14.8004
78.9891 14.8896
83.5355 15.0839
79.7791 15.3649
82.8571 15.054
92.7422 15.0852
96.0608 15.3719
86.6698 15.3596
86.6698 14.8189
89.2648 15.7128
88.0564 13.8935
87.4537 15.5123
88.531 15.0705
87.9931 15.355
82.1927 15.8498
87.8524 15.8424
87.9389 14.5742
88.3239 14.5374
88.7934 14.3064
88.2707 15.3506
84.5869 15.2225
84.5869 15.0818
84.5869 15.0281
90.871 15.433
90.871 15.456
89.8444 15.0627
88.5758 14.0161
93.3502 14.2739
99.9641 14.5901
90.7463 14.6039
94.877 14.5738
90.8445 14.6491
91.9215 14.8631
100.307 14.4168
96.0172 14.7374
90.9259 15.1002
93.4314 15.2346
100.117 14.8706
94.3245 15.244
94.5933 14.9142
94.6271 15.3519
95.6302 14.669
98.1539 14.8783
99.3869 15.1866
93.0708 15.4067
89.9082 14.5761
88.0839 14.5794
89.5381 14.5051
92.3096 15.2855
87.806 15.59
91.2527 14.7265
87.9429 14.4268
90.6518 15.4406
91.0286 14.4326
94.1922 14.5707
95.8269 14.2827
95.0012 14.8148
88.9061 15.0543
91.6296 15.0884
91.776 15.616
96.0106 14.578
89.7973 15.327
95.1165 14.7161
92.0167 14.3628
93.0124 14.1799
95.7581 15.3453
91.155 14.2365
90.5314 15.0817
91.6304 14.5255
92.6828 15.5181
92.5626 14.0594
99.976 14.6432
100.302 15.2949
95.9341 14.7765
105.355 14.4621
96.8444 14.4524
98.0934 15.4255
104.167 15.0193
102.172 14.775
104.814 14.3971
104.814 14.2946
104.89 15.1822
101.346 14.2537
102.257 15.1568
109.58 15.2515
107.803 15.382
99.0458 15.214
96.9645 15.7587
96.8627 15.5273
102.031 15.5349
102.031 15.5348
102.395 15.5465
97.0725 14.8701
103.061 14.9761
99.7695 14.6187
107.864 14.7098
103.597 14.7971
86.1718 13.7681
95.4411 15.0256
93.2715 16.2887
93.2715 15.3516
88.0253 14.6752
75.9464 14.6869
79.1971 14.7126
78.9574 14.7271
78.9574 15.1779
74.3124 14.8062
74.8252 14.3118
66.8125 15.3731
68.9517 14.6596
74.1727 14.7595
78.7523 15.3318
84.9229 14.9927
84.2899 14.9481
83.3919 14.5934
83.0534 15.2777
81.6967 14.8102
80.1575 14.433
80.5943 14.7748
82.3246 14.7065
82.0709 15.7183
86.7794 15.285
87.2527 14.7283
85.279 14.9697
88.9816 14.9908
88.5959 14.9869
85.6369 14.9014
92.4916 14.9022
110.165 14.8379
112.05 14.5871
112.05 14.9277
112.05 14.9695
101.493 15.3716
99.0313 16.0903
92.8686 15.1582
100.819 14.6215
99.4012 14.6164
99.4012 14.9783
110.527 15.0918
116.36 15.109
106.448 14.2195
103.025 14.358
107.504 14.8744
104.93 14.769
97.7236 15.2022
90.6394 14.7594
95.1509 15.527
103.038 14.9955
88.523 15.4106
89.9595 14.7898
94.7326 14.8416
90.7646 15.5069
90.2415 15.4235
86.0112 14.4217
86.4251 13.8833
84.8224 14.8751
91.2668 14.8352
93.025 14.6343
94.0649 14.4203
100.698 15.4128
95.3854 14.8578
108.625 14.8139
111.172 15.0149
114.381 14.7606
106.688 14.72
116.517 16.1036
106.006 15.1144
88.8727 15.4954
87.8663 15.4637
85.5428 15.3566
92.9225 15.3581
99.1695 15.2363
99.1695 15.2701
87.2168 15.2887
82.739 15.5948
84.426 15.3298
85.2653 15.3024
84.1461 15.2956
91.2192 15.4709
87.0543 14.3861
83.8841 14.4096
92.1993 15.4809
87.0116 14.2275
90.2587 14.4724
81.8406 14.1672
92.1379 15.9617
92.1379 15.4862
98.2171 15.1206
101.564 14.9674
102.548 15.2642
106.104 15.6112
100.046 15.5564
97.0494 15.0883
95.8279 15.2419
86.7396 14.9951
86.7396 14.5856
83.7858 16.0355
84.8293 14.7705
77.6927 14.6836
77.6927 15.882
77.6927 15.5252
76.0447 14.8226
76.0447 14.8611
77.0948 15.1335
76.2005 15.0982
76.4839 15.1808
82.7603 14.631
83.1668 15.0957
87.3758 15.8457
87.3404 15.5266
89.3233 14.5052
92.4714 14.4633
100.739 14.1505
104.09 14.5401
102.757 13.7773
94.6494 13.9053
90.5377 14.7814
83.9137 15.4306
85.9704 15.2421
90.4255 14.9657
90.7455 15.6087
92.0066 15.993
88.8301 15.4978
104.697 14.9016
110.366 14.7269
112.955 14.2188
112.991 15.247
106.872 14.6147
99.0123 15.8803
99.3676 15.0164
95.3442 15.7644
92.7234 14.872
85.766 13.9486
86.8991 14.5007
82.2262 15.4949
77.7683 15.2965
77.621 15.3271
78.2233 14.6866
76.3038 15.1626
77.3168 14.9963
72.0081 14.463
76.5198 15.2749
77.4793 14.9351
81.1349 14.8391
77.8265 14.849
80.5329 14.6295
73.9899 14.8539
77.8181 15.5744
77.0669 14.8808
77.5635 15.5569
72.0912 15.7857
80.5624 15.4047
81.1989 14.915
82.0459 15.022
78.3705 15.309
76.9644 15.1013
81.49 15.454
82.889 14.8941
86.4278 15.4129
77.3343 15.455
81.8073 15.304
82.191 15.4609
85.3486 15.2652
88.3763 15.5365
85.5188 15.1252
78.1139 15.5349
78.6825 14.5311
77.2689 14.3811
77.2689 14.7329
90.1982 15.1172
83.0326 14.8071
93.1156 14.4994
92.4595 14.6591
97.775 14.6227
97.4072 14.9005
96.7769 15.4409
101.844 15.8771
91.7801 15.4805
89.1973 15.0913
81.6787 15.2496
82.3379 15.0567
78.9441 14.6534
83.0236 14.7845
71.7122 15.7797
71.807 14.8046
71.807 15.6213
72.9249 14.754
70.2199 14.3012
72.0523 14.5239
68.0582 14.6508
75.4302 15.1656
74.8396 15.7676
77.4158 14.4146
79.8198 15.2625
79.8198 15.1901
75.8022 15.259
84.3168 15.8389
76.6488 16.1438
83.5692 14.9678
70.6755 15.1011
81.1911 15.0697
81.1377 14.5699
73.8979 15.5135
76.0454 15.1543
75.8831 14.9822
82.2552 14.8014
88.1551 14.8555
85.2344 15.0355
93.7333 15.4697
92.8403 15.5633
83.7165 15.0268
84.2244 14.9821
93.7194 15.546
98.451 15.0206
104.088 15.3618
96.261 15.9431
94.1885 15.2698
101.636 14.5064
98.3544 14.4892
97.2923 15.1554
92.2979 14.1598
100.257 14.572
97.8515 14.5593
111.483 14.2931
102.875 15.385
108.708 15.5384
121.104 15.1004
118.922 14.7403
111.998 14.6418
111.998 14.7007
105.523 14.3526
100.785 14.5884
99.5017 15.0393
97.1048 15.6297
98.5501 15.5578
98.5501 15.056
99.4433 15.2888
101.847 15.5279
99.2208 14.737
100.822 14.2319
102.632 14.9312
107.314 14.8921
105.224 15.059
104.827 15.7505
100.506 16.0274
106.559 15.5001
86.6494 14.8508
102.682 14.9891
96.4528 15.9237
102.921 14.6326
109.574 15.0506
111.378 14.5508
100.435 15.9023
98.7977 16.2941
98.4768 15.3323
100.4 14.3596
100.262 15.2822
102.857 14.9398
98.0437 14.5476
97.2035 14.5622
99.1945 14.3296
102.319 14.1929
104.418 14.3592
103.733 14.7612
103.839 14.7057
107.014 14.4965
107.997 16.0384
107.867 14.8517
101.574 15.5626
105.898 15.2037
103.251 15.4541
105.615 13.9582
101.055 14.3265
100.764 14.7906
102.231 15.9783
99.5111 14.9866
102.585 14.6652
98.2416 15.3284
92.4397 14.3388
94.9638 14.0451
96.0217 14.1628
96.6683 14.8105
98.0482 14.9396
101.469 15.2392
99.3534 14.8363
96.5844 14.7946
91.355 15.4865
90.8096 15.061
95.528 13.8902
91.0692 14.7677
90.7215 15.2963
96.9713 14.2184
92.9437 15.5599
97.4892 14.5083
96.8178 15.4358
94.7501 14.7338
88.2192 14.7369
88.0679 15.4733
93.6543 14.5576
89.3963 15.5145
92.0717 15.345
87.8175 15.2407
99.1292 15.222
104.61 14.8928
92.646 15.1111
89.842 15.2396
103.551 14.8691
100.375 14.418
104.708 14.8014
112.841 14.1584
106.843 14.741
95.156 14.0662
102.204 14.5361
97.1818 14.4194
95.7276 15.1574
94.3676 15.6424
93.0626 15.0633
93.3221 15.3994
95.7456 15.2808
86.9596 15.8417
86.9596 15.681
81.5113 15.3125
72.1299 15.3844
76.9651 14.8355
79.3029 14.8014
79.3029 15.1666
72.6944 15.2594
72.6944 14.7762
72.6944 14.9967
78.498 15.0645
91.454 14.3185
75.1051 15.1357
84.7888 15.0099
83.134 14.4797
88.594 14.3778
90.0702 15.5522
81.6626 15.1724
90.6397 15.557
90.041 14.6295
84.2984 15.6665
84.916 15.5267
85.1475 15.6211
86.674 15.746
83.7729 14.5676
86.2196 14.5743
92.1864 14.9634
94.8297 14.575
100.413 15.8158
105.703 15.0245
110.068 15.669
110.333 14.2665
113.9 15.3527
115.633 15.4772
115.633 15.0133
104.119 15.4352
109.23 15.0014
103.377 14.7736
104.013 15.0457
106.388 14.2179
102.875 14.7416
102.875 14.9954
101.417 14.874
101.077 14.8385
105.33 14.7937
100.217 14.3227
98.9262 13.8179
94.9792 14.5094
95.9336 14.8062
99.1053 14.6993
98.1972 15.187
97.661 15.4934
87.881 14.299
100.601 14.1105
87.9191 15.5476
90.9635 14.7177
93.2283 14.8243
88.2515 15.0287
90.9503 15.4197
93.9808 15.6295
91.5172 15.7102
95.6494 13.9907
93.4998 15.3393
97.8357 15.5239
97.388 15.0843
101.895 15.8092
104.503 15.1688
95.126 14.5106
92.6247 14.2155
102.535 14.6898
98.6235 14.8669
100.348 15.3088
110.144 14.515
103.217 14.6368
92.8441 15.1407
96.1505 15.64
99.6725 14.4772
92.5741 15.3934
90.4774 14.7653
76.9885 15.2429
80.5859 14.9288
78.6132 14.9391
81.9246 15.1058
83.5065 14.6357
82.2126 14.4129
89.8216 14.9744
93.6776 14.8274
92.749 14.5283
88.9917 15.3724
100.636 16.043
101.169 14.5975
108.507 15.1392
109.388 15.7752
114.603 15.6074
116.671 14.6394
119.298 15.0127
116.325 15.5147
97.8828 15.5447
98.1454 15.0725
102.685 15.4541
101.772 15.2213
93.6317 15.3233
96.5061 15.6804
93.8417 14.5113
89.4508 14.8978
85.984 14.5959
87.926 15.4099
90.8068 14.4543
90.8068 14.0254
94.3194 14.3449
86.1876 14.9329
88.7084 14.8894
86.2341 15.1958
90.3406 14.3757
95.1421 14.4821
92.2189 14.7788
110.148 15.1781
111.866 14.9176
118.264 15.402
118.264 15.5621
113.368 15.1434
128.477 15.6037
131.08 14.1424
131.08 14.894
131.08 14.9057
103.372 14.7866
104.797 14.5638
102.603 14.4764
93.6865 15.1911
101.03 15.7036
89.6994 15.0879
89.586 15.2912
85.2142 15.7359
83.7487 15.4005
86.2124 15.2818
90.9168 15.5637
84.3493 15.0146
90.5064 14.7704
85.3545 14.1252
89.8337 14.3728
94.3131 14.6517
91.1748 15.5069
89.5328 14.5549
93.2387 15.4214
99.1721 14.9325
93.4637 15.036
93.1561 15.3989
98.6594 15.3763
95.7003 14.477
99.3903 14.7311
96.588 15.4193
103.313 15.1441
105.454 15.2426
108.783 15.4575
106.328 14.5381
101.838 14.5107
102.414 15.3272
99.2843 15.1061
98.6219 15.663
94.6387 15.7991
89.9985 14.5405
94.35 15.6633
105.245 14.768
112.334 14.5409
111.459 14.579
106.455 15.5884
108.392 15.302
102.063 14.8738
98.7326 15.1637
92.4293 15.7346
91.9609 14.3185
95.6304 14.5285
95.759 14.8931
95.7549 14.6871
94.746 15.8178
95.3006 16.3986
97.4143 15.1124
96.3601 15.1437
96.4588 15.5734
94.4934 14.4208
94.1044 15.0832
94.9411 15.1674
91.5299 14.7559
95.0998 15.0055
98.7856 15.1965
104.852 14.7279
108.191 14.9468
108.128 15.7198
105.678 15.7359
105.229 15.0792
105.624 15.3597
101.336 15.1244
100.38 14.8586
94.6344 14.7786
100.228 14.8101
104.757 14.7031
104.189 14.7171
113.351 14.7119
112.301 14.7006
115.615 14.4548
112.898 14.7525
115.745 14.9844
114.305 14.5289
115.95 14.9127
109.947 15.2479
109.048 14.6703
102.871 16.378
115.662 15.3254
115.662 15.707
115.662 15.0386
109.885 15.0109
108.625 15.3441
98.1621 16.1195
96.248 15.5055
94.0187 15.1255
97.453 15.1401
92.6064 15.2592
88.6186 15.1744
101.679 15.7047
92.8343 15.6497
92.2291 15.8399
86.7386 14.555
78.9171 16.0388
84.6351 15.4285
83.5677 15.8215
89.109 15.0252
84.8177 14.8518
81.7962 14.7333
74.8212 14.356
74.8212 15.517
74.8212 15.2589
79.3928 14.8144
75.7474 14.3454
82.7674 14.5515
84.0519 15.2646
92.3517 15.9552
89.7947 15.2962
93.7871 15.3786
100.51 15.3725
122.785 15.1304
124.329 15.4215
126.965 15.1783
117.202 14.6072
119.655 15.0424
114.61 15.0877
115.215 15.0147
118.714 15.2239
112.212 15.0974
108.966 15.4137
101.414 15.8866
92.1174 14.9546
98.9816 14.595
92.2035 14.4481
99.2079 15.1296
93.6538 15.2199
99.0589 15.5723
99.0589 15.6139
107.743 15.5917
97.7461 15.2716
91.3809 14.9546
91.9721 15.2904
90.6078 15.1223
89.3933 15.2057
88.3326 15.0122
95.6218 14.8327
96.1727 14.4018
95.3267 14.2584
91.6389 15.7601
95.858 15.4935
95.9486 14.8719
100.101 15.0469
98.7452 15.1543
96.211 14.4519
94.9156 14.1199
99.5708 15.5107
90.9038 15.2547
85.2703 15.2528
88.4464 14.495
84.5395 13.4733
87.1429 15.1342
88.1465 14.3222
88.1465 14.1984
83.6408 14.7532
82.871 14.8689
92.8673 16.0925
91.2391 14.7823
85.2862 15.0385
88.3244 15.4858
88.3334 14.8502
80.1416 15.3081
77.0249 15.0578
76.916 15.8035
73.3634 15.078
71.61 15.2682
69.1067 15.2062
68.8677 15.2333
73.3067 14.4304
73.3067 15.3777
77.3287 15.2551
83.4129 14.8562
82.8901 15.5814
86.2077 15.3139
79.4354 15.0908
92.778 14.973
95.1202 14.9539
90.8007 15.48
83.3014 16.6323
83.3014 14.9749
84.1735 14.6253
84.1735 15.8439
95.912 15.7011
100.974 14.2687
95.2388 14.5107
88.8376 14.9454
91.2226 15.1648
100.176 14.2887
105.894 14.7208
90.047 15.1903
98.5175 14.8922
101.385 15.0594
97.12 15.1543
105.199 15.1101
95.083 14.5548
109.507 14.3985
108.184 14.9092
108.512 14.5725
102.715 14.5414
93.7606 14.2073
96.4449 15.2142
93.2149 15.3941
88.7349 15.4902
85.9636 15.5401
82.7405 15.764
82.4306 15.8354
76.3677 15.341
78.1309 14.3952
73.6523 15.6722
79.5189 14.8106
78.4221 14.2291
71.6131 14.6256
71.3422 15.4392
77.2492 14.2492
76.8791 14.3763
78.7369 15.0488
85.3222 14.3189
89.6952 15.9358
79.621 14.3744
81.2031 15.6136
76.9263 14.423
74.7071 14.9961
71.6429 14.6958
78.7177 15.2809
78.7177 14.7691
78.7177 14.9979
82.1212 14.2399
89.8414 14.5573
93.3296 15.3576
93.4388 14.9187
92.9451 14.1142
95.4283 15.7787
93.5287 14.455
91.0126 14.0349
95.271 14.9316
95.1536 14.0176
104.499 15.1514
108.592 15.1976
102.638 16.0411
97.6112 15.799
111.274 14.9198
112.804 15.6208
120.52 14.3551
124.046 14.969
134.726 15.3729
134.726 14.8347
134.726 15.0606
134.726 15.3797
138.944 15.3713
136.429 14.6426
136.429 14.1999
132.325 14.5265
154.774 14.4804
150.635 14.6924
143.868 14.6788
141.5 14.9839
140.572 14.8568
143.306 15.1274
141.074 14.8716
141.541 15.934
126.002 15.6432
127.729 14.9481
130.895 14.8709
125.189 14.8329
114.44 14.9499
85.9577 15.1167
99.6382 15.0749
100.377 15.964
99.9008 14.8373
91.8109 14.3033
85.7403 15.653
91.0921 14.736
86.9779 14.7669
82.6963 14.5008
78.7945 14.4781
78.7945 14.6182
79.8876 15.2621
69.3318 14.6933
72.4683 14.2953
72.8773 15.0022
79.6051 15.2136
80.4795 15.3119
79.2541 15.5069
84.962 14.7089
85.9083 15.4594
85.6711 14.6037
91.9467 14.463
90.7498 14.4564
93.0603 14.4604
86.3908 14.4264
83.1397 14.5513
83.1579 14.8655
90.7282 14.4285
91.3524 14.9231
101.465 14.8657
95.4154 14.6256
100.038 15.3414
111.693 14.7129
108.982 14.4534
104.39 14.8264
100.178 14.7027
94.6963 15.4863
87.8467 15.1028
86.8298 15.2512
77.5644 15.9162
76.8809 15.3641
80.2772 14.4235
81.411 14.9849
77.9526 14.9077
74.6045 15.7974
76.1568 15.3556
82.0011 15.0256
85.1656 14.3746
85.6453 14.9763
104.594 15.7001
98.9648 15.0033
98.4332 15.1272
95.421 14.6086
81.1148 16.095
86.2413 14.8563
88.2394 14.6262
83.3098 13.8942
78.8874 15.2
80.3971 15.1801
84.8719 14.3991
85.6051 14.2219
86.9655 14.6591
89.4092 15.1718
83.1283 14.8874
82.1566 14.9845
91.5661 15.7035
84.1696 14.5828
77.7892 14.8633
79.474 14.8465
79.8972 14.9697
82.6881 15.5943
83.6036 15.1346
80.5751 14.4146
83.6613 14.2799
84.9644 14.2881
87.1728 14.2718
88.4439 14.9951
84.2152 14.8072
82.2559 15.194
86.2811 15.7109
91.873 15.2185
84.4222 14.801
92.5804 15.342
99.5466 14.7369
102.947 14.6768
99.5487 14.6975
107.026 15.447
112.004 15.8939
113.217 14.5463
116.621 14.4779
115.265 14.3097
121.285 14.9348
117.963 14.8774
107.62 15.5623
106.867 14.228
98.8289 14.5469
105.55 14.1647
101.477 15.3411
99.1654 15.2466
94.1285 14.9864
88.8466 15.9888
96.709 14.69
99.4826 15.3249
98.4987 15.841
94.603 15.1695
93.3019 14.3459
97.3541 14.7946
98.6916 15.0628
102.281 14.7471
102.584 15.5292
102.018 15.2645
94.2148 15.4425
89.7362 15.1697
85.6604 15.1929
94.2292 15.2411
100.07 15.943
100.65 15.0864
117.399 14.3567
114.386 15.0989
117.706 15.2388
113.898 15.8022
112.544 15.2618
123.096 15.0158
127.75 15.0182
133.4 14.7635
127.049 15.5506
115.749 15.0337
121.169 15.2661
121.169 15.3617
116.395 14.8107
114.968 15.5131
109.116 15.4042
115.828 15.3267
101.664 14.8233
104.249 14.58
103.949 15.937
95.8618 15.3576
99.9806 15.3282
87.96 15.4377
91.7691 15.1167
87.5041 15.0686
84.0202 14.5446
83.9557 15.3659
84.0744 14.7108
84.1167 14.4591
82.7774 15.2966
81.1756 15.4867
75.7367 14.9166
79.161 15.2534
82.8551 14.1165
89.6441 14.4766
87.9947 15.5685
79.7556 15.0169
81.1384 15.1947
81.7362 14.5912
80.4821 14.4956
79.0425 14.7944
83.6788 15.0108
84.6357 14.5544
91.5527 14.9478
95.0507 14.7398
92.6225 14.6517
88.3584 14.7625
83.4378 14.8489
93.8224 15.4898
85.3839 14.5052
84.027 15.2656
82.4129 14.8022
81.0396 15.746
80.3952 15.1333
84.235 15.0378
83.6203 14.2512
82.3999 14.4221
79.8355 14.7975
67.4749 15.8872
78.6214 14.7091
79.7181 14.7315
77.6884 14.4499
75.4682 15.1341
74.1908 15.2061
71.6541 15.2667
69.9831 15.7212
71.1984 15.6166
68.5933 15.4259
69.5575 14.9337
65.9068 14.6822
65.9068 14.4775
67.3877 14.9962
67.3877 15.6791
69.1975 15.7358
74.6447 15.0071
65.4995 15.0888
67.3475 14.7757
70.7639 14.1248
82.4619 15.3403
84.3453 14.7105
86.612 15.2405
79.9061 15.0843
89.5331 14.836
106.362 15.0901
111.788 15.1765
122.029 15.2133
122.029 14.7461
121.707 15.4484
114.762 15.5136
92.7583 15.5244
97.3681 16.0346
102.26 16.0899
110.372 14.6717
105.991 15.3355
96.7625 15.6102
95.2988 15.7986
97.7665 14.5797
101.649 14.8151
95.3503 15.2876
95.2708 15.3207
92.245 15.2668
91.0661 14.7385
86.8305 15.3972
88.8627 14.5494
84.7405 15.2221
88.786 14.5982
87.26 16.1402
84.3368 15.6889
81.4141 14.8681
81.8348 15.1125
86.2996 15.064
93.6354 13.8962
88.2278 15.0801
84.5612 14.5216
75.7173 15.8795
75.7997 14.7178
76.9365 15.5193
75.7093 15.0832
83.6058 15.0322
82.4134 15.296
80.2209 14.5507
80.2209 15.0318
82.4529 15.3468
81.5012 14.7318
79.6629 15.0157
83.4378 16.1348
88.7853 14.9989
79.8772 14.6322
89.3476 14.7182
88.0528 14.2708
89.5229 14.7369
84.3459 15.0773
88.4988 14.6046
88.5023 14.8875
81.7803 15.2988
80.065 14.9947
82.7591 15.2053
88.3279 14.1139
93.0414 14.6532
88.6106 15.6417
81.2331 15.0433
81.2331 15.2294
85.2325 14.7283
83.0813 14.8276
86.9068 14.6599
86.9068 15.3915
82.1629 15.4768
82.1629 14.3361
92.1176 14.5622
86.8603 15.3617
90.9545 15.1151
90.6132 15.1904
89.9551 16.1697
97.3337 15.6527
86.074 15.0107
90.4135 14.9674
95.5794 14.4928
93.2482 15.264
92.4908 14.5199
94.2717 14.8284
93.7725 14.398
92.8957 14.0379
95.3219 13.5269
101.811 14.4065
101.342 15.3385
94.881 15.2466
92.7663 14.8072
85.9278 15.195
93.6184 14.9518
90.1629 15.3709
89.3885 16.4402
89.314 14.8751
90.6012 16.2042
109.135 15.7263
111.945 14.9353
103.409 14.6561
104.557 14.039
103.713 15.0869
105.621 14.11
106.033 15.7322
115.152 16.5082
126.861 15.5625
122.351 15.6841
119.586 15.2497
116.978 14.3376
116.978 14.3947
108.281 14.4751
106.187 15.6223
106.081 15.8614
106.597 14.6182
117.008 14.6743
110.032 15.076
110.484 15.7593
119.712 14.8088
116.969 14.8532
116.969 15.3219
117.972 14.9431
126.303 15.1585
114.503 15.0804
112.303 15.2996
117.685 14.0523
123.579 14.804
123.579 14.9885
119.252 15.1626
121.447 15.1427
117.273 15.3046
117.131 15.1888
108.7 14.8495
112.839 14.5899
117.816 15.1472
122.186 16.2287
122.979 15.2249
145.004 14.3548
133.334 16.2481
121.197 14.6739
106.158 15.4883
100.072 15.2326
93.4582 15.2769
95.7235 15.6252
91.1188 15.1084
90.9637 15.2387
90.1254 15.4873
92.7063 15.1936
99.6935 14.715
98.1892 14.8282
97.9949 15.1647
97.9216 14.7038
105.242 14.72
109.258 15.3121
109.258 16.252
107.901 15.5682
109.33 15.8998
109.33 15.4864
103.492 14.9565
103.492 15.118
100.058 14.96
97.6425 15.1399
101.077 14.7087
103.958 16.1311
103.604 15.2493
105.275 14.3481
103.465 14.5928
101.975 15.8727
103.876 14.4028
100.685 15.4074
99.3742 14.7531
95.2201 15.1653
97.9676 15.6747
101.932 14.9764
97.9821 14.0687
96.8393 15.4579
90.6751 15.6312
91.4521 14.2358
91.4521 15.2537
95.4374 14.7216
88.0814 14.5372
91.6876 14.4585
93.6973 15.0979
102.341 15.9995
110.912 15.8302
100.291 15.5307
103.872 15.159
96.1986 15.5629
91.08 14.8467
91.08 14.8077
91.6172 14.7257
87.3161 14.8117
93.4443 15.2627
91.1346 13.9811
92.4258 14.6855
94.5846 14.6604
96.1239 14.9658
85.1863 14.9916
87.9202 14.8842
91.2928 15.5424
85.6148 15.5666
82.5018 14.5964
95.5451 15.0281
95.6864 14.5366
91.0469 14.781
88.9002 14.9483
85.3716 15.3012
79.5657 15.2107
81.492 15.3839
90.8555 14.7048
91.085 15.7256
97.7885 15.6367
89.7967 14.527
92.7446 14.89
89.7207 15.7023
89.7967 15.3389
94.1194 14.9203
94.4591 15.1265
94.4591 15.5962
89.6129 15.6116
91.068 15.2294
94.1363 15.0117
99.7778 14.9733
95.3449 13.9946
101.502 15.2093
106.455 14.037
99.9338 14.5524
97.7574 15.0424
103.277 14.4031
93.3502 14.3983
86.7674 16.2428
87.8154 14.1029
90.1394 14.7877
94.5007 15.5118
97.0115 15.2903
92.4909 15.1285
92.4909 15.3149
89.3934 14.619
88.0033 14.7585
91.6044 14.4588
91.6044 15.997
92.9696 14.753
85.5355 15.8976
87.697 15.2491
99.4977 14.8501
100.304 15.0745
100.307 15.0781
109.377 14.8057
112.654 15.4984
110.066 14.2417
111.126 15.0082
119.73 15.8092
116.641 14.3754
116.641 14.6024
106.947 14.6587
101.761 15.2578
99.8447 15.282
97.6743 15.3764
90.4275 15.3464
87.0201 14.2488
88.2266 14.3904
84.9105 14.4947
86.3633 15.5192
90.6955 15.1307
88.8909 15.4303
90.937 15.6294
90.8827 15.1024
93.5774 15.6003
93.9646 15.8045
106.409 15.1193
108.908 14.8694
111.6 14.8939
108.768 14.5256
107.18 14.737
122.913 14.6525
117.804 14.6398
135.26 14.6351
136.97 14.602
133.754 14.6064
123.508 14.6222
102.602 14.625
122.219 14.3026
118.487 14.4636
113.359 15.3496
108.01 16.153
105.258 15.0642
99.0583 14.7838
103.481 14.822
105.723 14.7633
106.587 14.6237
105.164 14.7026
104.575 14.6565
108.82 14.8514
99.1026 14.6197
110.976 15.0606
107.561 15.0035
114.278 14.6986
107.464 14.6829
110.455 15.2618
122.359 14.2876
109.615 14.8298
112.556 13.9083
95.6307 14.7783
95.6307 14.8413
97.9399 15.67
90.0481 15.3874
91.3603 15.4335
93.8273 14.8711
93.8273 15.4888
89.3026 15.5708
79.4298 15.0026
84.3927 15.0412
84.2659 14.6244
93.2156 14.6513
93.2156 15.1976
106.51 14.4099
99.1639 15.1152
98.8787 15.4841
100.82 14.2169
100.82 15.7552
96.4003 15.2542
100.537 14.0772
100.537 15.7425
109.302 15.4319
107.723 14.2116
107.723 15.0635
102.648 14.8118
110.403 15.0729
116.582 14.9233
122.292 14.584
127.226 15.0876
127.226 15.3179
127.226 14.8049
120.507 15.5843
112.699 15.6746
105.637 15.6733
107.575 14.794
109.463 14.93
106.657 14.6294
103.149 14.8085
96.8213 15.0062
95.8859 15.1599
98.8097 14.4105
99.6285 14.7201
103.731 15.3988
105.195 14.0787
107.807 14.3523
110.644 15.1592
110.791 15.6283
100.081 14.9153
99.5909 15.5981
93.5026 15.5661
97.4252 14.6093
89.897 15.0486
93.08 15.3256
85.3171 15.5802
87.9023 14.7425
91.8313 15.7501
94.368 14.7159
91.8862 15.9597
95.3981 15.1068
84.8235 15.1511
87.3402 15.2321
87.0749 14.5856
88.4348 14.264
92.3314 14.3703
98.5053 15.0517
98.5053 14.4372
98.8298 14.732
88.0464 15.0817
90.6011 15.2057
92.5171 15.0634
94.0313 15.2488
95.3388 15.132
89.7343 15.2669
89.619 15.1578
87.4545 15.1005
86.2669 14.8599
80.7628 13.9436
84.0603 15.9632
84.0768 14.5309
88.8802 14.6513
88.4045 15.7661
88.2366 15.1824
84.339 15.2816
91.2645 15.1035
88.6294 16.127
98.86 14.478
107.645 14.7666
109.188 15.5917
109.283 14.8191
104.677 14.8635
97.4999 14.5212
91.2545 14.4517
100.547 14.9528
93.837 15.6055
93.9659 15.3351
93.0322 15.7104
91.5213 15.5003
91.0473 15.4809
90.8158 14.9151
94.2651 14.635
92.4873 15.0315
88.0924 15.1223
98.3169 15.5187
103.692 15.1932
109.199 14.2581
100.255 14.0025
98.9454 14.6785
93.0606 15.3354
89.189 14.792
86.8724 15.6076
77.8746 14.7854
81.4709 15.1552
78.8512 14.9912
79.1228 15.1239
79.0213 15.3541
76.5652 14.953
75.7199 15.7442
75.5366 13.8466
73.7407 14.6323
80.8416 14.8732
83.5708 14.715
79.5745 14.9013
75.366 14.4797
75.366 14.8817
76.2097 16.1814
72.0421 14.1708
75.9665 14.2278
77.3573 14.6966
71.8959 15.3032
71.8959 14.3633
71.8959 15.7347
66.1916 15.3764
66.1916 14.4145
66.1916 14.9607
67.0437 15.2668
66.3303 15.8269
66.3303 15.1088
71.5661 15.1346
68.532 15.071
62.8507 15.7218
62.8507 15.3891
62.8507 14.1696
68.37 15.2839
68.37 15.0806
68.37 14.549
68.37 14.6056
67.1431 14.7952
67.1431 14.8574
69.4307 15.2463
69.4307 15.1471
69.4307 15.2828
66.2757 15.2274
66.2757 15.8642
73.8375 15.0127
75.2181 14.9646
74.5319 15.3888
74.5319 15.2084
72.9215 14.8038
71.9964 14.4216
71.9964 15.614
69.308 14.6171
74.1372 14.4121
74.1372 13.8474
76.3033 15.248
86.519 15.1378
72.9066 14.9979
72.9066 15.5519
76.9861 14.3258
80.0901 14.7571
80.4286 14.7984
80.4286 14.2715
75.9964 14.3419
71.4686 15.0421
71.4686 14.9186
61.4216 14.6224
64.2774 15.0137
64.2774 15.1838
66.823 15.4023
66.823 16.3534
69.5632 15.9136
77.7719 14.911
74.0196 15.3217
78.2018 15.4856
78.5016 15.3111
79.2571 15.8538
87.8046 14.9457
94.8944 14.9216
98.4017 14.4698
99.9615 15.2268
93.7144 14.7385
112.101 14.9771
111.357 14.9271
108.565 15.1571
103.988 16.1962
107.616 14.6062
111.136 15.1815
108.071 15.144
102.756 15.3665
101.239 15.382
97.0911 15.1487
98.1779 14.9931
90.8989 14.936
100.073 14.9424
97.2823 15.669
98.0638 13.897
97.9127 14.8027
96.5749 14.9755
99.1937 15.1601
91.1576 15.2025
94.8031 14.9003
100.599 15.5204
99.358 14.8206
103.078 14.6268
105.19 14.8706
94.4132 15.023
105.485 14.5112
103.731 14.6339
112.38 15.1664
105.565 16.7191
112.495 15.4479
115.257 15.3833
115.726 15.5017
114.363 15.9266
115.084 14.742
110.203 14.7942
111.404 15.2584
122.094 14.343
117.121 14.2119
116.407 14.1903
113.29 14.2418
99.2022 14.3418
101.523 14.287
101.523 14.5258
95.3025 14.6071
92.1434 16.4198
93.1943 15.5917
94.5496 14.8009
101.128 14.1105
104.398 14.6856
104.156 14.2885
103.279 15.1292
100.425 15.4477
96.8232 14.9923
109.334 14.5845
107.628 15.3514
107.98 15.1522
110.485 15.3325
100.744 14.7334
105.474 15.1158
97.2555 15.4069
95.3693 14.5816
89.9813 15.6987
92.029 14.9074
95.4869 14.419
91.0108 15.3595
78.1152 15.4855
74.9147 15.3374
76.4598 15.37
81.9324 15.3914
78.5479 15.4196
79.6394 16.7912
83.664 15.9358
78.5032 15.4992
83.9533 14.7697
85.3102 14.5143
81.8136 14.5896
78.3144 15.571
81.074 15.0519
74.3556 14.8064
80.1785 14.7315
79.9241 14.6313
82.1746 14.6708
85.2966 14.9509
84.3988 15.0202
83.272 14.7094
86.6156 14.7484
86.2715 14.7366
92.8132 14.7395
92.8132 14.7453
99.6786 14.6979
97.0227 14.8052
97.5849 14.6038
93.4639 14.6457
95.9527 15.3284
86.8013 16.0197
86.8013 14.8272
90.0226 15.1083
98.211 15.2919
93.3781 15.1997
89.375 15.0325
90.3894 14.8992
91.8903 15.1111
94.1141 15.3163
85.9709 15.2226
86.775 14.6707
88.7416 14.6447
88.9168 15.018
87.3631 15.4519
90.5442 15.0166
96.2899 14.3169
101.536 15.5548
101.883 15.011
120.285 16.3269
120.036 14.8654
120.115 13.6281
110.85 14.7972
110.391 14.6399
113.147 14.6755
110.945 14.707
108.658 14.6157
99.1179 15.3486
101.153 15.108
99.5702 15.3097
101.152 14.4239
97.5716 15.0513
111.851 15.0163
106.292 15.2236
103.99 15.6186
102.64 14.9432
101.362 14.7212
96.7167 14.9308
93.2276 15.1301
92.4532 14.5725
98.6148 14.4027
94.4467 14.7991
85.2986 15.1155
90.4659 14.7337
90.9214 15.0974
97.9098 15.6421
104.593 15.4738
113.218 14.9824
118.573 15.037
104.68 15.3734
103.94 15.0082
103.513 15.0602
101.444 15.0104
102.226 14.8587
100.429 14.6347
104.39 14.4428
117.754 14.8672
117.925 14.6408
109.49 15.0986
104.254 14.8701
100.22 14.8585
97.5872 14.8396
108.77 15.0956
101.412 15.0098
103.27 14.6167
102.757 15.5999
103.536 14.7247
104.366 14.6741
101.155 15.4996
103.39 15.1281
106.668 14.5196
106.657 15.1803
93.8082 15.2053
96.7681 14.8769
90.002 15.6633
88.0623 15.0849
93.3778 15.7214
77.357 15.2342
75.4537 14.9811
75.4537 15.2831
81.3226 15.3136
84.7646 15.0693
85.7905 14.9328
82.7405 14.7336
88.1033 14.6241
82.1417 15.6259
87.0061 14.1024
82.5411 15.487
77.7515 15.4095
77.7515 15.1498
80.9651 15.2753
90.5034 15.1473
86.5615 14.8591
81.2117 15.835
87.0025 15.3597
85.9261 15.2094
86.6968 14.3793
91.5384 15.2748
91.96 14.9899
89.4199 14.7753
85.4873 15.3657
85.8461 15.0562
84.5552 14.8782
90.6095 15.1398
90.0613 15.4099
89.6835 15.2058
89.366 14.5829
86.4308 14.4244
89.2803 14.9807
89.0024 14.9105
94.2647 15.1533
90.8388 13.9839
88.8455 15.5325
90.0653 15.5808
89.4561 15.1836
92.9091 14.4631
93.6402 15.5362
100.977 14.4642
99.0595 14.352
102.848 15.5439
96.1437 14.6188
97.3016 15.1304
92.1135 15.6076
90.8004 14.9591
86.5318 15.7791
84.1713 15.5798
82.9244 14.9266
80.2426 15.0103
85.0829 15.2705
81.561 14.9367
76.6109 15.1595
75.0502 14.826
70.1499 14.3635
72.7404 14.9812
72.0882 15.2639
76.1815 15.4123
69.7034 15.3621
65.9014 14.8541
69.1934 14.4713
68.435 14.3095
67.4475 14.5216
67.4475 15.2684
67.7924 16.0089
67.7924 15.4292
67.7924 15.2316
69.5782 16.3557
67.1972 14.738
67.1972 15.0758
64.9978 15.9101
64.3728 15.9678
69.7211 15.5097
68.5049 15.5046
68.5049 15.2366
68.5049 15.1241
62.8362 15.1789
63.9807 14.7385
61.6438 14.8044
59.4593 15.2556
64.1761 14.719
70.4513 14.7469
68.1052 15.2146
74.5419 14.559
81.4001 14.3046
79.5946 15.0991
75.0088 15.1681
72.2526 15.448
73.2129 14.3731
73.0795 15.0534
77.8465 14.7414
82.8549 14.576
81.6566 14.7384
86.2637 14.7129
87.3534 14.9652
87.7461 15.3855
86.1679 15.1528
86.1679 14.5294
85.4691 14.9513
87.8855 14.4221
88.5881 15.1782
87.5005 15.6843
83.4606 15.2847
84.6478 14.3747
86.8574 14.4624
84.1268 14.4183
89.9455 14.5827
79.4055 14.6268
79.4055 14.9127
79.4055 15.6043
89.0281 14.6492
89.0281 15.0589
89.0281 15.1442
89.0281 14.5379
88.6736 14.5569
81.5512 15.1792
78.8432 14.7909
87.0321 14.7194
93.4339 15.8955
94.8233 15.2781
89.8116 14.4517
91.5816 15.3666
82.5114 15.4524
85.1535 14.9428
76.7826 14.5894
76.7826 15.6254
78.7858 14.941
78.4455 14.9741
78.4455 15.3805
78.0103 14.5906
82.5547 14.2664
84.3445 14.6326
80.4543 14.953
84.0581 14.5729
81.6278 15.0114
82.1517 14.9854
88.9127 14.9142
87.222 14.277
88.9167 14.5612
89.5688 14.7674
92.1756 15.1056
92.0597 15.3367
93.0158 14.8837
93.541 15.3588
96.4709 15.6053
88.3779 15.4248
90.8307 15.4573
90.9987 15.2932
86.7886 15.2503
96.4258 15.1886
102.513 15.2921
99.538 15.382
104.073 14.9411
100.844 15.4763
117.015 15.3864
112.756 14.348
117.918 15.5333
106.352 15.4205
106.435 15.2409
108.501 15.4057
108.501 15.0359
109.467 14.7436
106.961 15.4328
98.5257 16.2474
98.7925 16.0016
91.0804 15.1778
92.0269 15.1288
92.8068 15.1427
92.0568 14.1029
88.407 16.2829
92.1565 15.416
89.9238 16.3492
92.23 14.9972
88.1805 15.0872
89.693 13.8749
86.8707 14.7153
87.6117 15.3201
94.4182 14.4811
91.9359 15.1097
87.6632 15.2531
82.7545 14.6221
83.7296 15.5236
83.8415 14.9642
85.5469 15.1549
85.2344 15.4106
87.8995 14.9431
84.619 15.075
94.5855 15.0515
96.9556 14.198
101.745 14.7127
109.505 15.4907
106.995 15.1344
98.0869 15.0951
97.0675 15.3299
94.6345 14.9249
93.4174 15.3396
92.8424 15.7078
86.0389 14.4815
92.6576 15.1311
96.0082 15.0047
100.986 14.8545
97.0868 15.0549
103.043 14.8863
106.307 15.005
119.397 15.5423
105.381 15.0841
114.419 14.7018
114.248 14.5392
104.187 14.7657
113.97 14.7915
110.292 15.0439
104.215 15.6397
103.979 15.1767
100.763 16.0161
100.763 14.894
100.763 14.9423
98.5826 15.266
103.918 15.4603
96.6228 15.8613
95.2857 15.0087
89.1366 14.4727
98.9822 14.9708
86.9877 14.249
94.8453 15.2823
79.5971 14.3474
80.8182 15.5529
73.848 15.1551
87.389 15.1286
86.0835 14.8792
90.9093 15.0199
91.7413 15.0478
93.8064 14.9515
92.8004 14.8622
92.6322 15.9793
82.4784 15.1579
82.4784 14.6462
86.6556 14.6985
86.6556 15.3728
84.2322 14.5315
92.3146 14.3803
86.5694 14.7746
75.4761 15.4963
72.1943 16.1207
64.6539 14.9683
61.8246 15.4309
65.8037 15.7441
69.1334 15.4795
67.3657 14.8838
67.3657 14.6489
65.6743 15.5585
72.5879 14.2996
70.2019 15.3942
70.2019 15.2256
72.9356 15.7064
70.8755 15.4737
73.4881 16.4537
73.4881 15.1682
73.4881 15.0869
72.091 15.383
72.751 15.0036
72.751 15.5114
72.751 15.8608
72.7005 14.9848
73.0314 14.5449
73.0314 14.9371
75.1158 14.283
75.1158 13.9845
