89.2106 15.6273
91.4842 15.5348
83.5713 15.001
90.5846 15.8089
88.2757 14.7678
93.1732 15.3639
88.8851 16.0807
91.3103 15.0593
91.3103 15.3749
86.8371 15.5826
91.9435 14.3822
98.6984 14.6586
96.3562 15.458
96.5077 15.0436
109.063 15.2943
99.2824 14.4646
109.601 13.9438
114.369 14.6304
113.526 14.6693
102.371 14.444
98.5438 15.8374
92.0145 14.994
106.069 14.8211
96.8915 15.2502
101.859 14.8991
103.635 15.2216
91.9625 15.7938
89.7209 14.9457
98.9583 15.4852
97.5873 15.6336
96.6787 14.7446
89.19 15.4061
87.8259 15.0823
83.5383 14.3844
86.3111 14.454
79.5275 15.5431
82.8965 14.5155
82.8965 14.8794
85.719 15.4031
84.8456 15.8081
91.2333 14.4486
80.5077 14.7525
77.4464 14.6656
73.4497 14.7185
73.2194 15.4767
81.5525 15.0539
87.7568 14.3704
86.4436 15.6035
88.9787 14.2095
96.8292 15.2074
93.822 14.7863
92.9587 15.2435
86.3832 15.1435
88.3142 14.4445
80.83 15.3091
81.5775 15.8121
78.0727 16.1592
69.8071 15.6115
63.3969 15.5998
66.6851 14.8341
68.6165 14.8125
57.4096 15.1129
62.3216 14.5113
73.2442 15.1931
78.887 14.617
75.7509 14.9675
83.7791 15.0178
75.4809 15.8276
78.7905 16.1065
82.224 15.294
88.7027 15.4524
92.0503 15.6026
95.085 15.9596
98.9788 15.9023
102.531 15.5594
106.257 15.2042
101.27 15.106
93.5174 15.5187
82.1865 15.6654
87.5077 15.2892
81.8251 15.1795
85.87 14.8299
85.2857 15.4103
85.6763 15.0611
88.3099 15.5571
83.7347 15.8297
90.2655 15.0062
88.2817 15.0298
89.7836 14.9187
87.1024 14.5467
82.2044 15.1828
79.3857 15.2825
74.2111 14.697
70.0609 15.7638
70.3836 15.642
73.3201 15.3564
74.8369 15.775
78.8614 14.611
73.2292 14.7812
73.5182 14.6956
67.061 14.9332
77.9198 14.603
69.9061 14.7954
71.6972 15.2509
72.8089 14.7855
75.408 14.9882
75.5595 15.3672
68.2248 15.2719
64.5967 14.991
61.7379 14.6186
64.6796 15.8405
66.6529 15.4449
72.292 14.8515
75.2957 15.2383
62.6558 15.5202
63.5381 14.1403
64.5718 14.9518
66.8646 15.1935
63.1269 14.9036
65.3011 13.916
67.4695 14.3261
63.0113 13.9434
62.8463 15.1754
71.8529 15.2482
76.81 15.0201
79.9987 15.5856
88.5653 15.0238
91.7982 15.5275
96.6011 14.5212
102.913 14.985
102.366 15.3909
106.238 15.376
101.067 15.2826
104.476 15.7341
93.1023 14.7975
85.8451 14.4573
83.4353 14.6895
81.9218 14.7821
81.5189 15.2374
80.2446 15.1678
84.2664 15.8494
88.7055 15.1761
90.9757 15.624
80.2928 15.9581
82.2916 14.7182
87.9998 14.6554
81.6938 14.8803
71.9939 14.7603
84.0557 15.5316
83.2104 15.1267
86.928 14.9672
91.5224 15.7797
92.6139 15.4958
98.6182 15.9467
82.9526 14.9548
79.158 15.2353
79.4507 14.6194
75.2441 15.5784
82.1558 14.2615
86.7094 14.909
83.5198 14.7004
75.1568 15.0135
75.157 14.4785
75.157 14.8798
59.2286 15.3082
67.0887 15.8892
69.1052 14.8018
74.2604 15.5412
76.6973 15.8798
76.173 15.4259
79.0648 15.4509
74.3345 15.9068
72.1602 15.3514
83.1361 15.467
82.7195 14.9777
82.0994 15.6869
80.748 14.3809
78.9757 14.926
87.7102 14.1136
80.9646 15.8491
86.2258 15.1612
75.2591 15.8403
77.2778 15.6247
74.5134 16.0834
74.5134 15.017
82.7627 14.4525
87.2883 15.7286
91.385 15.8718
83.0388 14.7108
77.9743 14.9073
63.1875 15.0304
63.1875 15.0738
71.7437 15.1322
68.4582 16.1402
66.2927 16.0474
66.2927 15.3643
66.2927 15.18
66.2927 15.0372
64.5223 15.3818
70.4607 15.1383
71.9361 15.1369
84.8508 15.0238
78.6824 15.4074
81.8915 16.8157
82.3277 14.6662
86.9285 15.7604
91.1177 15.6609
79.9676 15.4016
84.2396 14.5778
88.9201 15.5346
92.9406 15.2321
94.0061 14.9296
92.7246 14.7679
82.4959 14.6519
86.0283 15.7421
76.4955 14.8619
86.9134 16.6845
73.113 15.5044
73.113 14.7866
73.113 14.8512
69.7846 15.7139
62.8714 15.0396
61.4837 15.1466
62.017 16.4756
62.3928 14.6771
68.7992 15.3779
62.8323 14.927
71.9207 15.0709
64.1833 14.869
77.9394 15.2735
74.8913 14.7304
74.1246 14.623
71.0751 14.8774
72.755 14.7448
71.8365 15.2294
72.3826 15.0232
81.7282 14.9231
81.7282 15.144
80.2852 15.1818
74.7239 14.7239
81.2254 14.8045
82.497 15.4019
84.0599 14.578
89.4491 15.6683
94.202 15.3336
91.2815 14.3824
88.9619 15.0386
82.2135 15.1692
84.6751 15.4404
80.9986 15.1722
77.4173 15.0736
77.4173 15.1829
85.448 15.1643
78.397 15.0293
71.9791 15.5322
71.9791 14.9487
71.9728 15.1681
67.3473 15.656
63.4938 15.5058
57.2769 14.9875
58.3649 15.4547
63.1027 15.2912
74.3473 15.0546
80.7769 15.0888
85.2742 14.8866
89.0321 15.7748
88.7916 15.4594
87.5283 15.2699
91.393 15.3496
101.872 15.2781
101.183 14.9154
102.88 15.1401
92.9619 15.887
87.2683 15.5187
101.143 15.5241
93.2225 15.5192
90.8032 15.5429
88.0917 15.5013
94.5501 15.4564
86.8609 15.2616
97.0956 15.2719
107.949 15.3944
102.034 15.3561
99.5572 15.2307
89.2252 15.1703
85.497 15.2989
85.497 15.3249
92.2503 15.0843
103.796 14.9198
106.631 15.4461
106.631 15.1542
104.475 15.0577
96.5697 14.77
91.8772 15.7345
86.1075 15.6639
98.7144 15.86
90.61 14.6899
99.3873 15.1738
100.475 14.7582
96.8001 14.8878
88.8638 15.0057
89.0016 15.3286
86.0861 15.3321
98.2778 15.3127
100.012 15.1163
97.1834 15.0472
90.6853 15.0123
87.8438 15.7783
92.2737 15.2705
94.0255 15.2525
108.61 14.6455
108.61 15.58
122.539 14.2634
129.044 14.6935
123.292 14.8086
128.536 15.037
109.617 15.6122
121.355 15.0699
121.355 14.7515
117.271 14.9137
118.502 15.1546
118.502 15.3328
118.502 15.0625
107.545 14.897
100.533 14.4126
97.0034 14.6844
90.1379 14.64
87.4279 15.0064
75.9904 15.1523
76.8967 14.7134
77.0122 14.6605
76.2681 16.0405
82.2422 14.9401
81.2586 15.5553
88.9103 14.7695
74.3257 15.3717
80.4726 14.5312
83.6444 15.1156
83.8965 14.4292
88.5247 14.3868
85.5936 15.2902
91.7037 15.8416
88.3892 15.2138
83.7576 14.6288
88.2355 14.3462
93.4713 14.2066
90.5232 14.9184
90.8697 15.3621
84.4549 15.2676
79.8864 15.0755
79.1304 14.6724
80.0698 15.2186
82.7844 14.7739
87.4704 14.9007
78.6924 15.5336
76.667 15.5564
70.9105 15.1661
67.9496 15.427
68.3339 15.3433
67.4123 14.4817
67.4123 14.8029
67.6055 14.5054
69.3371 16.0094
68.9048 14.4467
75.2153 14.6788
80.893 15.2227
84.9731 15.3299
86.7864 15.1264
74.9352 15.3901
79.2409 15.4199
79.937 15.8321
90.6909 14.4156
89.0295 15.5046
89.3797 15.9252
93.7114 15.3344
92.1531 14.9834
82.0769 14.8082
90.5913 15.7299
81.1141 15.889
87.8205 15.6964
77.9873 15.9892
81.0284 15.156
85.7596 14.9876
80.5994 15.3317
79.0335 15.2144
81.2156 14.7845
89.7964 14.7854
106.129 15.5483
105.082 14.5081
112.085 15.365
106.812 14.4726
114.272 15.3153
107.372 15.1042
104.81 14.6831
99.8227 15.1065
85.6243 15.0404
101.917 15.4869
107.739 15.5713
110.754 15.1852
110.754 15.5585
102.764 14.789
102.764 15.2975
103.565 15.4447
99.7599 15.4012
99.7599 15.5212
115.02 15.3463
116.761 15.5394
116.761 14.9739
107.866 16.0254
100.141 15.0108
74.2079 15.6434
74.2079 15.5098
75.0488 15.3827
76.2969 14.9793
67.5044 15.1216
70.1306 14.6193
82.6647 14.2857
91.5075 14.0309
85.1261 15.1277
96.8139 14.8611
95.5541 14.191
102.721 14.5537
91.4991 14.0267
93.3706 14.74
92.1237 14.5215
87.7649 15.9636
98.9244 15.5862
102.687 14.248
99.4832 15.3477
90.5558 14.6758
91.5374 15.3333
104.083 15.186
89.121 16.1292
95.1611 15.014
91.5673 14.6404
87.7313 15.248
85.2701 14.6559
80.7565 14.9758
78.5138 15.1299
72.051 14.9315
69.3385 14.8164
67.8813 15.3031
61.6085 14.7327
70.9595 14.6104
75.4285 15.3174
65.7606 15.2839
70.3659 15.2082
61.2806 17.1383
68.5612 15.1372
66.9725 14.9025
63.2182 15.1247
60.0249 15.3695
66.5408 15.7811
60.0712 14.1118
63.3703 14.6832
71.4003 15.7312
72.5276 15.1803
79.1951 14.8792
80.3348 14.9408
90.7796 15.5539
90.7796 15.4492
92.6679 15.3964
106.613 15.2494
103.64 15.1999
111.813 14.0028
123.065 14.2085
110.854 15.8418
113.074 15.3292
109.581 14.9917
101.81 15.0852
102.562 14.6419
107.516 14.5741
89.8421 15.4559
80.378 15.4662
80.2404 15.282
71.4903 14.3617
77.527 15.8358
74.0765 14.8466
71.4882 15.6002
73.2942 15.6348
66.82 15.0919
62.6631 15.4563
71.7489 14.9086
71.8336 14.6049
74.5003 14.8537
70.3192 15.5369
67.2812 16.0634
64.4145 14.8681
66.6008 15.7741
70.3827 15.2782
75.3505 14.9191
76.2185 15.315
72.8735 14.82
75.1102 14.4658
82.1473 14.7021
79.4929 15.7923
77.4349 15.6958
77.4349 14.5898
73.9135 14.3986
68.8966 15.6152
67.9994 15.4557
75.7207 14.5267
70.7352 15.6439
61.2778 16.2059
71.5834 16.201
73.9995 14.2384
74.4756 14.6505
81.7845 14.5849
77.5605 15.7543
78.1207 14.7557
82.5949 15.6284
94.9769 15.1857
82.5219 16.3183
85.2398 15.7674
94.6325 14.7214
86.9926 14.8541
82.1171 15.3398
94.0858 14.8782
93.6059 15.2005
87.8457 16.0149
101.221 15.2939
101.573 15.3755
118.23 14.7607
110.693 14.7584
107.149 15.4488
97.6409 15.6781
94.9223 14.8276
96.4857 15.0384
104.464 14.3936
100.773 14.537
107.897 15.6311
115.664 14.7974
100.475 15.0842
109.21 14.9134
109.013 14.926
107.736 14.9664
101.719 15.2063
91.0986 15.2659
115.131 15.2254
114.008 15.4252
123.783 15.2729
127.37 15.4019
127.37 15.1593
127.37 14.8858
114.703 14.9465
110.366 14.5945
104.995 14.6196
94.1718 14.805
94.1324 15.6738
102.742 15.0624
95.213 14.7464
106.078 14.7336
103.296 14.2146
107.958 14.3709
107.958 15.3709
100.908 14.4917
100.908 15.2531
99.6569 15.4014
95.7281 14.7678
101.867 15.2949
111.732 14.7124
96.3022 14.7157
108.039 15.8667
124.665 14.6407
109.473 15.698
94.7179 15.2975
82.9608 15.2179
93.7728 16.1136
92.6378 15.4004
84.4866 15.8495
85.5438 14.3639
83.2443 15.2702
85.2769 15.1023
83.4618 15.0847
76.0739 14.7895
75.4929 15.0586
72.2939 15.0338
69.5761 14.9258
69.9766 15.551
66.3479 14.4823
66.5951 14.551
59.8738 14.4381
57.4824 14.3882
55.7447 15.8704
56.8575 15.1962
58.8733 13.8403
60.6169 14.0953
50.1116 15.0195
45.3981 14.9422
50.1511 15.2824
50.1511 15.6458
52.43 16.0251
57.0267 16.1983
60.3473 14.2563
57.9802 15.3888
59.3744 15.1348
60.6383 14.7952
60.6383 15.3872
71.6202 13.8254
70.823 15.0893
74.6534 15.4851
72.0936 15.3451
74.3422 14.3925
64.8827 15.4131
73.0729 14.8948
86.5374 15.3762
73.9957 15.6014
69.9694 15.6691
61.6127 15.7032
63.1627 15.1341
57.8082 15.6436
54.5933 15.5012
58.8323 15.5072
58.3172 15.5143
66.7918 15.5066
61.7949 15.5056
62.4967 15.4503
67.2072 15.0486
65.9652 14.8189
67.6785 15.1357
68.6995 15.2117
71.0588 14.9421
58.1999 15.5619
61.7337 15.1498
65.7197 15.4409
66.3734 14.5295
64.219 15.9866
73.2769 14.885
74.1599 14.786
70.0515 16.0837
71.8439 14.7884
76.7028 13.9845
80.9231 14.4663
88.1279 15.1954
88.1279 15.2085
81.4899 14.9962
78.4729 15.0508
73.7426 14.1867
83.3857 14.9591
70.4544 14.6474
67.9706 15.1024
79.6138 14.9583
88.1151 15.128
90.6937 14.9213
111.756 14.7904
110.969 15.9041
88.7492 15.1195
86.0133 15.7432
82.6102 16.141
82.0106 15.2561
82.0302 15.3469
82.0198 15.4901
81.9399 16.1988
81.9809 15.2551
81.9662 15.8597
81.804 15.2877
89.4595 15.2646
88.0187 15.4371
87.2863 14.4467
84.3232 14.8962
91.4368 14.9248
91.4368 14.3772
92.5534 14.6068
92.5534 15.5069
99.2495 14.0022
95.4223 15.7786
98.645 15.0888
98.645 15.3023
96.2162 15.0276
99.9292 15.0983
99.9292 14.5768
94.4938 15.0544
78.107 16.7178
74.6899 15.301
70.3778 15.2426
66.1538 15.4435
66.6828 15.2445
65.9085 15.469
72.4488 14.999
82.5654 14.7302
83.8132 15.4106
75.3328 15.3844
91.0404 15.4281
91.7963 14.9607
98.3504 14.8025
96.5217 14.4481
92.0805 14.9359
83.7329 15.3657
90.2984 14.8407
93.1408 14.6825
96.1395 16.1806
94.4858 14.2758
86.7109 15.0701
90.218 14.6767
81.4972 15.3113
85.2107 14.7903
93.2014 14.9028
96.3439 15.0116
119.543 14.8974
127.427 16
101.868 14.3035
112.017 15.0219
118.39 15.4262
119.317 14.8283
117.362 14.9088
132.195 14.9425
135.227 15.5778
126.48 15.7866
131.194 15.4617
126.135 15.2521
111.676 15.5035
119.701 14.5357
119.8 14.5889
119.8 14.9004
103.465 14.6541
102.382 15.6375
99.6628 14.9961
92.8913 15.5599
96.821 14.1263
91.4184 14.8502
101.041 15.5843
99.9686 15.7364
88.6145 15.4261
91.4471 15.1815
89.4441 15.0994
87.2893 14.6699
88.9192 15.1019
90.5811 15.564
91.0547 14.5851
90.6158 15.8782
90.6423 14.5452
87.9697 15.3404
76.0427 14.4083
84.4334 14.6592
86.0022 14.9711
96.9179 15.4801
91.0352 15.1566
101.674 14.1727
111.453 15.7553
95.6894 14.2995
86.0262 14.5327
89.7353 14.9616
89.697 15.2161
98.2295 15.3529
98.4516 15.3204
104.088 14.2994
103.31 15.3021
98.0827 16.0583
98.1136 15.0974
94.664 15.0458
98.0668 14.9745
96.4631 14.7946
100.423 15.4251
85.833 14.5827
86.3593 13.958
85.8582 15.3352
89.1896 15.7651
94.589 15.8027
103.438 13.6024
92.4524 15.1102
92.0719 15.4558
86.0451 15.1426
81.0213 15.853
81.0213 15.58
72.7951 15.1363
82.0296 15.0976
80.0519 15.394
77.8867 15.7763
69.3792 14.9894
79.5223 14.7223
77.422 14.7759
76.4001 15.3192
70.4521 14.9469
70.4521 14.6213
70.4521 15.314
78.7577 15.345
78.7577 14.6154
77.7362 14.8215
72.3445 15.9387
66.149 15.1853
68.6721 15.0512
60.7968 15.1925
60.7968 15.8009
60.7968 15.3594
60.7968 14.5696
60.0619 14.3956
53.0375 15.3273
53.0375 14.749
53.0375 15.4435
53.6944 14.4256
55.4601 14.9794
55.9309 14.9897
57.8697 14.8226
57.8697 15.9636
63.8373 15.2991
63.8373 14.8399
63.8373 14.8964
72.4489 14.2887
76.2027 14.1873
69.4575 14.783
82.0496 14.783
76.5552 14.5544
67.8442 15.5915
69.4367 14.9035
67.0271 15.3117
67.0271 13.9249
65.6501 15.4696
67.1062 15.0686
67.1062 15.2186
67.6041 14.308
67.6041 14.4338
65.0159 14.7449
65.0159 15.2679
63.0864 15.0463
61.3021 15.6407
61.3021 15.214
66.8767 16.4668
72.939 15.357
69.0195 14.7114
71.6262 15.0502
76.3748 13.7976
77.6327 14.1361
78.1545 14.6503
75.2129 14.48
66.6496 14.7458
72.5642 14.3914
66.3578 14.3339
63.9468 15.2957
67.617 15.2466
73.2797 15.4814
69.2392 14.7578
75.5292 15.2954
75.5292 15.2566
74.5428 15.7104
74.5428 15.2866
83.2652 14.3716
86.141 14.6748
89.1958 15.5139
83.6264 15.0749
77.8576 15.3448
75.3215 15.0108
74.0115 14.6397
69.7043 14.5711
73.2415 15.7499
88.5143 15.2548
96.0262 15.255
90.241 14.8669
87.4149 14.5956
89.0098 14.4687
92.7141 15.2484
93.2532 14.8936
95.1337 16.6794
111.685 14.5575
95.2817 15.2351
103.856 15.3385
104.66 15.4699
107.044 15.1956
94.9841 15.123
99.2194 14.6198
84.6916 14.1145
94.67 15.305
87.479 15.1288
92.9306 14.6707
91.7184 15.2434
92.707 15.8577
81.1638 15.94
82.2436 15.9599
89.3769 15.3598
96.7854 14.724
93.917 14.7415
89.7681 15.2666
87.7446 15.6514
86.5291 15.6
95.7971 15.7086
88.4443 15.682
88.5123 15.8364
89.5535 15.9563
93.6376 15.5209
89.1168 14.5234
81.2741 13.9922
88.3027 16.0927
76.0987 15.4755
81.9273 15.4616
78.949 15.4362
85.4342 15.7833
82.5573 15.1986
98.887 15.921
84.6258 14.4349
85.1739 15.3349
87.878 15.2893
90.8788 14.8851
88.5717 15.0883
87.6168 15.2929
76.2389 15.3465
79.8816 15.1545
81.5056 14.9424
77.75 15.4235
89.9819 15.9415
92.8707 15.2774
98.6092 15.2623
99.6214 15.4216
97.3843 15.4989
98.7339 15.608
98.8805 15.3933
100.309 15.2413
102.862 15.237
95.6236 15.2428
80.3352 15.2068
85.6481 14.7522
87.3893 14.683
82.5799 15.2346
79.802 15.4792
72.0894 15.2423
78.0794 16.115
74.5832 15.472
94.5143 15.5861
97.8057 14.2425
88.7179 15.3229
80.5582 15.3329
87.3461 15.7311
87.8239 15.5204
84.2204 15.2687
77.1144 15.5404
74.3911 15.1112
76.9399 14.8892
62.1722 14.4844
71.7674 16.2368
79.0735 14.5822
74.8876 15.0867
74.2685 15.1942
74.174 15.0163
74.3469 15.2253
72.2341 14.757
72.1013 14.9923
79.404 14.352
79.0933 14.6646
71.8498 16.1316
76.7986 15.1898
80.0543 15.5209
83.2506 15.8007
83.57 15.3921
72.6757 15.5349
73.7132 15.6537
62.1168 15.8445
60.8191 14.8364
63.7476 15.5236
74.5564 15.4071
84.3398 14.7741
85.369 14.1155
80.1594 16.4432
91.2304 14.7442
95.4069 14.8936
85.1739 15.1149
81.0498 15.9251
79.4501 15.3059
73.3972 15.6172
81.2831 14.1854
74.3332 15.0654
75.8334 14.7417
83.5363 14.8239
88.3277 14.2064
86.7745 15.1576
86.4871 15.8325
89.128 15.255
87.4844 14.0762
84.67 14.6192
84.1089 14.9213
90.1785 16.0189
91.1299 14.564
90.1636 14.619
93.8638 14.1695
88.0926 15.0616
86.8067 16.1261
96.1814 14.4921
100.618 15.1398
100.618 15.8655
92.469 14.9989
92.469 14.7623
88.5604 14.8621
101.136 14.9588
104.2 15.9756
88.0243 15.9711
101.458 14.7464
96.6989 15.4656
92.2344 15.8966
89.761 15.4622
91.4154 16.337
83.8307 14.017
87.4785 14.7622
82.3365 14.5606
79.4089 14.5801
83.1574 15.3293
91.9599 15.9025
93.4872 14.8875
95.4618 15.4595
96.4034 15.6047
95.5986 14.1514
89.4178 14.4043
92.7671 15.3052
91.8416 14.716
86.6977 15.6651
82.824 15.1975
96.8032 15.1733
106.427 15.1062
102.965 15.3935
91.258 14.4191
82.1705 15.2815
83.3296 15.4213
80.6613 15.0779
77.8915 15.0443
82.8234 15.1601
81.1499 15.0586
79.3246 14.433
83.0494 14.339
94.8807 14.8366
94.5244 14.9179
91.164 15.6662
91.9932 15.4468
92.5946 15.2803
88.6305 16.5498
91.7679 15.4082
81.2948 14.5134
81.571 15.2962
87.5499 15.2496
93.6841 15.2496
92.8393 15.3472
87.395 14.9444
86.1981 14.6421
88.9092 14.7165
85.9491 15.3742
78.3495 14.4155
74.909 15.065
64.7991 15.406
68.2281 14.576
61.5425 15.1864
56.2764 15.8448
51.1657 16.155
52.545 15.4137
55.7201 16.1545
49.8443 15.5488
54.6514 15.6211
57.348 14.6576
71.4938 15.2648
67.2416 15.3967
71.5056 15.088
73.972 15.6071
81.1835 14.6651
85.4168 16.1446
76.1584 15.1755
76.0554 15.8375
74.8326 15.6327
72.195 15.2732
65.6178 15.4932
59.6099 15.672
66.5889 14.6439
63.3435 14.7646
61.5193 15.714
65.4643 15.5719
60.8803 15.0739
64.1071 15.9046
71.888 15.8174
76.508 14.3849
80.4282 14.5877
78.5119 15.2198
79.3781 13.9678
79.0555 14.5454
80.8724 14.5512
88.8968 14.4259
88.0346 14.8166
94.9013 15.4643
91.2241 14.7148
91.3157 15.4521
82.7017 15.2014
90.636 14.6638
92.5714 15.2239
86.8197 15.1303
87.9826 15.3991
87.0468 14.9886
88.8978 15.0442
86.7976 14.5683
83.4026 15.4559
79.1132 14.9165
80.4355 14.6824
64.571 15.3076
64.9107 15.4175
70.9041 14.8875
72.7599 15.5237
74.2085 14.2588
72.9681 14.8567
75.6982 14.6461
78.9389 15.2915
77.5711 15.3246
90.8961 14.5908
74.6966 15.5184
74.3234 14.5913
75.7457 14.974
75.7457 15.7068
74.6898 15.6219
92.1875 15.4435
80.9933 15.3598
76.0274 14.8988
74.0538 15.0305
89.6954 15.5038
97.2734 16.0419
92.9812 14.4722
80.4911 15.4001
73.1335 14.9397
77.0102 15.4813
79.0416 14.0072
63.9878 15.4532
70.2969 15.2857
65.157 14.858
61.6594 14.4937
58.9385 15.7321
55.006 14.4187
58.2449 14.6999
58.7905 15.0955
61.798 15.5726
61.798 15.5296
61.798 14.8431
61.7322 15.5001
66.6021 15.3477
66.8528 15.7296
69.6919 15.1628
70.8717 15.3365
69.8787 15.1922
71.7772 14.8946
72.7197 14.5391
75.5927 15.625
79.369 15.4436
70.0719 14.6848
72.3872 15.6254
78.2223 15.3053
74.0403 15.6529
82.9597 15.79
81.5454 15.7613
88.6114 16.0643
92.1425 15.6338
89.6421 15.5545
91.3973 14.9887
97.8169 14.9068
79.3942 15.4332
81.3243 15.8279
88.352 14.9053
92.7752 15.0517
89.4322 15.1987
79.0523 15.1184
73.0221 15.154
75.1719 15.8429
72.9049 15.2841
77.1127 15.2909
82.3357 15.6132
89.2394 15.2954
83.2701 15.6239
80.8897 14.863
79.3974 14.8544
82.389 14.6077
88.2067 15.3244
83.6801 15.6969
80.3296 15.9122
78.731 14.7942
79.7394 15.5449
80.6863 14.4188
70.4133 14.7096
64.4793 14.9716
78.0258 15.3508
75.347 15.6907
80.2916 14.9143
76.3378 15.2119
78.8513 15.4905
71.6394 14.7999
73.2642 15.0398
74.1367 14.8191
74.7687 14.7782
71.7547 15.4444
71.8346 14.5669
66.323 15.6951
63.9185 14.9649
61.5158 14.8732
61.5158 15.3919
66.3066 15.1319
67.8797 15.4584
80.611 14.774
78.5558 15.5289
80.2038 14.795
79.5721 15.2695
82.8092 14.5782
86.383 14.7487
84.8067 15.7171
87.884 14.9351
76.4655 15.6358
74.6802 14.3844
72.128 15.6439
75.6554 15.4332
81.2393 16.3815
79.0883 14.7509
78.2994 14.6468
76.8918 14.8169
76.0485 15.5455
65.6763 15.2406
66.8039 15.0907
71.7288 16.0876
73.2159 15.3418
68.6239 14.987
76.6913 14.78
72.1648 15.5556
72.7035 15.0155
73.1558 14.9925
81.7622 15.3302
85.6261 15.6513
80.5814 15.232
81.7843 15.8858
80.645 15.2599
87.2849 14.5278
90.3927 15.7344
95.419 15.0366
92.527 15.485
92.8594 14.9877
91.9057 15.2207
86.592 15.543
87.0935 14.6289
69.2551 13.9306
70.275 14.571
68.3672 15.1324
72.2091 14.6107
70.3723 15.2957
67.5179 14.519
67.5179 15.1199
70.3688 14.5832
76.7061 14.6573
77.1562 14.5531
81.2616 15.5126
88.6377 15.0379
85.5734 14.4278
97.3248 14.9791
100.655 15.5354
74.5051 15.3325
69.9082 15.1759
67.6221 14.296
67.6221 15.821
74.1552 15.5124
73.0341 14.7022
66.4054 14.9465
72.7305 16.0276
77.9599 15.4709
77.8547 15.9412
73.8903 15.4829
78.2986 15.7682
80.087 15.538
89.4433 14.9974
88.7495 14.4964
89.7184 15.3176
102.56 14.1868
101.214 15.6182
101.214 15.2804
101.54 14.742
98.6352 15.2464
90.0272 14.495
93.4118 14.6395
94.7851 14.8502
86.3214 14.6999
89.1848 15.8899
92.4125 14.5971
79.3111 15.1998
83.0406 15.1523
64.5145 15.1636
69.9747 13.6164
70.8604 15.2083
79.9904 15.416
74.4258 15.6355
79.2432 14.8447
79.8786 15.0117
88.1517 14.4911
88.8546 14.7912
84.4928 14.1102
87.4261 14.9951
100.296 14.7589
96.4867 15.3118
97.0178 15.5631
104.616 15.4757
99.6549 14.9137
104.424 15.5009
107.293 15.6401
99.8813 15.5041
104.128 15.086
113.809 15.4165
98.9186 15.1467
94.2941 14.5224
92.2544 14.5764
77.1916 14.8525
80.0934 14.5776
87.5184 14.7385
82.5226 16.0601
87.7828 16.1683
94.9331 16.1157
102.204 14.8311
103.567 14.3586
126.262 14.8733
126.262 15.2902
126.262 14.9646
103.379 15.7889
109.115 15.1773
105.09 14.8261
107.313 15.4082
109.373 14.8844
116.415 15.8184
114.069 15.4213
113.214 14.6304
98.7288 14.4152
96.9475 16.0992
98.039 14.9742
98.039 15.0451
87.3186 15.05
90.3205 15.1434
90.3205 15.0862
94.0662 15.1797
95.1192 13.9951
107.083 16.0759
92.5394 15.2289
93.1918 15.1438
89.6635 14.7113
93.0493 15.7422
83.3896 14.8955
83.0886 14.4436
75.1497 15.3698
71.8442 13.8522
77.2597 15.1011
77.1046 15.0763
78.852 15.0857
84.8806 15.032
84.8473 15.4636
85.4999 15.3656
83.5324 15.1533
76.2283 14.3055
76.3388 15.2339
64.3727 15.026
73.3015 15.6195
72.8587 15.2761
75.9506 15.1411
84.2507 14.9984
86.2779 15.0754
86.6243 14.6249
86.5344 14.4901
76.2091 14.9605
76.8784 15.3197
77.3557 15.243
81.5561 15.2657
80.6607 14.4554
81.5175 14.4558
80.6088 14.8916
86.857 15.5412
85.1539 15.8011
80.0068 14.9675
83.0599 15.3819
82.4921 15.5643
78.1932 15.106
89.3488 15.0924
99.639 14.7484
96.5233 14.7958
95.5549 14.0965
91.9054 15.5859
92.2676 15.5265
92.9994 16.054
81.8567 15.739
74.1407 14.5794
75.7809 14.1693
72.0154 15.355
70.4504 14.5667
69.5741 16.0935
79.9395 14.8506
73.7052 14.9772
78.6806 15.2571
80.6505 15.3636
73.7107 14.3484
67.1337 14.4429
74.5953 14.8324
72.767 14.7912
73.706 14.4134
77.4145 14.2433
77.0266 14.5675
78.2351 15.0171
76.1942 15.3819
77.6279 15.0245
77.6017 15.8739
80.0136 14.8319
78.951 14.3351
70.3486 14.4443
64.0634 14.3786
64.5403 14.835
66.4916 14.5712
63.2574 14.4517
62.9853 14.7989
61.2285 15.1989
62.5796 15.0929
57.375 15.6514
51.9094 15.7272
50.2599 15.2288
57.0066 15.0656
57.0066 14.8761
60.244 15.9976
62.5655 15.4806
62.5655 15.8048
61.4326 14.1869
61.4326 13.6835
58.1557 15.475
59.1009 15.3001
65.9558 14.6795
62.4013 14.8048
59.9933 15.0695
65.3431 15.8276
66.4385 14.8436
62.1121 14.9932
59.7926 15.5454
65.229 14.9778
66.2435 14.7278
75.4386 14.588
74.4917 15.1807
72.3058 16.0445
67.0641 15.205
62.7818 15.0907
59.2141 14.9496
61.7172 14.5074
61.8397 15.281
62.187 14.7156
65.9739 15.0808
65.277 15.3549
65.6728 15.4553
64.7957 15.031
66.1893 15.3291
66.1893 14.98
66.1893 15.7171
61.1682 14.6916
62.9304 15.2516
62.9304 14.4179
62.9304 15.2251
70.1414 14.6682
67.2189 14.8167
67.0294 14.8695
68.2586 15.6346
69.3326 14.8996
68.2664 15.186
63.4982 13.9084
62.3819 14.6253
62.3819 14.2476
64.5112 14.9218
63.3158 15.1718
63.2308 14.8871
64.4334 15.4233
64.4334 15.8813
64.4334 15.4447
79.4514 15.2725
80.3533 14.5082
80.3533 15.4349
81.4599 14.6431
74.3843 15.2644
71.0359 14.8472
64.3843 15.4393
64.3843 15.1673
59.812 14.7379
56.8782 15.1618
54.7785 15.0008
59.0039 15.3409
64.1846 14.9838
64.1846 14.3153
59.7863 14.6384
62.5694 14.6494
62.5694 14.3511
65.0044 15.7418
61.6088 14.4856
61.3407 14.7571
65.3779 14.5504
69.5032 14.6818
88.229 15.8167
81.9 15.7754
87.5928 15.4807
90.6047 14.8871
81.9778 14.9454
79.5829 14.9184
84.0203 15.2514
85.7141 15.4976
87.6544 16.0914
87.6544 14.3072
102.149 14.7905
103.648 14.4846
107.275 14.9793
107.275 14.6668
104.731 15.3545
96.0266 14.0134
100.786 14.0898
104.67 14.7137
104.671 14.668
102.816 14.6146
90.613 14.8002
82.6286 14.8203
89.811 14.7337
93.8633 14.83
78.2922 14.1527
83.0991 14.4229
83.1321 14.906
86.3902 15.1855
88.7084 15.3977
91.03 14.4379
93.1569 14.5381
98.2346 15.537
103.044 14.9128
85.262 15.2499
90.5844 14.5895
86.1092 15.0206
89.5462 13.6765
96.3128 14.7995
104.163 15.1636
106.799 15.5238
95.1839 14.7698
103.414 14.8224
100.86 15.3472
104.936 15.0686
110.513 15.5966
118.336 13.9668
123.174 14.7548
117.162 15.3088
107.453 15.9761
116.881 14.4128
114.514 14.956
115.534 15.4085
134.973 15.0911
124.924 14.0023
121.688 15.64
121.117 14.914
111.415 16.0287
109.342 15.4471
135.582 15.7855
137.518 15.3768
98.5234 14.4691
89.2862 15.0648
90.8749 15.0766
75.8243 15.2989
76.1456 14.9659
77.1528 14.9474
78.0258 14.2793
73.8144 15.3334
79.925 14.4233
91.947 14.6055
86.1192 15.146
92.7953 15.1367
88.5396 14.9722
99.3219 15.0989
99.8065 15.1891
95.7074 15.2759
88.0536 14.7206
87.8443 15.2313
91.1539 14.97
85.5598 16.3017
85.6037 15.2614
77.3975 15.13
74.0753 15.6276
73.073 15.7353
76.9524 15.5685
79.5037 15.5257
76.1308 14.6922
70.0591 14.8195
80.4333 16.1228
69.9829 15.1963
68.6841 15.5189
64.1827 15.401
70.1238 14.3772
70.1238 14.9706
70.1238 15.329
70.1238 15.4691
73.1578 16.0632
73.1578 14.3528
79.2387 14.9903
87.7137 15.3007
103.937 14.8344
107.589 15.4591
109.078 14.9047
104.406 16.1066
102.809 14.1022
104.29 14.9833
93.8961 15.7641
100.535 14.489
93.1621 15.435
98.7664 15.8125
98.5158 15.0445
101.361 15.377
93.0195 15.7417
82.9296 15.3961
87.7759 14.9883
78.3796 15.447
78.3796 15.97
89.7198 15.6275
93.7476 16.2489
102.74 15.9182
111.401 14.8558
113.527 15.6311
97.438 15.4091
97.1042 15.4596
99.5139 14.8899
95.5446 15.3066
105.375 15.7873
121.384 14.6751
110.694 15.1502
82.9421 14.9478
90.2221 13.9228
85.4247 14.8466
78.9174 14.939
78.8696 15.8971
81.7189 15.6189
82.5384 15.9623
82.6414 15.9466
97.7975 15.9005
93.1312 15.4541
90.3994 15.2183
93.753 14.4802
80.5561 14.6106
83.2138 14.5782
81.385 15.2449
89.1958 16.0302
85.7621 14.2314
101.201 15.0649
96.0142 15.1617
120.428 14.6083
125.274 14.6457
119.261 15.2944
110.073 16.0157
107.59 15.352
103.695 15.9139
105.807 15.2939
101.705 15.2373
100.036 15.4742
103.088 14.9742
96.0858 14.8427
89.2385 15.245
91.4076 15.5327
91.5778 14.7455
89.0222 15.835
100.556 15.4931
94.7873 15.2369
91.3624 15.1872
88.7197 15.6536
83.7901 15.7834
83.7901 15.3857
79.5754 16.2743
79.5191 15.7788
84.2502 14.7014
87.0096 14.7752
80.9857 15.1078
80.9857 15.026
87.8947 15.0136
83.34 15.6208
95.6059 15.2098
95.6059 15.544
86.3705 14.5154
79.4427 13.8694
83.6361 14.9601
94.2872 15.6147
96.0823 15.1592
93.0663 15.251
96.1258 14.4148
96.3225 15.3432
98.1553 15.0256
98.1553 15.1807
89.9744 14.5025
91.597 15.8955
90.231 15.1427
84.5273 15.0164
92.0296 14.8301
94.167 14.9347
91.5103 16.3464
100.337 14.6289
88.979 15.3658
86.7169 15.3896
87.8646 15.4812
92.5096 15.4679
75.2738 15.4279
68.9459 15.7097
65.0217 14.2936
62.9643 14.8459
69.6862 15.1685
77.4804 15.1818
79.6108 15.8462
81.2165 15.1035
82.9401 15.0295
98.3938 15.1392
94.6963 14.7645
82.1612 15.6934
101.082 15.7939
101.544 15.8758
95.6413 15.4156
99.0292 15.7495
107.571 15.7002
100.526 15.5957
96.5886 15.6019
94.5934 14.9511
110.874 15.2835
107.325 15.6955
109.846 14.9192
104.348 15.1669
102.813 14.5595
100.93 15.5171
96.728 15.5769
93.4398 15.5838
75.3914 15.3877
76.477 15.2743
75.3132 15.5656
86.4439 14.7763
84.2438 14.2984
87.496 14.4506
88.6905 15.036
85.8566 14.5332
78.2637 15.2187
96.2489 15.2834
87.0676 14.7441
69.581 14.8491
69.581 15.214
69.581 15.5362
69.581 15.8743
73.8374 15.5527
81.4136 16.1149
86.7226 15.8997
88.1772 14.8883
95.8052 15.3527
83.4674 15.8207
80.7674 15.2603
83.7297 16.1286
79.5186 16.0696
78.9022 15.2806
81.5623 14.5261
81.2457 14.6818
81.8832 15.2149
89.1261 14.8953
82.5014 14.5182
81.5096 15.1664
73.7626 15.1571
72.9489 15.3896
79.9795 14.7255
87.8555 16.4029
82.1115 15.9395
85.0906 14.9925
92.7371 14.7036
89.8331 14.2561
94.4081 14.4949
104.928 14.3305
104.985 15.9112
111 14.7449
112.683 14.963
130.305 15.3904
133.593 15.0305
135.147 15.4952
121.971 15.3128
111.692 15.552
115.134 15.0444
119.724 13.8423
123.278 14.5518
115.209 16.4506
110.71 14.6471
101.217 15.5859
96.701 15.5019
87.1285 15.5162
101.818 15.7819
96.9137 15.6998
89.3334 15.6743
96.9704 15.9841
88.2065 15.7693
91.3689 15.1141
75.2038 16.0094
75.1377 14.582
76.6689 15.1552
71.7177 13.8416
66.5921 14.9791
63.9769 15.1389
66.9177 15.3914
66.4741 15.1606
75.0303 15.4259
83.4074 15.3819
78.5502 15.5024
76.2718 14.2945
80.2325 15.6145
76.2629 14.8167
75.7253 15.1751
84.4927 15.2343
91.523 15.0654
94.1021 16.35
105.476 15.319
104.173 14.9821
106.886 14.6706
108.334 15.126
108.458 15.1368
108.458 15.1289
108.458 15.026
99.5154 16.2639
86.6296 15.8467
85.159 15.2707
79.9759 15.1397
82.5652 15.3422
85.5536 14.8934
83.3973 15.1248
84.4267 14.3473
85.5308 14.8501
84.0161 14.6002
85.0877 15.1498
84.9037 16.0317
85.3089 14.9624
85.5326 15.6431
81.4383 15.2182
70.9214 15.291
64.9858 14.9458
64.436 14.5015
59.4095 14.1313
59.8468 14.691
64.1545 14.4838
64.1545 15.7044
63.023 15.1381
63.023 15.6442
63.023 15.9406
63.023 14.9419
63.023 15.4979
63.023 15.3369
63.023 15.2999
63.023 14.4601
63.023 14.5322
63.3678 16.3736
63.0767 15.0594
65.1804 15.3527
62.9682 15.6197
64.0997 15.5605
62.2014 15.1444
60.7413 15.1028
60.7413 14.6416
60.7355 15.5921
61.1838 15.7157
58.2161 15.2836
58.0492 16.2096
54.8905 15.3811
54.2766 14.9766
62.0349 15.2281
64.2901 14.7726
61.7734 15.3092
63.3853 14.9887
66.4392 14.7909
62.5942 15.215
64.0429 15.4547
75.0492 14.476
73.1575 15.4761
79.5302 14.5669
79.3145 15.3649
85.4385 15.8486
88.6009 14.7045
90.7402 14.8846
92.675 15.1904
87.5796 14.8379
86.5929 14.9073
81.8737 16.0752
69.7279 15.1771
74.6075 15.4956
74.5972 15.353
69.0958 14.734
69.6838 15.7004
68.083 14.7039
72.8497 14.8401
74.8263 14.7122
74.8263 15.202
80.0774 15.6392
77.9929 14.9029
81.5911 14.7483
77.178 14.8229
73.8765 14.5384
70.3127 15.248
66.8487 15.716
81.4685 14.7286
77.6415 15.0483
64.6257 15.5217
76.2342 14.786
78.1534 15.1557
73.3041 14.7624
78.803 14.5152
74.1382 15.0688
74.9712 15.3981
77.0397 15.1859
70.2739 15.143
69.3415 14.6564
77.663 14.8088
88.9533 14.9288
91.0312 14.7926
93.7167 15.2225
87.6946 15.4244
89.6339 15.3525
80.0263 15.1639
83.7498 16.2958
84.2542 15.2832
94.7592 14.7726
107.553 14.9284
103.095 14.0603
104.295 14.902
96.717 15.1176
97.1205 14.751
104.399 14.8854
105.777 14.8482
103.707 15.5395
100.808 15.0351
94.8577 14.719
87.695 15.1367
91.3311 15.5972
79.1341 14.9409
87.7468 14.9764
79.0244 14.9062
79.4581 14.9175
79.4581 15.3749
83.9805 15.2779
85.1487 14.5597
83.8208 15.1443
83.8208 15.1689
90.0018 15.1098
89.907 14.7616
72.6918 15.0905
67.8124 14.9375
67.9188 15.0411
68.1427 16.2911
64.1742 16.0065
65.8448 14.5113
65.8448 15.345
66.7015 15.1644
56.0805 14.6963
59.8997 15.1415
58.1597 14.9596
58.1597 14.7839
59.6725 15.6724
59.6725 15.6199
65.1866 14.0312
70.9285 15.2927
73.7271 15.8769
73.9254 14.7047
74.3694 14.8057
77.8663 14.3186
72.976 14.522
77.2214 14.824
75.7608 15.4312
65.4578 15.3588
57.1554 15.3738
63.051 15.3451
76.9252 14.0097
71.1157 14.9209
70.658 15.1168
62.9708 15.1904
62.9708 15.1099
65.3207 15.6744
63.2803 16.2105
66.7354 14.9864
61.2819 15.4056
61.2819 15.2596
57.0327 14.9134
64.2079 14.6751
62.7323 14.8203
68.3649 15.0622
75.6285 14.4314
88.3833 14.9388
81.6509 14.4718
82.4176 15.2133
87.982 15.6633
97.6357 16.0901
96.6577 16.3975
84.2052 16.4045
84.1645 14.4012
91.2684 15.1162
115.173 15.8008
117.318 15.4963
108.593 15.6962
102.122 15.1066
94.4645 15.0837
80.1899 15.2417
81.7225 14.0993
78.9292 14.2705
73.0819 15.4997
69.0299 15.531
81.3525 15.6149
88.8452 15.4363
87.4974 14.6652
90.5094 15.7914
103.203 15.0271
89.6945 15.0356
94.7327 14.788
96.142 15.972
102.118 15.0005
96.3798 14.4322
90.8634 14.8602
81.9064 14.9059
80.8858 14.9448
80.0407 14.9433
71.4221 15.8072
75.8551 15.3065
84.6326 14.3348
100.43 14.788
80.5525 14.4436
89.6711 14.929
102.047 15.2569
100.086 15.2005
101.494 15.1878
90.8572 15.1637
90.8572 15.3871
82.9776 15.1888
77.1472 15.3688
84.7218 15.6867
86.9033 15.204
102.382 14.7221
107.148 14.7608
95.9492 15.4474
100.966 14.469
100.966 15.2437
106.207 14.0494
103.377 15.0184
103.377 15.0704
100.739 14.6745
102.519 16.094
89.4789 15.1905
90.5111 15.4072
93.5514 14.744
107.843 15.3224
88.2648 15.5294
81.1364 15.2197
88.0462 15.8095
114.112 14.1833
131.664 15.3391
122.467 15.5816
116.894 15.5401
112.511 15.4978
102.277 14.41
104.512 14.9923
104.512 14.8563
104.512 14.8628
104.512 14.4139
105.725 15.9304
104.077 15.4391
106.251 15.2151
105.04 15.2018
104.477 14.1857
104.781 15.4317
108.797 15.8386
101.161 15.5517
89.5156 15.0696
79.6467 15.2511
82.1959 15.7571
88.7663 14.5382
83.7545 15.044
94.594 14.9384
95.3063 14.896
92.3041 15.2331
90.2768 16.1816
95.7962 15.1796
100.399 14.5746
90.5606 15.2439
89.8563 15.2591
92.9237 15.3737
99.8991 15.0171
96.9767 14.3178
99.8351 14.649
94.6856 15.0022
112.853 15.3642
107.251 15.5348
107.251 15.7268
90.4735 14.9037
100.809 15.8238
99.1995 14.7554
85.8596 15.0365
84.8359 14.3093
87.5016 14.3278
86.9917 15.698
79.2435 15.5824
77.7377 15.3295
80.0258 15.2016
82.3069 15.4527
94.9767 14.9164
97.7937 14.722
99.744 15.2035
105.029 15.5631
95.8195 13.3936
104.654 14.9232
101.231 15.2374
98.3139 15.2189
85.6005 16.3766
88.9953 15.4959
82.2538 15.727
89.3953 16.0011
92.604 15.5924
93.6096 15.461
89.5503 15.4126
85.5244 15.2497
95.287 15.0153
95.8259 15.0327
83.6097 15.1839
72.2519 14.9932
75.5307 14.2919
70.4081 15.0364
74.1002 15.3324
72.4418 15.361
70.3054 14.6802
73.7231 14.5901
71.0282 15.0519
72.5934 14.1453
69.0885 15.2993
71.1461 15.4638
76.0427 15.0642
74.8318 16.3205
72.1605 15.9002
75.0624 16.0618
61.2589 15.3902
68.3268 14.8189
68.6992 14.3917
78.5649 15.6354
69.6289 16.0696
68.6104 14.9659
82.6067 15.4307
79.1681 15.5111
82.9077 14.8137
82.4795 14.2001
71.3652 15.063
76.5249 14.5182
77.4532 14.638
79.9827 14.7671
77.3011 14.8702
89.1163 15.4891
89.1163 15.3739
83.8572 15.5684
80.9735 15.8325
77.9026 15.243
76.7365 15.3024
69.9658 15.4076
79.042 14.2568
74.6277 15.1805
78.7973 15.1157
79.927 15.1582
87.9636 15.3266
95.7205 14.434
92.1422 13.9718
81.0319 14.7726
82.835 15.3833
77.5881 15.6046
77.3524 15.3364
71.2027 15.4276
71.422 15.0954
72.9891 15.4966
74.8145 15.1875
80.6205 15.6512
94.3107 15.4142
79.7478 15.3063
79.7478 15.5403
97.9453 14.4988
103.588 14.9202
109.265 15.4984
102.068 14.2223
101.446 15.8274
101.446 15.2374
101.446 13.9535
101.446 15.5182
84.7648 16.0707
84.7648 14.3562
87.5954 15.0011
84.4858 14.3358
85.7887 14.2327
76.8503 15.6392
80.8011 14.3621
80.0444 14.6595
84.7531 15.0701
81.5709 14.8255
80.5635 15.0649
72.4651 15.2503
69.9538 15.1612
70.4678 15.2139
73.7246 15.4887
88.3703 16.445
85.0805 14.7173
91.5015 15.2661
102.006 14.4365
102.006 15.2442
102.006 14.8576
102.006 15.3885
102.006 15.7466
107.741 15.3113
105.484 15.7427
105.484 14.5434
85.6468 14.8528
80.2771 14.817
82.5371 14.5151
73.0731 15.0895
80.9301 16.4122
75.6515 15.8911
71.1375 14.8921
71.7366 16.0882
75.8981 15.0764
74.6233 15.7331
83.5635 13.3879
86.0505 14.4768
90.7368 15.0267
90.7368 15.4396
89.6329 14.3658
89.3936 15.5795
102.139 15.3419
91.7371 15.5044
90.3816 14.7273
99.9178 15.2127
96.8257 15.5274
80.5424 14.465
80.4229 14.4805
68.6973 14.3724
76.5021 14.4479
76.687 14.8524
83.5081 15.7284
83.0192 15.2948
79.8279 15.6114
93.8372 14.7223
93.7743 14.87
99.2774 15.1464
86.7893 14.7226
86.7893 15.7195
83.8897 15.3232
74.6175 14.8947
73.8626 15.3666
73.4077 15.3424
74.3409 15.2124
83.9855 14.8726
76.2674 16.0625
70.4649 15.6602
69.9035 15.5506
71.0629 15.0043
74.9279 15.2337
67.123 15.3933
61.5434 15.5888
65.7653 14.8516
67.0296 15.1301
75.513 14.7467
65.4068 14.6126
53.5611 14.2902
52.7148 15.3399
50.1214 14.8153
50.1214 15.5382
50.2505 15.8168
46.083 15.6492
46.083 15.8825
46.083 14.5782
48.0488 15.6892
52.3701 14.9795
57.7943 15.2076
57.4516 14.5036
56.2477 14.8491
59.4334 14.8179
60.5459 14.9277
61.6948 14.7553
67.3678 15.1044
70.6707 15.2791
74.5021 15.5628
77.0902 15.0379
78.7296 14.3381
85.838 15.1548
88.3356 15.2274
87.749 15.0513
87.4198 15.1109
84.4677 16.5511
93.0639 13.9318
82.4393 14.2904
95.1863 14.8895
103.426 14.9997
81.1072 15.5727
81.9935 15.4723
89.9867 15.1112
96.5448 15.3831
87.2573 15.0824
98.9322 14.8922
89.1778 15.9086
89.6331 14.3209
94.4287 15.4128
89.5243 14.9275
97.5192 14.4027
83.6403 15.5526
86.6252 15.5084
78.6515 14.6319
84.6999 14.3159
80.4891 15.646
77.8488 14.824
74.2059 15.6457
78.2048 14.7208
79.9108 14.5524
86.6377 15.1354
91.8452 14.9368
78.4182 15.5956
77.5811 16.3468
78.1781 15.256
83.7277 15.1547
85.2318 15.8197
85.7924 14.9065
85.9078 14.3652
85.253 15.7879
83.5769 15.6464
76.0366 15.3749
69.3252 15.4592
69.3252 15.7128
68.4683 16.1899
63.527 14.7281
69.7915 15.3129
73.1593 15.8444
71.3478 15.9914
76.0033 15.6188
71.8723 15.9261
73.5816 15.7288
70.9805 15.6222
73.3909 15.5469
73.0653 15.6671
72.981 15.7656
89.39 16.2154
85.4225 14.686
86.6598 14.6984
81.492 15.1385
87.1815 15.1332
89.8668 14.6903
87.4687 14.3759
84.5452 14.798
99.1175 14.8761
99.1175 15.0592
99.1175 15.0518
100.467 15.1808
102.304 15.0263
100.796 15.1384
108.478 15.1587
113.629 15.0868
117.407 14.205
134.332 14.2189
134.332 14.9486
106.972 14.5154
116.047 14.9137
126.614 14.4373
129.461 14.8677
112.417 14.5962
113.995 13.7505
114.639 14.4399
106.545 14.7217
118.517 14.3603
119.421 15.163
142.929 15.5166
141.383 14.7578
109.894 14.7737
106.891 15.455
119.556 15.4762
130.516 15.492
130.516 15.1761
130.516 14.8862
129.319 14.1177
107.555 15.2782
97.951 15.2025
104.969 15.7708
79.6659 15.2751
81.6845 15.2015
72.2932 14.9119
74.8446 16.1546
73.2027 15.8213
78.8905 14.5332
84.4622 15.8254
76.5146 15.3091
75.5999 15.2033
66.3269 14.7909
61.1597 15.2053
64.6381 14.3941
71.6716 15.5422
75.4185 15.023
77.5489 15.3357
70.878 15.3731
70.801 15.1496
76.3562 15.699
78.5789 14.5236
75.8058 14.8654
73.1754 15.5115
74.9649 14.7363
83.0012 14.8031
82.7883 14.3597
85.8816 14.4348
86.6458 14.0773
85.7035 15.1191
77.7767 14.911
81.4116 14.7936
75.8393 14.537
71.9149 15.5469
75.968 15.946
76.2122 15.0894
77.5468 15.0935
78.2128 15.2415
81.2657 15.4378
86.0334 14.7807
84.357 15.2072
87.7873 15.4712
78.6277 15.8423
83.3638 14.3057
89.5959 15.1959
88.4189 15.1185
86.3469 14.8447
79.8522 15.5418
79.9071 15.1104
75.078 15.7059
77.9925 15.4619
75.004 15.4104
71.1274 15.3504
73.3322 14.713
72.1147 15.2406
77.676 15.0038
66.7604 15.0963
65.8047 14.3859
62.4679 14.8559
63.4819 15.2024
62.4627 14.6399
69.5867 15.4782
76.2289 15.5402
74.7451 15.1446
76.3141 14.8056
76.1052 15.4634
77.6605 16.0832
82.5768 15.2448
77.9467 15.7211
76.781 15.7143
79.9025 15.8614
79.4814 15.0424
76.393 14.4467
77.1348 15.2001
79.257 15.3191
77.7901 15.5063
80.9128 15.1714
81.888 15.3834
81.1098 14.9391
81.1098 15.2156
85.5806 15.5592
83.2799 15.6994
72.0708 15.1759
76.0064 16.107
73.2707 15.5426
62.9565 15.7153
59.9344 14.6044
61.1687 15.2846
61.1687 15.5037
63.187 14.8249
59.8731 14.6826
59.8731 14.9608
66.0462 15.6118
67.3018 15.2948
67.4579 14.9708
63.8741 15.3283
65.8391 15.7816
65.8391 15.6413
65.8391 14.5867
53.9391 15.2939
53.9391 15.327
69.5051 15.3899
71.5793 14.8533
71.5793 14.8351
70.5054 15.7531
70.4476 14.4392
75.7622 15.5816
61.0039 15.171
70.6731 14.4189
67.9237 15.0859
70.0997 15.0101
84.6707 14.4015
81.96 14.7721
81.1138 14.6239
85.2607 13.8587
86.3846 14.5813
85.7819 14.7315
89.8512 15.2142
90.3707 16.21
93.1932 14.6756
98.5491 13.8703
102.974 15.3847
103.796 15.495
98.5313 15.2039
99.3162 14.0682
120.376 14.796
107.739 15.4463
108.953 14.958
108.913 15.2898
106.656 13.9061
126.993 14.7611
115.146 15.609
105.915 15.6439
94.4373 14.3011
99.7851 14.5332
87.1529 14.7024
78.7859 14.9944
88.0742 15.0054
84.0885 14.6327
87.9117 16.1005
85.3732 14.899
85.8283 14.5288
80.6022 14.8071
76.6337 14.9163
76.3311 15.4003
86.5144 15.1321
91.7374 14.5824
90.8122 14.1789
92.5376 14.6135
91.5449 15.2139
90.0595 14.7424
78.7148 15.7113
77.079 15.5342
82.4871 14.5235
79.1257 14.8155
70.5 15.2166
74.8391 14.9408
83.5268 15.0382
82.9507 14.8959
86.6055 15.1802
80.9631 15.2239
87.9741 15.3021
88.1411 15.5799
101.23 14.4578
97.2178 15.5405
94.3461 14.9138
92.8239 15.2754
91.0554 15.3174
105.478 15.2261
104.85 15.2337
100.731 15.5414
119.74 15.7618
119.74 15.2967
119.74 15.0744
131.388 15.3859
119.739 15.4811
107.078 15.0256
124.181 16.0079
113.983 15.3234
113.983 15.0397
132.361 15.5414
142.018 15.1298
137.078 15.0961
137.078 15.3947
121.818 15.4211
127.924 15.4675
122.599 14.8472
122.113 15.7603
121.716 14.7184
112.737 15.576
114.147 15.6067
103.478 15.321
99.328 15.6475
99.8623 15.3659
102.426 15.1777
100.844 15.2921
91.3797 14.5263
91.5436 14.4812
92.1189 15.0909
85.9864 15.2416
85.1829 15.5689
90.6118 15.6959
87.9349 14.9887
93.969 15.3475
111.093 14.7451
101.976 14.9877
100.967 15.0462
104.368 15.0067
98.5401 14.6142
99.1965 14.9202
84.8908 14.314
90.0242 15.4148
89.4997 15.0367
101.546 14.6661
100.305 14.9545
107.712 15.1429
104.807 15.3922
112.725 14.7516
107.715 14.8488
105.842 15.0305
79.0512 15.6076
86.8355 15.4084
84.2053 15.6585
84.0947 15.5193
76.6655 15.582
91.5686 14.9822
90.6139 15.7547
96.2284 15.3661
85.1624 14.2659
65.1908 15.709
70.7629 14.888
65.2223 13.7196
61.7957 14.1501
58.4937 14.5973
51.5008 15.354
54.4147 15.5564
57.3538 16.1332
68.5971 14.9367
81.439 14.4637
67.6564 15.4967
67.6564 15.3287
73.0466 15.2092
72.1726 15.2947
68.3385 15.1498
64.0139 15.2955
58.2242 16.0971
58.2242 14.7931
51.0255 15.5718
51.0255 15.5367
51.7999 14.3207
49.8731 14.6825
56.9276 14.9512
61.45 14.1083
70.1662 15.0738
70.1662 15.1394
74.1838 15.1541
75.6828 15.6307
75.5638 14.5723
58.2161 15.3684
62.7642 14.9079
62.8563 15.3082
75.095 14.5354
71.1907 14.4804
71.1128 15.3637
69.6044 14.333
70.5506 14.6758
71.0816 15.9136
69.9205 15.2498
66.6351 15.1166
66.0552 15.5163
68.7068 15.6348
73.0575 14.7141
68.458 15.1107
69.63 16.1801
72.4859 15.5702
58.7457 15.6879
60.893 15.0021
59.7039 14.9465
58.0214 14.9657
59.5229 15.4349
63.3016 15.807
77.4805 15.6248
84.9552 15.058
86.3009 14.3202
86.5802 15.3215
86.2776 14.6043
87.5391 15.597
84.8046 14.2688
95.9259 15.1169
93.3362 16.1392
88.6679 14.9063
79.5425 14.8157
78.6404 14.9613
79.5805 14.3449
75.2568 15.6651
68.9359 15.1146
70.9802 15.2146
68.7624 14.4776
67.4048 15.6825
71.5074 15.6246
74.8787 15.6481
93.9286 15.3339
92.2274 15.6249
90.5975 14.8611
91.8424 15.2631
80.6776 15.5352
78.5841 14.5996
83.2307 14.9926
89.5554 15.0179
96.1194 13.9656
96.1566 14.3597
85.6013 15.1264
87.8431 14.8994
82.0019 15.487
73.9195 15.9059
62.3197 15.6884
70.703 15.2287
68.851 15.553
74.4048 14.5899
71.4067 14.5011
78.8099 14.8185
79.196 15.631
88.1059 14.9115
92.2306 15.0341
94.1073 15.4453
99.3244 14.9914
101.918 14.9249
105.543 16.1146
102.326 14.7556
102.16 14.74
106.887 14.4338
106.576 15.3232
123.909 15.3513
119.745 15.8287
129.219 15.3592
130.706 14.9116
117.942 15.0288
108.25 15.0891
108.25 15.2332
101.117 14.4152
102.576 15.7145
98.1096 15.3271
115.56 15.0945
108.589 14.8731
108.589 15.1068
119.039 15.0211
102.311 15.6418
87.3049 14.6277
78.1947 14.6915
78.2102 15.8367
73.6114 16.157
89.4001 15.1065
96.6814 17.0278
106.318 15.2442
96.4483 15.4364
100.738 14.9067
77.3043 15.1315
81.6563 16.5925
79.0426 15.2745
70.593 15.7461
70.593 14.7658
63.2522 15.462
63.2522 15.5046
63.2522 15.9027
63.2522 15.7739
63.2522 15.4563
63.2522 14.4964
63.2522 14.9863
63.2522 15.6497
55.2374 14.8309
50.6404 15.7623
55.2096 15.6711
55.9929 15.3773
55.9929 14.7034
64.5425 15.1707
64.5425 15.8361
68.1884 14.7029
68.1884 14.6805
71.9909 15.1717
79.7627 15.0319
78.5247 15.1669
84.7392 15.5705
80.4416 15.6194
80.7386 15.0332
71.3577 15.2266
77.3326 14.9548
80.4271 15.2839
87.188 15.5727
90.49 15.052
105.227 15.7871
101.649 15.2425
103.429 15.5729
116.119 16.0166
102.578 16.3268
100.388 14.7061
95.0578 14.9733
100.582 15.8974
91.218 15.3126
102.32 14.8083
92.5708 14.7356
101.258 14.5433
88.7079 15.1307
95.993 15.1976
92.8446 15.8068
86.6617 15.2836
91.2232 15.9215
92.363 15.4466
94.9188 15.4518
86.8265 15.4937
83.3463 15.2889
89.1137 15.2934
88.9757 15.0287
83.696 14.705
83.5062 14.6718
77.1737 15.4447
84.9023 15.2238
75.8513 14.5159
73.6146 14.5238
72.3105 15.6336
82.0039 15.7885
83.5514 15.2088
82.4544 15.0518
79.173 15.3619
84.0252 15.5343
77.8155 15.1167
85.6181 14.8694
90.076 14.6325
99.5494 14.6659
96.9176 15.2267
88.4073 15.0669
81.8535 16.3452
85.2627 15.7526
83.0512 14.1468
74.671 15.4229
90.9493 14.6001
91.5078 15.3772
87.416 15.9592
90.1066 14.9301
74.8218 15.6044
79.6342 15.3277
83.0178 14.8079
83.851 15.2999
78.7069 14.923
82.8204 14.4336
82.2207 14.7684
78.2081 14.7949
86.5872 14.8405
79.6093 15.598
93.4134 14.6377
86.5125 15.7357
91.4365 14.3981
100.24 14.5346
100.284 14.841
104.932 14.3046
98.339 14.1272
90.6904 16.0158
90.6904 16.0193
102.178 15.6955
99.0609 14.9012
99.0609 15.1444
120.578 15.1235
123.476 14.7427
132.793 15.099
117.716 14.9662
107.886 14.9993
101.712 15.0199
106.211 14.3596
104.456 15.7393
104.43 15.2985
102.754 15.448
102.105 15.8313
111.516 15.4762
110.341 16.035
109.346 15.1733
99.7922 14.8947
104.16 14.6282
116.936 14.9693
112.996 15.0549
116.9 14.7649
113.174 14.7758
113.57 14.4471
110.562 15.2081
112.257 15.1241
113.375 15.2954
103.458 14.9386
102.093 14.6011
106.128 14.9527
96.0028 14.9345
96.0028 14.6356
86.7816 15.0824
86.3178 15.3977
86.3178 14.6154
79.934 15.7073
82.4355 15.4823
85.1479 15.4284
79.9112 14.656
81.0623 15.1673
88.7739 15.1589
88.2572 14.6538
90.4683 14.6301
93.02 15.2778
94.9753 15.1185
93.6167 14.9074
92.1211 15.1379
88.7495 15.2918
95.1836 15.8389
95.1836 15.7785
82.3155 15.5766
82.2586 14.2329
77.7161 16.0801
75.6157 14.5284
69.6023 15.1179
69.6023 14.6398
69.9561 15.8148
74.4181 14.7048
73.7197 15.5213
72.1973 14.5109
72.1973 14.7641
82.3857 15.3516
91.9012 14.8631
88.5479 15.7034
87.7406 14.1993
86.8693 15.3074
86.1796 14.2962
80.9474 14.8848
90.624 14.5185
81.757 15.5576
86.9691 16.0504
86.6425 15.3967
78.3494 15.0759
79.0374 16.0121
80.2607 14.2843
74.2066 15.0205
71.2091 15.2037
75.9741 14.8448
77.9817 15.1567
77.9309 14.8709
74.0937 14.6431
77.1217 14.8411
68.139 15.2415
71.2341 15.8828
75.1429 15.6183
60.2253 14.8622
60.2253 14.8058
65.6525 15.4031
67.5551 15.2622
60.2938 14.9998
59.3247 15.5957
55.8104 15.3405
54.7493 15.3211
54.7493 15.1607
56.5344 13.9827
56.5344 15.4964
56.5344 15.5683
56.5344 15.4823
56.5344 15.0897
56.5344 15.2675
56.5344 15.7805
56.5344 14.8307
55.8833 15.7377
55.8833 15.1766
53.0405 15.4209
53.0405 15.3822
58.6044 15.8849
51.2281 14.9613
51.5709 15.5092
51.5709 15.8442
55.5157 15.0738
63.5668 15.2447
66.3805 14.7591
66.2936 15.0131
66.0437 14.7739
72.5495 15.6296
70.3605 13.9062
66.7524 14.0831
63.2963 14.7272
65.7245 15.5218
63.9362 15.5799
61.4856 15.175
64.9924 15.1882
66.0425 15.0372
64.0164 15.3916
66.1855 15.7255
68.7271 15.2445
72.4579 14.8574
78.3482 14.8949
79.1409 15.0214
81.6816 14.4646
76.9616 14.811
85.5857 15.3222
83.799 15.1614
74.1869 15.1523
74.3283 14.2235
62.9011 14.9405
62.9011 14.5531
71.6287 14.4205
70.2 15.3025
58.7962 15.786
65.4127 15.1916
69.4906 13.7822
58.6898 15.6173
54.6522 15.3431
61.1327 14.9681
60.6249 15.0411
60.6249 14.9978
60.5625 15.8153
60.5625 15.4997
60.5625 15.0699
60.5625 14.1649
60.5625 14.97
65.9659 15.5723
67.9115 15.2867
67.9115 14.963
64.1997 14.8671
64.1997 16.2033
67.7913 14.759
67.7913 14.6317
67.7913 15.688
67.7913 15.2176
67.7913 15.1333
78.0661 15.1396
79.7471 15.5939
82.5248 15.087
75.5695 15.1113
74.3653 14.7943
77.7594 15.2229
71.2665 15.8339
71.275 14.4259
71.275 14.1059
71.275 15.8744
70.6476 15.0199
70.6476 14.3301
77.875 14.4548
86.4241 14.674
87.8674 14.2464
87.8674 15.0964
85.1347 15.0784
75.4522 15.4931
78.1495 14.835
81.5343 14.847
71.569 14.7399
74.6408 14.8637
77.6347 15.1154
82.0085 15.5841
76.4217 15.465
75.2319 14.5092
72.1834 14.711
72.2647 15.7807
69.2164 15.1891
81.054 15.3731
85.3613 15.1131
69.997 15.0914
66.1147 14.8425
66.5641 15.4677
69.1036 16.1053
67.4046 16.008
67.3568 15.0056
69.644 14.252
58.0145 14.6253
60.1743 15.3327
47.2235 15.7509
47.2235 15.4778
47.2235 15.2909
47.2235 15.3433
47.2235 15.1829
52.4632 15.1904
55.2747 15.1876
59.0659 15.1742
58.6162 14.7341
62.1127 15.597
59.386 14.3401
64.5493 15.387
64.5493 15.1409
64.5493 15.7161
65.9855 15.5191
68.2992 15.1495
64.9943 16.7043
65.8189 15.3306
70.0125 15.1709
64.353 13.938
57.9546 15.8287
64.2172 15.3063
66.3684 15.0356
62.8606 15.0232
55.7844 14.697
62.3295 15.1341
63.5547 14.7131
62.8755 15.8552
69.9171 14.9088
69.973 15.2433
73.068 15.2516
69.6622 15.1634
68.3473 15.5449
66.8583 15.3791
64.0642 14.0844
58.2449 14.2476
58.7646 15.3732
58.7646 15.5116
57.3276 15.8392
60.8031 14.8191
52.981 15.4704
52.981 14.84
58.5375 15.6424
64.6692 15.5823
66.977 15.0396
65.3408 15.5854
63.1467 15.3094
71.2125 14.6915
76.933 15.1215
74.1151 15.6671
76.0512 16.4924
91.408 15.2189
95.6527 14.4063
95.3768 14.7784
94.7027 15.5093
99.7729 14.7715
93.4325 15.1292
80.1252 15.4397
77.3081 15.6259
57.6744 15.2583
60.1309 14.7928
60.1309 15.0265
57.9592 16.4082
57.9592 15.0161
57.9592 15.0644
57.9592 14.8835
57.9592 15.2022
62.0859 15.756
72.352 14.4048
77.1256 14.9972
71.3109 15.8168
83.4163 14.9718
83.4163 14.345
98.0789 15.0754
90.2931 14.8878
86.9143 15.0438
79.2532 15.6304
91.4071 15.0091
81.7619 15.5015
72.8449 15.9607
72.8449 15.5448
76.5001 15.0189
71.4032 14.6545
69.9051 14.9025
76.1823 15.333
76.1823 15.2171
67.2448 15.2653
67.2448 14.8966
71.8063 16.0826
66.4551 14.6418
66.4551 15.5363
66.4551 15.3503
66.4551 15.1209
66.4551 15.4544
68.9544 15.4905
70.7821 15.3435
70.7821 15.911
70.7821 14.9179
75.9649 14.1967
84.9138 14.9243
108.753 15.5083
98.3231 15.8624
91.7253 15.155
91.7253 15.1061
87.1848 14.8926
89.231 14.3791
91.318 15.5843
91.5151 14.4767
95.3417 14.5539
91.6414 15.2024
79.5274 15.0141
77.6464 15.055
78.7519 15.2011
81.4308 14.358
81.3531 14.2866
81.3479 14.8783
74.7769 14.4253
68.7719 14.8367
68.2407 15.1611
58.46 15.6796
69.7952 15.1765
77.0436 15.3321
68.238 14.9017
70.904 15.1771
73.4994 14.7079
70.7257 15.1318
71.2927 15.9149
69.7244 14.3672
68.5809 14.2851
71.167 16.1331
77.043 15.4813
87.1137 15.5202
90.1777 15.2296
80.1459 14.7881
72.5115 15.0105
74.5914 15.461
73.52 16.0526
71.0212 15.5887
72.0623 14.7475
78.3845 15.8981
68.84 15.4457
68.84 15.3
76.1955 15.3073
73.1566 15.4647
78.4567 13.3982
63.872 14.4484
63.872 13.6864
63.872 14.3696
75.0743 15.725
74.4691 15.451
69.6073 15.3482
69.6073 14.9702
72.2097 15.8826
79.8136 14.4983
75.5861 15.7067
80.3655 15.4876
73.6292 15.2017
72.9746 14.6963
74.5308 14.9081
73.4874 14.7074
66.9823 14.5908
63.6827 14.2465
72.3479 15.8545
76.8494 15.145
77.6487 15.2049
76.6107 15.635
74.0254 15.9248
70.9489 15.9903
69.2981 14.4795
75.7072 14.7589
73.1679 15.4595
72.4425 14.4538
62.2868 15.3493
65.7076 15.305
58.9271 14.9817
62.2816 14.7124
56.0657 15.187
58.9164 15.5829
66.783 15.5285
74.8286 16.0731
67.1643 15.2279
70.8274 15.8488
69.7627 15.524
70.6041 14.9358
74.9513 15.0914
75.538 14.7485
69.4147 14.5886
72.362 15.4589
70.0281 15.6584
66.4225 16.315
63.5801 15.9345
63.6925 15.1429
63.6925 14.7049
63.4429 15.4937
62.571 15.4085
69.7846 14.7184
65.3193 14.6936
63.3654 15.1883
59.9626 15.3696
58.9443 14.5539
54.274 16.196
53.1041 15.9417
52.9264 14.5182
54.6814 16.0438
49.2239 14.9396
49.2239 14.7894
47.757 15.0071
57.6089 14.8485
55.0789 14.8716
55.4759 14.1215
64.3964 14.5925
65.6652 15.2912
65.6652 13.8989
65.6652 14.5195
70.5832 14.9974
86.8894 15.473
83.512 14.9055
83.512 15.3596
80.113 14.6764
78.5217 15.2108
78.5217 15.7278
84.6791 15.4528
67.041 14.9991
67.8456 16.2593
67.8456 15.357
78.769 15.5321
78.769 15.4288
88.3814 15.5518
80.6205 14.7192
71.7805 14.3961
70.2053 15.365
70.2053 15.1198
73.6636 15.2115
73.6747 15.1086
68.2533 15.3581
65.986 14.841
61.1478 15.4232
61.1478 15.612
55.236 16.1144
58.8516 15.2606
50.9669 15.2606
55.6257 13.7901
61.1984 15.2256
62.0856 14.3483
62.0856 14.9712
62.3644 15.0541
66.9098 14.9306
60.3871 14.9457
63.8462 14.8555
61.6875 14.7522
58.8022 15.4762
62.0507 15.1668
74.0151 15.7147
69.6867 14.3834
71.1239 14.4499
78.8712 15.1486
73.665 14.4889
69.7916 14.9532
68.291 15.0779
77.5825 15.4598
77.2184 14.8673
86.6175 15.8655
89.3546 15.0197
85.5875 15.3045
87.4902 14.705
84.7829 15.344
68.9049 14.6645
62.8213 15.034
67.5976 15.0878
65.2067 14.8203
92.623 14.5306
78.2616 14.3987
77.2655 14.9113
74.2477 15.9137
75.63 15.8223
71.1579 15.4418
71.1579 14.88
73.7145 15.6853
79.5543 14.568
80.9213 15.3157
75.4171 14.7769
74.4328 14.9813
72.7566 14.9214
77.161 14.5642
69.5137 15.3282
74.1811 14.4241
69.9745 15.2513
62.2094 15.2424
66.8692 15.3191
63.268 14.7848
66.5358 14.3903
65.0162 14.5635
69.8047 14.9569
64.7317 15.3415
58.966 15.1228
59.88 14.8629
56.4135 15.3131
61.1659 15.4857
61.3738 15.6943
61.3689 15.4305
59.7532 15.2355
62.0686 15.7235
67.9595 15.4099
70.3351 15.0817
68.7717 14.3488
63.6931 14.6411
68.2127 15.2962
72.5902 15.233
72.3646 14.986
74.2164 14.9882
74.2164 15.32
74.2164 15.1478
71.6895 15.4134
78.3349 15.1193
79.1067 15.3899
66.6901 15.4405
76.2554 15.5381
75.4923 15.3273
75.4923 14.9176
82.2416 15.5926
83.1357 14.444
83.1274 14.5862
83.1274 14.6196
87.915 15.7923
80.245 14.9575
85.2794 15.4865
73.7144 15.3538
81.4589 16.0237
65.5089 15.438
77.7808 15.7438
106.194 15.7554
98.3745 15.7058
83.52 14.8258
79.0389 15.1188
83.2405 14.3971
65.6396 14.4455
70.9098 14.8259
63.3539 15.0592
56.3841 14.9518
54.4046 14.939
63.6914 16.0728
66.0051 14.4497
59.7194 14.5573
55.4383 14.9233
62.7602 14.7185
58.7947 14.9887
60.834 14.8282
60.834 14.9754
60.834 15.1204
64.5802 15.837
65.1573 15.2568
68.5155 14.693
70.2491 14.8329
76.2209 13.6746
74.5168 14.4622
82.7202 15.4606
84.0347 15.5
81.1946 15.0122
78.0217 15.6331
69.4766 15.1631
71.0212 14.9606
71.8111 15.2111
75.0731 14.4235
70.9993 15.6491
67.8713 14.7059
68.4345 15.1896
72.1645 15.2169
74.7403 14.8448
74.7403 15.1976
81.4155 15.2905
76.5421 14.515
80.636 15.2894
75.4879 15.6362
70.2638 14.9916
66.8026 14.6013
74.2596 15.102
79.3055 14.6971
80.9847 15.3646
91.0803 15.5525
95.267 14.9105
96.0773 15.0194
87.4822 14.5371
84.2279 15.0352
94.9953 13.9682
90.571 14.4192
88.1501 14.3891
85.6091 15.3903
102.813 15.2361
101.67 15.2396
101.67 15.6057
101.899 15.7817
96.7657 15.2056
82.7506 15.3013
86.4884 15.7066
88.5314 14.6529
87.133 14.7557
87.133 15.5079
92.7524 14.9306
93.1565 14.74
90.9763 15.1382
90.6085 15.9927
92.9094 15.0273
93.2944 15.477
96.1371 15.2563
105.301 15.4315
119.026 15.436
109.151 15.2605
106.645 14.8
107.711 14.0901
104.326 14.7855
109.501 16.6174
109.077 15.2775
109.027 15.0896
109.65 15.1592
89.9763 15.2059
87.9633 14.3391
89.9065 14.7587
86.3539 14.3628
90.4726 14.8542
81.637 14.4069
90.0341 15.3319
89.6951 15.31
86.1059 16.1205
91.609 14.9463
82.6445 16.3281
105.156 15.0597
115.986 15.0969
109.585 14.426
114.734 14.9397
115.692 15.2432
112.371 14.9576
86.0051 14.4703
88.9023 14.1826
94.2172 15.16
87.3905 14.4529
104.18 15.4652
102.855 15.3656
100.922 14.6966
104.703 15.5456
109.122 15.5085
105.598 15.823
103.984 14.9483
96.808 15.3238
93.8464 14.3868
94.6389 14.8176
90.1524 13.889
91.761 14.8486
89.765 14.0409
90.8833 15.4064
92.4008 14.8064
82.5868 15.365
81.6424 14.7817
80.1281 14.8846
73.9079 14.8788
71.564 15.4782
76.5882 15.6983
80.6478 16.0057
72.7747 15.8933
71.6273 15.9802
71.9919 15.5969
79.4729 15.1103
76.5218 15.1037
76.1636 14.9505
83.2314 15.0664
83.392 15.0945
86.9386 15.1389
102.653 14.5106
106.091 14.5901
97.2013 15.9891
93.6971 15.1273
86.112 15.6267
86.112 14.8804
86.112 15.3717
78.9439 14.9627
68.0621 15.5022
72.0449 14.9638
66.5216 14.9563
63.7905 14.6059
64.8952 14.5911
64.0094 15.3956
63.4321 15.8729
70.0618 15.8215
70.0618 15.5162
67.2245 15.8257
73.8183 14.6577
82.7699 15.2024
77.8615 15.2055
79.6171 14.9181
67.4837 14.6348
68.6673 15.3655
66.3034 14.8973
67.2547 14.2724
55.0948 15.2589
57.8792 15.5214
60.6956 15.4503
59.8538 14.697
59.504 14.9103
61.2937 15.0439
60.7402 14.9184
64.2593 14.9714
58.7582 14.9896
59.485 15.2179
60.6926 15.5197
61.8088 14.7121
59.7164 15.1381
63.2603 15.1776
62.8453 14.9773
60.7786 15.1408
66.4146 15.4763
70.8118 15.6672
73.8791 15.721
72.9153 14.9706
85.6787 15.046
73.0677 15.763
73.8225 14.4296
71.629 15.8506
80.7264 15.519
75.5244 15.353
75.7584 14.7062
87.1256 14.4169
84.1481 14.4304
83.6838 14.973
94.8489 15.6726
98.4005 15.0633
100.312 15.116
111.252 14.9652
98.3555 15.9406
90.2131 15.3341
93.4154 14.2108
94.9533 14.793
102.677 14.1832
96.7477 14.9654
101.132 14.2934
104.989 14.7251
103.956 15.0283
98.8997 15.4226
107.185 14.6688
100.326 15.9545
105.433 15.0368
89.8817 15.0119
84.6016 15.1517
77.3674 15.0198
83.5499 14.5197
75.9921 14.2765
82.3255 15.6861
80.0989 14.5842
88.4091 15.4422
81.413 14.3232
82.033 14.956
75.2515 15.0425
75.6075 14.6078
78.5455 14.3327
63.0192 14.8262
63.7099 15.4766
63.7926 14.683
65.5315 13.908
77.2571 14.4169
80.7571 15.2766
72.646 15.1983
76.0742 16.1591
67.2804 15.1455
84.8236 15.2733
84.8236 15.6911
79.0385 14.7301
91.7719 14.6095
92.2368 14.6139
84.4804 14.6442
81.3031 15.0675
75.9334 15.6695
75.9334 15.4592
69.6251 14.6913
66.2488 14.6956
66.2488 15.3998
74.4424 15.6386
67.5041 15.2068
63.4437 15.665
59.3786 15.9274
50.9844 14.9854
59.2429 16.003
63.8002 14.4885
66.9973 14.3106
64.3375 14.1811
71.2838 14.8637
85.132 14.0359
73.3151 15.027
75.6469 15.5949
73.9748 15.0522
66.6023 14.5105
71.6873 14.9967
72.8295 15.2357
76.0249 14.9874
75.8931 15.2209
84.7234 14.9436
75.1791 15.3943
80.087 15.3414
78.8296 15.2975
85.5533 14.7124
83.825 15.4035
81.6534 14.9535
81.6427 14.6008
90.0182 15.0589
100.491 15.0697
99.0763 15.085
99.0763 14.9387
100.263 15.6976
99.9954 15.4844
104.798 15.9246
108.407 14.8021
101.446 15.1094
107.505 15.6807
107.106 15.3792
106.967 15.0814
106.967 14.2542
101.928 15.1952
113.228 15.1039
98.9206 15.158
95.1612 15.3683
98.1933 16.1997
82.9179 15.2374
86.8689 15.0417
77.2418 15.5316
75.6646 15.4683
69.4219 14.9144
70.3472 14.9184
76.6867 14.8296
70.6404 15.262
67.7239 15.2466
67.7239 15.1347
67.7239 14.494
71.6726 14.9214
82.0634 15.055
90.362 15.3448
87.1018 14.5793
99.5168 15.9003
91.0376 14.9741
90.3877 14.7919
94.6387 15.8718
94.1112 14.8979
101.515 15.2373
104.309 14.7049
113.371 15.2937
94.4157 15.1383
90.1782 14.9553
88.8653 15.038
99.4968 15.2328
91.986 15.3714
91.9243 16.2067
81.1771 15.6609
78.5524 16.2976
75.8311 14.6384
74.2475 15.6496
62.689 14.66
68.9563 15.8248
61.717 15.4578
61.7114 14.8759
61.2816 14.2889
58.9774 15.0817
56.3308 15.5201
57.5757 15.1337
55.1359 15.7602
58.3774 14.9165
66.4816 15.1811
63.1877 15.8743
65.271 14.555
59.4546 14.6248
60.0822 15.2578
58.2511 15.6075
60.5876 15.5379
60.9495 16.086
56.7489 15.2519
56.6083 15.2036
58.8251 15.5735
57.7332 15.2139
59.7299 15.4169
63.3246 15.4356
58.9086 15.7573
68.8949 15.1518
70.8137 16.0251
69.8103 15.0325
71.121 14.7401
79.7629 14.9284
75.0128 14.8274
80.5964 14.361
81.2675 14.8294
89.6044 16.6327
87.6787 14.7995
87.6787 14.7973
85.1673 15.4339
84.2585 15.294
86.0373 14.4707
81.75 15.0886
80.1401 15.0602
80.6893 15.6321
80.0415 14.7566
88.2251 15.1141
90.1978 16.0677
91.3649 14.2284
95.1307 15.0091
93.4107 15.8356
99.534 15.4572
101.038 14.9284
106.253 15.0906
106.253 15.1571
106.253 15.0462
106.065 15.4417
97.2187 14.6602
92.9599 14.9213
93.9536 14.8705
95.8869 15.4581
97.5441 15.2065
93.776 15.2375
96.0784 15.6648
88.5472 15.3033
93.2227 15.1116
90.2315 14.6843
83.1655 15.422
73.351 14.7532
72.2389 15.0584
77.5977 15.35
77.5977 15.2302
75.5172 15.1092
77.5628 14.9715
73.8171 15.4917
77.1792 14.5799
72.2818 15.0381
73.6266 14.5964
93.985 15.3416
86.4305 14.9455
86.4305 14.5556
94.7992 14.5848
89.7564 15.2249
82.0122 14.4558
82.6391 14.7255
81.2987 14.9246
83.4933 14.8207
88.3568 14.3859
88.3568 15.5247
88.3568 14.6341
87.1285 15.2727
87.1285 16.596
84.1808 16.46
81.6274 14.7097
81.1394 14.977
78.8409 15.2081
78.8409 14.8763
77.9634 14.9529
77.9634 15.636
75.8856 14.6617
74.9635 14.9638
72.0022 14.674
66.7872 15.1557
60.4084 15.3147
62.3936 14.7406
65.2769 15.2343
65.9371 14.6358
70.9132 14.8857
75.4758 14.6122
75.3899 15.371
74.3154 15.9879
71.1937 15.4608
68.8101 15.5076
69.2196 15.6276
68.995 15.5793
68.6557 15.5551
82.6557 15.3119
86.1693 15.2518
83.3599 15.2535
85.4947 14.7715
84.4237 16.0414
94.1334 15.9399
90.1566 14.6194
87.7653 15.2963
101.886 15.5444
91.8437 14.7077
96.8346 15.0352
93.5262 14.556
86.3906 14.7517
79.662 15.3738
74.9463 15.6235
75.7947 14.5174
72.778 15.6773
69.7464 15.6666
71.7266 15.6754
71.7266 14.1235
70.1932 15.0776
81.5944 15.0085
86.8252 14.6846
92.557 14.5987
95.3068 14.9705
95.3068 14.6005
98.0243 15.1797
89.8437 15.4891
110.46 15.9673
109.196 15.1305
129.852 15.1603
98.0746 14.7259
98.5042 15.1888
81.7453 15.3688
88.7379 16.0376
95.2774 14.8655
94.7907 14.887
98.1097 15.2927
98.1097 15.5757
108.947 15.2462
114.358 14.804
106.111 14.5646
109.939 14.897
103.971 15.016
112.653 15.1075
91.2548 15.2758
96.3743 13.9522
93.5929 15.8129
97.8752 14.8525
95.988 15.0837
91.1387 14.6331
84.2576 15.1873
89.2462 15.7284
86.1738 14.3966
89.58 14.5652
92.1092 15.3045
92.0132 14.8288
87.5582 13.9566
91.8371 14.374
97.8121 14.3668
97.8818 14.2239
89.9737 15.2173
95.1075 14.7318
90.6967 13.976
84.2309 15.512
80.5571 15.1589
76.5761 14.2504
81.2509 14.8131
78.0264 15.2569
75.7925 15.4182
75.1339 15.4531
76.9584 14.4306
75.2224 14.8874
75.8339 13.932
76.8915 14.8914
83.423 14.8694
86.3246 15.4807
75.0352 15.1017
75.6403 14.9195
76.0098 15.7223
75.2882 15.3533
82.1135 15.3642
88.8398 15.5279
87.7899 15.106
79.465 15.2836
84.4901 15.6043
83.6414 15.6838
77.5683 15.5013
77.0875 15.2821
76.0535 15.7497
70.9461 15.2154
70.6208 15.1572
70.6208 15.5974
74.9523 15.7855
77.9726 15.7886
87.2428 14.9649
81.1473 14.9161
83.0063 14.98
77.0437 15.27
77.5185 15.48
84.2151 13.9092
87.1478 14.7896
82.6253 15.8007
88.1971 15.4052
84.4399 14.1769
86.1873 15.2939
94.6816 14.895
94.4931 16.1445
93.3425 15.0944
80.9565 15.3905
82.841 14.6977
75.5633 15.4569
73.7172 14.3783
76.098 15.8728
66.0428 14.7648
76.1388 14.7332
76.1388 14.7919
75.7502 14.5286
71.4893 15.1864
71.4642 14.6261
71.4642 14.5185
69.3215 14.697
68.7693 15.5378
89.332 15.3437
90.1936 14.2071
80.951 14.4292
73.9104 14.5657
73.9104 15.3758
73.9104 14.3677
75.8204 14.8169
75.8204 14.3527
74.569 13.8734
70.117 15.1619
68.5101 15.3834
81.1646 15.7556
79.1296 15.3928
75.4091 16.3208
67.9696 14.523
74.6055 15.1825
66.2714 14.7601
66.2714 16.0977
62.2184 15.6537
59.154 15.3803
60.4191 14.2869
63.5357 15.016
63.2282 14.5254
63.2282 14.4985
63.1527 15.5104
63.6433 15.0965
66.4669 15.7857
64.7723 15.088
61.0689 15.2567
67.5353 14.6689
65.8431 15.394
66.1583 15.38
70.575 15.0922
72.2817 15.0184
66.5129 15.8217
56.3917 15.8207
57.3374 15.6647
57.3374 16.6753
60.8633 14.1846
47.6629 16.1184
62.9979 15.0306
63.0368 14.9763
66.496 16.1919
81.5711 15.9944
79.0135 14.1175
80.8699 14.9108
77.9055 15.0632
68.8538 15.0077
63.828 14.7559
74.0466 14.8557
72.514 15.5337
72.182 14.6109
77.515 14.5149
65.6774 15.0592
64.1106 15.1342
58.5773 14.6714
60.5793 14.724
59.0141 15.124
61.7948 15.406
76.1585 15.5698
78.0199 13.7429
74.1531 14.6944
72.0987 14.8234
82.5222 14.9945
79.0052 15.002
76.4321 14.6628
77.5495 15.955
83.6352 15.7784
74.2609 14.678
69.5305 14.8197
71.5811 14.625
70.837 16.1737
71.2169 15.5188
70.2013 14.6207
66.0707 14.5765
66.1813 15.7593
68.4949 14.847
66.1616 15.5945
68.5625 14.3366
74.9622 15.3463
73.7393 15.4135
70.2541 15.4335
73.8097 14.5773
78.7059 15.3951
66.7469 14.4182
76.96 15.3558
69.2266 15.5286
66.8555 15.5905
65.6599 14.905
63.1757 15.1928
68.1022 15.1922
67.8366 15.4603
75.9117 15.7101
77.634 14.3667
82.2503 14.7297
80.0933 15.4714
79.5586 15.5078
82.8918 15.399
88.4857 14.6635
76.7757 14.6291
72.4185 14.475
84.8061 14.5362
96.1832 15.347
101.482 15.5724
101.482 15.0464
98.0375 15.7776
98.7178 16.2192
105.399 15.3078
101.493 15.741
92.1107 15.4111
96.8156 14.7038
96.9554 14.5924
101.9 14.7444
90.8999 15.1728
88.4991 15.1728
95.8182 14.452
95.8182 14.6142
105.566 15.2233
95.8863 15.0842
95.8863 14.4067
88.083 15.7852
84.2442 15.7692
81.1852 15.4537
87.5655 14.6162
89.7355 15.2064
90.4645 14.3144
96.785 14.5937
84.3792 14.5804
84.39 15.0434
77.288 15.343
77.2393 15.585
84.7078 16.0408
97.5758 15.1267
89.1031 15.3184
88.7744 15.8084
84.6712 15.274
91.8062 15.1989
89.6655 14.7618
103.095 14.1735
97.7071 14.9123
103.129 16.0003
97.7321 14.7592
97.7321 14.9402
89.8776 14.9785
93.4684 14.7848
111.561 15.1219
111.125 15.9841
110.87 15.4881
110.409 15.1409
97.08 14.6255
89.7159 14.6698
82.2481 15.1195
77.7732 15.5998
74.7811 14.2934
78.234 15.4798
74.894 14.4675
71.0824 15.4247
69.5663 15.4633
71.2044 15.3212
75.8641 15.2504
82.8237 14.66
80.7743 15.7233
80.7743 15.0775
80.7743 15.0509
75.0366 15.1342
81.8533 15.0987
89.2403 15.8917
99.2002 15.7392
103.114 15.9388
103.114 16.3264
97.7899 14.2654
97.018 14.5228
104.136 15.5537
106.217 15.2386
109.282 15.1376
134.961 15.399
112.592 14.8351
114.688 16.3335
104.29 16.1698
96.4812 15.7733
105.044 14.7783
106.307 14.9057
97.2121 14.6866
97.4752 14.9228
97.4752 14.4871
102.343 14.9618
110.268 13.9973
106.564 15.1952
108.013 15.5835
100.796 15.0905
102.15 14.7588
90.8922 14.7292
86.7966 14.9796
84.117 14.2182
86.8676 14.4441
79.3055 14.1628
82.3155 15.4457
84.819 14.6846
84.1847 15.0455
89.2862 14.6671
87.3475 14.6681
80.5792 14.5158
87.7733 14.1585
76.7202 15.0443
69.7825 15.1778
68.5754 14.8593
72.413 15.3331
77.4805 15.4057
82.8446 14.9703
86.2685 14.698
85.3282 15.48
85.3212 15.6348
77.8508 14.5821
75.3472 14.7576
75.8808 16.0272
73.4197 15.6849
74.8651 15.2947
79.1353 14.8203
70.6096 16.039
66.1975 15.7334
66.1975 14.8481
66.1975 15.164
71.9218 14.2144
70.924 15.328
70.924 15.3414
57.4005 15.2341
57.4005 14.3106
57.4005 15.5944
57.4005 14.749
57.4005 15.4208
57.269 15.4195
65.2603 14.7633
62.3477 14.1992
69.7444 14.9126
64.3694 14.6733
64.3694 14.3584
68.4098 15.7825
66.9253 15.8473
71.4262 16.1405
65.8082 15.3305
58.6116 15.2042
57.3117 15.4469
57.6653 15.0171
57.6653 13.8382
57.6653 15.3579
63.6212 15.3249
63.6212 15.3786
83.8627 14.6121
83.3634 14.6168
74.9847 14.9624
74.9847 15.8143
73.4163 14.8351
75.5162 15.3086
87.4229 14.4841
87.4913 14.7015
83.9459 15.1358
83.302 15.6094
86.4631 15.5711
85.5991 14.9573
83.6641 14.7775
80.988 15.358
80.8453 15.4243
83.0558 15.5059
83.2593 14.9563
93.2177 15.7545
104.222 14.9829
111.652 15.1386
111.652 14.7616
94.3929 14.8797
94.3929 15.1746
102.265 14.9007
98.2538 15.1949
98.6886 14.869
98.3448 14.7919
95.7882 15.0798
99.042 14.973
99.3272 15.5531
96.045 14.0409
95.7824 15.5457
100.955 14.516
95.9497 15.9291
97.503 15.5162
96.8699 15.8833
86.2684 16.1487
81.0694 14.6997
80.407 14.7583
80.9008 16.3837
80.5414 15.49
81.3956 15.4681
77.1703 14.5849
73.6149 15.1637
73.9909 15.2121
70.2648 14.3425
68.5818 15.7722
71.3332 14.6455
80.0852 15.5516
89.9534 15.3109
89.0184 14.4348
89.0262 15.3657
87.054 15.266
84.9002 15.5508
86.0234 14.2588
95.8285 14.4205
91.3244 16.0276
88.8942 14.7648
83.0735 15.3595
79.6862 15.331
83.4595 15.1743
84.8621 15.5597
83.5256 14.325
91.5444 14.9633
92.9137 15.4962
93.9992 16.4277
104.668 15.3147
100.556 15.0805
107.443 15.7372
95.3527 15.3507
97.4577 15.4268
95.8047 15.5464
90.7508 15.7826
90.8865 15.1683
88.5652 15.1254
89.471 15.2431
78.8553 15.0011
79.0328 16.0675
78.9934 16.606
78.1465 15.7655
79.1362 15.2201
82.9368 15.1199
77.032 14.9333
75.1768 14.6288
93.5417 14.8436
95.2011 14.9727
95.2011 15.0612
95.2011 14.8673
91.8367 14.5157
86.7459 14.8085
80.7802 14.2623
83.9412 14.6983
82.7189 15.3057
79.1935 15.4577
81.2581 15.4188
78.7345 15.6641
69.0272 15.8341
75.8205 14.8257
75.8205 15.2222
69.2884 15.4782
66.6943 15.0595
66.2444 14.5182
64.8034 14.5436
62.0842 15.8168
76.1006 14.823
76.1006 15.6463
81.0412 14.8532
79.1459 14.4986
89.7217 16.3178
89.7217 15.7408
97.7542 14.9638
82.2984 15.5713
92.8702 15.3467
97.6863 15.349
98.5646 16.0648
98.5646 15.8365
89.8709 15.7405
89.3526 15.528
90.3742 16.5535
93.9852 14.6244
87.846 14.634
83.4947 14.7795
87.8872 14.7322
85.8779 15.1529
90.2233 16.2115
78.7065 14.646
90.8869 13.7749
78.3138 15.3624
80.6127 15.4407
93.1083 15.1363
83.0192 15.5583
76.2359 14.5999
87.2692 15.5904
88.0798 15.7613
95.2885 15.211
98.6514 15.2216
98.6514 15.8112
98.6514 15.8373
94.9174 15.4771
94.9174 15.7763
103.005 15.2535
104.006 14.5074
88.9127 14.9703
84.8993 15.105
84.8993 15.2657
84.8993 15.387
71.8571 15.581
70.2511 14.8811
74.3765 14.7352
74.0775 14.435
76.2269 14.1927
75.2645 14.6392
87.4997 14.9607
80.8516 14.9118
67.081 14.9708
68.2456 14.6993
81.0508 15.2153
96.1153 15.3246
92.8313 14.6838
91.9736 15.2052
91.9736 15.1905
89.1727 14.7243
89.1727 14.1451
99.2536 14.9758
115.283 14.9165
106.383 16.1056
108.464 15.2106
104.507 15.3644
104.507 14.6065
108.663 15.0766
111.185 15.3006
111.185 15.0495
98.0995 15.885
103.123 14.951
101.132 14.9289
101.132 14.3857
100.022 15.2068
98.0431 15.733
99.1844 15.4965
90.6645 14.9962
101.328 15.6521
91.6595 15.7083
90.5347 14.691
91.165 14.8688
93.6419 14.8299
85.9738 14.9064
88.8765 15.2178
88.8765 15.4565
92.8031 15.4283
93.7566 15.1517
80.9313 15.4097
80.1685 14.8504
79.9124 15.0189
79.913 15.4764
84.368 14.7893
78.5985 15.234
78.441 15.6988
75.6862 14.6734
72.2081 15.2617
71.6994 14.9556
89.7788 15.0743
87.5848 15.5077
98.7484 15.173
102.582 15.1471
114.801 14.7573
106.786 13.6212
113.679 15.0591
120.503 15.3438
107.318 15.6862
112.181 14.6755
112.181 14.9201
108.076 14.7267
116.987 14.9856
114.26 15.2593
110.406 15.6067
113.697 15.2207
89.5177 14.8781
106.095 14.6488
99.1094 14.4752
101.192 15.5775
101.192 15.5099
92.9296 15.1749
93.2492 14.7235
95.7827 15.0183
96.9631 14.7023
97.7024 14.5405
108.808 15.2767
97.4512 15.0792
106.603 15.5376
108.401 15.6445
111.402 15.256
102.451 15.468
111.669 15.055
111.669 16.1134
111.669 15.1457
104.328 15.2576
104.328 15.2153
90.9165 15.0185
87.9365 15.2851
79.1393 15.4904
83.3661 15.402
76.2967 16.212
73.7577 14.6723
73.8028 15.1768
72.6008 14.9569
70.3458 16.2112
69.1921 15.3358
68.1929 15.1473
60.9386 15.6073
56.0399 14.3917
71.4978 14.6192
62.7662 15.2595
66.8433 14.7204
73.3833 15.244
78.6862 14.3771
84.1247 15.3754
84.1247 14.7104
88.9566 15.0726
87.1754 15.3534
86.9692 16.1014
91.3317 14.6424
81.3787 15.1816
80.144 15.5799
75.9006 16.0393
75.591 15.2259
70.9474 13.7479
67.4237 15.2065
81.7674 15.0546
84.9616 15.0486
83.5789 16.7903
83.6325 14.91
85.75 14.6003
86.3173 15.4853
92.549 15.4979
87.5358 14.7248
103.456 15.3559
110.555 15.8548
119.364 15.3681
119.364 15.0416
118.22 14.6885
109.734 14.875
104.554 15.4246
100.577 14.8487
121.975 14.1521
125.795 14.8775
121.974 15.4988
118.646 14.2461
122.246 16.191
127.907 14.5691
128.616 15.1213
112.551 14.9085
102.905 14.6252
107.737 14.7271
120.308 14.9397
116.465 15.0731
85.9286 15.2448
78.7154 15.3228
81.5222 15.1943
74.3754 14.266
73.2937 15.9048
74.3058 14.9545
78.0083 14.7218
74.9384 14.6291
69.9593 14.3154
69.9593 14.7673
69.9593 15.3401
74.708 15.0525
74.708 15.6756
77.9645 14.9394
85.5761 14.8562
86.9773 15.2597
87.1079 15.0556
80.773 14.7417
