94.8784 14.4143
100.665 15.0845
98.1627 15.2797
97.3409 14.5901
97.4523 14.8145
101.563 14.3622
104.033 15.0015
103.665 15.3502
104.169 15.9024
104.269 15.7623
99.132 15.5821
100.076 16.0563
96.694 15.7697
101.785 15.2381
98.6179 16.953
107.076 15.6839
106.8 15.3133
101.971 15.4469
104.386 15.6015
100.232 13.9297
96.0829 15.3251
94.4307 15.152
95.9698 15.2105
90.691 14.7275
91.0561 15.2326
91.7253 14.4292
92.5153 15.6432
91.0336 15.625
90.9238 16.0422
94.4133 16.5494
94.8679 15.5638
97.9901 15.7945
92.7302 15.5714
92.866 15.4787
93.4747 15.4616
95.8485 15.6961
97.5543 14.7699
100.233 15.0995
101.394 15.6065
97.4999 15.1896
95.7589 15.1337
98.4538 14.5937
95.5308 15.8079
100.94 14.9109
98.9089 15.3404
95.4616 15.9242
99.0078 16.1158
96.883 15.4511
98.3276 15.0454
101.476 14.8281
105.33 14.8835
106.971 14.9027
111.004 14.9469
103.852 15.1214
109.343 15.3417
108.71 14.4675
100.149 15.2132
98.3651 14.2579
97.6445 16.0432
99.0564 15.0366
97.7925 14.3395
95.0589 15.1369
91.0422 15.5054
90.717 16.16
91.1244 15.2113
93.1833 15.2383
97.3091 15.8062
94.3618 15.6718
94.1194 15.8005
98.6828 15.3263
97.4618 15.3196
97.5553 14.8753
97.0386 14.8812
94.9495 15.9547
94.5272 15.301
94.9943 15.5029
93.9244 15.6409
91.49 15.3863
89.3937 15.3368
95.4715 15.7197
94.6981 15.7172
95.9485 15.1766
95.6532 14.6614
101.279 14.875
98.4047 15.241
96.8957 15.7904
92.4996 15.905
93.3085 15.0046
93.1852 15.2142
93.1852 15.2069
99.0153 14.9112
97.6336 15.9845
105.381 14.6758
99.7592 14.5884
97.0451 16.0233
93.398 15.1638
89.3777 14.8694
89.2644 15.4191
89.2433 15.7895
93.0373 15.3575
95.0956 15.6448
92.2573 15.0032
96.1756 14.4807
93.2195 15.1089
92.0478 15.1583
88.7129 14.8729
89.3124 14.5845
90.4056 15.3192
88.2458 15.0288
94.9518 15.6226
88.6961 15.5171
83.1427 15.9882
87.5644 15.3031
83.5585 15.4315
87.7606 15.3487
90.2565 15.4008
88.9432 15.7265
93.7622 15.3619
94.4067 14.3009
93.0089 14.8123
86.6453 15.505
88.4479 16.1413
87.0047 15.6203
88.9641 15.3673
93.2035 15.4576
99.0193 16.0845
99.5984 15.5127
96.0804 15.6262
103.621 15.06
99.6427 15.2925
100.894 14.3491
100.864 15.2844
91.2247 15.4144
95.6542 15.5158
98.3737 14.4337
99.3939 14.7566
96.6135 15.0281
96.5369 14.7708
95.6997 14.7399
97.7191 14.4926
97.1058 14.8698
95.6202 14.8951
99.5031 14.939
95.5144 15.4865
98.2243 15.2059
94.3081 15.7275
99.7888 14.8632
101.739 16.1248
100.369 15.7138
101.976 15.3483
104.948 14.8579
103.515 16.4574
100.677 15.2976
96.9403 16.359
94.21 16.1796
95.2095 16.2884
96.592 15.5051
94.2353 15.1706
91.61 15.0785
95.566 15.0174
85.751 14.8072
96.7504 15.0905
96.2714 14.8817
97.4586 14.7477
101.225 15.5758
100.846 15.2823
105.443 15.1945
111.415 15.2291
105.157 15.3711
108.188 15.2341
104.67 14.8138
117.496 15.3745
110.781 15.9366
111.847 15.0341
102.071 15.5749
105.451 14.8564
105.151 14.8923
101.413 15.4342
103.525 15.2445
99.3957 14.9552
98.3314 15.7634
103.334 15.2851
102.535 15.2602
106.236 15.593
101.375 16.616
107.241 14.5087
104.288 14.5064
102.667 15.343
107.212 15.7014
107.908 15.6879
106.497 15.7163
107.351 14.9861
102.368 14.4835
99.7207 15.2301
98.3845 15.7714
102.537 15.4431
100.987 15.4924
90.7391 15.1687
87.5872 15.4912
95.8554 15.7234
98.8274 14.8061
99.733 15.563
97.1279 15.4909
93.2978 14.7237
94.5842 15.4803
95.8322 14.9052
88.7277 14.6259
96.0765 15.213
100.437 15.5771
112.083 15.9196
114.522 15.2592
104.057 14.6257
107.227 15.2242
110.755 15.8393
110.755 15.4584
113.132 14.816
104.143 15.6511
102.373 15.5376
107.027 14.3106
101.756 14.6339
111.298 15.456
104.082 15.0741
105.542 15.2718
105.188 14.3063
108.349 14.5598
103.938 15.2273
98.6616 14.5427
99.4725 14.8026
100.913 15.011
101.612 14.941
99.3931 15.6955
98.9678 15.7015
98.3213 14.6597
102.833 15.667
101.205 15.5834
96.4872 15.6053
102.79 15.267
101.973 15.1702
96.8639 14.8545
97.005 15.7565
97.2722 15.8089
98.8102 15.3631
102.213 15.3251
102.487 14.7558
106.433 15.0952
105.679 15.2716
113.519 15.3429
110.143 15.4128
106.282 15.387
106.363 15.2114
100.578 15.2028
97.1105 15.3046
100.08 15.0574
103.111 14.9914
103.695 15.3127
105.06 15.4875
102.396 15.2153
96.3963 14.3831
95.7654 16.3555
93.9127 15.3401
96.588 15.2797
96.2228 15.4224
100.983 15.8502
98.3798 15.9607
100.121 15.7517
92.9966 15.5441
94.2549 15.9643
94.1616 14.7172
94.2774 15.589
95.0189 15.1787
89.4686 15.6867
91.3627 15.2566
95.8645 15.3501
99.1322 15.1797
92.5391 14.7616
96.8547 14.2868
104.21 15.661
102.518 16.6906
97.7657 15.1135
97.6845 15.2014
95.0237 14.7573
95.9294 14.5804
98.5923 16.0554
94.6453 15.8716
91.971 15.1837
95.3042 15.1075
95.3042 15.1528
86.3688 15.3423
88.8943 15.3343
94.7872 15.3693
92.9725 15.9445
91.9534 15.6041
92.8082 15.8524
91.2073 15.2907
98.0371 15.3683
97.3899 15.8801
97.094 14.7579
102.426 14.9905
96.6754 15.514
98.3764 15.7044
93.9736 15.4602
98.1713 15.4602
98.6992 15.4564
96.2921 15.4883
93.8326 15.2385
98.3763 14.7593
100.99 15.0288
95.4 14.9308
101.64 15.8908
98.9507 15.0407
96.7719 15.0521
100.259 15.2712
94.6368 15.4403
94.8648 15.1129
92.9268 14.9113
92.9971 15.0975
90.3265 15.507
91.4587 15.2833
91.5668 14.9458
89.0369 14.9158
90.2729 15.3754
89.9021 15.1684
87.658 15.8482
85.4596 15.7534
93.5518 14.9442
95.9881 15.0357
99.4357 15.4184
100.324 15.3503
95.7725 14.9886
97.6423 15.168
98.5784 16.5922
102.847 15.4371
101.096 15.2304
103.888 15.1757
99.6329 15.1604
95.7359 16.1509
91.853 14.5378
91.853 16.3281
90.1538 15.3197
95.3883 14.292
93.7069 14.8404
93.8159 14.7842
92.5092 14.6227
98.8721 15.094
101.452 14.8045
105.612 15.3551
106.6 15.8249
108.807 15.6637
112.087 15.4201
112.087 16.1789
113.097 16.3635
112.164 15.4131
103.838 14.9322
100.86 15.7097
98.4718 15.2514
83.7622 15.3304
87.1332 16.214
86.7251 15.6887
90.6907 15.4375
94.1156 14.9324
96.2149 14.5295
96.5894 14.9981
95.6877 15.3665
97.6852 15.4211
95.7271 15.9708
99.1298 15.2058
101.773 15.1705
99.007 15.5026
98.5997 15.0674
99.1104 14.6431
96.5671 14.418
95.5926 14.4161
98.6123 15.8292
98.5602 14.8914
98.1095 14.707
97.8694 14.6291
96.4356 15.0843
94.9432 15.1144
93.5 14.7817
94.5417 15.0773
100.291 15.0599
107.156 14.7834
102.435 15.0957
106.575 14.8272
102.952 14.7946
104.619 14.8933
101.754 15.1775
102.154 15.46
109.337 15.7018
107.638 15.9259
108.252 15.0615
111.75 15.2054
103.464 15.172
100.113 15.3567
96.8203 15.1385
99.5544 15.251
99.0775 14.9688
93.2514 14.4808
95.8333 14.9838
94.5017 15.7956
98.484 15.1874
98.4171 14.4036
99.4048 14.2178
103.016 14.8335
101.396 15.0369
102.053 15.3641
107.008 14.8755
101.923 14.899
105.728 14.8735
106.308 15.6557
108.866 14.9226
105.054 15.1413
114.953 14.8872
108.382 14.5136
104.827 14.7592
103.011 15.4519
101.228 16.2063
102.204 15.7324
97.1731 15.3717
104.707 15.9955
103.319 15.9429
100.838 14.5877
100.881 15.6106
101.293 14.514
103.312 14.2557
103.274 15.9285
96.4854 14.2113
90.5791 15.5434
93.3761 15.5253
94.8444 15.4769
94.7432 15.3347
96.8453 15.1679
96.626 15.8813
95.8532 15.6584
97.1674 15.2625
96.0252 15.1286
102.656 14.7235
99.1973 14.6086
104.905 15.0601
97.6953 15.0281
98.7777 15.5683
94.2159 15.1798
94.079 15.9993
95.0044 15.313
95.3012 15.8695
96.6278 14.816
97.8543 15.9425
100.336 14.5488
95.7973 14.3981
92.2404 14.8766
98.1123 15.8223
102.101 15.7657
101.135 15.287
103.664 14.6277
103.063 14.7011
107.524 14.7083
104.419 14.3298
107.958 14.4466
103.467 15.7148
104.287 14.0165
105.392 15.6176
97.4235 15.6589
101.924 16.257
102.44 16.0314
105.46 16.2743
105.93 14.9204
107.682 14.9678
108.876 15.0067
108.368 15.2749
103.806 14.9104
109.34 15.2163
109.114 14.878
107.925 15.0396
103.581 16.0959
105.778 15.3708
108.057 15.5546
97.2353 15.4611
104.787 15.7468
108.494 14.4998
90.8517 15.7624
93.8281 14.0075
93.2828 14.8984
92.8987 14.9524
99.6594 15.2601
99.8121 15.9106
95.2661 14.911
96.2829 14.7263
93.8277 16.44
91.7027 15.5029
90.8357 15.5596
91.5919 15.3183
92.1243 15.8484
96.3371 15.2409
95.9635 15.9466
95.3634 15.8562
98.3695 14.369
103.757 14.3213
97.295 15.5143
100.889 14.5813
102.299 13.9991
101.597 15.3405
100.045 15.2515
98.4629 15.3047
93.8375 15.2029
94.8375 14.9122
98.6799 15.1289
97.2308 14.9895
95.9776 14.9259
94.3061 14.7824
101.674 15.833
105.028 15.5252
102.81 15.0086
101.203 14.1348
95.823 15.0068
92.8244 15.1031
91.3483 14.5958
91.3683 16.2801
90.0674 15.1717
88.3387 15.4474
90.4222 15.2873
87.8846 15.2044
97.3855 15.3596
97.9991 14.959
96.0778 14.7713
90.9652 15.428
91.4151 16.1778
95.934 15.6441
97.2306 15.5754
92.4424 15.4179
94.6012 15.2524
92.4615 16.1627
93.7356 15.7546
93.613 15.289
92.1099 15.1365
89.5505 15.3265
87.3415 14.4864
91.3251 15.7431
91.075 14.9431
92.9518 15.0706
93.5422 14.1504
87.0787 15.592
89.56 15.7306
94.2549 15.101
91.8677 15.7834
94.4495 14.9406
94.4447 15.2802
93.4232 15.2419
95.1618 15.3099
93.6662 16.1229
93.3534 15.5231
95.6586 15.7897
86.6801 15.6146
90.6279 15.7375
92.5765 15.9019
93.2805 15.5743
95.232 15.8978
104.602 15.1975
105.36 15.6667
106.288 16.3165
104.715 15.7179
98.0056 15.0449
93.6378 15.3296
101.54 15.1691
97.5873 15.6036
96.2552 14.7025
96.5255 15.8877
98.0482 16.0906
101.294 14.4242
101.294 15.932
98.0535 15.5082
90.2813 15.9321
96.7678 15.6755
97.4381 15.2354
92.6762 15.0319
97.5153 15.0814
92.21 15.6611
91.7669 15.0127
94.4252 15.8831
99.2419 14.8937
96.4126 14.8507
97.9869 15.4542
94.6941 14.1225
95.1291 15.0507
95.9402 15.2181
95.8485 15.3129
93.9005 14.9205
95.1527 14.8872
97.4973 15.13
95.4755 15.1826
93.3389 14.9309
89.485 15.0436
88.7906 15.2895
95.6038 15.454
94.5093 14.6941
96.6149 15.5983
97.5883 14.4166
94.2783 15.3595
95.9799 15.7196
95.6418 15.7457
96.0746 14.9491
94.075 14.7736
100.044 14.6878
96.9691 14.7773
97.4106 15.6444
96.209 15.5186
95.2449 15.1951
94.8302 14.9218
94.4697 14.993
94.1792 14.9216
97.7875 15.4923
90.2512 15.3479
94.4965 15.7629
91.2384 15.5116
93.9139 16.6961
88.8834 16.1805
98.6901 15.5616
98.3692 15.5938
99.272 15.5849
95.3095 15.4845
95.2663 14.5041
98.3663 15.1442
101.793 15.6248
103.241 15.8842
110.226 15.7547
106.515 15.3769
104.861 15.3233
113.128 14.8428
110.451 14.943
116.471 14.8198
116.824 15.5483
114.55 15.0989
112.228 15.7373
109.066 15.8896
111.975 15.917
111.975 15.7654
105.361 14.5
102.876 14.7573
110.57 14.8962
101.145 14.2471
104.11 15.0764
105.873 14.8974
100.658 15.4897
103.423 14.2321
102.079 15.1866
97.0976 15.4609
101.492 15.3231
100.797 15.8675
117.671 15.9257
105.076 15.6677
108.072 15.308
101.928 16.2214
100.246 15.5098
103.523 15.0906
103.309 15.2087
101.693 15.647
102.277 15.2211
95.553 16.3054
98.418 15.6278
94.262 15.4164
93.1525 15.0747
93.7748 15.1925
91.1751 14.9837
96.7593 13.9655
93.8324 15.6511
99.6446 15.2022
100.483 14.7673
94.2779 14.9557
98.6611 15.9465
98.8655 15.8062
102.175 15.3876
107.617 15.6558
108.489 15.8732
98.387 15.5331
99.9215 15.0769
100.6 15.2115
92.8383 15.2929
94.9623 15.4284
92.2075 14.7014
95.9425 14.1888
96.6091 15.7903
97.4193 16.1269
100.849 15.2208
98.35 14.9549
97.1667 15.4065
96.0463 15.5654
99.5907 15.7014
95.7058 15.4261
96.5667 15.0623
100.597 14.3243
100.626 14.937
111.133 14.2548
106.73 14.8949
100.349 14.953
104.398 16.2573
104.813 15.0634
101.81 15.6972
101.827 14.986
98.232 15.1855
103.589 14.2022
104.043 15.1006
103.197 15.5155
103.52 14.6371
99.4676 15.4403
98.6227 15.7547
97.6588 15.3715
99.5579 15.9438
95.6221 14.1856
101.233 15.5707
98.4072 16.5065
97.8581 14.2479
98.2979 14.9783
97.8599 15.1361
99.3644 14.3164
99.6848 16.1367
96.6363 14.8841
97.5103 14.8227
96.8526 14.9776
97.8281 15.4544
99.4145 15.7882
95.7392 15.9659
98.83 15.8281
99.9049 15.0493
96.0368 15.3728
100.589 14.7452
99.5955 15.7927
103.124 15.9215
102.935 14.1229
106.822 15.3113
103.231 14.9071
106.016 14.7322
105.467 14.8294
109.583 14.1438
104.524 15.0547
105.942 14.9075
102.294 14.9661
102.109 15.7603
100.026 15.6489
103.594 15.1997
98.6658 16.0477
101.309 14.7893
98.4996 15.3234
99.1672 15.6097
98.1302 15.6618
93.8803 15.782
96.9483 15.6007
100.194 15.6895
94.9765 15.8924
101.08 15.4735
97.2426 15.5549
97.9595 14.8278
97.9699 15.4865
97.1735 14.4678
95.4079 14.6524
93.4953 15.4719
97.2173 15.3409
86.2408 15.5138
88.2879 15.5188
90.0003 15.1777
88.144 14.6994
92.9672 14.9465
93.3233 15.2362
95.1816 15.4275
92.5939 14.858
94.889 15.0618
92.8941 15.2648
92.2016 14.9656
94.8877 13.5256
100.518 14.141
100.938 15.4165
99.1916 14.8243
93.3743 15.9797
101.278 15.3494
103.586 15.1664
104.024 15.0116
92.3435 14.5542
97.928 15.5962
99.1489 15.0278
100.666 14.4953
103.391 14.5122
102.431 14.5809
95.3501 15.7713
99.2268 15.1067
97.6559 15.2637
105.537 15.2745
105.005 14.9364
109.084 15.0905
107.166 14.3161
100.663 14.5529
98.059 15.2973
100.647 15.0304
104.507 14.9193
106.863 14.8473
101.209 15.3332
102.214 14.1561
104.435 14.3183
106.22 15.1208
97.9598 14.7696
96.8869 14.1858
100.828 15.3561
98.5224 14.7349
108.185 15.5797
108.438 15.4445
107.346 13.9404
105.277 15.4506
106.39 14.8318
106.367 14.6549
106.436 14.9972
107.719 15.7189
105.299 14.8464
101.904 15.1472
105.158 15.0652
100.413 14.8859
100.38 14.4478
97.831 15.728
105.431 14.6845
104.528 14.9493
100.187 14.9116
97.3229 14.4148
97.4329 15.2602
101.689 15.5649
102.654 15.667
99.3846 15.3511
105.33 14.9219
102.831 15.3008
100.459 15.7438
94.6135 14.8309
104.064 14.5327
101.463 14.9468
104.23 15.2509
101.116 15.8113
100.919 16.6198
96.8717 15.9465
100.509 15.5744
98.2278 14.9786
96.2785 15.0971
97.8303 15.0353
100.874 14.5709
101.274 15.0012
101.249 15.22
99.1851 15.4503
102.785 15.4108
106.267 14.7673
101.503 14.724
101.604 14.7173
100.328 15.1356
107.594 14.2821
99.6298 14.7121
102.537 14.4012
95.2495 14.9368
95.4025 15.5551
95.0396 14.6194
98.1113 14.9187
99.5506 15.5028
93.2783 16.3574
95.0317 16.1017
100.304 15.3461
100.101 15.2738
103.83 15.3352
104.959 15.0448
107.171 15.0016
101.42 15.8664
109.346 14.8975
103.564 15.493
101.943 15.5958
103.087 14.8259
98.037 14.6056
97.7067 14.9892
100.345 14.894
96.3189 16.2053
95.4407 15.4513
98.9876 15.5022
99.213 15.9988
98.0251 14.717
100.629 15.3077
106.337 14.7924
104.038 15.8745
101.505 14.5489
100.825 14.9152
93.9952 15.9469
94.9874 15.4404
93.0913 15.9628
93.579 15.3343
90.3473 16.3027
95.026 15.9376
93.4621 15.005
92.099 14.7536
95.8624 15.1412
103.304 14.7277
93.8839 14.54
100.863 14.7729
101.13 15.2253
101.484 15.4969
105.39 15.0168
106.643 14.9601
104.891 15.0278
104.891 14.505
98.3804 15.6573
99.3993 15.7581
95.1632 15.7246
96.2442 15.9673
96.6979 14.9868
98.7181 14.7841
101.024 15.0018
109.184 14.0021
112.304 15.0922
107.426 15.5021
108.265 15.1619
107.808 15.0069
102.176 15.2931
99.4328 14.9001
98.8874 15.2981
97.829 15.5569
93.8924 15.504
92.5586 15.3437
92.6818 14.7697
92.8823 15.4486
93.4218 15.229
91.7813 14.8986
92.2685 15.5549
93.5157 15.1736
96.1608 14.9747
96.7654 14.5826
100.046 15.5044
94.9088 15.3756
93.1939 15.0963
93.6913 15.6229
92.7151 15.1621
92.6352 14.9813
91.8969 15.4834
95.0713 14.7989
91.7137 15.6083
97.6462 15.3482
96.8887 14.6041
94.7072 14.4328
96.0963 15.6645
92.8451 16.03
95.5845 15.224
99.5362 15.6976
93.576 15.8064
100.426 15.5598
98.6089 15.2507
98.7279 15.4891
92.7849 15.4679
98.8128 14.8984
98.8696 15.5286
99.7318 16.3792
93.1295 15.0957
94.5192 14.972
94.0026 15.9014
90.4526 15.8601
91.5331 16.3054
94.4782 15.9487
93.375 14.8546
96.8145 15.7171
95.877 15.4609
95.6036 15.1712
95.0296 15.3835
97.9941 15.2206
96.4866 15.432
102.75 15.1924
94.6467 14.6643
96.0874 14.8826
98.632 14.9489
98.7216 15.2408
95.4141 15.5776
97.2286 15.1657
102.661 15.5247
99.8193 15.0786
100.464 15.1805
104.289 14.984
103.831 15.3949
97.2361 14.8392
98.4868 15.0228
100.035 14.1657
95.8188 15.0004
100.836 14.9239
103.74 15.9499
104.251 14.7958
98.9482 14.067
101.188 15.7202
97.9143 15.6746
102.032 15.9162
101.511 14.8133
96.4555 15.1647
100.702 13.9982
95.5523 15.2832
100.874 14.6692
93.4825 15.3155
95.2416 15.3696
98.2839 14.8743
98.5276 15.0881
103.132 15.3597
96.4065 15.4594
97.4126 15.7327
101.018 14.8066
101.666 15.4751
100.621 15.7602
94.2544 15.757
95.7032 15.3005
96.5655 15.8632
100.724 13.8984
100.077 14.6887
96.0812 14.4311
98.5404 14.7545
102.811 15.4323
100.366 15.5397
99.6252 15.4031
98.963 15.6093
99.3876 15.3374
90.789 14.4478
95.7303 15.3113
95.6589 14.9179
97.3689 14.9749
98.2801 15.4502
100.302 15.226
103.87 15.1034
103.43 14.9805
103.44 15.4676
106.72 15.6379
105.384 15.8412
105.389 15.5598
108.487 15.4316
109.643 16.0405
97.7789 16.1587
98.9371 15.2929
101.629 14.6216
104.641 14.3767
109.354 15.8417
103.305 15.0296
102.913 14.82
99.594 15.6051
105.175 16.1019
104.07 16.0487
103.789 14.8843
104.674 14.7741
105.288 14.7559
102.547 14.2497
105.888 14.7148
98.6463 15.261
106.331 15.6306
104.248 16.1885
102.896 16.2292
103.416 15.479
104.599 14.9966
105.088 15.5181
101.014 15.1216
101.764 14.6134
103.995 14.6385
105.942 14.7261
101.858 13.9721
101.978 15.159
101.978 14.8303
98.9708 14.6665
98.8328 15.4512
103.893 15.0168
103.561 14.7664
104.154 14.9063
106.833 15.0814
104.261 15.8183
104.392 15.2321
105.302 15.2028
105.262 14.6577
104.589 15.0116
98.9746 15.3298
102.339 14.8568
102.971 14.3899
107.097 14.4941
97.54 15.0864
92.9563 15.0639
102.079 15.0659
105.461 15.5249
104.167 15.7645
99.1193 14.6008
96.7553 16.0086
97.1159 15.798
95.9511 15.1747
94.0112 15.2112
98.7458 15.2205
92.9916 14.899
96.868 15.0522
96.6898 15.229
98.3319 15.3567
90.8231 15.6877
99.0392 15.2064
99.0828 15.3931
96.878 15.1772
96.8423 14.5688
97.208 15.4699
95.8454 15.1831
91.0722 15.1079
93.2786 15.044
92.9786 15.0927
91.9279 14.5304
96.2302 14.8116
88.9993 14.7535
88.9513 15.3845
86.0164 15.7868
86.0164 15.541
89.5977 14.9451
94.985 15.8704
94.8303 15.3975
96.9566 15.4232
98.624 14.4693
93.7395 14.9453
97.1828 15.4782
92.0284 15.6796
93.662 15.3502
93.6851 15.4014
95.0536 14.6011
95.4685 15.8254
95.2757 15.4217
95.2501 15.2499
103.005 15.1961
98.5398 15.1913
93.4495 14.7341
96.8434 15.4386
97.0778 14.3112
99.5702 15.4313
90.3115 14.9155
88.7808 14.9434
91.2642 15.2223
90.8911 16.1302
93.6739 15.2553
98.8799 14.5629
101.382 15.7866
97.5818 15.1662
100.356 15.1195
98.8882 15.0138
98.082 14.6403
100.719 14.9869
102.065 15.9473
98.6864 15.3594
92.1088 15.1074
93.5242 14.9573
96.9338 14.7106
97.0241 15.5675
95.8558 15.5948
94.7437 14.721
89.5899 15.756
88.4252 15.0175
90.366 15.4008
94.0424 15.5159
95.2494 16.3695
95.5763 16.0299
104.154 16.022
103.719 14.8485
103.609 14.8387
103.652 14.8268
105.829 14.6954
116.322 14.5466
102.407 14.7811
100.955 14.7904
97.528 15.4276
97.2186 15.5954
100.525 15.7139
99.8886 15.0516
99.7818 16.0447
100.325 15.4124
103.61 14.8017
103.635 15.6002
106.236 15.4054
101.711 15.3271
102.349 15.7363
102.704 15.6238
98.9614 15.7331
94.1555 15.0732
95.3613 15.9152
98.8465 15.7514
99.5927 14.1782
101.632 15.207
100.663 15.0371
97.9609 15.1402
99.8217 15.9829
98.6932 14.7214
98.6793 15.638
100.515 15.6335
98.6171 15.6089
97.5871 14.6904
104.109 16.088
102.964 15.6976
95.7743 16.2838
96.4023 14.5588
93.4306 15.3584
99.2644 15.3707
93.4257 15.3146
94.4735 15.8275
93.1072 15.2344
95.7761 15.652
96.0266 15.5049
96.5763 15.7173
96.7901 15.455
95.3059 15.4364
96.5629 15.9205
99.7208 15.6271
99.0006 15.5263
99.3107 14.5738
93.9202 14.2287
90.0287 15.1779
96.1209 15.0672
97.2431 14.5426
101.614 13.81
99.3078 15.0877
98.4992 15.4182
98.1585 15.1692
94.3424 15.4129
104.494 14.5989
99.6537 14.4161
98.0732 15.191
96.4017 14.5732
96.8551 15.1669
97.5204 15.0649
98.4093 15.2896
93.2947 15.806
91.612 15.0544
101.246 14.5999
101.912 15.201
103.409 15.0955
104.242 15.4305
103.221 15.9897
97.6476 15.5688
103.828 15.7216
104.436 15.1508
106.541 14.272
103.852 15.2484
94.4396 14.7335
100.615 14.2916
94.3766 15.7974
92.1582 15.2994
91.3179 14.861
93.1577 14.8633
95.7359 15.0181
96.8194 15.3719
101.844 15.6645
103.063 15.378
97.3968 15.6221
96.8895 14.8144
97.7035 14.3232
97.8034 14.3759
92.0344 14.6683
94.8538 15.3017
101.869 15.0394
100.071 15.3342
94.838 15.9425
95.0931 15.7377
97.3977 15.3399
96.9037 15.5612
98.8843 15.2573
95.277 15.3072
98.7363 14.6775
99.2872 15.4003
96.104 15.8983
101.535 15.5093
99.5679 15.1061
103.166 15.0148
95.264 14.995
94.2619 16.2111
94.8555 15.7985
96.5198 15.3885
98.0303 15.6393
94.3531 15.1406
93.8738 14.3301
89.9614 15.8325
91.2576 15.3472
92.5361 15.3248
97.8328 15.3587
95.9271 16.1557
101.747 14.5179
94.0406 15.7803
99.3308 14.6916
102.361 15.3201
96.3654 15.1309
95.4098 15.0896
94.6895 15.0883
98.5105 14.8921
99.7341 15.7425
102.993 15.1473
101.227 15.1839
102.164 15.6083
99.5442 15.4936
100.158 15.3479
100.049 14.3268
106.157 14.3492
98.3531 14.8144
101.545 14.7492
104.948 15.0707
100.54 13.8691
103.594 14.5747
104.003 14.9005
105.529 15.2303
104.368 15.7667
105.587 15.482
102.716 15.2163
104.905 15.4708
96.8159 14.7019
98.4272 14.2119
102.887 15.7725
102.447 14.828
101.542 15.7637
103.969 15.2614
101.889 15.212
100.705 14.3643
103.114 14.8734
97.7637 15.1283
92.743 14.7384
92.8546 14.8144
92.7536 14.4678
90.6775 15.4445
95.7936 14.9323
94.8125 14.6567
98.8147 15.0031
94.0609 16.264
95.4759 14.7096
97.0257 14.5962
95.5563 15.2587
95.5191 15.2663
92.8061 15.2511
91.737 15.8246
94.8665 15.8402
90.6023 16.4605
91.1587 14.6996
102.203 14.8913
98.1009 15.2855
94.3675 15.0658
93.0854 16.35
98.7216 15.3019
95.4242 15.6162
97.7685 15.4996
95.083 14.6851
96.9798 16.0731
91.468 15.1456
99.6229 15.7632
101.097 15.3821
103.464 15.968
99.622 15.3487
100.262 15.9153
102.169 15.1764
103.393 14.7565
103.17 14.7493
102.507 15.6226
100.357 15.4504
96.7315 15.3194
93.1724 14.6277
91.1994 16.1848
91.5145 16.3481
89.9806 15.9746
90.8001 15.5713
91.5567 16.2479
90.5559 15.6466
91.2896 15.6871
95.3031 15.9056
96.8664 15.4027
95.1601 15.202
94.8176 16.135
96.5305 16.0911
95.3403 15.781
94.1482 16.6704
93.7506 13.8562
89.3453 15.5063
91.0836 16.0615
95.9676 15.4561
92.6059 15.7574
95.3097 14.6871
96.1221 14.4701
96.9024 14.693
96.5284 15.2299
97.9159 14.2775
96.2982 15.9617
101.186 16.0675
105.888 15.3661
112.437 15.5665
105.183 15.3008
105.026 15.2594
106.857 15.6427
100.429 14.9599
100.824 14.6686
103.928 15.2853
101.181 14.778
96.7643 14.7938
102.534 15.5372
101.608 14.5198
99.2471 15.7232
103.189 15.3598
108.341 15.3213
104.523 15.8357
104.007 14.6327
106.361 14.604
115.958 14.4431
106.212 15.5645
108.009 15.4388
101.617 16.4031
100.399 16.028
99.0317 15.7246
95.9323 15.6447
100.096 15.3779
102.926 14.8597
104.868 14.6916
101.888 15.1392
103.059 15.8256
101.823 14.8939
98.0717 15.4036
100.383 15.2082
99.8841 15.4463
96.5561 15.1189
96.3864 15.9533
97.6266 14.5284
95.9367 14.7421
100.53 14.7722
105.617 14.9953
107.954 15.8094
107.066 15.7304
103.906 15.7439
101.162 15.1197
100.014 15.2649
97.622 15.5643
96.5738 14.7559
95.4773 15.1499
94.9207 15.026
102.503 14.3822
100.829 14.8291
96.1341 15.3982
98.6969 14.7643
93.2732 15.7336
95.3023 15.1436
96.8773 15.1935
100.133 14.4508
99.5154 14.8
96.7264 14.9542
99.7547 15.0407
99.3541 14.13
104.385 16.487
102.978 16.1846
100.919 15.2231
97.5876 14.5487
94.7372 14.9923
96.667 15.2228
98.0917 15.2677
94.445 14.5646
105.813 15.3463
109.769 15.6241
101.32 15.6425
95.8452 16.1627
102.825 14.8497
100.758 14.6867
101.702 15.8378
99.441 15.2072
98.7611 15.0491
101.485 15.6243
97.3838 15.6527
98.259 15.6046
100.785 13.8795
100.205 13.9219
100.718 14.954
100.079 15.3936
105.423 15.5268
110.347 15.9198
101.024 15.3903
102.016 15.4073
105.766 16.1019
101.094 15.7047
105.183 14.5131
101.875 14.8635
95.027 15.0576
91.5137 16.12
95.8301 15.3108
94.1943 15.1106
98.1359 15.1764
92.4002 14.3792
97.6711 14.7921
98.9476 14.7394
94.3844 15.4994
102.067 15.3961
99.9324 15.1839
100.026 15.4593
108.256 15.3409
108.256 15.6569
112.104 15.4059
107.166 15.3684
101.688 16.4017
103.998 16.2547
101.985 16.2143
106.235 14.4101
104.448 14.8728
102.015 15.9276
105.784 15.0765
107.485 15.39
103.134 14.4678
104.961 15.082
104.992 15.418
102.765 15.5047
101.34 15.7257
100.235 15.1178
100.695 15.3711
103.873 15.2229
103.72 15.4692
103.96 15.5039
101.522 15.0844
99.1426 15.3022
96.7067 15.8028
93.6217 16.1332
91.5417 15.0176
91.162 15.0898
97.7794 15.007
98.1625 15.9215
96.1972 15.6823
97.7504 15.0153
97.1032 14.2388
92.3232 15.2489
92.0794 15.0931
91.4095 15.5708
95.7685 15.1916
97.8168 14.9259
99.9729 15.4738
96.7217 15.3233
101.572 15.113
99.1137 14.8157
99.9386 14.8697
92.9865 15.2737
99.1437 15.7127
96.7517 16.3265
95.4546 14.7976
95.0388 15.6859
103.042 14.8629
103.284 14.8925
110.779 15.6873
106.145 14.9551
100.627 16.8314
101.034 15.2421
100.109 15.15
97.6746 15.518
99.003 15.5876
96.7738 15.6013
96.6581 15.6089
98.4936 15.1552
97.267 14.7906
103.208 14.5689
99.9559 15.5563
105.941 15.3599
103.005 15.1696
103.219 15.3139
100.56 15.2405
98.8142 14.9844
100.247 15.225
100.82 14.962
100.123 14.6676
98.7292 15.1163
97.9631 15.2995
97.9782 15.3239
101.988 15.3068
102.035 15.8711
99.6704 15.7399
104.818 15.7239
94.9926 15.0251
98.8744 15.5374
96.9112 15.2118
98.4723 14.3092
96.2044 15.3899
105.602 15.2446
99.6839 14.3663
101.547 14.3592
99.7024 15.7788
101.677 14.5726
101.016 14.2202
95.7224 15.4378
97.7461 16.007
100.733 14.9413
97.8593 15.3042
101.419 15.3806
96.0414 15.0811
98.269 15.1763
97.2216 15.664
95.75 14.9691
96.4825 14.4711
95.4021 14.8991
101.233 14.7942
101.261 15.1576
99.4743 14.6835
92.0585 14.839
97.4134 15.2927
96.3011 14.9072
93.4495 14.4824
92.5836 14.6267
94.1836 14.9319
95.0372 14.5658
92.8183 14.943
90.6959 16.1557
87.7168 15.9264
88.9704 15.9622
89.1801 15.6754
91.3272 15.3737
84.1684 14.9705
91.8079 14.6699
87.6754 15.1104
90.7086 15.1
95.5964 15.1154
95.7832 15.6815
94.4035 14.7797
94.7022 15.3668
100.644 15.2614
98.1201 16.2417
94.467 15.6924
100.27 15.0995
102.028 15.1897
102.054 14.9807
98.5581 14.9034
98.0006 14.9586
94.4478 14.5409
101.353 14.8668
99.7167 16.0054
99.1111 14.42
97.954 15.4737
97.3401 15.7231
99.0977 14.8133
96.1184 15.23
100.087 15.2139
99.6856 15.2582
98.1223 15.4146
98.5688 14.3948
96.5236 14.6829
95.6456 16.0907
96.5864 14.9582
99.1573 14.7925
94.9619 15.2649
96.1076 15.7497
100.501 15.6174
94.5707 15.7088
102.271 15.4362
99.1231 14.6086
97.5921 14.5402
107.685 15.0312
102.889 15.2933
99.0706 14.9087
102.88 14.9694
105.409 14.8786
100.745 15.6754
104.175 15.5396
107.328 14.7338
105.044 14.9488
103.412 15.3979
102.762 14.9133
103.626 14.4557
99.2349 14.6198
95.2422 15.3468
97.4045 14.8786
103.182 15.416
99.2306 15.7589
103.249 15.2875
109.797 15.3001
109.797 15.304
109.797 14.7276
104.778 15.5961
109.081 14.4564
109.289 14.8031
115.14 14.6967
113.716 15.399
103.268 15.0948
93.7338 15.0867
96.2378 14.7101
96.1043 14.9114
96.4063 14.0104
96.163 15.4419
92.7211 15.8642
92.0826 14.5699
93.143 14.9662
94.0114 14.7411
91.3437 14.9797
89.2817 15.7415
92.7225 15.16
93.0915 15.5262
97.4489 15.3776
94.3581 15.0775
96.2579 15.1273
94.5888 15.6646
94.38 15.1314
94.421 14.5647
98.8805 15.4248
100.603 15.2883
102.579 15.2622
101.218 15.1713
106.198 15.1881
100.583 15.1579
102.788 15.3768
99.8258 15.8477
100.69 15.7955
106.806 15.2801
115.262 15.8276
106.468 16.0158
110.094 15.2938
104.467 15.8437
106.544 16.105
100.917 14.7861
100.525 15.0546
101.538 14.8435
97.9124 15.088
95.1609 15.3079
95.1609 15.4459
94.6627 15.7106
94.8244 15.6627
94.8244 15.7955
103.287 15.8943
97.8423 14.8981
92.416 14.8911
96.7241 15.5213
96.7704 15.0702
101.209 15.2511
97.4516 14.2271
101.013 14.7484
101.183 15.0471
100.229 14.8771
100.308 15.8888
100.259 14.6922
99.259 14.5945
89.7109 15.9037
95.6726 15.7582
96.6193 15.829
93.4297 14.3636
96.6954 15.4881
99.2272 15.1753
97.1382 16.423
98.5182 16.179
98.5584 15.5612
98.5609 14.7839
98.5343 15.3726
96.4948 15.7126
101.703 14.9546
99.5861 15.0296
100.538 14.6792
99.6017 14.6359
96.4705 15.2248
93.6538 14.9818
96.0019 15.3246
92.2978 15.3378
92.4942 14.7974
95.8356 14.9211
93.6886 14.9352
94.0302 14.0138
93.3451 15.11
89.7953 14.9358
96.2586 14.5954
93.7238 14.7828
92.6509 15.2387
93.2445 15.4211
88.3276 14.8558
91.8991 14.6494
96.0416 15.1203
93.0396 15.2954
96.1926 15.6055
101.567 16.0161
103.874 15.5644
96.6529 15.0091
97.9587 15.8833
97.0511 15.2664
96.5122 14.735
95.9812 14.8694
96.1891 14.8168
100.744 15.9498
93.5746 15.8436
92.8495 15.0485
95.5869 15.4435
94.7944 15.2915
98.2527 15.3265
100.246 14.7108
100.427 14.5377
97.9124 15.1007
95.5508 15.388
89.7914 15.6616
96.7388 15.511
95.1758 15.8614
97.9572 14.9977
101.839 14.8042
98.1269 15.0868
99.6665 14.7522
102.865 14.6625
95.3281 15.3774
95.8532 14.4409
94.378 15.1203
94.4846 15.857
98.4106 15.8642
101.905 16.0141
95.149 15.1524
103.553 15.2364
100.794 14.9962
94.2964 15.1736
99.3204 15.5485
102.369 14.8166
98.5308 15.9662
99.7092 15.5138
100.035 14.5355
100.468 15.0734
99.6861 14.0396
103.112 14.6772
97.5934 15.0536
96.321 14.2982
90.4842 15.41
95.6874 15.3647
94.1078 14.8622
94.1078 15.0794
94.8984 14.7722
90.5486 15.2781
95.9513 15.1388
96.5983 15.0424
96.0613 14.9646
92.6 15.6361
93.4909 15.3788
94.665 14.7141
89.161 15.5185
99.9866 15.3324
96.6632 14.644
95.7412 14.7303
95.7412 14.8455
97.5857 14.9352
95.9835 15.212
96.916 14.9486
92.5315 14.7737
96.3855 16.2093
92.7638 15.4827
99.86 15.4063
92.6594 15.7862
88.2202 15.7316
93.3644 15.4631
96.2222 16.1662
100.607 16.12
92.6936 16.237
96.3973 15.3817
95.7634 14.4752
103.343 15.8029
103.386 16.0205
103.644 16.2034
103.885 15.4981
107.766 15.1973
108.436 15.1055
110.032 15.9702
114.803 14.8131
110.039 14.6265
114.579 14.8738
109.906 14.9751
107.303 14.9936
107.679 15.2245
101.01 14.9138
100.388 15.2659
101.829 14.7588
102.079 14.7187
102.36 14.7045
100.913 14.6427
98.0605 14.9431
99.8698 14.4312
100.964 15.2233
95.6801 15.7823
98.198 15.7018
98.1415 15.5804
96.8104 15.5347
98.3428 15.5131
93.8411 16.1322
91.3319 15.4728
91.8921 15.1648
101.563 15.377
102.375 15.3838
102.941 15.2079
99.832 15.2619
104.17 14.8409
104.721 14.4301
106.973 14.9414
103.765 15.3082
105.338 15.4321
103.956 14.4246
100.899 15.0526
95.8383 15.3859
99.7785 15.326
100.544 15.5934
102.536 15.17
99.4856 15.511
99.9356 15.6102
101.337 14.7994
96.3 15.2183
99.7905 14.4718
97.3159 14.7578
95.8933 14.5216
90.173 15.3972
89.4367 16.3628
90.2177 14.904
88.6083 15.6792
91.1011 15.1269
82.0407 15.4881
90.0139 15.35
97.6954 14.2132
99.1176 14.5857
102.4 15.0231
100.85 14.731
97.193 15.4692
99.7831 16.3777
96.6687 15.4989
101.714 14.5403
96.9367 15.2354
94.7389 15.3941
97.6906 14.8303
93.3168 15.3085
93.9535 15.1082
92.3047 14.971
96.8996 15.1226
97.2086 15.2249
92.7183 16.3417
96.6149 15.865
95.5581 15.0959
100.684 15.2072
101.993 15.4126
99.6189 15.3671
98.4729 15.719
99.8308 15.6719
103.845 15.6297
93.7192 15.889
95.2692 15.2363
95.6321 15.7613
96.7629 15.7119
95.0341 15.3958
93.9363 15.2271
98.356 15.2024
102.049 14.7175
98.1243 15.0668
99.8164 15.099
101.436 15.3667
102.685 15.5918
102.685 15.3034
96.3135 15.4938
93.7873 15.4702
98.1519 15.2264
102.85 15.3808
106.951 15.2045
102.104 14.8992
101.73 15.3919
100.568 15.7309
100.977 15.4993
101.198 14.7268
100.808 14.927
94.1818 14.8106
91.432 15.1252
95.1804 14.751
99.6876 14.7727
93.5532 15.2222
96.4399 14.2241
98.4692 15.0015
98.6984 15.4856
99.4063 14.8336
101.252 15.0482
101.39 14.2462
99.653 14.7609
95.5686 15.0708
97.0471 14.8474
93.596 15.6076
101.03 15.5445
100.829 14.2066
99.2155 15.616
102.109 15.7943
103.877 15.1259
99.8508 15.0097
94.8473 15.4423
100.323 14.269
102.805 15.5226
102.881 15.192
98.5868 14.9904
97.209 16.7144
96.0499 15.2484
93.5839 15.6479
95.0031 15.3877
96.392 15.4715
100.33 14.9624
97.0474 14.9932
97.7116 15.1554
95.97 14.9191
95.1431 15.8094
94.6262 15.0276
93.1867 15.1385
96.96 15.6529
93.6748 14.7696
95.6569 14.4828
96.0807 14.7894
97.1562 14.4673
96.2868 14.21
86.4777 16.4117
87.6009 15.467
88.1447 15.4733
86.8386 14.7966
86.7071 14.7296
86.5914 15.1999
90.1324 15.7371
92.9761 15.0096
94.8371 15.1427
98.5463 15.2754
93.966 14.7041
92.7236 15.0504
94.7522 15.4767
89.113 15.6022
92.9671 15.6636
95.6564 15.3565
89.5003 15.8908
82.4295 15.4209
88.0972 14.2586
93.6798 15.2691
92.2329 15.1676
92.646 15.2022
91.6089 15.2646
93.0416 14.934
90.0922 16.1832
92.7697 15.9833
93.6786 15.4174
94.5614 15.3652
90.4774 15.1061
83.3082 16.0664
84.1415 15.6466
92.2198 14.245
88.5795 15.1462
88.5225 15.7415
95.3412 15.1095
99.096 15.3747
91.7123 15.5051
95.6594 14.4016
95.6664 15.0101
93.4351 15.9486
99.0269 15.8471
104.705 14.2536
100.476 15.0132
101.721 14.8075
101.919 15.9736
98.8393 15.5367
99.5135 14.4789
101.921 14.3753
96.6176 15.1379
96.8755 15.0686
92.1776 16.3469
84.1405 15.7499
92.599 14.9206
98.579 15.5549
103.192 15.603
94.4818 15.1467
98.4538 15.4861
98.8825 14.9521
94.2451 14.9306
96.6432 14.9217
97.5601 14.6006
95.8684 14.3842
96.8165 14.8406
100.966 16.0091
97.7855 15.9603
101.178 16.0315
99.3623 14.9032
106.997 15.0525
102.133 16.3161
100.811 14.4733
100.319 15.0642
100.319 15.0621
96.4514 14.3714
96.3812 14.8782
97.4774 14.4349
97.7822 14.6852
98.3749 15.4606
99.7678 14.8678
97.8929 16.0272
107.067 15.3868
104.244 14.8264
97.3353 14.5779
106.792 14.75
112.078 14.4562
109.225 15.9246
105.698 15.5719
108.726 15.2975
111.662 15.0485
113.22 14.8132
106.8 14.8179
110.127 15.2126
108.13 15.8577
104.524 16.1105
104.409 15.1645
104.502 15.2767
104.762 15.0427
105.767 14.8413
108.327 14.2128
102.252 14.7446
101.437 15.0075
100.967 15.3109
100.153 15.0189
102.754 15.36
98.8975 15.2251
101.247 15.2018
100.952 15.738
99.2371 15.7418
100.709 14.8592
107.434 14.4718
103.375 14.7946
108.289 15.0919
104.073 15.0349
105.067 15.1224
107.088 14.2854
106.09 14.7804
104.212 15.1716
105.797 14.6649
98.6919 15.2083
106.035 15.0825
98.5165 15.332
104.261 15.1207
100.521 15.3325
100.162 15.4266
99.0443 14.9329
98.702 14.9782
97.6164 16.1001
97.3435 15.2903
95.6224 16.0153
99.443 15.1961
103.281 15.3066
96.921 15.7377
95.9037 15.1736
99.6833 15.2566
100.529 15.2419
102.354 14.8348
107.324 14.9423
104.33 15.9284
107.807 14.8599
108.337 14.8955
108.222 15.0404
103.297 15.4159
104.723 15.0758
103.913 15.2989
101.231 14.8979
105.981 14.836
101.071 15.2119
100.9 15.0752
98.6286 15.9308
104.529 15.1901
110.219 15.2753
96.0165 14.9968
96.4405 15.2522
95.6769 15.7277
100.363 15.254
91.9546 15.0593
94.6947 14.9127
93.4885 15.5962
91.1068 15.3144
97.5183 15.3174
96.4174 14.5265
96.7239 14.9279
104.351 14.8957
102.516 15.1969
100.055 15.573
98.2261 15.0663
96.3628 16.6019
100.984 15.5413
102.588 15.26
102.858 16.2636
102.679 14.9361
103.238 14.6282
95.2239 15.0437
93.1489 16.2585
90.4084 14.6183
101.132 15.0446
99.7205 15.2816
100.047 15.7437
99.5101 15.0116
98.302 15.8021
102.172 15.5007
98.1742 15.3338
100.495 15.8641
102.829 15.8537
99.8121 14.9689
98.8249 14.8329
102.225 14.7214
101.752 15.3623
98.4082 16.1263
104.974 16.2544
116.079 15.4927
112.012 14.4577
108.123 15.3368
111.6 15.9357
104.643 15.4701
101.672 15.0222
99.6776 15.4087
89.9544 15.7148
91.9712 15.6679
91.0218 15.6923
95.7761 15.6054
94.6727 14.7855
96.1147 14.8565
94.321 15.2367
97.0674 15.3762
94.9939 15.8564
98.4142 15.6663
95.7053 14.052
95.938 15.8671
98.8601 15.4094
95.7154 15.141
100.045 16.1386
101.307 15.6514
97.7736 15.4321
98.3052 15.3314
95.8038 15.2634
98.0981 16.0452
96.6214 15.2064
90.3628 14.981
98.6277 15.1322
96.5955 15.4669
100.967 15.9498
99.8493 15.5334
99.3813 15.1709
106.15 15.3488
106.787 15.041
102.925 15.0628
105.033 14.7608
99.0865 14.8037
100.849 15.7654
96.1755 15.5619
97.1306 15.9151
98.5707 15.367
92.9295 15.2434
94.0586 15.7698
95.9126 16.0043
101.531 15.9294
103.223 16.0686
100.881 14.8657
102.31 15.2462
99.8887 15.311
100.05 15.2365
102.4 15.3266
100.311 15.4717
101.542 15.2797
103.398 15.0487
96.0243 15.3351
98.5192 15.9781
95.7644 14.8891
92.1713 14.5964
91.0956 15.1434
100.968 15.8397
104.718 14.6024
97.6984 14.9049
90.8528 14.9738
95.9283 15.2573
101.747 15.2228
101.111 15.0826
102.195 14.6427
109.827 14.8605
107.331 14.4736
99.2671 15.3299
101.558 14.5996
97.4814 15.1
103.702 15.7757
104.216 15.0538
104.978 15.6594
100.201 15.6277
96.3071 15.4337
98.1526 14.9608
96.9812 14.3622
95.96 14.3781
93.7322 14.9202
96.6495 15.1875
96.5834 14.5259
98.1726 15.3384
96.7407 15.1718
96.6005 15.1581
99.9475 14.1001
95.9997 14.693
96.9256 14.7626
96.9256 14.8766
94.4252 16.2018
92.8588 15.6017
93.8723 13.6698
93.0051 15.333
92.7493 15.7442
93.1246 14.4939
93.6729 15.9322
90.5334 14.9603
95.4047 15.3336
99.0127 15.5814
92.005 14.8302
93.8257 14.8846
96.4766 15.4544
101.255 14.9707
99.4593 15.2935
101.143 14.7744
106.42 14.7421
102.168 14.5366
99.9427 14.9208
101.354 14.949
105.675 14.3037
105.586 15.6765
103.673 14.8615
104.304 15.2292
108.219 14.6443
101.081 15.7866
101.875 14.9728
107.956 15.0957
107.403 15.5496
99.6232 15.7106
94.2409 15.3981
97.2195 14.9937
100.672 14.4195
88.0506 15.5078
95.944 15.2819
92.3904 15.5807
95.6591 14.4864
92.291 15.0728
88.2948 15.083
89.6174 15.573
93.2515 15.9141
94.3971 15.5469
97.4814 15.0961
94.5921 15.3661
94.0467 14.2125
93.7101 14.9569
95.6287 15.0575
94.8314 14.0086
91.2249 14.4693
90.2528 14.7215
95.413 14.9901
101.09 14.5349
99.5326 14.6926
98.5551 14.6366
102.381 14.9857
103.172 14.9973
105.775 15.2663
105.525 15.4811
104.806 14.4345
106.6 15.1548
106.878 15.2408
99.6526 15.4712
96.1518 15.494
95.7676 14.5469
93.4593 15.3966
100.095 15.3735
94.6795 15.2818
99.4743 14.7089
98.4595 15.0518
98.2863 14.9117
99.64 14.9342
99.3691 14.7619
99.3899 15.254
101.333 15.6865
96.4178 14.87
95.5771 15.0906
95.111 14.831
97.4094 15.1661
102.315 16.2546
97.3171 16.0186
100.673 15.027
104.56 15.1022
105.697 15.5961
97.9649 14.5122
105.659 14.7278
105.495 14.2013
103.2 14.8216
98.7373 15.9715
99.9967 14.6501
98.1834 14.989
92.7619 14.957
96.3747 15.4553
98.2726 14.3634
91.0563 14.3842
95.5348 14.2654
106.983 14.438
99.2439 15.6166
101.26 15.2721
100.776 15.745
100.839 16.2652
101.004 15.4065
103.447 14.6197
98.84 14.7273
97.3376 15.0297
95.5758 15.1403
93.463 15.1696
94.798 15.2389
92.2148 15.2571
96.4293 15.4848
97.0362 16.2174
100.342 15.7234
98.9742 15.085
97.6521 15.3559
96.7205 15.122
95.2104 14.8059
92.6236 15.4477
91.761 16.2607
92.6488 15.5104
92.0059 15.1741
92.7007 15.9052
92.2347 15.4822
94.5848 15.8282
95.9467 15.1376
97.8085 15.0012
104.988 14.2459
103.778 14.7438
104.524 15.9607
102.262 15.1776
107.494 15.3384
100.358 15.2546
109.623 15.3946
109.299 15.3293
107.337 15.2715
109.543 15.3863
106.601 16.1442
98.7218 15.4972
103.643 15.4849
100.514 15.536
98.4508 15.6901
97.2906 15.6791
97.9159 15.0281
94.3824 15.1559
99.2743 15.6524
95.2258 16.0755
97.2898 15.0797
100.619 14.7516
103.287 15.831
106.318 15.9513
99.4407 15.942
96.8551 15.4812
96.6766 14.8838
93.9047 16.2752
95.2022 14.8504
94.1299 15.1631
97.5126 14.9293
93.4965 15.1007
95.1342 15.8315
90.1985 15.264
100.121 15.4718
95.7012 15.0211
92.8741 15.5488
98.8725 14.3282
96.1849 15.7819
97.1956 16.4966
92.4979 15.5643
95.2527 15.7054
94.7658 15.2642
89.289 15.3365
96.4794 14.8801
99.8492 14.9584
96.9477 14.4707
93.568 15.4186
93.0568 15.1195
89.2718 15.6233
92.7397 15.5611
98.3514 15.4593
92.252 15.0527
99.2993 15.5613
97.3975 14.7078
94.8195 15.0051
93.562 14.7423
90.9377 15.4343
88.0688 14.6901
88.0688 15.2545
88.0688 15.7777
89.8045 15.1812
91.6644 15.1541
91.8146 15.621
94.669 15.5184
94.263 15.1077
91.3417 15.9229
93.2571 15.4671
101.153 15.5881
101.883 15.712
106.065 15.0292
103.916 14.963
101.626 15.8266
103.513 14.3339
102.525 15.0487
101.575 15.8443
99.9117 15.7868
99.3257 15.4306
96.2573 15.822
99.3045 15.5391
95.1728 15.2804
99.4968 15.1577
102.419 15.0695
97.5944 15.909
96.4426 16.1239
98.5871 15.7947
96.9596 15.1621
96.5726 15.4687
100.168 16.2511
97.5184 14.9302
95.4431 15.4547
96.8763 14.7953
95.5954 14.7289
98.4039 15.5064
98.8956 15.5304
100.217 15.5301
101.802 15.7852
102.65 14.6364
102.733 14.9523
104.434 15.5754
111.956 15.106
105.99 15.9674
98.9546 15.9431
108.407 15.9879
110.918 15.0494
111.917 14.928
110.729 15.2958
107.424 14.5782
110.204 14.9595
108.919 15.3357
105.704 15.1817
111.138 14.7208
107.064 15.8794
103.67 16.0616
107.318 15.1992
103.785 15.3171
97.7306 14.8294
94.6563 15.7039
99.5096 15.5384
97.9929 15.7646
96.6832 14.6307
102.701 15.3778
107.22 15.3505
110.866 15.7498
105.668 15.3156
103.994 15.1371
108.479 15.4287
104.568 16.1966
106.196 14.7867
99.0963 14.7147
97.5394 15.2225
96.7241 16.5387
107.64 15.1162
107.079 15.5096
104.964 15.3867
108.543 15.3849
113.413 15.2567
115.545 14.3329
121.587 14.9357
114.781 15.3335
120.053 14.4134
120.975 14.5877
114.494 14.906
116.811 15.6412
107.766 15.8148
109.817 15.5095
112.573 15.5551
111.568 15.5848
111.568 15.323
112.756 15.1305
109.951 15.4752
113.559 15.6089
113.559 15.6514
117.103 15.0953
117.103 15.7041
114.991 15.5496
114.991 15.5347
109.285 15.6492
105.449 15.8359
102.177 15.3825
96.7599 15.999
94.2391 15.3737
94.2391 15.0892
101.244 14.9557
96.2611 15.19
96.5491 15.0496
95.6664 15.5326
98.8915 14.9205
98.7361 14.6715
95.7059 15.7819
95.6225 15.2422
94.3777 14.9132
100.009 14.7809
103.728 15.2023
102.286 15.2363
102.618 14.4517
103.443 14.2828
102.738 15.0535
108.38 14.6224
104.53 16.4136
104.998 15.5975
101.66 15.4329
98.3701 15.8864
99.9307 14.855
101.384 14.1536
97.2559 15.8462
94.8653 15.1148
98.7511 15.2409
97.4792 14.5093
94.7858 15.4182
95.372 15.3407
92.6518 15.2529
93.8151 15.9071
90.9978 15.1674
95.9223 15.5114
94.3099 15.4917
85.2908 15.4791
85.2908 15.619
92.8111 14.6165
92.5777 14.8693
91.9285 15.4148
93.6907 14.7452
96.1761 15.007
100.136 14.7205
95.8041 16.2422
94.2063 15.6283
97.5696 15.769
97.2802 15.4279
101.819 15.2622
99.7777 15.5594
106.328 16.3084
113.595 15.211
108.167 16.0272
111.243 15.8356
113.848 15.8748
115.941 14.8908
108.511 14.8604
107.511 15.4106
106.963 15.742
106.324 15.2841
102.935 14.912
106.415 13.7909
105.962 14.8355
108.125 16.6169
103.608 15.8117
101.811 14.8833
100.39 15.3347
101.982 15.0566
101.92 15.5792
97.0105 16.0448
104.538 14.9171
101.837 14.7278
101.15 15.3793
105.966 14.8372
105.583 14.5688
107.817 14.0869
106.984 15.3431
107.242 15.1366
104.362 14.1225
105.671 14.6109
106.863 14.4347
96.5512 15.779
92.0336 14.7012
96.843 15.6507
94.4375 15.379
92.3742 15.2753
95.9132 15.4561
92.244 16.6878
92.9448 16.6938
93.4847 15.9734
94.8471 15.0133
93.24 14.8721
91.7817 15.1787
91.9743 14.7355
90.4346 15.2506
94.6988 14.9226
95.8429 14.6573
97.2662 14.7341
94.7407 14.8762
97.067 14.3502
89.4922 14.6723
93.0197 14.3793
91.3729 15.0869
98.7469 14.758
96.1476 14.589
97.6518 15.3487
92.2137 14.2667
94.7424 15.6908
97.5492 15.2751
97.1724 16.1254
97.4017 15.4722
98.8957 14.6876
98.7618 15.5851
101.345 15.4282
98.63 14.2727
91.2241 15.3718
94.543 15.6144
96.1244 14.9005
96.727 15.422
91.6379 15.9459
94.0277 15.1828
96.3869 15.3355
95.8234 15.3437
98.3651 14.9628
93.4221 15.9458
94.4652 15.1353
95.919 14.6157
98.3702 15.706
99.9391 15.736
100.765 15.6113
102.013 15.2517
97.6793 15.3102
105.571 15.876
99.6302 15.2683
97.5904 15.4866
102.444 15.2981
96.7157 14.8516
99.6247 16.4081
101.017 15.8213
97.2704 15.55
96.3398 15.1589
99.0368 14.9227
94.47 14.7827
94.4711 15.6154
94.7078 15.2906
97.7862 14.4803
100.877 15.0911
101.806 15.2547
98.6717 15.3686
96.8525 15.6606
98.5934 15.0772
99.1858 15.0233
99.1709 15.5197
98.4999 15.4009
98.8989 14.4039
99.119 15.1201
99.972 15.1291
99.7491 16.5776
95.4972 14.502
95.8669 14.7673
103.521 14.6424
94.1763 15.1638
95.5847 15.0193
92.3675 14.9813
95.8634 15.1277
98.9609 14.8252
98.9609 15.1399
101.641 14.6663
98.8914 14.8834
98.968 15.7884
105.824 15.4756
108.866 15.948
104.729 14.9609
102.234 14.9136
102.291 14.4238
100.837 15.4941
99.9172 15.5809
95.9969 15.3145
101.73 15.7576
102.965 15.5434
103.292 15.5468
103.106 15.1683
105.77 15.6493
107.765 15.5258
110.283 14.8905
103.675 15.5504
102.395 15.8685
99.6112 15.3748
94.2775 15.5367
94.5426 15.8457
95.4564 15.9715
99.8801 16.072
98.7461 16.1592
93.7081 14.6993
102.641 15.7359
98.9356 16.4197
101.862 15.4327
100.396 15.8279
100.752 14.9666
101.099 15.921
98.9763 15.0317
100.713 15.4936
101.119 16.117
98.8377 15.4862
101.897 14.8279
104.968 14.3014
101.732 16.1356
100.099 15.7742
102.78 15.344
101.597 15.5507
99.1321 15.7323
97.5536 15.6296
96.8331 15.7375
101.933 15.2838
103.361 14.742
101.73 14.9037
101.73 15.4235
102.14 15.3991
106.603 14.8286
106.319 15.7286
105.474 14.9921
104.766 14.0635
104.019 14.1082
104.065 15.0528
101.489 15.9285
100.09 14.8092
104.262 15.2023
101.493 16.041
102.353 14.5609
100.071 14.7207
97.3644 16.4143
97.8568 15.223
97.9904 15.9416
100.659 15.5026
100.128 15.8181
101.635 15.0719
92.3903 15.4065
101.969 15.1325
95.1979 15.9083
98.7947 15.1569
109.075 15.0842
102.877 15.0865
103.168 15.4412
99.4071 15.7344
106.074 15.6532
97.0341 14.3907
102.566 14.2446
100.326 14.5049
106.899 14.5498
103.89 14.8337
102.876 15.8449
101.737 14.1821
99.2512 14.2678
100.973 15.8552
105.963 14.8854
104.905 14.9211
101.094 15.7267
106.93 14.8736
103.145 14.6155
98.2399 14.9666
99.6957 15.0343
108.113 15.2774
106.053 15.2483
99.93 15.3933
99.2653 14.9391
97.0016 15.3302
97.609 14.3351
91.0009 15.4816
93.8281 15.2239
91.7306 16.251
97.3193 15.686
96.7173 15.5601
92.9664 15.2694
102.178 15.3774
95.2972 15.2014
96.1838 14.6765
98.268 14.9368
96.5919 14.871
100.842 15.0594
97.8042 14.7895
102.124 15.0976
98.8557 15.0085
101.168 16.0581
98.7646 15.8841
99.3534 15.1404
99.5093 14.8236
101.146 14.7326
100.493 14.9394
100.381 13.927
105.677 15.3931
97.3014 14.2927
97.1943 15.2957
105.821 15.5594
99.8356 14.8594
98.2257 15.7029
101.386 15.5503
100.666 15.9706
109.49 14.9693
105.727 14.4395
100.914 15.4462
96.1302 15.9149
96.4634 15.6592
93.9879 14.9274
93.0992 15.1206
91.6291 15.7894
90.6977 14.8471
92.4694 15.212
96.4683 14.5075
98.8493 14.6082
98.9737 15.3766
97.0748 15.2171
100.413 14.6205
102.002 14.7399
101.201 14.7267
96.9676 15.4582
95.5714 14.9135
103.089 14.7788
98.9092 14.8079
105.095 14.6019
104.241 14.9123
107.994 14.4061
105.814 15.0249
100.709 14.7189
106.632 14.8342
101.59 14.7272
102.2 15.4161
110.255 16.3943
106.63 15.5548
101.545 15.4515
105.513 16.3171
102.035 15.8449
101.82 14.8474
104.103 15.796
104.764 15.758
107.004 16.0974
103.909 16.7382
102.551 15.661
100.496 15.4645
98.4651 15.1301
101.987 15.4577
100.531 14.928
99.6869 15.0473
102.333 14.9885
102.644 15.7793
104.719 15.4847
103.778 15.8367
103.288 15.3575
105.894 15.8333
106.36 16.1852
103.9 14.419
96.9662 16.1794
97.2359 15.765
97.2359 15.7742
100.063 15.3214
100.31 15.3474
102.212 16.0868
103.095 14.6594
102.981 15.1187
102.702 14.7144
102.606 15.2039
102.432 15.0151
101.128 15.1458
95.0275 14.7686
96.5826 14.9282
102.312 15.3475
101.572 16.2261
101.52 15.4516
103.005 15.2231
98.3495 15.5059
98.9787 14.6723
98.9787 14.853
97.2978 15.115
100.047 15.4548
91.1667 15.3358
101.217 15.5053
104.81 15.406
100.406 15.0905
102.061 15.032
104.899 15.2921
108.667 14.2922
104.838 14.7526
103.903 14.7065
103.932 15.9213
105.76 15.7681
92.2076 15.8593
98.3562 14.7667
102.322 15.7715
102.449 15.3652
101.963 15.4164
105.244 15.206
102.614 15.1992
102.615 15.7638
97.1637 15.3099
97.0454 15.6838
96.3846 14.9339
98.8895 15.0978
95.8232 15.5989
92.2539 15.608
96.8887 16.1574
100.127 14.4872
98.1126 14.2006
99.1762 16.3172
96.0078 15.9141
94.7435 14.5056
97.6089 15.7558
94.9427 14.9078
91.6744 15.4431
101.067 15.1695
87.776 15.244
97.5971 14.501
87.5838 15.6491
90.6519 16.0211
92.3003 15.084
92.5928 15.3874
94.7673 15.6932
93.5458 16.6316
88.7536 15.1591
87.8682 15.8907
90.8892 15.2028
88.4783 14.8001
88.4783 15.049
91.7312 14.6869
89.8204 14.7774
88.8032 14.7124
88.5056 14.4221
88.5056 14.7178
91.6721 14.8507
95.3404 14.7123
95.7117 14.5036
98.0078 14.4702
90.1521 14.2091
90.5627 15.6864
91.1155 16.1376
89.7101 15.7106
88.3771 14.6542
93.2803 15.7204
94.8126 16.1014
90.705 15.2704
91.9522 14.5417
99.7442 15.3411
97.7654 15.5355
95.8364 15.3039
95.6668 15.3877
97.2945 15.4
98.958 14.7699
94.7779 15.2696
97.267 15.0667
99.0148 15.7785
95.7721 14.4157
95.8202 14.8741
99.4818 15.013
101.986 15.0775
98.4146 15.1805
98.972 15.0987
98.6751 15.2892
102.162 15.3834
99.9738 14.644
99.1528 14.5277
101.577 14.7092
95.4932 15.0566
100.508 15.2966
105.387 15.1033
100.803 15.1515
105.282 14.9747
101.714 14.7405
101.714 15.7934
91.9997 14.6868
97.1592 14.9333
92.8786 14.7352
100.495 14.8514
92.2056 15.6898
96.1878 14.3807
96.3594 14.4277
98.0337 15.4208
98.6821 15.5035
91.9845 15.0456
89.6004 15.8936
85.5198 14.3602
88.7151 14.9957
94.5007 13.7425
93.1238 15.7993
90.0855 15.7778
90.0603 14.705
93.5571 13.9766
94.509 15.0555
93.8208 16.2702
93.4161 15.2198
90.4658 15.9207
95.7394 14.4539
93.7018 14.5734
96.867 15.1831
94.6222 15.3396
99.4247 15.8915
98.8285 15.8346
99.941 14.7387
99.5592 15.4725
99.0128 15.3589
99.0165 15.219
99.7546 15.1614
100.908 15.1467
102.671 15.3213
95.1802 15.0377
108.295 14.8545
100.68 15.1837
94.6588 15.376
104.013 15.6037
100.674 15.8872
100.858 15.9072
100.04 15.3371
98.2893 14.6832
96.3895 15.0116
98.4204 15.204
93.74 14.9282
97.5553 15.158
90.0986 16.4801
88.2325 15.5919
89.0101 15.1072
87.4286 14.2516
88.2664 15.4186
91.6129 14.8349
93.2278 14.8349
94.7173 15.2922
93.4527 15.6553
96.239 15.81
99.3607 15.2187
99.2046 15.6019
91.3835 15.7208
92.4167 15.4416
95.8101 16.3003
97.5103 15.5422
100.643 14.8221
102.207 14.7696
98.7622 14.8799
95.3123 15.4844
94.2843 15.5948
95.2552 15.4744
96.2329 15.3146
97.7247 16.0102
93.3623 15.3803
92.3067 14.4914
95.8074 14.8082
95.8074 15.8737
96.0605 16.0734
97.2193 15.2686
102.058 15.2068
100.932 15.3763
96.6528 14.7677
97.1883 16.1114
96.8908 16.4313
98.4804 15.494
103.382 15.2422
103.738 14.8428
101.361 14.9078
103.467 15.2992
103.939 13.8871
98.2222 15.181
99.3555 14.8572
102.78 15.7196
103.543 15.2802
103.588 15.1557
107.782 15.3447
106.713 14.7757
103.939 14.861
99.9449 15.2169
99.9049 15.4378
107.066 15.8948
107.86 15.32
109.203 14.4564
108.247 14.8836
110.501 15.2019
112.509 14.9516
111.556 15.2056
113.77 14.3826
115.898 14.4037
112.367 14.2088
104.706 14.5211
107.284 15.7109
106.276 15.5994
102.033 15.1738
110.869 14.6841
103.284 14.7917
102.7 15.0921
106.605 14.8261
106.278 15.1822
104.789 15.4291
111.07 15.6871
104.594 15.3134
100.676 15.0391
103.851 14.4168
99.9347 15.784
98.1262 16.3748
101.173 15.7236
102.508 15.9221
103.509 15.6232
101.328 16.1131
112.792 14.7769
109.798 15.2773
102.176 15.2749
109.063 14.9316
105.739 15.1982
104.274 15.9217
98.227 14.3049
93.978 15.3998
94.6387 14.9186
94.7552 15.6761
94.056 15.2654
97.8437 14.7907
94.7533 15.7151
96.5927 14.8269
89.8465 13.6851
93.3281 15.0136
97.3864 14.7964
97.3938 14.8396
97.3367 14.562
95.4025 14.5517
98.8032 14.5261
97.9575 15.5337
100.606 14.9463
98.5883 14.3016
91.154 15.8458
97.4751 15.4358
101.764 15.472
102.059 15.3582
100.992 15.4378
101.006 14.6622
105.269 14.4655
100.425 15.4589
101.477 15.1471
102.43 14.8438
102.201 15.4219
103.602 15.1308
103.486 14.8804
108.001 14.3203
104.94 15.1419
100.553 14.6913
103.359 14.7467
101.187 14.0414
94.1979 15.8462
97.4226 15.7177
95.3801 14.9997
96.6029 15.2469
95.5267 14.4392
94.4873 15.1122
100.413 15.6516
96.5067 15.1605
98.6145 15.0732
97.6485 15.1775
97.3968 15.5041
101.572 15.1439
102.046 15.7524
102.459 15.0201
101.575 14.9113
101.972 14.7523
98.6857 15.5109
95.9621 15.4586
97.0064 15.3381
99.6287 15.4232
102.638 15.3278
100.354 15.2363
104.317 15.1472
103.261 14.8953
106.106 15.3357
106.257 15.6129
111.113 15.3973
109.345 15.2487
114.434 15.3267
117.249 14.6217
102.614 14.9814
96.4557 15.3421
100.452 16.0287
103.443 14.6733
100.477 14.358
92.5936 14.8451
91.8989 14.9561
92.4163 15.4171
97.1298 15.0024
91.9692 14.0776
94.2092 14.8245
91.7521 14.9146
91.1263 14.4083
93.4352 15.7414
90.9828 15.4705
93.1754 15.589
89.997 16.4723
91.8253 16.1658
98.0554 14.9435
90.4446 15.9673
94.1097 15.8441
94.1097 14.3446
99.06 14.4579
96.339 14.3896
96.4328 14.4184
96.4328 14.5066
99.5168 15.2399
98.7018 14.9108
96.7968 15.4392
105.235 15.6321
102.357 15.2569
107.61 15.0786
104.041 15.7654
94.3427 16.0251
93.1259 16.0193
93.0566 15.6748
91.4763 15.1468
90.3372 15.4137
93.7678 14.5418
92.5151 15.3813
94.6317 15.3651
96.0219 14.3499
93.4425 15.2373
95.9838 14.7617
94.5814 15.4738
97.2913 14.7421
93.7099 14.5298
95.6117 14.9972
100.102 14.3935
98.0699 15.7793
96.5959 15.4255
99.4061 15.2442
104.948 15.2067
105.846 15.7683
106.404 15.6398
100.876 15.5556
101.388 14.7436
99.1611 14.4095
93.8014 14.7205
88.4188 16.2909
95.8076 15.46
97.9823 15.5599
97.4932 15.261
101.16 15.2246
92.9019 14.1685
90.9707 14.3633
95.5463 15.048
97.0644 15.2772
94.9057 15.5158
96.9468 14.9891
98.1697 15.1965
99.2269 16.3467
99.3566 15.0517
100.716 15.7486
105.386 15.4359
98.8975 15.4288
102.942 15.2486
98.7814 14.3843
97.1597 14.9786
96.7001 15.4349
97.7311 14.9783
98.005 15.447
98.0011 15.0243
102.414 15.9915
102.05 15.6437
103.551 15.7075
101.549 14.6252
100.689 15.0585
98.6365 14.9877
98.9005 15.3977
99.6519 15.5358
102.857 15.4182
103 16.0537
106.276 15.4227
106.612 15.4464
106.631 14.9556
106.577 15.7192
98.5869 14.7675
93.047 16.1115
97.1581 15.4626
101.622 14.9186
104.694 15.2705
104.327 15.9605
106.899 16.0179
101.228 15.8178
106.536 15.2144
103.608 14.8886
104.219 14.5746
99.1684 15.355
94.8232 15.2426
97.8474 15.682
98.299 16.0433
103.012 14.8319
97.5607 15.022
99.606 14.9128
101.858 14.7402
103.544 15.8901
99.3253 14.5499
102.763 14.874
101.132 15.3829
97.6543 15.491
95.8844 15.4602
93.3273 15.5153
95.4803 15.8724
92.7477 16.3256
99.4591 15.3418
100.708 15.6035
98.9186 15.2446
90.7766 15.9306
92.3151 14.9456
94.6014 15.4934
96.3946 15.289
96.749 15.1886
95.2755 15.2491
94.2035 14.7711
94.4075 14.8856
90.016 15.3995
98.244 15.1772
93.7581 15.6713
99.3229 15.4172
105.503 15.1478
104.342 14.8265
99.4638 15.6753
101.995 15.4401
102.437 14.6741
105.852 15.2616
101.756 15.12
101.392 15.1553
100.095 15.7361
100.095 15.2509
91.5952 16.0938
92.3894 15.7867
94.4927 15.3078
96.7458 15.1065
96.925 14.6011
100.149 16.554
102.333 14.5018
102.868 15.7475
105.484 15.5306
100.41 15.0681
109.467 14.5112
106.236 15.0609
104.363 15.1568
106.934 16.1661
106.396 15.1033
102.543 15.1478
93.009 15.0157
97.7969 14.5322
96.325 15.732
91.7451 15.4914
90.9252 15.6128
93.5001 14.5051
98.4042 15.3476
92.5701 15.8726
97.1951 15.9403
89.2622 16.0014
93.4775 15.2415
93.8062 15.4009
93.7988 14.6033
94.2602 14.7785
96.591 15.5581
97.2763 15.1971
94.8829 15.0942
90.1997 15.679
93.4885 15.7834
89.067 16.4437
93.2641 16.484
92.8757 15.7591
95.6414 15.5405
95.92 14.8539
93.8515 14.8529
101.731 14.9845
97.6737 15.1804
108.798 15.3047
110.355 15.2875
113.654 15.836
116.867 15.5321
112.251 14.2533
110.953 16.1607
119.325 15.5917
123.095 15.4897
115.101 15.2289
113.742 15.0329
109.219 14.7543
101.638 15.1576
101.456 15.2543
107.935 15.402
104.279 15.2479
107.498 15.1771
103.558 16.0388
96.4556 15.1975
96.2358 14.2583
106.369 16.1084
105.469 15.4732
105.321 15.0726
100.966 15.4466
100.916 15.3419
102.729 14.942
104.45 13.8395
103.103 15.0549
108.557 15.2558
100.112 15.8556
101.208 14.8196
102.914 14.9417
101.542 15.3794
102.381 15.6385
105.382 15.0177
105.191 15.6421
95.5158 15.7372
94.7746 15.6499
98.8207 15.478
98.4724 15.2128
97.2439 15.242
99.2594 15.3586
99.0883 15.8129
94.0553 15.6286
98.9696 15.3719
102.341 15.6056
102.247 15.3824
95.5963 15.452
97.8777 13.9907
98.7754 14.4131
97.7097 14.9697
99.6287 14.7615
100.404 15.0567
98.709 14.9467
98.0071 14.9478
95.2738 14.9006
101.264 14.9722
99.604 14.9776
102.943 14.7299
99.4439 14.8825
101.709 14.7561
99.8733 15.0318
98.2296 15.3706
102.083 15.4983
102.651 15.6789
101.737 15.3084
98.7525 15.8884
98.3135 15.7668
101.245 14.3921
103.217 15.6359
106.186 15.0572
106.918 15.1793
100.981 15.5077
103.752 15.6855
113.94 15.9627
105.669 15.2733
103.387 15.7001
96.5174 15.7108
98.5386 14.2947
94.0932 15.3535
97.1016 14.9839
97.1839 14.7592
95.9018 14.908
95.9934 15.3842
97.5477 15.7984
93.2425 15.2956
87.8183 15.9186
90.0336 14.4264
88.6915 14.9708
91.5862 14.9971
92.4191 15.9146
92.0946 15.7312
94.4015 15.4072
96.5731 15.5759
102.197 15.0016
97.1022 14.9282
101.72 15.3375
94.6693 15.7279
99.8854 14.51
98.3579 14.259
94.5081 15.0958
94.7011 15.9219
96.6547 15.3666
99.9649 14.8649
97.2316 14.8816
97.344 15.0701
96.274 15.3694
95.8424 14.6442
96.348 14.9921
99.7241 15.4165
93.7166 15.8542
96.827 15.317
100.644 15.3743
99.3687 14.5572
99.7047 15.4913
97.0393 15.4875
98.951 14.6143
97.7007 14.6172
102.302 15.828
98.8979 15.4599
99.4715 14.8114
97.9381 15.1498
101.384 15.3051
100.863 15.523
99.3102 15.3338
96.3579 14.5767
97.4814 15.2161
103.421 15.1853
100.15 15.2582
95.3912 14.8028
108.194 14.7955
104.856 15.0631
102.871 13.8497
98.6245 15.5381
96.7484 15.7923
98.2392 14.9001
100.847 14.7009
99.4211 16.2745
99.4034 15.5593
101.822 14.6096
103.353 14.6655
97.2865 14.9753
94.7424 15.5422
95.0618 15.9669
94.1779 15.2368
98.5379 15.5491
101.361 15.5423
99.3345 15.0628
100.282 15.6132
98.3594 15.3903
101.163 13.9376
102.745 14.3164
103.513 14.8721
110.625 14.8588
109.991 15.4696
109.927 15.8974
113.64 15.1901
108.959 15.1407
107.089 15.5363
101.894 15.33
102.095 15.3594
104.327 14.5298
101.418 14.2886
103.215 15.4154
104.941 15.2769
104.412 15.4566
108.879 15.5659
103.833 15.0582
103.918 14.2935
109.721 14.8414
110.986 14.4749
115.644 14.5167
116.099 14.6807
118.657 14.9032
129.258 15.4102
129.258 14.4693
129.258 13.8683
119.599 14.7471
112.749 14.894
111.175 15.4625
109.458 15.4539
104.666 14.4003
99.8525 15.5206
98.7837 14.9997
99.2494 15.379
97.7737 15.7121
100.257 15.1739
98.9878 15.1961
101.661 16.2051
98.1361 14.7308
98.8471 15.2964
95.1616 15.014
99.0472 14.8546
96.174 14.6189
95.8098 15.2238
92.273 15.0162
95.5317 16.0354
91.5937 15.7135
95.7987 16.301
92.0958 14.9623
95.3435 14.1857
93.1835 15.1353
98.0808 15.1553
94.6632 15.6767
89.3861 15.253
95.4322 15.4452
93.6882 15.1703
94.576 14.6998
90.1283 16.1831
89.1272 16.4829
89.0132 15.5311
90.323 15.3134
89.1487 14.4621
91.2653 14.7899
91.387 14.3905
91.049 16.2347
94.257 15.8077
92.7311 14.799
98.6085 14.923
99.6613 15.5077
98.1445 15.86
101.264 14.5659
102.071 14.8026
96.7203 15.7967
91.3101 15.2071
92.3806 15.3083
92.4705 16.3156
91.4484 15.7981
94.4138 15.8971
93.7492 15.7268
96.9203 15.6165
97.4358 15.568
96.7123 15.8255
94.894 15.2433
94.9736 15.279
96.5894 15.0759
99.6461 14.6329
97.2873 14.8058
98.2077 14.58
99.5719 15.0409
99.8671 14.8894
98.1963 14.1191
100.648 15.3978
103.393 15.6814
101.555 15.0923
101.365 15.024
100.947 14.5732
103.461 14.9647
103.086 15.8647
103.086 15.3937
101.439 15.2917
104.615 15.6172
102.107 15.6127
104.894 15.4587
101.922 15.1999
100.501 15.0667
98.0904 14.7737
101.615 15.484
101.275 14.8671
105.803 15.5086
102.562 15.4649
99.6737 15.3569
96.764 14.942
97.1192 14.425
97.364 15.0673
97.6445 15.2089
100.923 14.9931
103.449 15.5248
101.495 14.4575
106.109 14.7011
100.967 14.7603
104.799 14.7463
103.374 14.382
109.403 14.1037
102.318 15.7755
104.266 15.2253
111.371 15.1203
101.643 14.4767
98.9733 15.7006
95.2114 15.6454
95.3508 15.6041
91.6406 14.9487
95.3701 14.935
102.579 16.0266
94.5201 14.7315
102.09 14.5571
100.175 15.4839
100.683 15.0317
95.9841 15.2638
95.6424 15.2658
89.0225 15.2214
87.2643 14.9134
90.7082 15.0897
88.7981 13.9931
84.7419 14.7285
87.1711 14.8116
90.9868 14.839
90.4262 15.4167
90.4262 15.667
93.8209 14.4781
97.2995 15.8434
99.3912 15.3461
98.7246 15.133
98.8054 15.4472
98.6899 15.2338
97.1385 15.9685
93.5121 15.6223
91.5181 15.7847
90.1009 15.9391
92.9909 15.6414
93.3284 15.359
95.8044 15.6386
95.4412 15.5261
100.421 15.1917
99.0445 15.5761
92 16.1007
97.0225 15.6313
95.1663 15.8888
97.1541 15.1448
93.4537 15.3403
91.6602 14.9372
92.4274 16.1271
90.5659 15.4697
90.3303 14.2363
90.3113 14.2388
97.7413 14.2291
98.0781 14.9176
100.658 15.3693
100.971 15.0357
102.48 15.1243
97.6505 13.9789
99.685 15.1459
97.5143 15.1369
98.0822 15.4512
98.8899 14.3774
99.0102 14.4544
99.8673 14.7252
93.3678 14.5661
90.6213 14.5827
92.5772 15.3806
96.8948 15.437
94.7874 15.5516
92.9378 15.4422
94.7359 14.9994
94.4638 14.9944
93.421 15.5891
93.8251 16.2476
96.6538 15.2682
94.7614 15.0249
91.4631 14.5638
95.195 15.7732
91.4458 16.0808
95.166 16.028
95.8473 15.1061
94.6829 15.4713
92.9789 15.2439
92.6328 14.9923
92.4906 15.3593
93.7465 16.0072
92.9724 16.1635
93.8934 15.6501
94.3586 15.9828
96.0675 16.4803
98.9964 16.199
97.4848 14.8169
98.2757 15.4422
98.2117 15.4035
95.3066 15.1874
98.8173 15.021
97.0642 14.96
95.4812 15.6771
91.7074 15.5565
93.6242 15.3028
97.2817 16.2851
96.4831 14.7649
95.3724 14.5167
95.091 13.8065
95.2075 14.7788
95.3784 15.097
97.6474 15.6433
96.6158 15.5577
92.5675 15.1168
95.5593 15.7156
100.055 14.8392
97.9907 15.4282
94.8404 14.888
95.3471 15.2711
89.7218 15.4
88.7262 15.7203
94.3384 15.4762
90.3687 14.8628
94.0791 15.0775
91.1644 14.4863
90.0649 15.9219
92.6042 14.6731
97.88 15.0541
92.7552 15.6492
92.8385 15.5541
97.2809 15.3213
104.304 15.6122
98.7304 14.9386
102.922 15.9102
98.1926 15.7718
96.5496 15.1668
97.926 15.3488
96.1889 15.4596
96.6721 15.2958
98.6847 14.6157
98.7358 14.7327
98.0181 15.0201
100.314 14.6173
102.972 15.154
100.727 14.9772
97.5476 15.0289
98.0421 15.2562
98.7112 15.0394
100.654 15.0327
95.359 15.7051
92.4196 15.6112
92.4196 14.6595
92.4196 14.6872
91.7541 14.7766
97.5697 15.3452
98.2561 15.251
98.5399 15.2392
90.6959 15.8932
95.7751 14.9045
94.8666 15.512
96.3169 15.146
97.4682 15.7697
97.9862 15.28
96.754 15.171
96.754 15.2216
102.246 14.2739
100.967 15.0923
98.6907 15.2613
101.565 15.8253
104.822 15.3092
102.442 14.6764
98.371 15.5723
91.8053 15.5066
97.1917 15.7586
99.2903 16.575
98.3836 15.3756
98.4522 15.3561
97.614 15.3502
99.6279 14.5193
102.987 14.4958
103.127 14.7404
106.746 14.3522
99.1861 15.3819
99.3838 15.3008
98.9743 15.1615
98.9337 15.8159
93.1829 13.6685
92.2906 14.4353
94.1149 15.1065
102.516 14.9376
95.7622 15.6136
97.2578 14.4061
99.2641 14.5172
97.1883 15.5242
101.429 15.1601
101.418 15.1608
101.072 14.9556
100.714 15.632
98.6665 14.3359
104.272 14.6077
101.749 15.3996
101.405 15.2823
100.34 15.7421
107.108 14.6297
109.462 15.405
108.488 14.7841
108.71 15.812
110.459 15.7173
113.554 15.8417
119.441 15.3029
110.995 14.6787
108.892 14.1488
109.061 15.1896
108.975 15.6811
108.373 16.791
105.185 15.2108
109.199 15.9228
105.566 14.8797
111.224 15.514
111.173 15.5944
111.528 14.8577
113.527 15.1369
98.8422 15.3155
98.3688 14.3715
101.583 14.7211
98.3963 14.7715
101.974 14.531
98.4674 15.4898
98.2492 15.2071
96.6423 15.4353
97.2127 15.3584
99.6369 14.3746
98.8184 14.4441
89.9969 16.1009
96.4811 15.7364
96.8998 15.2727
96.2337 15.8352
94.7021 14.7037
94.7021 15.5575
95.387 15.9921
89.8934 16.3329
98.0262 14.8337
92.114 15.4894
93.9737 15.5083
95.9966 14.4079
95.6543 14.9647
88.2144 16.0227
92.0926 15.5171
96.4804 14.7383
89.5025 15.2947
92.9838 14.3491
96.4128 14.9901
100.933 15.4375
104.899 14.8921
103.037 15.0587
96.7684 14.6398
95.2355 14.4859
100.035 14.5929
99.175 15.1734
94.8532 15.6872
95.5321 16.6448
98.1767 15.0231
101.906 15.772
100.521 14.6576
99.6596 15.5542
103.562 15.4625
97.5571 15.2769
105.049 14.5055
97.5127 15.3639
99.6694 14.901
99.6212 15.0092
94.3892 15.0373
94.39 13.9722
99.0344 15.0044
90.2324 15.6705
92.1846 15.5408
94.0309 15.1325
89.148 14.9248
91.8808 14.709
87.2596 14.8863
88.4686 15.1677
91.1226 15.6417
92.0585 14.8386
91.5324 14.4772
95.1568 14.5349
100.273 14.2212
100.249 14.9052
98.9435 15.2114
99.002 15.2286
98.7594 15.0239
94.2423 15.3931
98.1852 14.7876
91.8418 15.3508
95.3206 13.9267
97.2465 15.3968
99.9729 15.0949
96.8309 14.1642
100.874 14.6032
101.741 15.2971
103.858 15.2509
104.529 15.1023
107.522 15.4303
100.839 14.8236
103.871 15.3798
100.5 15.6964
101.908 15.7009
98.7671 15.6229
102.135 15.3259
103.765 15.2825
98.9813 14.9534
95.584 15.3419
93.9625 15.2803
98.0432 15.5119
99.3011 15.601
98.9452 14.8387
101.823 14.9515
92.1259 15.0152
95.1266 15.0015
98.8905 14.9254
92.4913 14.9091
101.759 15.1455
99.8241 15.029
99.3244 14.6282
96.2486 14.8098
94.5002 15.8764
94.5496 15.2216
96.9096 15.0631
96.8021 15.673
95.2107 15.2052
92.6736 15.1923
96.6706 15.1607
96.4602 14.8451
100.313 15.2757
99.0087 15.2208
98.3289 14.5771
93.9641 15.0207
99.5678 15.5863
106.739 15.1431
100.393 14.7095
102.529 15.1541
101.559 15.0624
96.4278 15.0455
96.8575 14.4541
97.0277 14.4651
93.8829 15.5827
96.504 14.9316
97.7337 14.8482
97.8681 14.9514
95.7709 14.4468
95.408 14.6036
94.4535 14.8597
91.8417 15.6108
93.0886 14.4997
97.1786 15.6361
98.8249 15.6131
99.9057 15.5926
99.6284 15.2305
99.095 14.8864
98.4966 14.4419
98.9382 15.1921
105.212 14.5093
96.9721 15.6651
101.018 15.8356
101.127 15.3459
102.996 14.8759
99.2213 15.0025
101.634 14.9866
97.8558 14.6566
98.2835 14.9303
97.5736 15.1336
91.2425 14.7686
97.6142 15.0505
92.1875 14.4351
90.6655 15.2134
95.3263 15.0935
96.2585 15.6535
98.7441 15.5718
97.2354 15.1492
96.3259 15.1147
96.9312 15.8782
101.271 15.8729
97.8835 15.4767
95.1811 14.7743
99.5148 15.1464
98.296 15.052
93.1683 15.143
91.5506 15.2289
91.1898 15.1735
90.3621 14.6643
