49.5297 15.0504
46.4673 15.1486
50.5244 15.8502
51.0915 14.529
49.4953 14.9278
45.6946 15.2304
46.4811 14.6883
49.8663 14.7863
48.9812 14.5083
46.3229 15.218
42.1193 14.5352
45.7073 14.658
49.0569 14.7549
40.534 15.0087
39.2687 15.1828
39.2403 15.4166
43.4098 15.5997
37.7719 15.9339
43.023 15.5856
47.3075 15.5004
42.6393 14.8941
40.34 15.5134
42.7117 14.9924
42.8665 15.2029
62.3911 15.1024
62.8842 15.0078
59.6916 14.8682
63.1492 14.4116
70.0714 15.1958
85.8234 15.3987
83.2281 14.9687
89.5506 15.6389
82.3289 14.8336
67.6355 15.515
72.202 15.381
59.5588 14.1541
56.4691 14.2397
63.4042 15.0523
61.1857 15.1434
57.1128 15.6858
60.6283 14.7885
66.6871 14.9416
53.6438 14.676
51.4174 15.3768
47.8901 14.4561
49.7874 14.7844
52.9516 15.2655
73.0049 14.9085
68.2128 16.0921
87.1689 14.8026
81.1641 14.5646
79.4621 15.2263
85.2527 16.1217
85.2527 15.7688
83.6653 15.1034
83.1067 14.8096
97.7725 14.9319
101.31 15.2754
81.9721 15.6134
76.4282 15.1903
74.4156 15.6429
74.4156 15.5328
80.4561 14.5493
86.6431 14.7519
73.5019 14.3947
69.3118 14.713
67.429 15.7224
56.9867 15.1741
57.9336 15.0891
54.2968 15.0021
47.5946 14.8242
49.6851 16.6104
51.4081 15.1271
50.8899 14.5318
42.8171 15.4121
47.3803 14.8753
44.4281 14.8937
44.1803 14.8078
51.7788 14.0342
62.5649 15.1056
57.4426 15.1185
66.0083 15.0717
67.3449 14.9725
71.8353 15.1998
73.9071 14.4119
71.8153 14.0372
84.6458 14.0406
76.6856 14.8338
85.2337 14.564
84.3576 15.6392
83.144 14.4927
60.5288 15.7088
64.5938 15.5347
51.2293 14.8189
60.5276 15.1895
48.5582 15.151
49.12 15.0168
64.1345 15.076
62.4727 15.242
63.2949 14.9034
61.0041 15.3235
67.0348 15.0544
69.0659 15.952
63.5656 15.5747
63.5684 15.8122
60.6199 14.4393
60.6275 14.8177
66.7903 14.7691
60.3086 15.1764
81.3992 15.3015
100.837 14.4785
93.0042 17.0377
94.1588 15.3193
94.0502 15.8598
108.147 15.0852
93.0661 14.481
98.5215 15.1682
72.8296 15.5298
78.2009 15.3963
77.3491 15.4886
67.2063 14.7884
67.1571 14.8005
65.6853 14.7507
89.6511 14.8668
64.3648 14.8741
84.7047 14.8732
71.9184 14.8984
61.2851 15.1898
65.414 14.5377
53.3975 14.4654
53.3975 15.1786
57.3349 16.0365
60.964 14.1002
60.0512 14.1128
55.9517 15.4107
57.3196 15.4573
57.3196 15.2185
53.654 14.9312
49.7829 15.4314
48.2861 14.3458
61.293 14.8643
65.9299 14.8847
63.8141 15.2036
62.581 15.5367
63.7646 14.5989
61.3796 14.6306
61.2359 14.6374
68.5609 15.2106
63.7835 14.9363
58.3524 14.8425
58.702 15.7212
79.0466 15.2774
72.8993 14.1875
72.8993 14.887
60.6634 14.8603
70.1842 14.9617
64.8977 15.4435
58.7535 15.0226
62.1715 14.4268
53.0875 14.5703
57.2695 15.4611
53.7218 15.3887
49.4587 15.4096
52.2071 15.2721
77.3395 14.9954
86.6844 15.2597
83.6062 15.0722
81.9848 15.2008
78.668 16.1907
75.9831 15.2358
80.0152 14.3288
82.1884 15.0077
78.6398 14.953
65.963 14.9807
56.7374 15.1983
64.9337 14.7881
63.6167 15.6607
75.4843 14.188
57.224 15.5215
55.6922 14.9964
53.5448 15.5216
64.9371 14.1437
57.8707 15.5562
54.1261 14.9941
45.03 15.4651
43.8962 14.4039
45.475 14.9177
48.673 14.5561
45.4865 14.9033
45.8062 15.6759
44.5858 14.5278
40.0298 15.3545
34.4669 15.1929
35.0825 15.6051
35.0825 15.7606
35.0825 14.733
35.0825 14.3591
35.0825 16.1736
34.693 16.4298
29.4728 14.9609
33.3929 15.1409
49.8787 15.3031
56.952 15.6635
58.5852 15.6011
46.2784 15.1565
46.0997 14.881
45.8601 15.0045
49.7894 15.3231
49.8293 15.6761
50.7293 15.2324
41.2336 15.0257
45.2314 14.5646
41.3982 14.8595
42.6412 15.2966
41.769 15.2878
45.5722 13.9871
47.6255 15.3005
52.7567 15.0067
60.1408 14.8648
36.2217 15.0114
41.8759 15.1845
43.4966 14.7087
43.7616 15.8476
50.0845 15.3183
56.2118 15.3065
44.9895 15.0184
47.0302 14.864
52.2472 15.4825
54.5483 16.4096
74.6131 16.1051
55.8793 15.5179
61.8033 15.3499
49.4331 15.7706
53.3437 15.6243
53.696 15.727
47.5353 15.0063
52.9546 14.7778
51.7865 14.9605
53.3955 14.7343
60.0291 14.5923
68.7422 15.379
70.0017 15.3324
62.4108 14.856
65.751 14.7216
53.7886 15.3775
40.2945 15.7435
43.4514 14.3552
44.0023 14.8735
42.4723 15.3699
47.7114 15.5499
53.0653 15.676
75.6733 15.5247
73.163 16.1545
70.7778 15.7184
87.131 15.0211
63.2807 15.4775
74.6519 15.0751
78.5692 14.5734
74.958 14.1295
66.2094 15.6927
66.0528 15.5064
66.0528 15.1931
67.1832 15.8252
70.5182 15.5449
70.0943 14.798
72.0073 15.8543
66.1941 15.117
66.1941 14.6529
64.2524 15.8712
67.1895 15.3365
71.0286 15.4322
58.4211 15.8371
66.712 15.0025
70.0963 14.9651
65.2401 16.1989
62.9831 15.5234
51.0373 14.666
52.0314 14.9802
46.0494 15.0335
49.7955 15.3989
41.9933 15.1452
42.5037 14.6982
49.8567 14.4265
46.6903 15.9663
51.0015 15.5947
54.0208 14.2164
58.1559 14.4446
58.2376 15.9438
60.3956 15.0934
62.3699 15.6215
63.3655 14.7517
64.6927 16.1934
72.7855 15.0061
57.0978 14.8297
47.0027 14.9711
50.4247 14.6141
46.0045 14.1086
39.2455 14.335
39.3432 15.4937
35.3159 15.5217
52.3194 15.0492
54.138 15.4241
57.3427 15.5166
59.288 14.8003
59.7483 14.9672
82.6745 14.4615
64.7004 15.2277
56.4919 14.8912
55.3593 15.0176
56.8813 15.2548
54.9786 15.5742
65.011 15.6329
61.4497 14.9469
62.6388 14.2341
62.5649 14.6951
61.9914 15.0597
68.4347 15.1793
62.4591 15.4676
60.6609 15.6588
63.4883 15.7853
67.898 15.6586
73.1509 15.5076
64.8816 14.9633
51.3578 15.1487
47.3133 14.8422
45.5599 15.5641
55.9181 15.2993
47.374 15.7354
47.374 15.3183
49.7952 16.439
57.8618 16.3858
55.5931 15.875
53.4969 15.5938
56.2119 14.6135
59.6962 15.4631
55.5399 14.925
47.7535 14.1164
47.1351 16.1943
70.7135 15.8789
51.8113 15.3558
51.8113 15.4435
51.8113 14.3518
53.3781 15.9783
56.9422 14.988
55.7424 15.241
51.7745 15.1174
44.5999 14.8237
45.1329 15.0206
43.9253 15.2033
31.2549 15.8223
31.2549 15.3434
30.6816 14.5375
31.3619 15.9758
35.6835 15.5115
36.8901 15.2766
42.5572 13.8885
35.1728 15.1466
35.4267 15.3575
38.2923 14.9597
35.8437 15.2227
38.1609 14.7505
38.5752 14.2491
43.0844 14.4889
40.4903 14.6621
44.3479 16.0667
50.3388 14.5657
59.8004 15.4925
69.195 15.7863
83.3013 15.0022
83.3013 14.1765
83.3013 14.9824
83.3013 14.7531
72.9276 14.7716
68.5787 15.0335
74.7742 16.2548
71.2917 14.6337
73.5749 15.6145
69.7355 14.74
60.5376 16.3795
49.7651 14.9605
60.5871 14.277
57.9823 15.2975
55.4125 15.167
50.8352 14.7848
51.1512 15.8122
56.0722 15.4503
48.3704 14.7043
57.0924 14.7942
46.1133 14.9369
45.5031 15.1072
38.8582 14.2157
45.184 15.0519
46.2196 15.4549
36.2018 15.6857
40.1181 15.5083
45.8311 15.4795
47.5153 15.6462
43.0856 14.9502
53.8109 14.9311
70.8756 15.1268
66.2552 15.5947
60.0774 15.3253
53.7832 14.9827
63.5284 15.0903
65.2452 15.0282
83.9229 15.126
83.6758 14.3397
110.903 15.1224
116.745 15.5158
88.5192 15.1983
78.8731 15.1931
80.5045 15.1933
122.333 15.1884
110.199 16.2423
82.3108 15.3368
97.9131 15.8333
80.6569 15.3871
79.2473 14.8835
69.4115 15.9665
72.8424 16.2532
60.8448 15.1915
56.1054 15.715
67.9695 15.8562
65.9576 15.5256
72.8851 13.9529
80.787 15.3622
82.2685 15.52
67.1423 15.3249
74.076 15.5416
78.7642 14.4556
65.1139 15.196
71.3032 15.1965
72.7634 14.8666
85.2544 15.2188
87.4541 15.0438
94.2432 15.4351
57.0064 16.0558
50.0995 14.6446
56.9796 14.5415
65.8095 14.9423
60.9276 15.1824
66.512 14.9799
78.8558 15.356
69.158 15.4287
72.8666 15.2775
62.8726 15.5263
50.1419 15.2553
49.445 15.7354
50.7663 15.4454
43.2353 15.1166
48.0533 15.1317
47.8599 14.8981
47.939 16.1187
48.2993 15.4705
50.4283 15.2676
55.1538 14.8395
72.0525 15.7409
81.8003 15.5152
79.885 15.0731
86.9871 15.6721
119.577 15.4252
91.2428 15.4718
89.3546 15.2244
87.8548 15.8804
91.1761 15.0104
78.6248 15.703
77.4865 14.7918
75.9953 14.3992
61.4454 15.6402
64.551 15.7328
54.8143 14.3702
65.7523 14.6903
48.1344 16.0533
62.6048 15.1663
50.2031 14.4527
57.1378 14.9879
52.545 15.5174
48.5179 15.9011
51.9703 15.5706
54.9332 15.8433
65.2522 15.9542
87.1403 15.2681
95.7247 15.3005
107.828 14.3338
112.467 14.284
83.3387 15.3471
76.9487 15.8814
75.7511 16.2258
81.0895 15.7273
76.6519 14.824
58.857 15.3948
76.2292 14.8595
82.0736 15.6292
81.3553 14.6348
68.2933 14.4937
50.4618 15.4882
48.2185 14.3589
39.1845 14.4775
46.497 14.7526
41.5709 15.6319
46.0555 15.0023
41.6954 15.2144
52.2876 14.5454
52.2876 15.182
54.5037 15.685
58.2544 16.0019
59.5917 15.4821
66.0674 15.0435
56.0138 15.4757
45.3996 15.2212
46.9643 14.7729
46.0369 14.4635
49.0964 14.3792
47.9515 15.3191
55.2761 14.7425
57.2455 14.5014
49.0598 15.6824
49.7965 14.8203
51.7256 15.0505
55.8729 15.0834
37.4266 15.0334
40.0614 15.1977
38.2179 14.354
46.0428 14.9095
53.1741 14.6562
65.5696 14.6996
49.6238 14.8437
50.9748 14.964
48.3742 15.244
53.4173 15.2783
53.9868 14.651
47.1292 14.8409
46.8372 15.8135
54.4585 15.7777
65.242 15.154
62.5279 14.7855
67.3807 14.7821
35.1255 14.6595
47.1142 16.1557
48.9604 15.747
51.1704 15.4419
42.7155 15.2196
40.443 15.3862
41.1419 15.3727
47.4958 15.4655
48.2492 15.4228
44.8184 14.8976
43.137 15.253
49.6776 14.5226
57.9901 14.5427
44.6368 14.7377
41.9884 15.5589
40.2845 15.0396
49.1609 16.1107
46.1646 15.6628
46.6635 15.5002
48.9839 15.2682
40.7056 15.0172
49.6867 15.3136
52.2462 15.3611
67.2053 15.1864
47.2631 15.2966
46.5749 15.3756
42.291 15.3518
42.157 15.756
41.1157 15.2544
37.8955 15.6076
33.9645 16.5348
46.4263 14.1605
51.9132 14.9161
49.5591 15.4036
50.9932 15.6375
38.841 14.8085
37.8559 15.8781
43.3906 15.25
41.5923 15.2981
41.5378 15.4065
54.7731 14.5225
54.5672 14.6491
60.1429 15.0844
44.8445 14.6398
50.6851 14.5251
48.6039 14.822
48.5089 15.0371
46.9586 15.2264
46.184 14.2049
57.8774 14.4895
71.3549 14.2047
72.35 15.93
76.1222 15.0281
68.123 14.2214
66.7526 14.7833
68.103 14.9329
63.1307 15.3221
66.0269 15.1017
53.2707 14.9747
53.8846 14.6077
54.9381 15.5215
57.2033 15.2886
54.1914 14.0583
42.3464 15.6352
43.3174 14.865
43.3174 15.6243
56.9609 15.5204
59.1535 15.1602
62.2283 15.6721
52.2501 15.1602
55.1718 14.6901
54.1099 15.1619
55.0145 15.1589
45.7516 15.6367
38.9871 13.9356
52.5269 15.1355
50.8197 14.8883
58.8296 15.3528
54.3588 15.8081
58.8923 15.1001
74.5379 14.8728
67.2562 15.1752
43.6639 15.3759
63.4113 14.8673
57.449 14.2124
74.8296 14.6581
66.9588 14.7281
77.6865 15.7615
62.051 14.8011
57.4113 15.0776
42.161 15.6048
42.161 15.0765
45.8651 15.1118
50.1984 15.606
58.9915 15.0824
50.0532 15.2334
49.7559 16.1273
49.7559 14.8811
49.7559 15.8996
60.6946 16.1428
63.346 14.5539
66.1291 13.9604
55.321 15.0873
44.2209 17.0813
41.8628 15.7499
41.9873 15.3374
41.8121 13.9155
39.1583 15.217
39.1583 14.9679
35.4156 16.2241
35.4156 15.1556
46.9501 15.7924
54.2626 15.454
54.0459 15.9527
57.8949 14.5332
53.8169 14.8052
53.8169 15.591
53.8169 15.0928
52.2658 14.7902
41.7175 16.149
43.289 15.6943
42.3388 15.3092
47.3167 15.4708
52.3929 15.2192
44.2951 14.8301
50.8637 14.5896
57.3223 13.7688
53.7537 15.4775
40.5419 15.5033
52.739 14.48
59.2409 15.0648
53.3113 15.8199
51.4882 15.7937
48.9728 15.938
46.4975 15.35
57.5605 14.1228
66.197 14.8274
56.9637 15.3821
58.4888 16.4245
56.8866 14.5054
59.0725 15.8052
65.5617 14.8219
62.5845 15.1498
64.5604 14.2837
62.3479 15.3979
57.8552 13.3325
77.6843 15.5605
85.9647 15.2498
87.2083 15.733
87.2083 15.803
86.6686 15.3602
69.3732 15.3499
53.1616 15.4612
52.0027 14.0008
59.2988 15.4392
63.5543 15.7845
47.6744 14.3422
51.0938 14.5834
61.0649 14.9846
62.9382 14.9353
71.0982 14.8091
63.916 14.8936
58.1769 15.6247
58.9606 14.1207
59.1493 14.0854
59.7285 14.1775
56.6804 14.1532
54.2984 14.1867
54.0959 14.3284
51.2907 15.2573
44.9897 15.2846
41.3871 15.2627
45.0798 14.795
49.6064 15.161
58.8037 14.6062
56.6834 15.8497
59.3267 15.8977
54.5482 14.671
49.6148 14.7419
49.6718 14.537
49.8843 14.7922
54.0023 14.7362
64.0599 14.9315
61.308 15.0545
67.1298 14.4073
56.7105 14.9614
68.8229 15.2058
66.3246 14.6198
52.6087 15.9305
54.7935 15.1314
57.291 15.7753
66.343 15.7179
51.5009 14.559
54.1361 15.1317
65.3454 15.6939
51.2013 15.3426
40.5098 15.5256
42.6519 15.0133
46.9675 15.2421
42.9382 15.2816
45.9623 14.9858
44.3716 15.0809
57.7756 15.8459
55.5024 15.5337
55.768 15.1353
50.1194 14.5454
52.278 15.0358
44.9003 15.3822
42.4695 14.804
36.1942 14.3668
42.1038 14.6075
46.3478 15.4208
42.1212 15.5684
47.0258 15.1769
48.1866 14.6453
43.6377 14.9417
42.828 15.0807
42.828 15.77
42.828 15.8646
50.0025 15.5834
43.8024 15.4681
62.0431 16.213
60.8098 14.9223
54.3596 15.4648
61.0925 14.9214
65.7227 15.2486
55.7774 15.3756
50.217 15.8003
55.1795 14.5528
51.6837 14.5616
60.0346 14.4075
64.7855 15.4169
63.6304 14.7629
69.2397 14.5021
76.1261 14.9842
63.4351 16.3322
53.6586 15.2664
50.1048 15.0713
49.7522 15.1376
48.3423 14.8878
44.619 14.8517
44.619 14.5874
44.0474 14.3125
44.0474 14.8715
53.1918 14.5165
53.0037 14.3566
53.0037 14.8828
49.8537 15.5018
47.8947 16.2717
36.7527 14.84
33.2355 15.248
29.6139 14.407
37.0554 14.8093
39.2573 15.311
28.412 15.4915
28.412 16.2163
28.412 15.2621
27.3601 15.6389
27.3601 15.3308
27.3601 15.3676
29.6775 14.6383
30.6676 14.5652
30.6676 15.3701
30.6676 15.3852
30.6676 14.6247
30.6676 15.4632
33.0272 15.9237
33.0272 13.8802
33.0272 14.8694
28.1194 14.754
34.4736 15.2385
34.4736 15.8597
34.4736 14.8947
34.4736 15.4217
34.4736 14.5808
36.1275 14.3661
37.2135 15.2049
45.729 15.7383
45.9113 14.8366
43.2706 16.6986
47.8806 15.7526
49.1336 14.1282
46.9915 14.9617
45.6757 14.3015
44.4521 14.5962
50.3735 14.6968
55.3038 15.0998
38.2304 15.01
34.5893 14.8603
38.4096 14.8331
41.1096 14.7612
44.1081 15.2772
58.398 14.8918
56.6355 15.7193
49.8793 14.9755
50.7635 15.0247
48.9195 15.0147
47.4311 15.7726
54.2297 15.0586
74.6068 15.6034
67.8196 15.6392
76.6728 15.3759
83.6961 15.1674
76.8855 14.3222
61.6495 15.0254
75.1716 14.6062
85.3999 14.4645
73.1485 15.0831
73.1485 15.5256
71.4323 14.0729
76.3276 14.1417
84.1378 14.9688
87.3058 15.7107
81.3429 15.6471
77.5898 14.9273
92.2418 15.2495
92.2418 14.8159
99.6766 14.9117
105.552 14.7272
87.5299 15.4173
73.6513 15.2532
131.991 14.7356
116.28 15.2164
98.6989 15.0099
74.1616 15.471
70.7299 15.0419
74.9387 14.4616
85.3193 14.6332
81.5487 15.3388
85.9063 15.3364
73.4789 15.3877
73.6892 15.4522
101.674 15.3305
109.801 15.5231
130.6 14.1892
135.941 14.4165
135.941 15.3821
143.474 14.5676
129.942 15.0136
122.285 15.2391
109.168 14.3435
100.435 14.9988
85.3341 15.6194
79.3606 14.8052
52.4017 14.727
56.6788 14.8722
57.5293 14.3145
61.7298 16.0803
62.4878 15.306
57.1153 14.8932
66.9453 14.833
66.9785 14.7368
109.726 14.8285
91.9143 14.7677
91.1381 14.6611
88.5905 15.2912
92.5892 14.6565
88.6454 15.0358
102.338 15.0741
107.602 14.8929
113.32 15.6707
118.836 15.8655
75.9179 15.0701
76.4208 15.3439
85.9553 14.8116
61.1859 16.0686
56.9162 15.2805
75.0773 15.2193
62.2496 16.0119
73.4718 15.7613
70.6511 15.8602
61.3142 15.4073
52.9287 15.216
59.3235 14.1198
61.8387 14.3458
64.5579 14.5488
58.9282 13.9807
57.1687 14.8436
48.6414 14.934
46.1787 14.1294
43.0719 14.8862
47.014 15.2899
47.7793 15.1989
57.4825 15.8312
46.0489 14.4317
48.5349 14.9325
51.2959 15.941
50.0479 15.0211
52.9972 15.2964
43.1215 14.9028
35.5382 13.9003
36.6355 14.9001
36.912 15.6981
36.6849 15.1546
42.1216 15.1622
41.8632 15.1943
41.9627 14.8327
42.0368 14.5416
38.5201 15.0716
45.9545 15.4861
43.4066 15.5368
40.0309 15.7404
40.7746 15.0974
46.7344 14.8596
57.7919 14.8943
61.232 15.0557
61.7037 14.4811
60.808 15.6085
61.4319 15.8156
65.5277 15.8345
54.4689 14.9236
51.0168 14.8651
46.5984 15.859
57.436 14.9924
63.6263 15.9333
57.8354 15.8712
78.3893 15.3239
68.0896 15.1072
62.5726 15.5292
63.9624 15.4094
73.9329 15.8263
61.4979 15.1427
53.1275 15.8081
43.7189 15.7976
34.7995 15.1149
41.1991 14.9946
44.9103 15.1858
48.9328 14.5929
68.4013 16.4152
58.5478 14.9899
66.9217 15.5012
74.7611 15.5379
76.2472 14.4672
74.9904 15.7116
91.4715 14.4944
83.1868 15.2052
80.3393 14.9833
77.2423 14.8905
84.6299 15.764
90.0602 15.4538
97.6961 15.6279
76.8284 15.5186
77.4234 15.8315
74.326 15.5873
50.6347 15.729
55.7833 15.1515
50.8562 14.8903
57.1706 15.4563
66.3494 15.0985
61.1798 15.3713
53.457 15.5671
54.9026 15.5392
54.9026 14.737
54.8741 15.4974
54.576 14.3139
50.9371 15.3949
47.8115 14.6254
57.4342 15.0809
48.4163 14.3578
46.1558 13.9071
49.0177 14.9007
48.3796 15.1989
50.8882 14.9405
59.2465 16.3243
53.3914 14.6972
54.5927 15.1697
49.5228 14.5146
59.2368 14.6076
64.7377 14.6942
49.783 15.2098
60.471 15.1411
53.8209 14.7561
59.397 14.5705
61.4203 15.7526
61.4203 14.9082
61.4203 16.2291
61.4203 14.3292
61.4203 14.754
60.2968 15.2583
59.436 15.6724
54.9715 15.5393
56.2954 14.991
56.6765 14.8787
37.7687 15.9154
37.7687 14.8709
33.3411 14.6534
35.403 15.5479
42.4585 15.229
45.3973 15.4466
48.625 14.7565
45.7269 15.4867
45.3005 15.6512
48.2231 15.615
52.3592 15.8508
44.6416 15.2006
43.6079 15.446
40.8015 15.7352
40.8015 14.7813
43.8104 15.004
36.5365 15.0182
36.5365 15.1388
33.1643 15.3715
35.1379 14.6563
43.3579 16.955
43.3579 15.0844
44.7177 15.4359
44.7177 15.0121
44.7177 15.3721
44.7177 15.4855
44.2617 14.8767
44.2617 15.4967
45.9187 14.7733
42.3809 15.5491
42.3809 15.445
40.3356 15.2851
44.0267 14.9979
47.6586 14.9652
46.5752 15.281
53.4661 14.7187
53.4661 15.7021
52.386 14.6086
50.2989 15.7119
45.1256 14.9969
48.1464 14.7759
51.9625 14.014
52.3067 14.5774
49.9985 15.292
59.7329 15.3695
58.0247 15.5013
67.9456 15.0493
63.7448 14.6656
59.3582 14.9238
56.2837 14.9896
52.317 14.7858
40.4213 14.7381
62.387 15.0313
64.0623 15.0142
64.0623 14.8525
88.3527 14.97
108.019 15.4882
110.273 15.4372
111.604 15.3418
99.4273 14.9963
99.068 15.0093
68.4045 14.8601
73.549 15.9125
76.6658 15.5119
70.9956 14.5912
64.7398 15.119
57.1916 14.8019
63.3877 14.697
45.7567 15.7165
51.4699 15.0516
50.5224 14.6205
45.325 13.9569
44.3351 15.6404
44.4083 15.1715
43.0464 15.0411
49.3958 15.2207
61.5735 15.0029
53.6948 15.0055
52.043 14.8941
59.7231 15.1143
59.7231 14.3213
68.744 15.5812
69.371 16.0037
82.7068 14.382
105.98 15.5683
67.2549 14.904
74.6873 15.3757
70.8356 15.5856
67.5096 14.873
67.1973 15.3771
71.7468 15.3993
80.0603 15.3735
61.38 15.0478
58.3216 14.8198
53.2537 15.2984
53.4868 15.4888
50.3136 14.41
51.7587 14.805
50.4661 14.6074
70.2725 14.9437
55.0231 15.9994
56.3196 15.6696
57.867 15.1697
57.867 14.409
52.764 14.8334
65.0387 15.3544
62.5347 15.0785
61.032 14.8758
60.939 15.1641
54.3499 15.239
52.4855 15.1705
47.2011 15.3986
54.3389 15.0747
57.5431 16.2396
49.8784 16.2518
38.6761 14.8031
38.2291 15.6424
46.1927 16.3441
45.0679 14.4948
42.2057 15.5459
42.2057 15.4474
46.6848 15.8794
40.1064 15.1608
40.1064 14.7526
33.5371 15.9044
35.758 14.8657
40.7542 15.1236
37.1346 15.609
46.3514 15.3868
40.9171 14.5013
52.2786 14.6687
53.3109 15.5111
52.4391 16.1242
47.0308 15.0709
53.0341 15.3749
50.1243 14.9641
46.6753 15.6169
55.4009 14.9102
57.0449 15.5379
58.9607 14.9409
55.878 15.2184
50.7051 15.2982
55.7427 13.8537
50.722 15.1764
57.691 15.1926
57.5713 15.6401
55.6251 16.1686
58.1489 15.6298
59.1178 15.6816
58.5814 15.5772
65.6889 15.1733
59.5118 15.2321
60.1322 15.9855
54.9559 15.294
48.8946 15.8287
46.3703 15.2849
55.9031 15.3148
55.0653 14.9825
61.3252 15.0603
56.6384 15.4022
76.9484 15.3156
83.5219 15.5543
74.5991 15.9862
67.3269 14.691
58.7056 15.7577
64.5192 15.3076
67.1769 15.038
73.433 15.6308
78.4181 15.5284
85.0526 15.5143
71.3419 14.7447
61.9539 14.8053
57.2696 15.165
56.9245 14.991
52.9072 13.775
55.5201 15.303
68.4367 14.9167
53.2591 15.392
51.4245 14.9309
42.5982 14.6246
61.639 14.9945
58.4095 15.3537
48.1948 15.8175
59.5778 14.633
61.2255 14.4128
61.2255 14.8813
67.0816 14.5537
62.9313 14.6095
59.3007 14.8946
59.3839 15.4621
56.4292 14.4562
56.4292 15.7348
52.9272 15.588
52.537 15.4598
64.2424 14.6844
69.9205 15.1266
68.446 14.7969
65.5198 14.597
67.7409 15.4608
72.7854 15.4588
73.4832 15.8941
63.9859 14.9542
76.1879 15.5786
58.5275 15.0211
64.9323 15.6944
66.5708 15.7831
64.089 14.7624
66.4481 15.6295
65.5621 15.0351
62.5893 15.0378
62.7274 15.725
69.6434 16.1352
72.2657 15.2133
72.2657 14.5782
58.2285 15.4951
60.3712 15.3667
56.4027 15.4756
52.9942 15.6986
64.9282 14.987
73.0355 15.3799
64.02 14.9008
54.3433 15.5594
61.1823 13.9615
59.2311 14.6207
59.9672 15.7343
61.5992 14.979
64.8131 14.8704
47.6213 15.197
50.0319 15.9095
50.8567 15.0003
51.0867 14.9797
45.6938 14.6351
50.7918 14.7719
55.9978 14.947
52.8083 14.9891
53.9972 15.9139
55.627 15.1852
56.281 15.3273
48.407 15.0237
48.7223 14.8982
51.4397 14.6328
58.3288 15.2039
50.4791 15.1876
50.6358 15.0421
47.8222 15.9551
47.354 15.1512
38.7232 15.798
31.2659 15.1019
43.9897 15.1495
42.9941 15.1372
36.776 15.4703
40.0694 15.4218
43.9441 14.6024
53.0239 14.5599
66.5429 15.0677
60.3914 15.9297
47.7614 15.4677
52.1881 15.9133
43.6899 15.0645
38.855 14.6713
45.4221 14.8707
45.4221 15.2466
56.6626 15.2907
57.8428 15.0824
56.1869 15.6614
60.8555 15.1167
67.9244 15.2831
71.0183 15.28
74.5805 15.0977
51.3621 14.6041
43.7765 14.6616
47.135 15.6758
47.135 14.708
44.2389 15.7278
42.5043 15.367
39.293 15.7413
39.293 14.1213
39.293 15.2516
38.7864 15.4633
41.8716 15.1531
43.5844 15.3287
45.6689 15.7001
62.1048 14.7029
51.9849 14.4568
51.2603 15.3518
63.9508 15.3007
61.5337 14.7163
64.1734 14.8543
67.0316 14.9087
56.972 15.5257
54.0727 14.4672
57.7781 15.7094
50.1297 15.0062
46.2441 15.5719
56.2634 15.4986
69.9763 15.2978
54.7756 14.0136
51.0417 14.7097
55.8166 14.6125
56.5881 15.2383
55.3221 14.7133
55.9753 15.157
49.359 15.1583
47.5815 15.4865
50.6867 14.3057
50.6867 15.3271
48.5384 14.2907
46.4348 15.5351
50.6219 16.0461
44.2009 15.1138
43.4981 15.0887
45.4949 15.3645
54.9373 14.879
63.8146 14.3927
68.1098 15.9357
67.7698 15.7779
70.0883 15.169
57.0457 15.5485
60.8588 15.453
59.1383 15.0564
53.5153 15.4614
55.0619 14.8049
55.4372 14.539
47.1292 14.8128
49.1793 15.0178
53.6178 15.7989
57.6812 14.9542
71.7945 15.7176
85.3003 15.3756
66.7705 15.3223
65.2495 15.2482
59.4442 15.0978
62.1715 14.2344
83.2891 14.8324
77.1943 14.7568
67.0357 14.5553
69.6047 14.974
71.3005 15.2719
48.1432 15.8079
52.0079 15.5092
83.3737 15.4726
64.2914 16.3174
59.1878 15.9553
52.7309 13.9749
55.4232 14.8973
84.6145 15.0981
79.6961 14.5895
75.2965 14.8645
71.5123 14.7276
77.6805 15.098
70.5787 15.753
76.2527 14.443
79.6613 15.5712
64.0648 15.151
62.5195 14.9289
65.6762 14.7195
49.1927 14.1094
67.3256 14.8347
77.5998 15.6564
76.6133 15.2406
69.4904 15.2294
68.6393 15.392
67.5983 14.657
56.4104 15.0607
56.4104 14.4382
55.5035 14.3949
54.4202 14.7758
44.3116 15.6681
45.1582 15.0345
48.5629 15.6493
49.0207 14.9822
47.561 14.7521
45.6418 15.0442
54.8178 14.8943
60.111 14.7442
57.9163 15.2451
53.6348 15.4978
48.0283 14.3871
49.1541 15.2954
46.5241 14.9151
50.9782 15.6602
50.5042 14.3688
54.6899 14.7654
52.9378 15.2286
48.1205 14.7774
53.138 15.0808
60.9773 14.1056
61.5943 15.5725
52.905 15.8767
53.0736 15.8767
50.5327 15.557
61.0414 15.115
56.4045 13.6023
54.2381 15.0228
53.967 15.6225
57.1681 15.3057
55.2584 14.1937
51.7654 14.4262
67.1509 14.8196
61.4527 15.7334
58.563 15.23
51.0048 15.3145
51.6398 15.5054
58.6103 15.1713
56.3633 15.9523
64.9028 15.4661
57.6006 15.738
57.6006 15.3617
53.9245 15.4383
47.0416 15.6745
47.0416 15.0866
44.3711 14.7496
44.3711 15.9588
45.5255 15.8319
46.691 15.2054
61.4583 15.1954
62.8722 15.2437
57.5638 15.2584
71.2686 15.2308
75.6299 14.0326
71.5919 14.8829
63.5267 15.7335
67.8138 16.0395
64.1974 15.7663
60.6949 14.6817
63.9601 15.0896
81.2798 15.6813
77.9796 15.291
54.8831 15.1145
51.0948 13.9949
43.4307 15.892
43.609 15.5402
45.5496 14.4763
47.1854 14.8097
49.7361 15.4878
49.9503 14.9551
59.713 15.1094
64.0663 15.8467
68.6244 14.0838
69.3978 14.3942
71.6049 14.6641
76.6777 14.268
74.665 14.6182
67.0291 14.7846
59.9615 15.7483
56.849 15.011
54.4669 15.2537
49.9299 14.7824
47.9676 15.0991
56.4198 14.7119
55.5857 15.1674
58.3271 15.7525
58.3271 15.2729
52.7891 15.4596
52.7891 14.9895
46.5779 15.3228
50.1659 15.3791
43.3272 15.0587
43.3272 14.2827
44.4588 14.746
46.755 15.0288
66.89 15.4399
59.8098 15.0067
46.6325 14.6045
57.1041 14.7693
62.5754 14.4717
74.5955 14.3089
72.6307 14.2717
73.6235 15.4769
71.1117 15.019
70.2647 14.8133
69.78 14.5022
57.0033 15.3227
59.3396 15.5637
63.0854 14.5813
52.8898 15.1008
50.6591 15.3534
50.1582 15.5761
55.9655 14.0678
57.7163 15.7958
56.5876 14.7807
55.4584 15.2553
55.9038 14.903
48.9068 14.6006
44.9332 14.8336
44.9332 14.6022
47.4714 14.8356
63.1154 14.4342
41.8065 16.2996
39.8555 15.5484
42.0365 15.1165
56.969 14.7904
55.0499 15.0325
62.1542 14.7426
69.9824 15.086
63.0225 15.785
47.0324 15.2554
45.7386 14.7918
46.8126 14.6027
38.259 14.9093
38.259 14.3614
45.3382 15.5788
44.9229 14.5645
50.6764 15.2671
50.6764 14.7151
63.3023 14.3398
75.6134 14.6489
75.8632 14.492
77.7953 14.8069
70.6892 14.8366
74.0654 14.9066
84.3638 15.0346
85.1961 15.7621
78.6291 15.7861
83.7524 16.3896
79.2659 15.2745
85.1578 14.1799
82.7095 13.7286
88.7412 14.0196
91.8577 15.3226
102.975 15.0059
95.958 15.5642
62.1363 14.9141
66.2273 15.4908
69.4472 14.9678
71.6267 14.9272
74.1883 14.9183
68.1523 15.2316
57.4853 14.8192
56.0378 14.2036
52.4606 14.8913
56.9566 14.6671
52.388 15.5974
43.589 14.6738
44.8244 14.4981
44.9116 14.9878
43.3498 15.5894
87.8688 15.3783
113.452 15.7085
105.927 14.0719
102.609 14.5879
109.657 14.7412
104.174 14.601
80.6102 14.552
77.6646 14.5418
84.6086 13.7749
74.6981 16.1824
75.684 14.2002
72.621 14.242
71.8694 14.5652
70.5869 15.4878
70.9275 15.2821
56.5778 15.2547
72.2066 14.3571
74.272 15.3076
70.9429 15.1847
69.246 14.6552
89.0595 15.303
103.376 15.5556
103.376 15.1058
92.8113 15.4912
80.434 14.8995
97.5374 14.198
72.073 14.769
53.6002 15.3069
52.1256 15.452
52.3582 15.1126
46.854 15.7822
46.3477 14.9916
44.7925 15.5481
48.0567 15.1292
37.7672 15.4095
34.9549 16.2369
33.7808 15.0321
29.5349 14.8382
29.5349 15.5971
28.4533 14.2964
28.4533 14.6219
35.548 14.6758
41.1103 14.4981
31.9561 15.085
40.5991 15.2159
45.3734 14.5989
46.4251 15.4694
43.05 14.7294
54.1228 15.8828
57.2567 14.9959
55.8163 14.7102
65.2632 15.7067
58.9081 15.0709
57.4985 15.6555
66.6764 15.2344
69.6467 15.3912
62.0911 15.1812
69.6555 15.3121
79.7735 15.2364
72.1704 15.5886
84.4219 15.5899
94.9435 15.7099
94.9435 15.8422
84.2488 15.0554
87.6355 14.498
83.5258 14.5346
80.3726 13.9522
104.729 14.2719
99.961 15.0825
88.4089 14.3564
94.6301 16.2042
83.5878 14.7383
63.437 14.9228
59.3228 15.5242
55.9222 15.446
55.9501 15.4194
67.8181 15.1753
68.0703 15.1049
58.5376 14.8807
45.2324 15.6052
47.2896 14.8755
45.6558 15.513
51.2499 14.8641
54.6938 15.4111
57.9512 14.5645
63.6183 15.4188
69.3034 15.778
84.9407 14.7928
83.5545 15.0722
97.742 14.8665
87.1148 14.9876
73.0828 15.2246
67.2526 15.9272
44.033 15.3908
42.626 15.3871
44.0675 14.7417
46.2047 14.3438
40.0529 14.4913
31.5667 15.392
29.7022 14.8959
42.4329 14.8459
46.5099 15.0912
52.6269 15.3781
44.619 15.0198
47.4296 14.577
47.4296 14.581
47.7328 15.0599
52.4844 15.4792
57.1019 15.1046
54.6181 15.4726
39.2172 15.4884
40.3 15.2845
40.3 15.8245
43.558 14.5365
43.558 16.1755
40.7108 14.9528
33.1743 15.3526
40.0554 14.7483
40.0554 15.2951
40.0554 14.7163
38.9704 14.5004
39.1508 14.5116
39.1508 14.2057
35.3923 15.0113
35.3923 15.0588
35.3923 15.4918
41.3252 15.733
45.5257 14.9927
45.5257 14.0403
42.4589 14.3031
42.4589 15.7503
52.1799 15.7635
58.6497 14.4723
64.5505 14.5389
69.2419 15.3267
62.0482 14.713
75.3838 14.652
68.2378 14.9786
64.6055 15.2024
52.8963 15.7147
54.2604 15.7518
69.2488 14.9061
72.1553 14.6221
63.5951 15.3406
80.3654 14.6834
91.7953 15.4183
89.4702 14.8578
91.4807 15.3338
93.159 15.4739
87.648 14.9706
87.4024 14.872
82.6949 15.388
69.702 15.0179
80.3311 14.3327
65.7239 14.3977
60.6211 14.9113
44.3745 14.9474
43.4999 14.7189
39.215 15.3951
33.3287 14.6966
36.7244 14.1517
39.092 15.0503
40.8802 14.2285
49.6132 14.3328
45.7404 15.2724
65.1564 14.8388
60.432 13.8919
54.4741 15.2642
56.8922 14.5804
49.0264 14.614
55.5622 16.2086
54.0937 15.1442
61.5536 14.4192
69.2992 14.4738
72.438 15.7038
76.2879 15.7783
79.5729 15.2685
70.7312 15.3902
77.0196 15.2561
85.2622 15.3094
79.6258 15.4021
52.4442 16.3443
47.1534 14.9534
51.1137 14.9631
64.968 15.3611
55.561 15.7374
50.2131 14.9601
50.2131 15.4806
35.8745 14.9293
36.5679 15.8415
40.0509 14.3006
47.078 14.8563
52.4276 14.6959
53.5195 14.7608
56.7686 14.376
60.0656 14.6854
62.6333 15.6429
66.5537 15.2887
56.0438 15.4915
63.0441 15.9621
59.1462 15.8324
50.3845 15.2619
50.24 15.6125
48.5789 14.8342
46.4672 14.9491
46.7024 14.9751
48.5533 15.5797
46.8713 16.315
42.0248 15.3073
46.2523 15.5388
43.9544 15.2147
45.431 15.5873
41.3788 14.9835
44.2274 14.2489
48.4273 16.1915
42.5255 15.2746
52.2346 16.2214
48.8911 15.482
57.8551 14.7005
77.014 15.767
64.0698 15.8038
72.021 14.8794
78.3962 15.0517
83.3064 14.8558
58.0152 15.15
60.3456 14.9669
68.7452 15.2134
75.8198 14.689
74.4944 15.1846
69.0385 14.3668
59.2134 14.9945
54.8733 15.3246
52.9537 15.9487
46.2676 15.0534
52.938 15.1077
52.425 14.7926
80.8785 15.4331
79.0342 15.5181
75.2401 15.5177
73.717 15.0367
69.2353 15.0853
92.7221 15.0726
88.3321 15.0039
93.0939 14.7328
88.1412 14.94
104.592 15.3044
94.5778 15.1559
105.024 15.3473
85.0415 15.7054
85.8336 15.7932
92.3941 15.6469
79.2947 15.8559
73.8222 15.7199
83.7168 14.7992
64.1315 15.6767
66.4028 15.8219
60.0863 14.2139
52.0368 15.3077
45.2826 14.6615
50.6977 15.2553
51.7205 14.9891
49.927 14.2481
49.2174 15.4785
49.2174 15.772
53.801 15.3515
51.1072 15.4078
57.7988 15.1711
68.1326 14.7658
86.1774 14.8348
82.8348 15.4281
71.3324 15.6352
70.5429 15.4159
76.4764 16.1251
76.2571 15.4445
76.9089 15.0107
92.1282 13.8133
83.9123 14.6775
76.2701 14.5235
69.7107 15.1655
63.2672 14.1632
54.4083 15.0967
54.4083 14.9322
55.9936 14.9004
59.3916 15.6706
69.6591 15.3692
71.8384 14.9129
74.8552 14.8722
78.3466 15.4588
79.6916 14.9777
62.3736 14.7051
58.2356 15.5746
52.827 15.1721
64.1334 15.1313
55.735 15.2575
59.7895 15.0034
59.2476 13.8726
67.5473 15.2402
60.7681 14.6239
67.4072 15.0474
54.7359 15.7744
67.4841 14.8234
70.8653 15.9482
63.4593 14.5784
54.456 15.4632
65.2274 15.1103
64.1946 15.1572
55.4775 14.1513
61.2749 14.8181
59.4236 14.9008
62.6118 15.1414
51.0176 15.2109
51.7897 15.2178
49.634 15.5471
56.221 14.7406
56.8935 14.8569
58.525 15.2618
59.845 15.5844
63.8832 15.8681
57.4922 14.491
56.9399 15.6557
55.414 15.1395
58.1584 16.1517
56.8997 16.0228
51.4473 14.3999
53.3442 16.0084
55.2315 15.9542
42.2091 15.4603
42.2091 14.9694
46.3359 15.2299
53.3614 14.5042
54.7007 14.9212
53.3472 14.647
53.695 14.9353
54.1046 15.0943
52.4591 14.8212
55.8628 14.396
51.9946 14.7766
47.2684 14.218
48.4995 15.6456
37.6068 15.3986
43.2621 14.6837
44.0928 14.746
47.7867 14.3967
47.7586 16.2926
43.6384 16.2954
46.7926 14.0871
49.2091 15.2601
50.7715 15.6216
54.3502 15.495
48.9274 15.1214
47.0136 14.7179
45.2004 14.6271
51.3876 14.2718
46.877 15.4628
51.5701 15.0783
45.1672 14.5282
42.2914 15.2385
42.2914 15.6359
42.2867 15.148
53.1303 14.4813
80.6557 14.552
77.5366 14.8588
77.332 14.8369
77.8412 14.771
80.34 14.715
80.34 15.4601
94.046 15.8963
99.11 15.0761
91.9376 15.0238
61.1442 14.8426
64.8737 16.08
72.6235 14.6634
79.8464 14.5121
53.8507 15.5055
55.0202 16.1349
63.5071 15.9994
53.9889 14.7895
59.9686 14.9803
61.4498 15.4805
62.6169 15.4231
62.64 14.8809
62.3421 16.2746
52.9817 14.7683
49.3503 14.7336
46.2986 14.4016
45.9145 15.5959
45.9145 14.9406
49.0986 14.3204
58.9855 14.4002
61.5277 14.3442
58.5343 14.2607
55.0581 15.1647
68.2226 15.3775
69.1657 15.2383
71.3266 14.5453
63.5824 14.9836
76.1115 14.5482
75.7769 15.0264
58.1591 13.6252
43.9665 14.6414
33.1721 14.9362
33.1721 14.9871
32.0495 14.8463
40.6981 15.0308
40.3238 14.4297
37.6873 15.3641
37.4464 14.3557
44.3878 15.6078
42.3506 15.2677
46.9484 14.6046
42.5352 15.3402
37.513 14.8135
39.8747 14.7753
42.9582 15.8201
40.5007 15.0054
35.0567 14.9526
32.2801 16.281
36.5396 15.7024
29.6985 14.6027
27.0293 14.5382
55.4111 15.6123
53.6738 15.1462
63.2512 15.5655
57.7652 15.8907
55.3608 15.5513
54.5912 15.7306
48.7976 14.7545
49.0697 14.8407
48.1903 15.0114
51.4616 14.8742
62.1145 15.7552
64.713 15.1072
60.0424 14.8199
70.2624 15.0739
74.7729 14.7467
81.988 14.7815
91.1431 15.0977
91.1431 15.4951
75.3858 15.2098
60.4004 14.6638
64.497 15.0571
60.7541 14.5311
54.4357 14.3329
54.776 16.103
59.3914 15.2378
80.2745 14.649
71.4447 15.3146
44.5645 15.4325
53.9674 15.2114
64.3129 15.1221
51.1649 14.7576
46.5525 14.6363
55.121 15.0006
62.0045 14.7749
63.3717 14.4256
61.1232 15.022
60.542 14.7464
48.0261 15.282
41.7921 15.2972
45.6405 15.0295
39.9623 14.4146
39.9623 14.6718
39.9623 14.6491
49.6941 15.4149
66.1968 15.8738
63.516 15.8868
64.0332 15.9546
64.4011 14.6707
65.6376 14.1924
66.3704 15.844
71.48 15.399
63.2577 15.3805
57.5726 15.1926
58.3816 15.2183
59.6674 15.7411
58.1524 15.4368
46.213 15.1045
52.5789 14.8708
45.2003 15.2407
42.5699 15.1992
40.6362 14.9939
46.953 15.2104
49.8191 14.3971
46.1202 14.8758
50.7471 14.7601
43.9817 15.4509
43.475 14.7564
54.3831 14.8265
44.6081 16.0732
45.098 14.6827
51.8273 15.2713
55.4847 15.1588
43.6285 15.6553
41.8327 15.7715
35.9806 15.5146
33.3581 15.9289
33.3581 14.8071
41.0637 15.3244
40.5546 15.2668
42.1036 15.8156
41.5908 15.0948
46.6737 16.0188
47.9466 14.9718
39.0605 15.4618
39.1109 15.5439
39.5173 15.6154
39.3809 14.7129
39.2679 14.9162
39.2679 15.4911
38.954 15.0673
43.0716 15.4822
44.5367 15.5512
60.8942 15.1331
83.4508 14.3587
83.4508 15.3538
80.9791 15.6471
79.3463 15.5944
83.6587 15.0246
80.8188 15.9662
69.6808 15.1855
69.6519 15.5705
64.053 15.293
79.2788 15.1684
74.5776 15.2044
77.0074 15.43
75.837 15.6007
49.78 14.7025
55.8914 15.3911
57.963 15.0205
63.3785 14.5483
52.8198 15.3302
53.2923 15.816
55.493 14.8296
57.0228 15.7383
59.5609 15.8473
70.0468 16.4579
65.3992 15.8895
72.9723 15.0041
73.6764 15.0949
70.8309 15.1551
85.4366 15.2106
79.8656 15.1493
79.0922 14.936
71.0362 15.3863
63.1846 14.4114
55.2628 15.8638
55.2628 14.1144
58.627 15.089
58.627 15.5641
58.627 15.3956
58.627 15.0029
53.4088 15.9159
53.4088 15.8385
48.4804 15.9537
55.9426 15.1702
55.9426 15.2751
58.3269 15.6587
67.1307 15.6249
50.9686 16.2255
53.2572 14.3354
53.7017 15.0006
59.8048 15.7174
64.9744 14.7681
68.0139 15.4957
74.5598 15.6045
74.5378 15.7671
62.8857 14.9691
55.7722 15.2688
61.199 15.3528
61.1306 14.9643
67.9134 15.0029
70.6562 15.5823
37.9907 14.9855
50.1576 15.5501
54.8335 15.2594
56.3148 15.0981
53.1973 14.9781
51.4254 15.6884
55.3956 15.4993
54.8849 16.3351
56.9325 15.1003
40.1738 15.6752
50.5528 15.6233
49.2783 15.6409
58.1087 14.6119
70.0793 14.7638
85.6904 14.9043
92.9761 14.9342
66.3645 14.7653
61.025 15.6215
68.5401 15.8098
77.1393 15.2691
81.0455 14.9471
98.7479 14.2747
102.221 16.1256
25.3643 15.2046
21.1619 14.9983
19.6835 14.4576
19.002 14.1861
19.002 15.5123
22.1355 15.1483
16.6415 14.7544
18.7265 14.6834
18.7265 15.0565
21.9542 14.4557
20.3933 14.623
21.9294 14.6351
19.6766 14.6876
66.8693 14.6777
62.3533 14.8728
59.7774 14.5728
57.5132 15.529
61.1536 15.144
59.7252 15.6019
38.9007 15.0486
41.8021 15.4398
41.8021 14.3974
40.4841 15.4809
41.6724 15.5048
44.6771 14.603
52.693 14.7098
68.9699 15.6518
69.5581 15.197
59.8811 15.4201
73.0271 15.5278
62.9429 14.5582
66.099 14.4941
72.2853 14.5133
70.6774 14.5612
69.2227 15.1764
81.1925 15.538
83.2748 14.6883
91.4611 14.3833
91.3362 14.6493
91.214 15.0367
65.1713 15.3378
57.5883 14.2529
51.1775 15.2485
51.3381 15.5331
54.8243 15.3125
54.8243 14.9664
53.7599 14.7792
54.7872 15.6999
55.0695 14.6071
62.258 14.72
66.5116 14.7159
74.4905 16.2718
51.4751 15.4512
57.6928 15.5615
52.0141 15.4312
53.3332 14.717
52.1339 15.5725
54.0313 15.3686
65.6837 15.7207
64.8477 15.3066
54.3988 14.8147
56.8937 14.7586
52.3927 15.5304
52.0531 15.2035
54.4276 14.4026
55.1623 15.575
61.9636 14.5682
61.4661 13.8402
52.572 15.1797
47.4002 15.6062
45.5456 15.4296
45.2875 14.775
46.8736 14.1598
46.8736 14.9158
45.5507 14.9348
43.5413 14.857
44.5836 15.1986
45.2537 15.604
41.0831 14.6854
38.4529 14.5866
41.7595 15.673
43.8255 16.0063
49.8732 15.4046
54.4743 14.507
54.793 14.3707
54.065 15.447
46.071 14.5197
50.5182 14.81
28.0225 15.2202
28.0225 15.4101
28.0225 14.6743
29.8604 15.4195
33.4963 15.2987
50.8781 15.492
44.9033 15.5221
46.4123 15.4944
50.4584 15.4503
52.7843 15.536
62.8495 15.5914
53.3412 16.5936
52.1358 16.4006
59.3309 16.3908
58.9267 16.3859
39.7596 16.3849
48.7999 16.3348
46.3186 15.7468
47.5833 14.5483
43.4634 15.0065
40.129 15.0492
57.3889 15.052
64.2907 16.0532
60.9278 15.2031
61.1913 14.6852
60.8183 15.1919
54.456 15.822
44.3442 15.3666
60.301 16.1634
60.6786 15.3031
55.5904 14.035
57.0166 15.0239
57.0461 15.4691
57.7355 14.5397
49.7684 14.7543
45.3641 15.3889
48.543 15.6481
56.3865 15.5098
65.2691 14.6711
71.6895 14.4188
86.0638 15.6063
97.4578 14.7908
105.602 13.993
101.35 15.6095
117.721 15.5242
114.675 15.5064
110.625 14.9676
123.341 16.0483
112.511 15.3472
119.661 15.965
108.313 15.5568
138.597 15.7647
89.8276 14.5412
77.4691 15.4374
75.0676 15.6932
66.246 13.9587
75.3374 16.6282
76.4887 15.2901
87.2478 15.1502
80.4094 14.8113
71.8164 14.9771
63.5742 16.1713
63.5742 14.9431
63.4577 14.6475
65.6015 15.3902
59.3765 15.0547
56.6953 15.7647
61.3185 15.2937
61.492 15.2752
61.9056 15.2125
67.5202 13.8385
74.5223 14.4091
74.1358 15.2651
76.1462 15.4161
74.1417 14.8887
61.5465 14.5188
62.193 14.9592
74.6313 14.4875
67.6058 15.2933
80.7922 15.0552
86.617 14.762
88.0716 15.4483
77.6363 15.1894
71.8976 15.0503
67.3286 16.454
67.4218 14.2832
62.6142 14.6901
55.7629 14.8456
58.1906 14.8372
74.9402 15.1179
72.6633 15.7483
82.4045 14.6935
76.955 15.0901
63.6075 16.0927
72.5864 15.0068
49.4217 15.1428
53.6006 14.9787
54.0628 14.8781
56.05 15.7181
69.6234 15.3766
59.2376 14.8177
54.0952 15.5528
64.5671 14.7681
59.9925 14.9475
70.1045 14.9593
72.2527 13.9715
60.2536 15.0901
51.9557 14.812
51.9557 16.0201
50.3917 15.3823
53.5362 14.9763
60.6018 15.0323
66.8784 15.43
67.7339 15.1869
71.793 14.7201
72.9616 14.2282
65.7411 15.0358
61.5188 15.4982
61.5761 15.5035
55.8041 14.7443
53.9251 15.4429
56.7553 15.1058
48.4099 15.0607
56.5277 16.0077
44.7889 15.7959
49.3031 15.267
53.6444 14.7155
51.8303 15.2539
61.625 15.9411
53.4286 15.2199
53.4693 16.172
51.3963 15.1709
66.1885 13.7982
66.1885 13.754
68.9004 14.793
60.7999 14.4504
59.525 16.1264
59.8412 15.2401
61.6328 14.962
63.6923 14.9688
52.3023 14.5831
54.7548 15.0616
55.2455 15.6111
55.2455 15.003
51.1056 14.3934
51.1056 14.9682
54.6554 16.0005
50.6463 15.234
50.6463 15.0719
40.9782 14.7491
61.8306 14.6622
51.0187 14.6703
45.4443 14.6117
43.9147 14.769
43.9147 15.3575
40.9061 15.5088
47.7503 15.2252
47.7503 15.0153
47.7503 15.1994
47.3366 15.8208
51.137 14.8373
51.7843 14.0168
66.3939 14.4614
48.8222 15.1703
54.2528 15.2319
49.7651 15.9404
71.9192 14.8351
54.8358 15.1153
56.2603 15.3099
56.3911 15.1431
55.4317 15.5409
67.0229 15.9393
57.2423 15.9729
64.0227 15.9662
56.5749 15.9494
50.4876 15.9392
49.9842 15.9411
53.744 15.9023
62.3642 15.9225
62.134 15.979
59.2079 15.8352
66.5856 15.6993
60.6718 14.6351
57.2353 14.5473
62.7034 14.5892
73.924 15.3366
70.8219 15.1205
67.3708 15.6883
65.6268 14.5681
65.8887 14.9219
73.5145 15.0194
72.9551 14.6815
60.258 14.8466
51.1167 15.2785
51.1167 15.2935
51.9864 14.3173
50.6738 14.4416
50.6738 14.7333
48.8139 15.8866
48.8139 14.832
51.9092 15.4145
68.272 14.5893
63.6113 16.0204
66.534 15.6464
66.3716 15.7499
55.2639 15.779
48.4227 14.739
46.8197 14.9403
48.3337 15.2372
49.3829 14.8385
50.5611 15.1643
45.93 14.4453
48.6936 15.0096
57.2724 15.3268
67.9108 14.9934
71.2927 14.7126
68.648 15.347
64.4495 15.0865
64.3868 15.1778
72.2014 14.939
62.2996 15.2069
73.8527 15.1639
87.2174 14.8061
87.2174 15.8564
87.2174 15.045
69.936 15.0638
69.936 14.9764
61.9439 14.2118
62.3672 14.644
70.2032 14.5741
61.9933 15.2618
78.2901 15.1492
85.7945 15.336
75.746 14.3655
75.492 14.9155
78.5033 14.9572
78.6546 14.995
73.4216 15.1664
72.7899 15.257
90.1328 15.0128
88.1146 15.3257
93.8573 15.4905
91.7307 15.481
85.1227 16.1703
94.7509 15.1697
112.141 14.9378
105.652 15.0952
84.067 15.3485
73.2149 15.5247
86.3325 15.7294
70.5536 14.524
76.3708 15.019
58.8986 15.1896
59.088 15.4013
71.3247 15.2727
90.6915 15.0103
91.4062 15.1132
88.9499 15.1932
86.704 15.1916
87.7974 15.9196
89.6518 16.3719
101.484 15.2742
87.8244 15.2178
87.8244 15.9852
111.655 15.3226
109.416 15.8971
102.536 14.7604
102.536 14.2972
98.014 14.4786
82.5971 14.8799
86.2957 14.4199
86.2957 14.3003
68.429 15.1271
78.1976 14.8512
69.2881 15.9065
80.8693 15.1357
78.8981 15.2489
52.6109 15.5154
6.36887 15.9213
6.36887 14.6041
6.56586 14.8748
5.98012 14.5624
5.98012 14.6068
5.98012 14.6569
6.57389 15.7013
6.57389 15.9232
6.57389 15.4817
6.57389 15.3993
6.57389 14.45
6.57389 14.4199
6.57389 16.2257
6.57389 14.9639
6.57389 15.4277
6.57389 14.7908
6.57389 15.5233
6.57389 15.1827
6.57389 14.7464
7.5738 14.2146
7.5738 15.2592
7.5738 14.7841
7.5738 15.2646
10.9594 14.8348
10.9594 14.8945
10.9594 15.4312
10.9594 14.4889
21.8536 14.9552
26.7559 16.3315
22.5942 15.7594
22.6733 15.7359
17.8217 15.3639
13.6404 15.069
13.6404 14.3012
12.2221 16.4432
9.74995 15.195
9.74995 14.4897
9.08737 15.0905
9.5988 15.1587
9.5988 15.5176
9.5988 15.5368
9.5988 15.0325
10.1469 15.024
10.1469 15.1066
10.1469 13.7996
10.1469 15.448
10.1469 14.9167
10.1469 14.6812
12.8715 14.3392
12.8715 14.1162
12.8715 15.8193
13.3832 14.9748
13.3832 15.2542
13.2349 14.7166
13.2349 14.7731
13.2349 14.7602
13.2349 14.4006
12.8103 15.4635
12.8103 14.5161
12.8103 15.2038
12.8947 15.0142
12.8947 15.0946
13.8603 15.1607
15.9997 15.1773
15.9997 15.0804
15.9997 15.4017
15.9997 15.145
15.9997 15.0781
15.9997 15.3254
15.9997 15.1294
15.9997 15.053
15.9997 14.8093
15.9997 14.9858
20.3466 14.6848
20.5126 15.4445
16.7739 14.5213
16.7739 14.1313
18.1141 14.8989
22.5414 15.8909
34.5826 14.4139
34.5826 15.9312
37.6581 15.4756
35.4761 15.325
40.0039 14.7396
35.5041 16.0193
34.8278 14.6816
31.304 15.6279
33.2134 15.1639
38.0092 16.0872
41.8038 14.9456
39.8469 14.7944
39.0804 15.3133
55.3223 15.6858
48.8686 15.1439
51.2776 15.8124
49.6226 15.4637
50.4545 14.9673
62.8065 15.3787
45.6918 14.6202
46.3654 15.7237
44.291 15.5335
42.8417 15.7139
42.0983 14.1031
48.6027 15.6868
47.0001 15.5859
48.8974 15.279
48.8755 14.747
46.5108 14.9377
59.1196 14.5842
64.4252 14.9128
61.2696 15.6209
64.2492 15.4601
62.4931 15.2933
81.5838 14.9149
98.105 15.9549
92.0615 15.0395
76.6741 15.7982
72.4748 14.8656
72.052 14.9982
73.4107 14.2881
78.8562 14.2152
101.095 15.0087
89.9788 15.4114
87.5915 14.4589
87.5915 14.7743
89.1317 15.2143
73.7669 16.1814
74.0203 14.9527
64.576 14.6618
64.1075 15.5548
62.5869 14.8858
56.0181 14.3311
62.09 14.5092
56.0574 14.7133
49.0556 15.6601
47.4281 15.3722
55.6703 15.0156
49.5803 14.6459
37.5462 15.3601
31.1382 15.9682
33.9172 15.3318
34.6786 15.6425
34.6786 15.7717
35.7612 13.6828
42.5862 15.0374
46.1735 15.7662
46.2254 15.6213
50.7509 15.551
49.3426 14.5707
49.9341 14.8068
49.6894 15.1452
49.0886 15.2331
56.984 15.3644
75.0268 15.0628
115.627 15.5749
115.627 14.9606
111.444 15.8485
106.471 14.7105
118.018 15.098
121.474 15.187
106.475 14.9723
108.17 15.7372
102.671 14.7701
42.2115 15.2914
42.0993 15.0133
34.8851 15.9777
34.7788 15.5566
56.4591 15.7603
58.6731 15.5979
57.3687 15.791
41.4757 14.2482
52.1179 15.0938
54.929 15.3241
57.238 14.4797
56.5861 14.0103
59.5134 15.4297
71.3102 14.4144
84.9827 15.2061
78.2092 14.8097
76.3524 14.7033
79.1411 14.4862
79.9956 15.6293
74.9967 14.7334
70.921 15.609
69.8855 15.2953
76.7871 14.2223
83.2966 14.8277
76.7257 14.9596
58.7746 15.8199
64.9642 15.1992
76.6289 14.1957
77.2548 14.7886
77.2548 15.3194
85.8628 16.0452
89.315 15.1716
95.4999 15.0988
78.574 15.4901
68.2296 15.1379
64.9452 14.9053
68.5086 15.2585
68.5086 15.0919
76.8508 14.3629
76.8508 15.6432
80.2236 16.0477
72.5935 15.4875
77.0897 15.2459
69.241 15.2411
68.9521 15.1752
54.3018 14.5643
54.5654 15.5097
63.9627 15.0439
69.5537 14.5021
57.9578 16.2288
60.9989 15.8325
60.4629 15.3073
64.796 14.9648
52.9063 15.1325
47.9847 15.594
50.008 15.3318
43.9169 14.9344
53.4861 15.8802
47.2001 14.1851
58.0792 16.1942
70.0632 15.3855
74.2707 15.2484
91.0872 15.114
65.9769 14.7741
78.3238 14.4788
51.2089 15.3393
53.7179 13.9723
44.6481 14.7028
47.4081 14.978
43.8074 15.0199
44.8536 15.2017
47.0056 15.2131
36.2275 14.5763
36.3893 16.1511
47.3846 14.9509
41.0657 14.4105
37.4313 14.8025
39.8277 14.7781
35.9862 13.9252
43.4291 15.1957
48.6322 15.1734
50.7655 15.0076
48.2522 14.4367
44.1447 14.8764
40.6503 15.2841
43.3301 15.3431
43.2424 15.4995
41.0118 14.986
43.5045 15.455
40.6759 15.1403
44.9592 14.7715
56.7044 15.6281
52.3576 14.4294
57.3202 15.0555
68.4905 14.5
74.269 15.2476
55.4398 14.9462
51.0473 15.3773
56.5117 14.8959
74.6896 15.1335
71.7641 15.3592
79.4486 14.7304
71.4152 15.8571
88.2429 15.8619
75.4465 16.0142
89.6284 15.8674
104.308 14.2512
75.7934 15.3251
87.5401 15.2218
64.9589 15.359
74.7179 14.9407
82.9564 14.99
68.9268 14.8932
73.184 15.3227
76.1176 15.0775
97.6478 14.7166
97.6478 15.9526
86.8892 14.7689
72.3717 15.8916
82.3505 15.5818
76.0951 15.5494
72.013 15.8213
56.8191 16.0819
60.5093 14.9715
61.8071 15.1627
65.5717 15.1576
59.418 14.7879
58.4024 14.9227
57.3282 14.591
55.319 15.3645
66.4776 15.7388
69.4906 15.0062
70.2864 15.0008
71.9425 14.7749
71.8464 15.2256
62.6779 14.9743
61.1159 15.4305
58.8788 14.707
68.1081 15.2507
68.7749 15.2624
64.9294 15.6115
62.7462 15.461
66.6335 16.4341
59.3341 15.5982
69.9441 15.0566
53.4948 14.5193
47.5078 14.9238
47.5779 15.0705
47.5779 15.3251
62.6821 15.3283
52.7302 16.3276
41.8942 15.1945
41.8942 15.3074
41.0114 15.3717
41.3323 14.9748
45.5893 14.9741
47.095 14.568
50.141 14.9914
52.5468 14.9376
54.832 15.2051
54.408 15.5227
47.8863 15.3093
43.5376 15.2839
46.4711 14.8787
40.9523 14.8423
35.2886 15.0847
32.6938 15.6267
36.4203 15.1612
36.954 14.5568
40.9793 14.4942
48.6467 15.6526
51.4685 15.9069
52.8168 15.6655
47.3853 15.114
49.707 14.5895
51.8272 15.344
56.9254 14.7815
63.5395 15.7138
46.1186 15.1736
55.1021 15.1307
54.6191 14.935
56.6719 14.9883
52.4283 15.0196
58.3664 14.9778
52.5822 14.9861
62.2055 14.9811
56.8947 14.4511
59.2569 15.2828
56.2545 15.2491
59.7068 15.3562
62.2143 15.2918
78.3254 15.2078
72.7197 15.2769
77.9246 15.6263
71.421 15.0535
64.2981 15.5257
66.8338 15.4136
76.8793 15.402
69.2425 15.2386
71.2402 15.2954
64.294 15.3442
65.262 15.8004
52.1049 15.6374
48.9297 15.2153
53.5257 14.8624
48.6676 14.3776
49.1812 15.2119
48.5876 14.1809
48.6812 14.8557
46.8312 14.4958
41.2445 16.0473
41.5033 14.7011
45.2161 15.2299
52.5484 14.517
65.5675 15.0562
76.4194 14.6537
80.1199 13.9622
77.3646 15.7367
55.2468 15.3374
67.8574 14.6695
67.8574 15.6146
73.6687 15.3396
71.7064 14.1152
107.264 14.366
107.264 14.4736
92.6195 14.5283
82.0962 14.6619
70.4907 14.7231
57.5019 14.5691
52.6317 15.5774
49.3902 14.6394
52.5757 14.4585
52.7749 15.3131
55.3253 15.5565
58.7773 15.4142
57.4336 15.1343
52.9639 15.3247
46.3921 14.9678
48.8817 15.6575
46.1772 15.8917
55.2844 15.4784
67.3156 14.6394
63.0776 15.4082
61.891 13.9629
39.4821 15.0184
51.7094 16.1211
47.0114 15.7793
48.7158 15.159
45.9882 15.1238
45.7512 14.7983
46.0093 15.4294
44.4089 14.597
41.7258 14.595
38.902 14.8388
31.2242 16.0814
36.4754 14.897
39.4109 15.3
39.4738 15.17
41.2204 14.9681
43.3648 14.6745
57.8477 15.1747
64.3451 15.3811
51.0683 15.2503
45.942 15.4671
55.7389 14.5424
52.0587 16.7943
56.5918 15.3914
44.0965 15.6412
45.4019 14.8791
42.2589 14.6024
52.3651 14.9562
44.0028 14.7031
47.1453 15.6894
72.5666 14.8983
74.9953 15.1504
78.6446 14.9921
76.2282 14.4903
81.6174 15.1304
56.5019 15.7286
56.3034 15.0094
83.526 14.4852
67.2187 14.4555
62.936 14.7377
57.3724 14.949
47.9269 14.6834
58.9526 15.365
53.8408 15.0332
64.564 15.6238
68.107 16.0514
61.227 14.5352
62.2859 15.4454
54.1736 14.9749
48.7948 16.0605
57.744 15.344
49.0725 15.3432
46.216 15.439
47.9041 15.9923
70.2524 14.6073
70.2524 15.1254
70.2524 15.3874
73.124 15.3557
69.8885 15.0098
57.6742 15.4461
53.8515 14.883
49.8644 15.0447
55.8178 14.9233
53.0166 15.2114
41.1839 14.4217
37.5822 15.0753
43.0718 14.8066
39.1291 15.0071
40.1169 14.5858
40.2048 14.3652
39.5804 14.5621
41.3243 14.663
36.4572 15.4969
39.6372 14.5274
33.3106 15.2207
64.0157 15.2582
49.2259 15.2867
40.7197 15.1656
42.6228 14.7737
53.0516 14.8188
61.3015 14.637
57.3746 14.7453
53.7168 14.4211
57.2448 14.604
52.8301 15.0466
48.9792 15.0241
44.0469 15.3881
42.5544 15.3561
50.6517 15.3561
46.5165 15.2333
48.7872 15.1626
43.421 15.7435
39.7553 15.2642
40.9397 15.5348
53.1687 15.6176
42.1564 15.2371
37.0168 14.7122
41.3979 15.2534
46.1054 14.5453
56.8942 15.8467
49.2016 16.0821
45.5735 15.3345
41.579 15.0727
42.938 14.9247
43.352 15.2687
47.8454 15.3269
50.0616 15.1139
49.8624 15.4435
66.7784 16.0104
68.2378 14.7916
62.8296 15.2931
58.3291 14.9003
57.0759 14.2936
54.837 15.2735
40.6213 15.1258
45.9336 15.4869
49.9781 14.5491
53.9285 15.5408
53.309 15.2899
53.8328 15.1377
58.8288 14.6659
72.5703 15.1947
82.7682 14.8748
86.3576 14.7511
87.8621 14.1377
87.8621 14.8585
66.3816 14.9462
66.7814 16.1581
52.6461 15.9693
65.142 15.2729
67.7286 15.3486
65.1347 16.1864
55.0674 15.3068
52.9774 15.9744
44.6594 14.0824
44.1177 15.3733
52.0364 15.4008
51.4075 15.9473
51.6574 15.6976
50.4876 14.3037
52.2804 15.6598
57.1371 15.2648
76.9056 14.52
86.6874 14.4394
74.2839 14.1043
77.0265 14.6607
73.618 15.5163
66.954 15.1156
54.0527 15.6468
49.4518 15.0981
36.841 15.3046
39.4497 15.433
42.6302 15.1053
41.5287 14.6548
58.5421 14.8416
58.5421 15.3414
50.9449 16.1245
50.9449 15.3883
50.9449 14.7504
63.1385 15.761
66.5678 15.3352
73.9527 15.2129
66.5433 15.2724
63.2341 15.5007
63.2068 15.8958
66.4292 15.4754
66.2849 15.4726
76.8231 15.3491
87.5503 15.4876
80.5143 16.0159
83.1816 15.5253
84.668 15.509
91.292 15.8184
93.8636 14.197
79.9183 14.3931
68.0679 15.2641
70.3734 14.4465
87.7547 14.6303
106.141 14.4094
52.3575 15.0782
62.0218 14.7165
52.1026 14.9699
48.2729 15.8335
50.7436 15.055
57.6625 14.9366
57.1265 14.7575
62.9245 14.7975
45.6202 15.3312
43.2681 15.6872
51.8948 14.7276
58.0519 15.1001
58.7476 14.9533
55.0754 15.3838
52.5879 14.8068
49.539 14.2058
48.286 14.6504
46.7913 14.8043
54.1001 15.4598
62.1329 15.6748
56.8203 15.7702
66.0885 15.3776
76.9086 15.6755
64.8243 14.3562
60.9142 15.8053
59.1999 15.2153
55.4347 14.3902
57.0706 14.7849
53.8307 14.3423
49.4768 14.6658
51.7411 14.45
51.7411 14.4552
51.6267 14.7467
57.4181 15.499
55.1239 15.3124
53.1093 15.402
53.1093 15.0212
63.1782 15.259
55.3184 15.2316
67.6121 15.3878
68.514 15.1009
70.2533 15.2301
66.3914 15.1865
66.5529 15.5315
77.1697 14.8158
95.0898 15.1633
103.285 15.2163
120.136 14.3015
115.479 14.4159
117.284 15.2443
87.5901 15.1685
80.0056 15.2265
93.0202 15.3511
91.0006 14.5358
78.3966 15.2681
77.6334 15.8104
73.2329 16.1325
79.0606 14.6937
78.0588 16.2606
66.987 15.4692
74.2302 15.6865
82.6918 14.7222
77.3299 14.8205
77.3299 15.5646
65.4994 15.0214
64.6647 15.6688
60.3137 15.5636
64.1419 15.3635
76.292 14.909
68.8378 16.222
75.8427 15.1585
65.7974 14.687
62.1909 14.9861
71.9768 15.4717
75.5092 15.2692
68.4327 14.9107
83.797 14.6252
95.0142 16.5793
96.3513 15.1515
81.5272 13.8016
96.0233 15.7157
65.3896 14.7721
79.3277 14.8114
81.2054 15.0584
70.2115 15.2924
77.8847 15.4175
72.0916 14.5829
62.4483 14.878
64.7005 14.922
63.3984 14.8478
59.3476 14.4629
68.9907 15.2741
69.0509 14.7749
64.2868 15.1143
62.6922 14.8561
54.7384 15.2327
59.5792 14.7474
53.8285 14.844
56.7944 15.5829
63.59 14.8796
63.59 15.8862
64.1743 16.001
84.4939 15.2497
69.6388 14.2586
66.9485 14.8439
56.5287 15.9193
65.8153 15.4635
60.0803 13.9326
62.665 15.4035
61.4421 15.1509
69.7199 14.8801
62.2909 14.364
61.5658 15.4224
67.025 13.9115
64.5038 15.6209
71.7748 14.9097
66.5479 15.9343
72.4257 15.5592
69.0734 14.5467
66.7657 16.0082
61.5494 16.0972
65.6158 14.2201
73.8521 15.2651
66.8329 14.6854
68.0079 14.613
63.5468 15.3746
50.2802 14.8109
58.0515 15.7264
56.2236 14.9864
47.8091 15.7438
47.8091 15.5612
47.8241 15.3113
48.7617 16.0405
51.4796 14.9308
47.4225 15.6011
45.2016 15.5641
45.2016 14.7447
46.7656 15.0761
45.2123 15.1399
49.6117 14.6852
51.4991 14.8502
56.0777 14.9884
55.9144 15.0522
65.6198 14.9734
61.6529 14.5421
49.6621 15.4522
52.8467 15.2429
55.7323 15.299
60.1411 15.5237
50.8445 14.4722
47.0477 15.0876
42.6665 15.369
46.3495 15.1717
42.8963 15.7584
43.0791 14.9294
58.0448 15.2996
39.3085 15.4928
38.5824 15.4056
52.0855 14.7276
57.4728 14.6978
52.2536 14.01
46.6867 14.8535
49.0308 14.4157
44.0532 15.0764
37.9401 16.07
32.4647 14.9596
33.4899 14.5111
46.3626 15.0814
47.5513 15.3594
46.172 15.0022
44.4767 15.3989
47.8464 15.372
54.1721 15.7453
47.9252 15.2529
47.8024 15.3868
51.9659 14.8724
50.6248 15.0222
48.6479 15.0655
66.275 15.9097
68.6449 14.4521
79.1371 15.1743
73.1665 15.7296
69.2235 15.7152
58.433 15.7296
59.6747 15.7123
63.9613 15.587
49.325 14.89
45.1481 14.9458
37.7502 14.8129
42.5696 14.8963
58.3705 14.4225
68.9461 14.7341
68.1707 15.1517
66.8917 15.347
50.6202 15.0206
50.67 14.7307
54.94 14.1807
51.9286 15.017
49.6402 15.1902
59.7407 15.0823
59.116 15.1322
58.8261 14.5409
63.085 14.4786
54.3923 15.1384
51.1805 14.9311
56.7036 15.2903
80.8604 15.4524
83.9319 14.7581
81.7666 15.5864
79.2365 15.0716
85.7602 14.5298
87.1546 15.8115
89.8448 14.8681
84.7471 15.745
90.7552 15.6644
78.5176 15.5058
72.1844 14.9779
77.4562 14.9174
55.4283 14.3691
53.2418 14.4097
58.4145 14.7463
59.7567 15.1979
59.9759 14.7117
58.3328 14.7867
54.0156 14.7301
50.4151 14.1555
77.717 15.7733
77.2836 14.2699
77.2836 15.1011
78 14.3735
68.0491 14.9804
74.0475 14.173
94.741 14.7056
90.6931 15.4171
92.3304 14.7966
86.8609 15.6411
71.2991 14.826
60.4287 14.9631
62.4502 14.8415
62.3389 14.9632
64.549 15.6953
55.0016 15.8942
48.2666 15.1707
51.116 15.6044
50.8545 15.1831
50.9418 15.1964
46.9687 14.4619
45.1851 14.8122
43.9541 14.8655
44.126 14.945
47.9923 14.9032
46.5911 14.6889
47.5173 14.918
44.0881 14.7481
50.0559 14.9297
51.4297 15.5952
61.788 14.939
70.1471 15.4292
60.2712 15.3326
63.0237 15.4891
68.0647 15.3148
81.6775 15.0243
82.0059 15.6131
93.4751 15.3668
99.7389 14.7579
93.7585 14.9888
94.5979 15.3385
93.4177 15.0804
97.6863 14.1846
59.2207 15.9503
62.8626 16.0357
70.5037 14.5805
68.4326 14.8662
56.4661 14.9264
54.1937 15.0784
58.053 15.172
71.273 15.6864
65.4695 15.8603
58.3934 14.6355
62.269 15.8398
65.1942 15.2513
71.6811 16.5887
63.0996 15.8265
60.707 14.3276
56.8109 15.6555
57.8406 14.859
58.873 15.4642
54.5246 14.9278
50.4982 14.195
60.7044 15.598
50.2623 15.2421
54.7479 14.9742
50.395 15.1499
51.5532 15.0406
42.7358 14.8053
42.7358 15.1197
46.9641 15.1652
45.4512 14.9991
45.4512 14.0778
39.6449 14.9623
49.4068 15.5638
86.1247 14.8894
80.8959 15.4561
62.3114 15.646
69.4058 15.0913
70.3196 14.6994
64.7479 15.3526
62.3725 15.5619
53.4009 15.1704
44.799 15.3396
51.8991 14.4458
49.7284 14.291
53.0236 14.9125
58.6141 15.2143
54.4116 16.1932
45.8563 15.7515
48.4673 14.7412
46.138 14.4426
41.7107 15.1403
44.7642 14.6373
54.9379 14.5805
57.051 15.3238
47.7293 15.6592
69.1506 15.8358
68.6549 15.1138
65.0651 15.2506
67.0689 14.4683
71.9249 14.7173
68.1069 15.0583
68.6152 15.6711
68.3604 15.8042
39.4028 15.2516
44.5314 15.4907
44.8996 15.6978
61.6235 16.1472
59.4861 15.3817
59.6556 15.1726
57.7367 16.0527
47.1904 14.8254
51.6723 15.0194
62.7654 15.7011
62.7654 14.7629
62.7654 14.6086
70.6147 15.6478
55.9028 14.8935
57.6235 15.194
57.9139 15.1425
61.7196 15.1497
55.8796 15.1827
90.7076 15.0069
93.917 14.3727
97.4143 15.8125
88.2039 14.9198
84.1108 15.9686
82.0681 15.0771
76.5238 15.1607
71.2519 15.9156
73.4657 15.919
67.9862 14.4265
66.4937 14.4224
41.6835 15.8463
36.9576 14.6026
34.8147 15.5459
37.8693 15.4335
43.5996 15.2946
42.5797 15.2533
40.1381 15.5707
38.083 15.2005
37.3835 14.7956
37.1788 15.7323
33.9768 15.2668
37.7705 14.8466
37.9323 15.8604
37.0722 14.8826
34.7406 14.9122
35.9542 14.5658
36.5125 14.6735
37.2768 14.3374
37.2768 15.4419
41.6693 14.4857
43.7832 14.8296
51.2959 14.8033
54.57 14.8203
52.3364 14.8923
66.8082 15.1062
62.634 15.4873
82.8829 14.8749
90.5582 14.8391
94.3589 15.3276
118.156 15.3682
118.156 15.6074
107.118 14.5558
98.578 14.6631
97.1183 14.4191
102.009 14.4329
102.009 14.4179
96.5016 14.4081
96.5016 14.3926
100.236 14.3918
105.13 14.5704
105.13 14.7014
105.13 15.6786
106.561 15.4696
98.4004 15.5962
111.93 15.5059
84.9005 15.0372
84.9005 14.9037
85.4108 15.0125
85.4108 14.68
86.8109 16.059
72.1265 15.8724
75.1309 15.8037
74.4152 13.9897
74.4152 14.9292
71.6246 16.0176
57.283 14.3171
58.0285 15.0553
52.4695 15.2922
44.9334 15.0495
39.9614 15.6155
39.6123 15.7414
41.6286 15.8698
33.612 15.0358
44.8786 15.494
43.793 14.6364
44.324 14.4425
43.4052 15.1267
52.581 15.4788
55.7907 16.0165
52.4115 15.3385
59.5804 15.3146
81.5141 15.4504
70.8378 15.6427
60.3878 14.2766
38.8941 15.1119
41.0011 14.7062
41.1636 14.8822
56.3396 15.237
54.8341 14.5642
71.7529 15.781
81.6552 15.8615
79.7434 15.4573
78.2242 16.3191
66.9743 15.8157
51.9337 15.5525
57.7789 15.5957
55.3194 15.4509
50.0839 14.458
84.2166 15.0158
95.9232 14.9032
80.3931 14.5464
84.7189 15.5352
84.9201 15.9275
68.0249 15.7665
50.1937 15.6369
59.5433 14.3522
70.8828 14.7663
65.9319 14.3251
74.8468 16.053
66.8594 15.6091
66.3124 14.3497
66.3124 15.4383
77.6528 15.7339
81.3919 15.0137
87.1602 14.6472
73.9909 15.8025
77.7964 14.7508
82.0424 14.9092
75.1322 14.1599
77.5872 14.9919
61.7746 14.9229
59.5834 15.2844
52.9984 15.0301
53.8474 14.1594
64.3909 15.5004
53.9917 15.2881
60.969 15.2014
59.1944 15.9356
61.9331 14.335
61.8331 15.1129
64.5582 15.1789
55.6368 15.2993
55.6368 15.1186
54.0305 14.991
71.3861 14.8363
61.1882 15.1841
63.978 15.5771
62.525 15.5027
77.1234 15.5401
59.2384 15.574
54.4254 14.8651
55.8493 14.4063
55.1113 14.088
50.7121 15.6048
52.0561 15.8254
52.0561 15.0849
65.4403 15.6488
67.9267 14.843
60.6005 14.8326
59.8634 14.1491
54.4583 15.3385
62.2394 15.4361
73.7532 15.0828
78.5432 16.2353
68.1391 13.7908
71.737 14.9826
65.7285 14.4445
63.7501 14.8746
59.746 14.9154
57.7635 15.0099
60.004 16.5686
53.1513 15.2601
70.4875 15.0691
61.7085 15.0183
57.6389 14.6963
58.5158 14.3035
56.9424 15.1776
57.4265 14.6899
44.5753 15.2069
49.5746 15.8523
53.8551 14.7792
61.3785 15.2958
57.4058 15.4802
52.5677 14.8496
48.6064 15.0342
39.3328 14.8864
46.2601 15.4409
55.721 15.3669
42.4183 15.098
43.4787 14.9086
45.9347 15.0301
45.9347 14.9588
45.6199 15.3315
47.2812 15.1013
72.8153 15.7093
63.7401 15.7288
55.1269 14.7178
61.6568 15.0147
51.5774 14.2351
53.9912 14.7264
54.0102 15.882
47.7919 15.1697
47.7919 14.9707
45.475 15.2745
50.9028 15.7123
51.5328 15.3243
51.3203 15.3017
51.1242 14.9027
56.4954 15.4748
63.5216 15.6785
71.3126 14.4081
71.591 14.9249
60.6845 15.0706
46.7113 15.4135
47.7014 14.529
50.0539 14.996
50.0539 14.8265
50.4301 15.1751
60.9115 15.4927
58.625 15.0441
64.1567 14.6475
65.2231 14.5926
55.8092 14.6739
48.907 15.1206
50.6542 15.7056
62.1582 15.4197
47.5788 15.3186
46.2118 14.5141
48.0309 15.4991
47.5091 15.2216
46.3074 13.93
50.4071 14.6613
34.2223 14.7532
32.1837 15.6734
32.6211 15.5377
28.6271 14.8546
31.2748 14.0158
37.8845 15.0185
42.9114 15.1256
42.9838 15.1086
43.0568 14.8344
41.5998 14.8498
38.49 15.2395
43.8176 14.7334
39.8115 14.3908
43.6593 15.3144
42.5454 15.3962
39.8576 15.0049
40.5328 16.1175
47.0343 15.411
43.8516 15.0629
43.3577 16.3382
49.8626 14.4866
49.8626 15.1416
43.4816 14.9547
41.6385 15.4434
44.3196 14.4506
56.1593 14.6004
57.8014 15.6011
71.8869 16.4259
54.9032 15.4654
53.1292 14.7997
57.8531 15.6791
55.0602 15.0695
50.9288 15.3598
56.2018 15.387
54.2171 14.8836
66.4979 14.694
71.2364 15.4215
76.3438 15.6027
71.9216 14.8941
73.182 15.3308
83.4719 15.4927
87.2553 15.6483
77.0698 15.0511
82.8459 14.7597
91.7684 14.8582
72.3412 15.0287
66.615 15.4611
67.3014 15.2863
64.0854 15.8211
57.1513 15.6044
77.4799 14.8272
72.9399 15.1981
76.7033 14.2646
71.6134 15.665
70.2 15.5709
75.9059 14.7229
91.298 15.1327
81.4941 15.7216
86.5836 14.8717
94.6482 15.2931
96.3009 15.6618
60.4998 15.493
60.6264 15.2539
69.6264 14.2553
63.3064 14.9377
62.8343 15.6364
56.7003 15.0338
44.3711 15.2101
43.8334 15.2138
34.2232 15.2863
40.7959 14.7831
38.6349 15.3616
37.6898 15.4776
37.1281 16.2649
55.2436 14.3181
51.0976 14.7251
53.39 15.055
53.39 15.2523
71.5063 14.3917
72.4831 14.7462
75.9207 14.5022
70.9499 14.6443
60.7364 15.9777
73.6758 15.7953
72.7313 15.4875
73.8696 15.2228
75.7294 14.4667
73.1723 14.653
78.3298 15.4927
83.6457 15.0475
53.1501 14.2652
49.974 15.6658
51.9796 16.1617
59.9979 15.2869
62.317 15.2751
51.0221 14.7857
64.0275 14.9126
61.6796 15.1782
88.9991 15.1078
98.2697 14.5607
91.2156 15.3304
105.365 15.1356
78.8778 15.8423
67.5325 15.8067
66.3568 15.8603
67.7685 15.7429
75.2444 14.9831
75.0197 15.0178
77.4854 15.5133
78.7056 15.2983
77.5623 14.9252
65.9213 14.7441
75.0254 14.9365
78.5378 15.1413
70.7434 14.868
68.7715 15.0374
66.0907 14.4874
64.724 15.6505
64.5239 15.8254
58.6701 14.4142
56.9046 14.4147
51.9531 15.3198
56.9947 15.4343
61.7825 16.0309
64.0935 14.7464
58.4076 15.371
54.9362 15.0141
66.0849 14.9104
67.3542 14.8841
57.5722 14.8405
55.3927 13.9975
52.5674 14.6022
63.1336 14.9454
76.8825 14.6945
85.4749 15.2069
58.0823 15.2752
57.2094 15.1455
61.8645 15.7315
54.231 15.4636
47.1206 13.8884
37.8695 14.4013
40.7996 15.8164
42.561 15.3717
37.9987 15.9761
36.4485 15.3708
37.1794 15.2018
37.1794 15.3573
35.3245 15.8869
36.3754 15.737
36.0578 14.8354
40.4099 14.7755
50.8509 15.0913
53.4415 15.675
47.8505 15.2014
49.6275 15.298
48.2644 15.0593
53.6317 13.4609
61.562 15.1709
57.8351 15.5228
62.9496 14.8349
60.1519 14.8014
61.4729 15.8467
68.4095 15.3538
65.3084 15.8953
71.962 15.1474
71.4764 15.5034
66.7426 15.0393
60.5062 15.0229
42.7529 15.0162
42.7529 14.9297
43.534 15.3722
55.7912 14.4817
51.8523 15.087
43.1598 15.3438
41.2861 15.3015
43.4427 15.0263
39.5506 15.227
35.2136 15.1244
37.5139 15.7827
34.4285 15.1245
43.4462 16.4873
44.861 15.7007
37.6556 16.073
41.8502 14.7898
41.5652 14.8589
41.1268 16.05
39.1261 15.4095
73.2819 15.0337
71.009 15.0241
79.0179 15.0265
61.9672 15.5071
66.949 14.7529
57.4325 14.8086
54.4859 16.0934
55.5792 15.6295
54.562 15.2775
52.2993 15.3807
54.2083 15.7313
62.1807 14.9777
68.752 14.5509
62.1542 15.6527
61.284 15.5536
47.0486 14.736
46.4691 15.4895
45.5486 14.6582
49.7327 15.3522
44.5726 15.3651
46.7062 14.4695
47.5236 14.6693
48.4225 14.3151
42.9702 15.4853
52.0363 14.8632
57.8582 16.0822
52.8042 14.9767
65.0163 15.277
65.5711 15.8598
61.9035 14.9289
44.9338 14.3573
47.4535 14.2205
45.0688 14.6554
41.491 15.4351
42.1092 14.9726
55.9024 14.9452
52.367 14.4854
44.8566 14.9778
55.9967 15.3172
55.6304 14.7242
56.871 14.5289
53.058 15.1581
53.058 13.9249
58.9791 14.3686
46.4325 14.2111
38.3326 15.2002
49.2982 15.3127
64.2436 15.5725
60.6261 15.7181
56.5885 14.6679
55.6819 15.1874
52.4325 15.3386
47.0176 15.699
47.0176 15.4947
49.8547 15.9002
49.4818 14.7792
54.4535 14.4625
51.3694 15.4094
51.2225 15.0719
44.0817 15.1727
48.6356 14.9473
50.2123 16.2183
53.0243 16.0926
58.0934 14.8931
56.6353 14.966
44.6625 16.1615
49.3558 14.7113
48.8622 16.2559
34.0311 15.0896
34.2933 14.8564
33.1854 15.0113
39.7582 15.2265
43.6286 15.1485
51.8262 15.3082
51.8335 15.3508
47.8111 14.2574
48.0692 14.4785
56.2011 15.4736
76.0347 15.2307
68.83 15.4069
61.3987 15.1607
63.1253 15.0198
61.0388 14.5499
57.7433 14.5422
54.045 14.4842
47.0846 14.2283
48.9734 14.5148
55.5973 14.6921
59.8874 15.7763
61.8339 15.5112
59.7738 15.197
68.5062 14.9396
58.9653 15.266
49.237 14.9504
49.3623 15.9402
56.7953 14.4415
42.6026 14.865
49.4283 14.7891
52.2079 15.2075
52.3959 15.9512
53.2191 15.1594
37.5294 14.2136
44.0183 14.9065
41.4459 14.6062
45.0281 15.7572
40.332 15.0645
39.1573 15.0582
30.5578 15.001
26.3377 14.257
33.6585 15.6717
34.0224 15.5456
36.0204 15.3434
37.7317 15.5463
40.3511 16.4657
45.5523 14.716
49.6461 14.6863
57.4497 15.9139
48.2218 15.2859
49.0218 15.6834
44.1007 15.0894
48.7006 14.4864
55.0035 14.9887
57.0978 14.2998
55.8372 14.7544
53.1341 13.9941
53.3394 15.9623
56.5851 14.4639
56.129 15.5269
61.7056 15.2091
60.021 15.3446
58.7442 14.5254
70.7262 15.0118
83.3409 15.2864
80.0811 14.9996
71.184 15.0841
70.327 14.0535
73.3518 14.7837
75.2429 14.3413
75.221 14.6819
60.3405 14.3563
69.8007 14.3412
60.4123 14.6337
53.6904 14.5775
49.4267 15.9091
49.0206 15.6881
51.0763 14.9156
51.8035 14.0619
51.1068 15.3903
61.4089 15.0232
63.2356 15.0912
62.0116 14.8663
63.6946 14.6775
63.3909 14.2038
60.9848 15.2299
68.2773 15.6038
71.6195 15.6391
71.4106 15.6096
68.1804 14.3649
62.0837 15.7452
65.4388 15.9087
66.5917 14.5938
69.327 15.5175
68.8419 15.2552
82.7723 15.5909
88.332 15.4113
67.8428 14.331
65.3122 14.9921
64.2588 15.01
62.2264 15.4641
61.7784 16.0953
63.575 15.7142
63.5412 16.4224
54.6043 15.4672
55.7588 14.9804
48.4561 14.8808
72.45 15.2236
76.6263 14.3038
76.6263 14.9808
66.4273 15.2938
62.7736 15.7648
67.2118 15.1719
36.0944 15.5839
34.6106 13.9071
37.0528 14.9966
34.555 14.3161
34.5952 14.7954
34.5952 15.1814
38.0254 14.5729
39.3225 15.758
50.4187 15.6895
45.5732 15.5718
55.2443 14.9581
59.1391 15.443
61.4124 15.922
67.6956 15.4313
53.5101 14.7588
53.1424 14.8879
48.234 15.0772
48.234 15.0339
48.234 15.0656
62.7982 14.8257
58.7517 16.0159
84.3353 15.1371
84.3353 15.0992
60.3192 15.072
56.9222 15.1947
55.7679 15.2072
58.7094 14.4669
56.4621 14.8781
53.6794 16.4216
58.477 15.4891
44.8376 15.0636
52.7421 15.4272
56.3007 15.3617
54.0804 16.4762
55.9603 15.6209
50.2384 15.3074
46.8869 14.66
44.7981 14.377
44.9193 14.2882
45.698 15.0271
47.4599 14.9235
46.6677 14.3029
45.9729 15.108
50.6136 16.0387
52.9704 15.2043
51.306 15.1146
43.0113 14.9826
43.2907 15.0996
37.671 15.2705
52.5938 15.465
49.5743 15.9996
47.6417 15.6273
49.8429 15.981
49.2594 15.5141
54.8011 15.5544
39.4687 14.7542
54.2545 15.7038
53.474 14.8472
53.9316 15.4996
71.6771 15.3894
60.782 14.8181
60.9234 14.9982
67.77 14.2116
74.3995 16.2722
73.3001 15.2916
70.1074 15.0701
61.9274 15.2568
64.8428 14.1655
65.8942 16.144
60.381 14.1109
65.3241 14.6725
61.1838 14.3266
61.606 15.0555
75.5175 14.8413
71.095 14.7415
67.8494 14.8296
62.676 15.1695
61.8999 16.2426
69.2072 15.6933
66.2345 15.1689
59.1036 15.7645
51.8514 14.8367
46.2453 14.8514
51.7357 15.1714
47.4461 14.8481
41.0419 15.5465
51.1011 14.8444
52.4674 14.3155
61.0792 14.5079
67.6621 14.4766
40.2292 15.6378
38.8887 15.4366
35.1939 15.263
40.0359 14.7926
34.0129 13.973
32.0549 15.8485
30.7375 15.5197
30.7375 14.4453
37.4833 14.8891
37.4833 15.5053
37.5112 15.345
43.5292 15.6224
45.6754 15.2088
52.7659 15.2107
48.9471 15.1828
48.3183 15.162
49.6784 15.1239
49.5435 14.6493
49.1233 15.0219
51.9913 16.6685
48.2694 15.2852
53.2632 14.6053
53.1783 14.5802
52.7132 14.9706
57.8637 15.1432
51.3647 14.9846
52.0243 14.9062
56.664 15.4332
63.7473 14.6916
83.0302 14.6217
64.8838 15.7183
58.8338 14.2264
65.5878 15.9439
65.9076 15.5436
65.0125 15.2468
67.1232 14.4925
69.0349 14.197
84.6828 14.4514
66.391 14.3345
59.3563 14.5755
60.8617 15.4009
68.4969 14.5269
69.3537 14.5032
71.6419 14.6469
75.6353 15.5709
72.4122 15.2517
68.6804 15.199
77.728 15.3941
75.7735 15.1779
87.4395 15.4397
64.3053 15.3767
54.0579 15.0359
52.2819 15.0651
53.444 14.986
53.3773 14.9981
50.3533 14.7625
42.5506 14.5714
46.3892 15.6583
46.795 15.3087
55.927 15.1542
59.2931 15.2531
57.961 15.752
65.1127 14.9113
61.8037 14.9203
60.4162 15.1381
72.3001 15.1552
63.0243 14.8445
63.0243 15.2819
65.0035 14.8943
65.42 15.1507
53.6517 15.116
53.1915 14.8848
54.593 15.1257
49.3055 16.2687
46.4332 14.7592
47.3168 14.3828
49.8849 15.4373
55.2426 15.215
64.2125 15.4637
56.4188 14.6429
48.9131 14.2226
52.5185 15.9022
55.2275 14.9654
44.5717 14.66
44.5509 14.1252
44.2258 15.3237
35.2914 15.1735
42.9232 15.3558
42.4054 14.8824
39.8213 15.5675
39.4289 15.5778
38.2528 15.4474
37.1006 16.1693
37.1006 15.3989
48.5003 15.1633
41.429 15.2795
41.429 15.2283
42.7794 16.062
47.1952 15.667
47.1952 15.0934
41.2247 15.2671
46.1015 16.0415
46.1015 15.4184
45.3648 14.7903
45.3648 15.875
45.8018 15.8925
51.6467 14.7675
55.8476 14.7655
54.5324 14.9949
50.6826 14.9246
51.278 14.4855
47.0373 16.0123
55.8717 15.4519
55.8501 15.2204
63.9281 14.6582
54.8667 14.7402
59.9779 14.4191
62.9175 15.0564
59.6036 15.6225
68.3987 15.7482
67.0929 15.6441
51.6774 14.4309
54.6223 15.3515
54.3857 15.6272
52.2701 16.3886
58.4248 14.7011
49.1193 16.1248
78.249 14.6015
58.3263 14.3988
65.5715 15.7417
65.1614 14.9306
58.5463 14.8279
60.3916 15.5307
57.6875 15.0097
49.2827 14.4645
71.6221 15.1157
80.2398 15.3027
80.2398 14.5981
83.2627 16.5
85.023 15.1895
87.6329 15.7822
83.9379 14.8926
89.5732 14.9807
91.1354 14.6076
79.9365 15.2047
72.547 14.9339
63.8803 14.6203
66.9326 14.72
63.5692 14.704
57.446 15.1485
51.2847 14.7492
50.1099 14.7207
47.7609 14.1881
46.8005 15.6386
43.1609 15.6396
43.4445 15.2828
40.2032 14.3647
48.5553 15.8598
49.921 15.9228
55.1535 15.1594
57.0192 15.23
62.6974 15.0718
70.5212 14.9684
66.9913 15.5228
62.6715 15.2773
53.5365 16.0692
50.2474 15.4583
58.7765 15.4439
53.6507 15.0787
55.9421 15.4228
57.8689 15.0815
58.1338 14.998
52.9861 14.8711
59.8054 14.9131
68.3969 14.862
65.656 14.8709
66.0147 15.4467
64.4207 14.8491
55.9388 14.2321
54.3965 15.7627
49.9439 15.4073
57.4423 15.3633
62.8541 14.7546
39.146 15.3925
42.2955 15.5753
44.3694 15.7792
43.9608 15.7457
43.9608 14.8422
39.2846 15.1798
37.636 14.8923
44.6126 15.2358
50.3639 14.578
48.2312 14.2877
52.0501 14.6762
50.5704 14.3091
37.4159 16.2732
38.7893 14.3144
40.5566 15.3069
59.9534 14.7379
65.056 14.8481
66.2423 14.7236
86.1665 14.9737
83.8628 15.5197
89.3114 15.3184
100.168 15.7598
100.168 15.1979
66.2876 15.4012
70.4885 15.6431
100.634 15.6159
76.9418 15.5794
56.0591 15.349
57.1488 14.7249
58.2583 15.2373
62.5147 15.5132
68.0584 14.9718
69.2311 15.4409
70.7244 15.4481
77.1251 14.7813
69.6072 16.1269
60.0772 15.1556
59.0173 14.9989
81.7363 14.6603
72.794 14.8236
67.3089 14.212
61.7075 14.1452
59.6139 14.1056
63.0356 14.9998
70.2521 14.4211
65.7408 15.4721
65.7408 15.0512
72.3228 15.9513
71.9755 14.5123
72.2424 15.6248
74.8922 14.5251
87.5562 14.7156
94.5016 13.731
77.0034 15.1119
75.5195 14.7058
69.4096 14.8703
74.2621 14.7761
59.5262 14.8694
63.1098 14.8519
38.9566 15.1466
40.0598 15.6798
39.188 15.8197
32.8993 15.1166
32.8993 15.7387
40.6103 14.8041
43.1947 15.6949
42.4118 14.6916
47.7968 14.396
48.7704 15.0534
37.6371 15.716
41.5102 14.7972
39.0751 15.3942
32.9131 15.1617
31.0469 15.2572
31.0469 14.9154
37.2754 14.5663
42.3465 16.2121
45.7491 16.3767
47.3236 15.5843
43.9886 15.25
47.6883 15.5967
55.1974 14.9488
51.4021 15.1972
64.2492 15.8846
54.9806 14.3413
63.508 14.8033
58.684 16.0593
55.7429 14.7251
52.2669 13.874
49.1502 15.9163
51.3993 15.2571
31.7482 15.3597
53.6948 15.0801
59.151 14.9457
53.9701 15.6768
58.9894 14.7678
64.5208 15.0539
48.6479 15.3838
36.7698 15.7763
42.5085 15.4203
52.904 14.3123
61.8976 15.8126
63.664 14.5343
51.264 15.8567
51.77 14.9586
62.0851 15.6218
63.4873 15.3061
64.412 15.0322
53.1918 14.9008
52.4527 15.0984
62.8689 15.1021
48.392 15.1056
47.2477 15.0494
54.4496 16.1769
53.785 14.4693
57.7638 14.8393
70.9484 15.438
76.8455 15.3815
82.5193 15.849
71.3404 15.5273
113.032 15.1007
80.6035 15.0098
84.5896 14.8072
83.7905 14.0243
92.1044 14.6575
84.1724 16.0064
78.3903 15.0511
111.334 14.9704
64.6525 14.8123
60.3928 15.6886
61.1022 15.1076
57.9248 15.548
67.3266 15.5298
67.3266 15.0171
67.508 14.9547
64.7945 15.3399
78.7453 15.1783
95.9108 14.3347
95.9108 15.4556
95.9108 15.0412
89.4592 15.2101
89.4592 14.8276
84.7824 15.0997
74.6121 14.7122
64.6316 14.8631
61.9889 14.9572
62.1848 14.8616
68.3291 14.7894
63.5956 14.6452
64.1426 15.2215
66.4664 15.5607
58.5706 15.325
48.5396 15.0996
53.5784 14.668
60.46 16.1112
57.4899 14.7149
61.2172 15.2527
64.0952 15.2422
55.7563 15.2733
57.2057 14.8982
56.2339 14.9492
49.9264 15.6415
48.834 15.8843
48.834 14.7853
43.5131 16.5712
47.4158 15.8324
46.8081 16.3317
50.5283 14.4907
55.1349 15.0873
54.8513 15.5106
27.269 15.1614
27.269 15.0107
32.2508 14.967
17.0394 15.3359
21.5708 14.6194
18.2705 14.7796
18.2705 14.8576
18.2705 15.8445
15.0262 15.5289
16.2811 15.8174
16.2811 15.0139
13.1308 14.5599
7.83682 14.8935
7.83682 15.4821
7.83682 15.3737
7.83682 15.2253
7.83682 15.0967
9.09908 15.3475
9.09908 14.4544
9.09908 14.2281
9.09908 14.4749
9.29961 15.3549
9.29961 15.0072
6.95197 15.6698
6.64332 15.3056
6.64332 15.0348
6.64332 14.949
6.64332 15.1243
6.86859 14.3584
6.86859 15.7487
6.86859 14.5635
6.86859 14.9646
7.95334 14.3196
7.95334 14.6482
7.95334 14.4551
12.2388 14.4917
12.2388 14.6544
10.6746 14.7356
12.4111 15.7795
12.4111 15.6364
12.4111 15.3103
13.3435 15.0193
13.3435 14.299
13.3435 15.4996
13.3435 14.9894
13.3435 15.2663
13.3435 15.1987
13.3435 14.7924
13.3435 15.0742
13.3435 15.5686
13.3435 14.024
13.3435 15.5516
14.8861 15.2203
14.8861 15.1552
13.6092 15.8785
13.6092 15.5281
10.9846 14.6732
12.6237 14.1657
12.6237 15.829
12.6237 15.3034
13.377 14.1303
13.8792 16.1718
12.1958 15.7192
12.1958 15.6036
12.1958 16.0969
12.1958 15.1516
12.1958 14.9127
19.696 14.9519
19.696 14.0391
17.4868 15.4758
18.3359 13.8792
29.4362 14.7311
29.7555 14.68
26.4376 15.0502
36.8792 15.2544
43.0875 15.5814
40.4971 15.4427
39.2958 14.7625
38.4262 14.6833
37.5857 15.5646
36.5007 15.1116
34.7177 15.0325
38.7401 13.5478
39.6289 15.2016
41.6155 14.4018
42.7512 15.2991
53.8981 14.7343
48.4019 14.6875
31.4495 14.8361
44.7578 14.2455
53.024 15.6536
49.7415 14.9755
46.9102 15.5484
41.0318 15.186
35.3106 15.1472
35.3304 15.0667
34.6175 15.6837
37.2513 15.5632
39.9677 15.1189
44.9481 15.099
42.6269 15.3106
55.7327 15.2081
56.8934 14.9251
55.5472 14.9992
81.0436 15.1122
88.5144 14.9595
64.9828 14.4232
60.4167 14.6555
60.4167 15.3406
60.4167 14.0465
69.4612 15.26
52.6391 15.0709
47.746 15.2339
42.2669 15.3612
38.4444 14.1649
44.9558 14.6726
39.4053 14.2292
40.0541 15.0154
42.9409 15.5051
46.1508 14.4721
30.7941 15.5402
32.8339 15.266
47.6938 15.2869
40.8509 15.7285
44.6663 14.5496
46.0478 15.5245
48.6989 14.7711
48.5491 14.1541
54.5998 15.4962
61.8486 14.5798
49.1257 15.2095
56.0529 15.486
58.2028 15.4032
60.1889 15.7274
58.8484 15.2794
58.0242 15.6085
44.1098 14.7175
43.1935 14.7175
41.5382 15.1548
43.5385 14.6828
42.0922 14.9143
60.0266 14.5493
46.9501 14.896
46.9501 14.8029
46.9501 14.6885
46.9501 14.4979
57.777 15.3438
53.8239 14.8138
57.3283 15.4814
68.2294 15.1104
60.0635 15.7732
58.3714 14.6053
55.0288 15.0904
50.0389 15.1976
47.8072 14.6421
41.2689 15.859
43.2965 14.8544
43.6912 15.1187
39.6547 15.6747
36.4384 15.2425
36.3816 16.1279
40.2903 14.5434
38.5868 14.5237
35.7899 15.1884
32.1592 15.1456
34.7067 15.4418
25.0322 15.3441
29.9071 15.4986
28.148 15.3753
25.9393 15.6818
28.1573 15.5335
49.8818 15.3515
52.7485 15.4362
53.896 15.097
68.6887 15.5558
64.3869 14.9795
57.4003 15.1138
53.1836 14.936
52.555 15.0584
50.2568 14.9567
53.3358 14.8565
52.4707 15.6322
47.3967 15.132
45.2564 15.0168
47.1653 14.873
61.4978 15.1808
69.7464 15.2456
78.9099 14.9165
71.113 15.2106
70.3052 15.473
67.9442 14.5755
71.6433 14.4846
75.5387 14.7033
95.554 15.0907
79.9109 14.3963
83.2053 14.9457
82.7913 15.38
73.6704 15.3162
73.8433 14.9345
57.7336 14.8644
55.1831 15.2858
59.9929 14.3983
59.9929 15.292
68.9904 15.045
71.6343 15.0424
57.1315 15.2825
59.485 14.9805
60.1241 16.3171
61.588 15.8865
57.8514 15.2467
61.2066 15.1463
59.0233 14.3294
58.5872 14.9109
55.7285 14.3614
50.5078 14.7429
50.3511 14.979
54.584 14.9817
51.4989 14.9361
39.4378 15.5579
40.623 16.0716
40.623 15.1241
49.4621 14.9792
47.3227 14.8743
