65.1538 15.3783
65.1538 14.8868
58.2195 15.6912
58.2195 14.365
62.2357 15.1586
60.7604 15.573
58.1023 15.8514
72.9251 15.0121
70.3671 14.544
65.9142 15.4326
77.9686 13.8489
74.943 15.3071
78.1721 15.3925
72.676 15.0795
72.676 14.1069
76.4261 13.9426
64.0585 14.947
73.6873 15.3161
73.6873 14.4425
77.1689 15.031
73.016 15.5814
81.5912 14.2015
88.5322 14.6328
95.5255 14.3728
95.3361 14.6693
97.6382 14.3865
85.4407 14.4049
85.4407 14.6364
88.7099 14.9826
103.409 15.8266
107.963 14.5445
81.104 14.6296
104.011 14.8005
112.983 14.9696
109.569 14.8587
105.3 14.8999
113.983 15.4536
104.741 15.1208
102.764 15.6451
100.483 14.9758
93.8712 16.0848
79.8454 14.9157
84.0034 14.9183
83.9643 14.8772
82.4892 16.0202
81.867 15.3195
79.3287 13.8472
79.7908 14.1539
81.2404 14.9519
82.1871 14.1772
82.1871 14.0063
82.1871 14.6545
82.1871 14.1186
86.3704 15.3391
90.4529 14.478
96.3797 14.0945
97.9183 14.801
97.1595 14.6098
97.1595 14.8784
93.7908 15.1735
93.7908 14.0659
93.7908 15.8376
89.4011 15.286
88.202 14.4725
93.2993 14.2904
95.8598 14.1052
94.7225 15.4824
106.987 14.9006
83.5083 15.1483
94.2883 16.1752
72.7769 14.8864
72.7769 15.257
69.2328 13.8768
73.8685 15.3231
90.1274 14.0999
100.125 14.0931
98.6696 14.6399
96.9096 15.7085
95.6842 14.8342
101.956 14.9026
98.3109 15.3471
89.2608 15.2033
96.0751 14.9656
91.6515 15.4173
104.86 15.0658
97.5296 15.2114
91.4968 15.1739
80.6548 14.327
81.8238 14.6688
84.1491 14.6788
85.8601 14.7612
108.564 15.5312
92.2659 15.5523
69.4766 13.9915
64.5683 16.3493
68.7645 15.0376
69.6316 15.2948
64.3245 15.3264
64.6958 14.9628
63.8958 15.8307
64.3495 14.4384
66.471 14.6138
67.3856 14.8338
86.7441 14.5474
85.9078 14.2176
85.9078 15.4228
84.3418 14.7807
83.7916 15.3993
79.4065 15.3243
88.8179 16.2836
81.726 16.5771
92.3784 14.6195
97.2727 15.1489
98.7802 14.9014
103.21 15.3588
112.152 14.8866
111.506 14.6678
119.369 14.588
130.809 14.8248
113.676 15.7119
102.224 15.0909
91.7566 14.8039
82.9285 15.6755
80.4103 15.3417
84.8623 15.2519
79.2551 14.2011
92.5377 14.7211
76.3555 13.9972
83.5989 13.4984
83.8546 14.7939
72.6186 14.6746
86.4757 14.8292
86.177 14.7984
86.7663 14.7521
79.8007 14.0793
80.1497 14.2202
81.3933 15.0287
81.867 15.2437
78.6222 13.9207
84.0938 15.5405
90.258 15.5779
94.5453 14.3751
74.7228 14.7883
76.7519 15.5368
70.9953 15.4705
81.1092 14.6847
71.3343 13.9134
72.9321 15.5053
79.4468 15.0835
87.7458 13.6512
82.7514 15.1484
86.2656 15.5834
75.0674 14.7481
69.0914 14.7749
71.4832 15.8129
57.061 14.2852
66.6899 14.8226
75.1365 14.9712
77.1125 15.3575
73.1293 15.471
69.8793 15.8065
100.638 14.3679
108.289 15.6021
106.842 14.9671
79.1655 14.1857
74.5712 15.1404
87.4258 15.9116
90.2664 15.8112
85.5978 14.9504
76.4702 14.7343
72.9983 15.1447
76.4104 14.9774
74.6515 16.6771
74.6515 14.5572
76.553 15.8222
76.6907 14.4143
68.8948 15.0814
69.5292 16.1155
65.3004 15.7488
60.6648 14.6415
64.2536 14.6482
68.839 14.3191
70.8999 15.6147
66.1395 15.0922
65.8877 13.2586
74.4779 14.6391
73.131 15.0933
80.0549 14.6109
78.5494 14.9832
74.1029 14.5068
71.1831 15.0915
85.7371 14.6905
83.4691 14.729
89.0355 14.8762
83.3049 15.2882
80.8793 13.5825
92.9354 13.8047
87.3853 15.5156
105.767 15.0427
92.5057 14.5686
93.6457 15.5956
102.011 15.761
99.4941 14.2075
109.291 14.5317
125.274 14.6493
129.295 14.5714
118.147 14.8004
111.116 14.6057
126.277 16.3473
112.517 14.3852
121.887 14.0598
121.563 15.1642
122.977 13.7936
118.725 15.5269
96.6584 15.7736
98.6566 14.6729
95.241 15.4033
97.5683 14.6324
100.537 14.2722
95.6637 14.909
101.596 14.8397
107.012 15.6997
113.92 14.246
112.541 14.247
122.694 14.4116
118.175 15.1151
119.604 15.46
113.757 14.5237
117.871 14.1273
111.951 16.3541
112.039 14.8366
101.824 15.0565
97.9575 15.1109
106.02 14.9094
109.309 14.4959
99.672 14.9086
101.012 15.5779
98.5418 14.8144
97.6035 14.3088
95.3862 14.7804
85.3794 14.9064
90.8475 15.5496
90.9392 15.1206
87.9907 14.9086
92.051 14.5831
84.1778 15.6235
89.8532 14.7816
81.6512 15.9917
85.6491 15.8012
104.136 15.7722
89.5895 14.8507
88.4594 15.3731
85.5755 15.7226
87.54 14.3404
78.0676 15.8904
78.0676 14.6831
88.849 14.2138
89.5836 14.6757
88.8551 14.6809
87.2515 13.8979
82.9721 14.1272
75.0997 14.7752
77.366 14.44
84.778 14.3551
85.9025 15.3235
76.1286 15.3008
68.1483 15.5611
74.9132 15.4193
73.6789 15.0134
73.1139 15.5205
67.4958 15.348
67.4958 13.9096
70.3337 15.3012
83.2385 13.8584
86.8258 13.9095
86.181 14.4567
90.0035 14.7026
86.5516 14.9333
78.9611 15.4087
74.2687 14.6674
74.5906 15.2077
74.5906 14.9844
74.5906 15.0189
76.8882 14.256
73.1839 15.4909
73.1839 14.536
72.8076 14.6039
73.8886 14.6528
73.2671 15.9726
68.4988 14.195
75.2818 13.9667
67.4584 13.573
68.0298 14.6293
74.4246 13.6275
71.3877 15.0626
81.1054 14.3589
83.2265 14.7209
84.497 14.7573
82.5386 14.6504
86.644 13.8338
102.569 14.6266
83.2294 14.0752
91.1158 14.7944
81.13 15.8374
93.0923 14.6893
96.452 14.2629
85.0361 14.661
84.8866 15.1617
86.4848 15.6811
87.1203 15.222
81.6042 15.4491
80.4765 15.7387
66.2987 15.7652
83.71 15.2924
80.2501 15.2638
80.9589 14.6759
79.9152 14.4828
81.2737 14.4189
79.737 16.3923
75.0585 14.69
64.1986 14.8487
63.6307 15.0812
58.195 14.916
56.5792 13.7248
71.2914 14.7238
82.5578 14.9176
75.799 15.188
65.709 14.4964
69.8054 14.5191
71.0486 14.6849
62.3314 14.9847
62.3314 14.7965
69.2443 15.0182
77.2933 15.2799
84.367 15.1548
95.0729 14.1313
87.8586 14.3233
76.4798 14.808
74.9054 14.9506
76.6425 14.4237
75.8931 15.4176
84.708 14.8244
93.5407 15.3523
82.3413 14.4729
80.933 14.516
72.4479 14.681
70.6658 14.8917
71.6526 15.803
85.4508 14.5108
80.8032 14.3453
95.2182 14.9312
97.2343 15.6018
96.5665 14.8908
107.622 14.8535
112.131 14.4905
97.0294 14.705
77.2443 15.2883
72.1607 16.175
87.6556 14.6282
84.0123 14.5511
87.3623 14.4219
87.3623 14.45
87.3623 15.045
77.5485 14.7426
77.7622 16.9594
88.3878 15.0001
94.5705 14.1754
93.9702 15.07
110.297 15.197
99.6189 14.9272
108.574 15.2549
100.261 14.6693
100.261 14.6953
103.868 13.9695
103.868 14.2846
94.8 15.2813
95.6107 14.4843
98.8812 14.9017
100.501 13.7104
100.993 13.8047
96.1955 14.8069
105.084 15.2573
90.4592 15.0493
80.8996 15.8441
78.9952 15.0041
82.3911 15.3519
80.5176 14.768
86.9007 15.0389
89.9607 16.0099
89.534 14.5157
80.2117 14.595
75.0985 15.16
78.4554 14.3254
110.799 14.6056
126.823 15.159
106.465 15.0765
99.6556 15.3978
98.8994 14.4837
95.9469 15.7062
86.9455 15.2466
77.1513 13.9511
81.9906 14.9661
121.116 13.9001
110.424 14.8226
140.67 15.0034
108.958 14.6263
107.288 15.5901
118.032 14.9474
95.7066 14.6605
110.132 15.2464
101.302 14.7926
107.697 14.5444
116.907 15.058
116.907 14.7776
114.675 15.0272
107.738 15.7952
107.738 15.81
101.435 13.4282
100.633 15.3603
97.5958 14.382
102.727 14.744
101.599 14.4838
93.534 14.4983
86.1452 14.5592
78.3339 14.0106
83.2303 15.9364
83.2303 15.0501
90.7351 15.254
91.3205 15.4118
107.319 14.5072
97.9655 14.1473
103.744 14.7882
142.392 15.3529
128.579 13.6714
127.191 14.2801
121.942 14.2896
145.439 15.0641
182.179 15.3215
187.587 13.4657
179.626 15.1405
185.484 15.0482
195.544 15.7519
194.857 15.3016
184.127 15.0151
197.845 14.6987
178.922 15.46
164.339 16.1648
164.339 15.7286
164.339 15.1763
155.786 15.1046
139.048 15.2585
143.825 15.1882
155.454 14.3228
157.112 15.4286
165.946 14.6271
155.059 14.9009
155.059 14.7755
160.357 14.9977
132.972 15.1787
127.613 15.6785
127.613 15.3497
125.514 15.3528
125.514 15.134
114.023 15.2193
139.055 15.5835
139.055 15.2159
139.055 14.2918
139.055 14.4089
134.768 15.2164
134.768 15.4179
143.044 14.2926
126.181 14.7058
127.388 14.8673
113.727 13.5244
111.926 15.6337
87.7825 15.7532
110.322 14.0899
123.242 14.495
114.405 14.9752
114.896 15.2486
90.8263 14.2017
108.817 13.9145
98.9311 14.8339
94.4431 14.5598
89.9943 15.4483
88.021 14.2283
103.604 15.145
97.6874 15.1144
91.4044 14.6729
86.3604 14.8352
97.4628 14.4715
98.1356 15.161
103.066 15.2432
107.825 15.1366
117.057 15.1351
113.717 15.4227
102.126 14.6333
100.132 14.2292
91.0727 15.5999
90.4431 14.6694
87.9222 14.2932
79.5636 14.4075
83.0731 14.6812
81.6078 14.7633
81.1371 14.9625
78.9439 16.22
59.7361 15.6566
74.9212 14.1039
77.8014 14.1068
83.8969 14.2942
88.6108 14.3785
83.6327 14.0057
84.0072 14.8037
84.0072 14.8167
85.0878 15.1281
89.5251 14.5669
96.5266 15.1458
91.7304 13.5794
87.7197 15.3269
88.526 14.6951
83.5249 15.3339
90.7125 14.2295
79.01 14.9501
78.2761 15.8525
79.4432 14.3134
86.1256 15.5743
85.8413 14.7596
89.6637 14.7754
104.126 14.4522
110.929 14.058
95.3619 14.7905
90.7058 14.6535
94.3294 15.1027
101.655 15.365
108.096 15.0137
107.972 14.2828
143.551 15.4003
143.551 14.6704
146.554 14.9061
144.46 14.2771
148.315 16.0208
148.315 15.0414
169.06 14.5651
169.06 13.9685
143.3 14.0148
143.3 15.2426
159.373 15.6252
146.449 14.7192
129.824 15.5052
170.622 14.7521
174.821 14.6297
174.821 14.6405
177.36 14.7861
156.586 14.8082
156.586 15.2461
153.964 15.0007
145.843 13.882
170.89 14.5498
163.064 15.0599
170.325 15.084
159.845 15.4383
121.822 13.811
112.674 13.9265
112.364 15.0396
114.722 14.3013
103.442 14.9235
112.508 15.3484
118.941 14.597
127.757 14.7316
129.932 14.1864
109.365 13.7297
129.124 14.8263
120.157 16.0747
118.405 15.1784
92.9274 15.0706
94.8924 14.769
106.347 15.608
122.435 16.106
111.855 15.3128
122.532 15.2563
118.333 14.3519
118.333 16.3193
130.161 14.9889
109.695 15.0182
116.69 15.6604
107.858 15.6604
110.118 14.0754
110.058 14.9296
117.178 15.2995
118.784 15.9015
118.987 15.6513
118.324 14.6981
129.652 15.3878
149.781 14.1237
149.781 14.8664
144.036 14.9959
147.445 14.9677
138.266 15.281
144.222 14.5453
149.288 15.3462
155.672 15.359
163.815 15.4658
168.466 15.0366
130.08 14.1958
109.762 14.8431
97.7101 14.5862
100.612 14.903
87.8317 15.8679
95.6981 15.9553
97.8877 14.0162
85.9553 15.8053
84.731 15.0548
87.4943 14.0421
103.344 15.0978
125.062 15.219
111.096 15.3128
97.16 14.8056
98.0242 14.83
83.2402 15.1711
106.477 14.9963
114.915 15.5033
97.3959 15.4298
91.1534 14.9905
90.8018 14.8037
91.9 14.8543
85.4078 15.154
83.6498 15.2154
93.9635 15.5482
131.624 15.286
126.793 15.8416
133.392 15.293
130.151 14.7763
131.564 15.6305
122.264 15.1531
109.625 14.3268
111.759 13.5037
103.774 13.2477
98.9375 13.7637
120.575 13.7977
123.523 13.8115
98.5076 15.3587
77.6307 15.1649
77.479 14.6872
85.6265 14.1308
93.3329 14.9902
79.5755 14.8221
78.2226 15.1133
78.2226 14.9915
79.4799 14.8246
79.4799 14.5726
85.8999 15.6742
65.5262 16.2671
57.4337 14.9293
57.4337 15.1606
54.2751 14.8153
54.2751 15.1841
54.2751 14.9921
63.0946 15.309
56.6891 14.986
60.6367 14.165
60.6367 15.3236
55.8378 15.2922
55.1858 14.6843
59.8228 14.6592
65.7876 15.2557
70.9545 13.9653
78.2632 15.3606
78.3305 15.4153
66.5695 14.4931
68.4558 15.0073
64.518 15.2553
71.1926 14.5689
68.1181 14.7859
73.4842 15.5011
65.063 14.9733
84.5109 14.9434
91.0255 14.0285
82.8532 14.3318
65.6388 15.0712
73.51 14.6276
70.3401 15.1186
69.6641 15.0774
67.2891 16.3629
72.3602 15.576
74.1186 14.9883
70.3534 14.0666
69.6365 15.2693
81.182 14.3091
94.0016 14.4429
94.3947 14.7166
110.799 14.4299
104.054 15.2732
103.177 13.8078
105.831 15.7181
90.2238 15.0979
90.2238 14.7207
87.0714 14.5981
82.2291 14.4161
84.2499 15.2384
92.116 14.3033
91.3884 14.2224
73.1873 15.0946
64.2538 14.4681
67.8255 13.8215
66.4516 14.4199
76.7733 15.7387
82.1779 15.1726
86.8888 14.7066
86.6128 15.2291
110.672 14.2331
106.469 13.9244
105.695 16.2726
97.3332 15.5431
87.5289 14.5669
89.2969 15.1165
82.138 15.7502
75.1673 15.5716
84.834 15.682
79.508 13.8684
79.3314 15.3892
79.4887 14.7205
73.2951 15.8054
66.786 13.8448
69.5525 15.0572
68.5991 14.7448
73.7084 14.4698
85.0451 13.8187
108.826 15.5531
105.168 14.4585
99.7331 13.8799
75.3915 14.7347
71.853 15.0181
57.2692 16.0439
53.6937 15.4664
48.1247 14.0793
51.2472 15.4066
51.3164 15.6782
55.3072 15.0994
54.2672 14.6159
54.7825 14.9559
57.148 14.8337
57.3218 15.6904
55.8911 15.2832
57.4994 14.8401
53.4806 14.5973
55.0547 14.6841
56.4065 14.8445
57.5916 15.3938
66.5711 14.0067
63.9137 14.8593
63.9137 14.246
63.9137 15.8065
63.9137 15.349
64.025 15.2262
67.5638 15.0734
67.5638 14.1235
67.5638 14.1567
73.9239 15.9941
75.8701 14.4199
73.5548 14.5228
73.5548 15.8179
73.4021 14.4912
77.1157 14.9446
77.1157 14.6522
77.1157 15.0822
77.1157 15.733
77.9934 14.6465
88.2124 15.1312
93.9691 14.9816
90.2718 14.8311
73.065 14.1496
75.8377 14.7367
70.1209 15.1865
77.2726 16.1219
75.9385 15.4055
78.3151 14.3873
77.1631 14.6562
86.2769 14.7281
86.2769 14.1338
95.4342 14.5261
95.8507 14.6444
96.0582 14.3769
94.9 14.3906
92.8862 14.1958
87.5604 15.3972
87.5604 14.9111
92.1239 14.8585
90.5413 14.7423
80.0189 14.758
82.4332 14.3428
65.7888 14.6943
66.4508 15.2981
67.389 15.4731
67.389 14.562
67.8466 15.5626
67.8466 12.859
65.9392 14.5704
65.6083 14.8472
65.6083 14.2602
72.3353 14.7198
91.5087 15.6715
91.7244 14.8784
98.6735 14.2569
99.4034 15.3684
98.0663 15.1496
96.3074 14.766
85.1137 14.8313
82.8532 15.2269
80.5702 15.2725
83.869 16.0653
81.3062 15.3472
79.2412 14.2337
91.3527 16.1067
92.1744 13.9982
95.9091 14.4984
102.392 14.5447
88.4355 15.9333
88.4355 14.4311
102.085 14.5695
97.3453 14.6318
94.6211 15.8077
100.123 15.0549
96.1075 15.5206
95.589 14.8332
90.1668 15.0446
90.8295 14.6233
104.049 14.2454
94.2821 15.4427
98.0206 15.4427
95.1048 14.9437
75.9298 15.5928
68.2957 14.9051
76.5887 15.6534
76.5887 13.7722
75.8514 14.6575
69.127 14.79
67.4553 14.4577
78.149 14.2517
78.149 14.6382
76.3506 15.6922
73.868 15.0704
70.2576 14.1947
75.5289 15.1426
79.914 15.3899
80.9137 16.1035
90.4634 13.8536
90.4634 14.6822
90.566 14.9419
85.0092 14.761
86.5629 16.2405
79.2681 16.0099
80.8838 15.2389
84.896 14.4634
96.7468 14.8704
87.5622 14.5266
87.8181 15.264
89.3752 15.9254
83.5284 14.1569
78.7328 15.1282
76.3295 15.2591
71.2842 13.7811
71.4534 14.5116
70.025 14.9532
69.1512 14.5614
69.1512 15.7426
70.8866 15.7173
72.0066 14.7123
72.0066 15.9938
80.2492 15.2773
93.879 14.6105
81.5956 14.5173
81.7874 14.2895
84.8599 14.6122
80.4404 14.5556
85.869 14.5924
92.2211 14.6111
95.2101 14.6574
98.585 14.4638
106.463 15.215
107.276 15.5412
105.245 15.1222
96.1072 14.9987
84.5995 14.2424
96.3876 14.8437
94.4185 13.8748
103.73 15.0001
97.6541 14.9276
97.6541 15.5296
96.479 15.3787
75.5998 15.0301
76.8475 15.296
79.7237 15.0336
82.7195 14.4513
81.3543 15.4527
84.9976 15.1445
75.7802 14.6194
60.0568 14.7401
63.2969 14.5355
61.5701 15.6626
56.1483 15.0336
54.0526 13.621
52.7959 15.2689
52.7959 13.9485
52.6989 15.6428
62.9714 14.9433
74.3215 14.785
77.8797 14.8193
80.6124 14.8395
83.584 14.7918
86.2767 14.2498
88.4753 15.8762
87.5012 17.5832
78.8482 15.603
82.5885 15.4401
79.1904 14.2964
79.1904 14.3009
76.8564 14.4142
75.2924 15.2416
68.0211 14.8823
68.3849 14.9067
71.4632 15.0056
75.0353 15.9815
74.3885 13.8882
81.869 14.7047
80.5627 14.91
81.4213 14.6979
70.8658 14.1821
78.2064 15.2211
66.8977 14.234
62.7383 15.0696
59.1037 14.3437
61.988 15.1608
62.5642 14.7894
56.5006 14.8316
57.1718 15.6782
54.2254 15.0653
53.3944 14.7506
56.7184 15.3304
60.1443 14.8567
62.0235 14.761
86.4541 14.5566
107.609 14.5165
109.119 14.2836
103.078 14.7483
90.1672 14.1446
97.051 14.474
102.061 14.4872
102.061 14.4241
104.066 14.7332
117.178 15.5985
117.178 14.4679
113.642 14.2165
99.6033 14.8004
94.6899 14.0073
81.3987 13.9082
83.7074 13.9893
83.7074 15.0933
94.2583 15.0457
94.2583 14.5577
94.786 14.7282
75.8844 16.2898
65.744 15.1095
58.0399 14.7486
73.8332 14.21
82.5502 16.153
93.4841 14.55
74.3254 14.5576
80.6456 14.0948
74.3479 15.9548
85.0375 14.8236
79.5836 15.7557
80.304 15.4966
69.9415 14.539
65.4798 14.7229
72.7279 14.5658
79.2404 14.6994
74.139 15.0871
83.5649 14.6332
83.5649 13.9395
87.8435 14.6352
87.8435 14.6605
90.8098 14.7327
86.0569 15.299
86.0569 15.0169
86.0569 15.5391
75.7383 15.6368
75.7383 14.561
61.5361 14.692
66.72 13.4074
57.9933 15.5905
57.9933 14.9746
67.7838 14.6515
67.7838 15.4579
67.7838 15.0633
64.9076 14.1833
64.9076 14.7486
64.9076 15.1884
65.8424 15.7414
65.8424 15.5918
65.8424 14.2165
66.5359 15.2607
66.5359 15.6551
66.5359 15.4216
66.5359 15.0289
66.5359 15.0264
67.2702 14.7369
67.2702 14.0826
71.5785 16.0418
71.5785 15.8945
73.1436 15.1323
73.7097 15.1167
92.5857 15.1658
111.007 15.0626
114.387 14.6567
107.902 14.8462
100.859 14.916
95.3837 14.1734
96.662 15.1946
96.4791 14.7268
106.232 15.3905
108.443 14.2023
105.641 15.8157
97.4543 15.121
105.19 14.8941
83.946 13.6167
78.7008 14.9269
79.7035 15.7066
83.9823 15.2778
84.3485 14.8631
72.018 15.2319
74.3125 14.3563
72.3942 14.6456
71.0194 14.2806
64.1571 14.6082
70.6812 15.5324
66.7781 15.1617
57.1462 14.6423
66.3399 15.4333
63.9025 14.9638
68.7417 14.6784
64.6426 15.4271
73.2721 15.13
53.2458 14.9032
63.4169 13.9764
63.4169 15.0984
63.4169 14.8274
68.745 14.2956
68.745 15.0548
68.745 14.139
69.0887 14.3876
83.5693 14.0452
91.7604 14.7212
101.788 13.622
94.7447 14.036
97.7878 14.1797
110.364 13.8069
102.855 14.477
108.505 14.4672
88.3136 15.1248
88.3136 13.639
100.716 15.165
100.001 15.5819
105.725 15.5184
103.836 14.9239
89.5599 14.9753
107.853 15.6622
97.4817 14.6096
108.131 14.5482
95.8655 14.525
98.5103 14.5963
104.624 14.8655
87.1929 15.6316
89.3883 15.4213
81.6326 15.0579
81.3872 14.8545
80.9544 15.0956
88.6489 14.1655
90.9886 14.4502
89.3118 15.7626
110.869 15.7271
116.682 14.6612
124.496 14.2276
138.974 14.9882
138.974 14.8341
138.974 14.7857
138.974 15.3379
136.383 14.7546
136.383 14.8579
136.383 14.7088
105.44 14.7123
98.2073 14.8356
88.1649 14.6532
96.9122 14.594
91.0083 14.5939
82.1716 14.2022
79.5107 14.9139
74.9359 15.1188
80.4044 15.0866
77.0307 15.0109
83.9684 15.0448
81.0499 15.1198
84.0363 15.8977
69.354 15.595
69.1 14.3702
73.5107 15.1381
67.3744 14.7078
59.9621 15.2485
66.2962 15.2455
71.1798 15.4025
65.5132 13.9966
71.0534 15.8518
71.0534 14.6795
63.6837 13.9623
71.1568 15.3154
71.8433 14.2609
81.1103 15.422
80.9044 15.2344
78.6513 16.282
83.641 14.83
76.8789 14.9922
76.2885 16.1697
80.9079 15.3335
88.6141 14.4689
87.6715 14.8687
95.3629 14.6942
109.073 15.1188
91.202 14.5883
96.5868 14.7344
93.4416 15.5198
98.3383 13.9916
86.9755 15.7551
80.7542 13.6885
74.5894 15.4584
71.0329 14.682
73.4699 15.2385
62.2405 15.399
80.9764 14.8958
79.312 14.9237
82.073 15.0021
84.8669 14.5398
81.062 15.6178
77.7378 14.8326
85.1821 15.1416
84.8672 14.5648
83.2435 15.032
81.9248 15.3302
78.9037 15.1217
79.0692 14.2837
77.6218 15.2715
84.6446 14.9303
70.878 14.8733
67.4649 14.5205
62.534 14.6323
67.7468 14.5731
54.5343 13.7714
54.5039 15.2031
54.5039 15.4249
51.6678 15.7862
46.3563 15.3735
46.5151 15.4269
46.5151 14.8848
39.1366 14.2701
41.0419 15.4016
37.0571 15.35
37.0571 15.3159
41.095 15.018
41.0303 15.3092
41.0303 15.2715
41.0303 14.66
43.1447 15.8922
45.0967 13.5597
45.0967 15.3577
46.6088 15.0404
46.6088 14.7194
46.6088 14.3947
59.8522 14.9838
63.2663 14.1798
63.4792 14.0451
71.5584 15.2406
70.5445 14.873
70.4877 14.6501
83.06 15.0894
83.0711 14.5135
97.6613 15.506
94.7914 14.9307
102.926 15.2109
107.623 14.8025
127.813 14.5553
121.766 14.8053
119.586 15.4443
102.842 14.8767
93.3367 13.5695
93.3367 14.3024
90.4914 14.4294
103.592 15.2805
117.358 15.1652
123.946 14.5206
120.103 14.8876
172.056 15.815
161.408 14.8401
148.271 15.3268
146.239 15.3428
136.431 15.3667
133.304 15.1594
140.469 15.1334
131.242 15.0247
131.89 13.3185
131.89 15.1173
113.636 14.5005
108.268 15.6803
101.697 15.351
110.655 14.482
101.708 14.8506
101.708 15.0807
92.3298 15.5744
89.4222 14.6185
98.02 14.9191
91.8663 15.0085
91.1774 15.5336
86.5587 14.9053
86.285 14.6104
90.125 15.0528
78.9969 14.7101
81.8948 14.9421
83.9176 15.528
69.9566 14.6621
72.8128 13.7793
79.1452 14.1074
78.0602 14.0067
78.7535 14.4618
79.2507 15.4962
65.6118 14.7451
74.0696 14.3824
77.1402 14.4205
82.935 15.2015
75.4231 15.4177
74.2577 15.5179
66.9706 14.3718
77.8352 14.4995
77.8352 13.7902
68.479 15.2104
73.5458 15.7188
75.1569 14.6476
77.3879 14.6066
69.8063 14.5186
69.8063 14.1481
65.2249 16.0721
57.2919 13.6375
64.3557 14.0935
63.5862 15.4807
61.8637 14.7758
71.7896 14.1498
71.4533 14.9477
70.0271 14.9866
79.4909 14.6843
79.5551 15.0696
72.1981 14.4051
83.1895 14.8555
79.2692 15.5184
65.3909 15.3044
66.51 14.0868
66.6963 14.9499
63.537 14.8921
72.4184 13.8341
59.4274 14.6601
53.7655 14.7536
58.0312 14.823
74.5323 14.4389
82.0705 14.6378
61.5512 14.938
67.6888 14.5567
76.9754 15.5889
86.1668 16.4509
91.5474 13.9491
82.3215 14.3639
98.5624 14.6089
88.5798 13.9498
121.206 14.0153
135.355 13.7403
135.355 14.6834
135.355 15.4306
136.288 15.5062
136.288 15.878
136.288 15.0632
140.55 14.0607
140.55 14.9218
140.55 15.0615
142.766 14.5324
149.67 15.2116
155.999 15.3411
179.123 15.049
184.582 15.6948
184.582 15.9309
184.582 14.6122
179.873 15.9522
172.098 15.6787
187.504 15.7415
171.425 14.4696
168.512 14.1538
163.544 14.3729
162.661 15.0957
157.549 14.5525
157.549 14.7645
147.71 14.6375
118.184 15.0525
123.111 14.6353
122.505 14.9362
122.505 14.2853
136.569 15.8229
142.977 15.3859
142.977 15.7973
136.574 14.0318
109.399 15.127
126.277 15.1024
102.071 14.6478
92.4597 14.4707
96.6301 14.1165
93.2658 15.1466
87.3018 15.2468
107.853 16.2673
104.592 15.0032
100.797 14.8707
94.499 14.5788
92.6125 14.9639
95.4678 14.6081
92.9748 14.4947
72.3527 14.2189
79.7011 14.5905
80.6649 14.8124
77.6587 14.2356
79.5765 15.2049
75.4661 14.8364
80.6503 15.3108
80.0465 14.3663
81.0541 15.4238
81.2997 15.2657
97.1199 15.1245
110.135 14.7174
113.454 14.8143
131.528 13.9669
105.862 15.1339
113.321 15.1531
100.21 15.4886
69.8097 14.9042
68.7015 15.3986
72.0336 15.4305
75.7808 14.6353
88.2088 14.7225
69.9303 15.3103
67.2775 15.6037
70.815 15.5727
80.8192 15.6566
80.0083 15.5109
87.3471 14.3388
87.3086 14.0153
80.7502 15.179
80.5926 15.7097
84.3072 14.8319
92.6176 14.6872
79.8367 14.9274
96.5743 14.9576
92.7816 14.8402
99.2124 14.5226
92.4251 14.7106
97.0945 15.3834
97.0945 14.4884
96.8881 15.1073
96.8881 15.3973
87.7261 15.3635
92.3463 14.9172
94.2177 14.1091
91.6405 13.9925
89.0033 14.1323
77.8918 15.7642
75.5352 14.4634
74.0599 14.3428
67.1028 15.0574
85.7609 15.5856
82.7421 14.6952
89.3164 14.4073
93.0491 15.6541
99.5382 14.3961
95.6267 14.154
99.9231 15.3503
96.3349 15.0639
76.3067 14.8359
82.5684 14.7776
74.5244 14.8409
62.2145 13.8289
56.0525 15.0751
66.3169 13.7654
61.2304 14.7678
71.3101 14.4785
70.4125 15.1663
72.5223 14.1057
74.6019 13.9914
77.9072 14.0691
68.9578 14.0638
75.5333 14.841
77.5976 14.278
86.8882 15.3458
91.4778 15.1996
96.9176 14.5132
93.0103 14.6171
85.9091 15.2556
86.2015 14.2081
78.9923 14.5271
68.5684 15.1958
72.2621 15.1662
76.307 15.1162
68.0536 15.3579
56.1297 15.5279
53.7214 15.7828
64.2302 15.4572
57.683 14.6809
50.1035 15.6166
50.4653 15.0278
50.5932 14.197
50.472 15.2311
50.472 14.6665
47.1871 14.8482
53.6036 14.857
63.3799 14.4681
64.3027 14.9245
71.6128 14.6204
61.7297 14.4747
61.7297 14.1554
64.3794 15.0883
75.4845 14.7397
75.1626 14.4935
89.4496 14.7883
92.089 14.6015
88.177 14.558
84.0897 15.2097
87.3428 13.1198
62.3328 13.6504
58.263 14.811
54.9985 14.8566
56.3359 14.7885
59.6047 14.777
56.6887 14.7561
58.2777 15.2405
58.723 14.3632
57.4116 14.9577
56.1417 16.0033
61.3437 15.2012
61.006 15.2569
80.2066 15.5189
75.9168 15.5192
71.8396 15.1601
75.6889 15.6131
69.1825 15.9707
79.6359 14.4872
75.9936 14.9047
79.527 15.5232
84.9578 14.3506
82.4517 14.8638
95.3909 15.2259
96.3202 13.853
98.1833 15.4976
97.0919 15.5461
99.7676 14.5647
106.177 14.8399
104.711 14.5122
105.783 14.7857
102.083 14.6435
94.1107 14.6905
94.1107 14.4122
94.1107 14.1966
107.047 14.4605
107.785 14.5005
113.716 15.2589
109.009 15.4182
105.511 15.7043
89.6636 14.7644
87.1329 14.3407
78.0914 13.8867
82.7828 14.161
73.7418 15.5243
87.9851 14.113
80.9176 16.3664
101.737 14.732
90.8716 14.3916
96.9214 13.8196
96.6118 14.313
101.129 14.591
100.867 15.1231
101.838 15.2086
87.9517 14.067
89.1892 15.001
87.8874 14.9433
72.641 14.8347
75.1282 15.0237
80.7906 15.0041
80.0787 14.6619
74.8753 15.6623
84.1734 15.2622
79.4817 14.0626
79.338 14.7588
80.2639 14.3641
76.4485 13.6574
70.9432 15.3753
70.3146 15.5087
80.1612 14.8378
86.7644 14.7685
84.9442 14.1302
95.6647 15.5043
92.1849 15.2614
88.0407 14.9464
88.0407 15.7758
88.0407 14.7025
86.1313 15.0653
83.5852 15.765
82.3336 15.8389
82.3336 15.3232
79.7166 15.0269
85.1918 15.561
79.3891 14.8802
79.3891 14.5327
79.3891 15.0125
79.3891 15.5955
78.9826 15.5472
85.5387 15.6025
79.2979 14.3088
72.4084 15.2419
66.1206 14.4067
67.4175 15.5655
67.4175 15.3312
66.9426 14.8739
66.9426 15.2202
66.9426 13.9647
68.4535 15.7164
68.4535 15.217
69.8883 14.9218
69.8883 15.6517
56.8607 14.3388
59.1255 15.1393
54.5505 14.2648
54.5505 15.2558
53.7986 14.053
65.2061 15.939
65.2061 15.3765
67.0317 13.935
67.0317 13.6109
71.4564 15.7887
74.287 15.2197
69.981 15.0037
69.981 15.6104
69.981 15.5753
73.6836 15.5788
73.6836 14.408
76.9709 14.3845
87.1023 14.7325
91.1016 14.7581
94.4289 14.3163
90.8534 14.7587
89.664 14.2118
75.6469 13.8962
73.276 14.99
81.1445 14.196
76.5461 14.504
81.3704 14.7599
68.7701 13.99
64.4717 14.2614
60.6216 14.596
65.719 14.9884
61.5794 15.1138
61.5794 14.8254
59.7278 15.1502
59.7278 14.1155
62.4553 15.5432
54.3469 15.2332
54.3469 15.2284
53.3084 14.1618
46.8502 15.4345
52.8571 13.719
49.6664 15.6135
50.0043 13.66
48.5709 15.213
48.199 15.6823
53.9067 15.9753
59.0953 14.2138
59.9467 14.2123
65.6752 14.784
63.4623 16.3136
58.196 15.4806
63.4199 15.7052
59.4019 15.6855
55.9359 14.3384
56.3583 15.3543
60.1152 15.1764
62.6051 14.8384
67.629 15.4632
67.7284 14.5287
70.0964 13.8169
70.0365 13.8242
63.7449 14.666
60.2781 14.1174
88.3145 14.4678
96.8123 15.3853
96.8123 14.714
96.8123 15.1517
92.0886 14.9346
95.9266 14.0838
95.9266 15.5356
95.9266 14.9613
105.816 14.7322
105.816 14.3762
102.093 15.206
83.2891 15.2488
87.0008 14.265
102.515 15.5728
96.3675 15.1495
90.5619 15.5044
119.138 15.0272
119.138 14.6667
112.74 14.4541
112.74 15.0755
112.74 14.1146
112.74 14.1506
101.539 14.3106
107.796 15.7052
117.225 15.414
117.225 14.8267
117.225 16.0733
115.467 15.4052
142.397 15.114
140.814 15.9206
124.708 14.9561
144.683 15.3826
145.217 15.4051
161.18 15.1927
161.056 14.603
149.719 15.4566
149.719 14.837
133.749 14.3924
140.682 14.6864
154.045 15.6575
154.045 15.8785
145.689 15.142
147.233 15.4092
130.833 14.9462
146.863 15.6051
128.179 15.4552
121.772 15.1049
109.981 14.4635
109.981 14.5924
109.873 15.247
105.373 15.9573
122.437 15.993
126.377 14.8832
128.307 13.4156
112.017 13.1102
110.093 13.8241
69.8795 14.5904
65.0426 14.7409
65.9475 14.545
86.1617 14.7411
85.4208 14.6937
86.8115 14.7364
91.5409 14.639
79.9327 14.7872
78.5265 14.076
81.4334 15.5847
79.1569 15.102
70.2151 15.3325
67.7389 16.263
67.4968 15.3455
71.4689 15.7106
72.0759 15.2255
67.556 16.1015
65.5494 15.0123
67.6641 15.338
67.8421 14.0062
79.8236 15.6763
105.153 15.6888
119.933 15.0553
124.305 15.2861
113.808 15.3512
106.107 14.8861
101.553 15.4717
89.3191 15.326
98.7343 15.4954
96.713 15.1715
96.713 15.2662
107.805 14.7887
111.601 14.9574
111.051 14.7119
99.13 16.0628
111.102 15.3619
97.151 14.7541
78.4433 14.7195
74.4624 14.0276
69.1338 14.1593
66.6695 15.0431
70.0235 15.0814
74.0845 14.4425
74.9453 14.4689
72.7253 13.2579
75.2795 14.2661
93.6096 14.2169
99.6084 15.9122
85.4807 15.3636
81.06 15.1515
104.611 15.5597
126.64 15.4112
114.445 15.2824
108.536 14.7016
113.679 14.0184
120.182 14.6689
124.458 14.6673
123.211 14.3876
102.089 14.5227
96.9803 14.5786
100.637 15.6437
95.4298 15.9213
114.612 14.7691
135.863 14.671
138.296 14.0332
109.804 15.867
98.4365 14.6306
98.7827 14.9743
97.0914 15.7087
97.2208 14.8281
94.5713 14.7332
89.8133 15.0578
97.4608 14.4188
83.644 16.0664
89.0609 15.2862
99.7755 15.8248
116.8 15.7946
126.289 14.3016
129.395 15.7195
140.516 14.4431
121.548 14.4903
135.141 13.9367
132.642 15.55
127.755 14.6766
137.88 15.8448
130.545 15.3232
123.189 15.0214
124.2 15.1181
123.271 15.596
137.373 14.796
120.793 15.0662
112.493 14.1763
127.564 14.2182
120.293 14.236
131.831 15.8804
141.934 15.0011
135.33 15.3404
131.568 14.9723
133.193 15.1426
128.448 16.0684
133.773 15.7075
133.773 14.6114
119.593 14.5351
102.006 14.4462
112.908 14.7655
119.187 15.5513
78.913 14.9691
89.8736 15.046
90.751 15.055
82.0829 16.6475
93.8454 14.8705
91.8094 15.0055
89.4185 14.9334
79.4487 15.0249
82.7009 14.2987
80.5245 14.9734
100.355 14.2617
121.063 14.3878
121.063 14.8509
121.063 15.8355
117.023 15.4547
95.0811 14.0284
105.057 14.583
92.5259 15.0307
89.9836 13.7829
85.584 14.545
88.1086 14.8999
87.1324 14.2969
90.4487 15.2264
91.0497 14.9827
72.024 15.7336
77.6544 15.08
83.432 15.3723
79.2839 14.4363
79.6405 13.2757
82.8119 14.6902
71.2548 14.6906
66.5552 14.4616
65.2868 14.3848
77.4883 14.4634
71.1048 15.4134
75.2679 14.936
74.5612 14.4245
69.2252 14.6141
68.4933 14.3757
75.8071 15.1528
74.8964 15.9716
80.8975 15.1564
74.866 14.9689
84.9124 14.2108
101.356 14.4547
96.2339 15.3855
94.2356 15.2964
92.7513 14.3928
93.5779 14.666
89.2927 15.04
73.6374 14.9625
75.1156 14.6026
62.0571 15.1651
63.7634 15.6339
60.2068 15.1633
62.2123 15.3812
62.2123 14.8717
67.746 14.903
67.746 15.8292
70.1335 16.2
68.7607 14.6531
78.7672 15.1382
109.421 14.8342
106.33 14.6098
107.473 14.6613
116.255 14.5659
116.255 14.5525
104.512 14.7611
111.92 15.1807
127.369 14.3698
134.417 14.868
131.865 15.0241
130.561 14.9247
132.892 16.1307
137.829 14.2216
137.829 14.4293
137.829 14.3864
139.472 14.2842
134.009 14.4613
141.621 15.0579
117.984 15.2205
124.876 15.3064
134.998 13.9624
134.998 14.2964
138.117 14.7675
153.398 15.5848
164.365 15.5563
171.878 15.9668
183.462 14.0096
174.679 14.8467
174.787 14.9114
177.68 14.7156
169.579 14.9424
160.786 15.4113
158.406 15.0632
151.848 15.0455
140.803 15.0799
140.143 15.2107
129.968 15.314
128.898 15.3566
116.036 15.3648
146.288 15.6113
129.361 15.9167
115.822 14.8979
107.636 16.0398
101.203 15.6447
91.7352 15.6871
105.043 14.7302
85.0631 15.2255
60.2764 15.4016
60.2764 14.2371
63.6465 14.3324
56.4428 14.9091
55.2128 14.7834
61.6412 14.8268
52.2061 15.1291
52.2061 15.3896
47.3054 14.0055
47.3054 15.2759
53.2314 15.1026
57.1106 14.2156
57.1106 13.9951
60.3256 15.0515
80.5269 15.2362
89.6624 14.7591
95.1537 14.9325
94.3836 16.0682
105.755 14.9618
107.755 15.7909
108.942 14.4503
91.1163 14.8035
86.1363 14.9962
88.4931 13.7675
84.9629 14.1277
90.8016 14.7834
90.8016 14.6335
102.124 15.5303
102.124 15.3143
95.4756 15.2282
88.6739 14.06
85.2619 14.7782
77.2882 15.2405
75.2925 16.239
74.0167 13.9801
73.9611 15.7091
76.5897 15.3783
62.9869 16.0902
54.0902 14.8924
62.6757 14.3268
66.5587 14.7883
63.0888 14.4298
62.5544 15.2426
65.8337 14.1061
63.2705 15.7082
69.731 15.3688
75.4537 15.2642
96.9015 13.7436
105.267 14.4259
95.11 13.9658
90.5503 15.2061
90.5503 14.698
85.7904 14.9153
85.0033 15.1101
85.9472 15.4259
91.1184 15.3295
90.8232 15.0883
93.7259 14.1065
93.0519 15.6692
96.8205 14.8315
90.8515 15.3731
90.6502 14.1503
96.7483 15.2123
102.906 14.9465
93.0144 15.3278
90.8588 14.7798
93.1505 15.9249
91.3044 14.6038
92.6178 14.7714
103.573 14.5758
105.23 14.9361
110.27 15.1354
98.9535 13.8662
98.9274 16.3993
100.676 14.6111
99.7307 14.4907
112.936 15.051
119.305 15.2664
123.368 14.9946
137.842 15.0911
161.027 13.5624
160.23 14.9553
159.028 14.7062
134.955 14.312
114.599 15.4601
107.939 14.7206
109.993 16.5549
115.947 15.2567
110.069 15.307
104.354 14.7971
86.6351 14.6948
77.7137 14.2956
75.3103 14.7142
79.3447 13.9078
82.1919 15.0217
69.6072 14.9905
72.9766 14.3134
71.4308 15.1644
64.4628 15.1956
62.7154 15.3654
76.0938 15.2109
84.4715 14.8812
81.0144 14.7398
79.2575 14.7604
101.007 15.0926
94.844 14.2801
97.4868 14.3982
97.4868 13.6324
111.623 14.7206
114.359 14.5188
103.878 14.6193
107.744 14.7197
120.041 14.4758
131.229 15.2925
124.109 14.7256
126.185 14.6511
119.329 16.2795
118.619 15.0688
131.876 13.942
112.683 15.392
99.4659 14.805
98.2779 13.6534
106.309 14.9877
109.444 15.9436
120.067 14.989
123.608 15.0032
125.547 14.948
119.608 14.0493
109.341 14.6961
95.6622 14.3204
100.591 14.5952
90.5935 14.6582
86.6384 14.4752
77.0901 14.3104
76.2211 14.7817
74.6119 14.819
83.9274 14.5358
74.066 14.824
74.066 16.004
74.066 13.4641
71.4864 13.9996
70.7762 14.6784
81.5028 14.6284
86.6001 14.1106
83.7139 14.9104
87.6722 14.3539
78.2695 14.9474
73.9189 14.8291
71.494 14.1315
68.8433 16.2459
83.5069 15.2363
81.2353 14.4364
70.5048 14.346
72.1126 15.4921
60.5861 14.789
64.8215 14.5158
67.4527 15.0197
66.6594 14.0099
74.2394 14.0881
66.5084 14.4341
63.2801 13.8307
59.9311 14.8621
56.2483 14.481
56.2483 14.3575
60.4912 16.1487
59.4721 15.851
64.9977 15.6875
64.9977 15.0737
64.9977 15.4871
65.738 15.7188
70.9532 14.4044
72.1529 14.4612
80.0164 14.5845
84.65 15.3197
80.3267 15.4538
79.5547 14.745
73.3799 15.2119
75.4193 14.1032
84.3753 15.4085
81.5808 14.4646
77.6515 14.225
65.1944 14.8635
50.4055 15.4897
53.3078 14.1415
59.3739 14.8246
61.7286 15.2076
73.6828 14.704
76.759 16.1132
81.742 14.904
80.4282 15.3462
84.7162 14.2245
77.7328 14.3972
79.9209 14.187
81.289 15.1144
75.2921 14.8838
76.825 15.7553
62.4782 14.162
64.6831 14.6348
60.7591 14.6488
52.5743 16.035
53.2897 14.7037
48.7864 14.1683
46.7712 15.8241
46.7712 15.8707
46.7712 15.2034
51.5158 15.2851
54.5215 15.0012
92.9649 15.7637
123.226 14.862
118.998 15.3571
116.278 14.5469
122.649 15.7152
119.287 15.0442
102.967 14.3929
91.8492 15.4043
87.9865 14.4171
90.4559 15.5594
93.5315 14.6721
91.072 15.1784
86.4719 15.0613
82.4885 14.4439
72.493 15.2412
64.5034 14.8733
64.5034 15.7775
63.755 16.2434
63.755 16.0785
63.755 14.2899
63.755 16.0851
64.4769 14.3166
64.4769 15.5455
66.2521 13.7561
63.0103 14.7628
63.0103 14.2236
66.3263 14.9369
66.4029 13.8415
64.1634 15.4082
62.9544 15.3553
75.8176 15.3306
77.8357 15.2632
79.6769 14.3764
83.556 14.4952
83.7981 15.6912
92.594 14.4959
90.5542 15.0632
84.6587 13.4398
84.3799 14.4166
85.4383 14.1086
86.1071 14.0258
76.4738 15.2484
78.7355 14.0495
79.6505 15.9766
89.552 14.6537
92.6484 15.4834
75.4462 13.4894
79.8119 14.1633
81.2882 14.9354
84.1982 15.0927
92.797 14.6578
97.5483 15.1763
103.326 14.911
117.908 14.7281
110.966 14.5087
110.966 15.3194
102.361 13.6546
93.9599 15.3328
90.6295 14.5942
90.194 14.0052
96.8481 14.4003
83.1596 15.4466
91.2186 15.8392
102.497 15.2253
116.427 15.114
111.682 15.0027
113.855 14.7868
106.572 14.9996
118.509 14.8546
121.866 15.3121
115.325 15.0611
126.097 15.855
146.496 15.2192
143.188 15.5048
138.31 15.0596
127.901 14.8164
149.486 15.1281
163.61 14.7445
161.056 14.5771
161.056 14.5054
161.056 14.4174
173.241 15.8248
173.241 14.3185
173.207 15.0063
187.295 14.9275
198.997 14.7927
147.718 14.6109
147.718 15.2558
148.303 15.7132
137.148 14.8164
137.148 14.4833
125.925 14.783
125.925 14.0608
127.179 15.4298
119.449 15.1267
119.461 15.0001
121.222 14.907
121.222 14.9819
120.969 14.7815
112.702 14.5694
102 13.9841
115.294 14.0287
101.307 14.957
101.307 14.4735
108.419 15.0997
103.905 15.5615
96.1161 14.6455
91.0001 15.1488
86.5098 15.4276
102.865 14.7694
90.158 14.72
86.594 14.6142
86.594 15.2616
84.9849 15.7393
73.8979 15.9675
78.1765 14.3758
74.7816 14.5203
73.8754 15.2759
68.3292 14.9427
60.3841 14.0353
60.3841 14.527
69.5135 15.089
64.58 13.8543
63.0398 14.675
73.7798 15.5018
76.487 15.3387
88.8174 14.9131
88.8174 14.2845
80.7345 15.0245
69.5367 14.506
70.6278 14.5629
69.4035 14.9351
76.1739 14.7143
69.666 15.5694
83.0018 13.684
78.5504 15.4854
79.544 14.9328
82.7823 15.317
85.7528 15.3332
97.8783 14.9406
98.2944 15.3124
92.546 16.183
99.1069 15.2297
74.7645 13.9611
71.1323 15.4455
76.6401 14.5046
60.7501 15.7902
61.9433 14.7522
62.328 14.8813
55.0371 15.8435
57.6702 13.7882
64.9687 13.6272
66.3996 13.9777
69.1533 14.6917
68.7084 14.2665
63.269 14.6154
65.0533 14.7901
69.2645 14.0483
63.4009 14.3682
67.0044 15.6589
88.8452 15.1166
94.4408 15.0665
93.7174 15.3188
109.72 14.1023
108.205 15.8755
105.642 14.9352
108.751 15.2704
119.643 15.2049
106.215 14.712
94.0135 15.1419
89.9888 14.7275
87.8779 14.8799
85.7073 14.6632
82.933 14.6191
74.5983 15.7115
72.8802 14.8591
68.6386 14.7751
65.8948 14.3487
67.6255 14.5011
73.2111 14.9468
67.5514 15.067
71.9097 15.4361
65.7937 15.5651
74.9863 13.9913
72.4934 14.341
71.2573 15.2802
72.1969 14.4999
69.4027 14.3265
64.2769 14.1591
72.5834 14.4407
68.0992 15.1446
76.131 15.1221
73.7302 14.9134
73.3279 15.0177
70.3247 14.6583
79.2549 15.9176
80.1383 15.0166
85.2994 15.6753
79.274 14.6408
78.7512 14.2818
73.8762 15.4144
76.4293 15.6218
78.5389 14.5712
78.5389 15.2914
83.7393 14.7887
99.4441 16.0795
87.2371 15.3049
83.4874 14.2895
83.1144 15.1565
83.0504 14.6374
87.9288 15.3703
90.0928 15.6474
100.469 16.2951
97.3579 14.8748
112.043 14.8555
102.91 14.6983
117.635 15.0136
101.68 14.8329
94.305 14.8112
96.4526 14.8058
109.183 14.9517
109.183 14.6583
93.689 14.6461
83.7137 14.3963
94.6815 15.0819
98.3686 13.9535
100.082 15.1604
102.805 14.4231
106.284 14.8866
115.845 14.6788
121.82 14.3963
97.5403 15.2311
106.892 14.5465
108.061 14.3363
81.6284 14.0681
78.9339 14.4154
90.2423 14.3902
94.0229 15.2094
94.4371 14.8522
93.8144 14.7967
98.6867 15.9545
91.9995 14.8449
82.6684 15.4164
80.9394 14.6072
81.8122 15.188
85.6104 14.8801
90.7428 14.1116
104.295 15.6266
105.654 15.2239
97.066 15.823
125.55 15.5406
130.378 14.9692
138.159 16.0284
114.86 15.3356
114.132 14.5843
114.132 15.1065
131.011 15.3464
139.458 15.4818
127.25 15.8737
111.08 14.7524
117.338 15.5517
112.103 13.9027
117.152 15.7304
122.483 16.0868
132.99 15.2114
135.526 15.0604
108.361 15.043
109.011 15.0495
111.515 14.223
136.834 15.2889
134.418 15.574
145.807 15.4427
107.205 15.7486
95.5401 14.9282
106.779 15.196
103.471 15.1195
103.471 14.0938
82.8309 14.5895
95.7528 14.5054
84.8879 14.4069
87.7316 14.839
83.8225 14.633
72.5177 15.6306
79.2582 14.4717
77.3605 14.7979
71.8308 14.1428
68.5755 14.1751
80.2515 16.4642
84.7354 14.5191
104.412 14.9441
93.6447 15.244
94.1489 14.4853
90.3966 15.9973
95.3173 15.3458
105.871 14.1774
106.99 15.5633
102.055 14.9435
115.201 15.2755
105.656 13.7968
88.7686 14.5272
88.9974 14.7251
78.6694 15.5832
78.6623 16.5419
70.288 13.9288
80.3065 14.8443
76.6542 15.1983
99.5782 15.1782
104.697 14.0657
112.414 14.8402
115.544 16.0504
106.744 14.3207
112.017 16.0046
100.642 14.5766
112.347 15.7361
94.9525 14.0492
78.7059 15.2867
75.9289 15.5848
75.5867 14.2333
73.9324 14.8334
75.4386 15.6637
78.0249 15.2869
81.1642 15.4043
81.8522 15.3404
76.2192 15.787
78.9785 14.5658
66.2375 14.7604
76.3402 13.9674
65.9631 14.8513
69.9861 14.796
69.9861 15.1334
73.8398 14.5171
74.1455 15.1214
88.6949 14.4746
78.2307 14.9183
78.2307 15.5577
75.0521 14.6399
81.251 14.3384
86.2591 14.2697
79.1003 13.9121
69.7217 13.8301
63.7384 13.9824
68.4794 14.1453
71.369 16.2169
76.7846 14.413
81.3508 13.9089
75.4893 14.4139
75.4893 14.9927
75.436 14.8801
75.773 14.3481
79.1889 14.2591
84.0444 15.31
85.9828 14.7751
83.3359 14.875
80.0554 14.751
73.3236 15.9389
85.6394 15.8169
100.717 14.9993
89.017 15.1955
97.3581 14.6853
97.1523 15.3682
82.8448 15.2097
85.8077 15.1929
89.8509 15.5759
89.2953 14.3203
80.6365 14.9322
86.7042 14.7215
92.5023 14.4235
90.1464 14.5099
76.1315 15.1927
79.5766 15.2364
80.0925 14.6066
77.7423 15.3932
73.9112 14.7024
69.1395 14.4577
69.7857 15.517
69.7857 14.6354
69.7857 14.1625
70.6585 15.7016
67.7662 14.3615
77.8192 15.5297
72.6656 14.8655
76.0714 14.9455
71.2454 14.9425
73.9813 15.1884
85.9728 15.1244
78.6085 14.4404
78.9816 15.2041
79.075 15.1339
80.3063 14.246
67.9564 15.6311
69.9996 14.9641
82.1627 14.4465
77.5965 14.4434
69.8445 14.5634
61.0492 14.1473
76.0678 14.1469
65.2921 14.5761
66.12 14.8292
63.2545 14.6442
63.2545 14.8005
72.405 14.4669
75.5495 16.4345
80.0393 14.1568
74.8504 14.4375
86.147 14.2552
80.4843 15.4007
94.174 15.1566
88.6458 14.1453
87.2766 15.2307
86.466 14.8372
92.1906 15.4671
81.4574 15.3393
83.5423 15.2379
94.5713 14.5024
103.823 14.6213
97.7782 14.6027
91.9902 14.6259
90.2441 14.789
102.031 14.5781
98.3784 15.2215
107.332 13.8978
104.431 14.4271
100.684 14.4637
105.349 14.6072
105.418 14.6671
105.418 14.2183
119.11 14.464
114.84 14.5097
114.84 15.0044
107.284 14.4552
105.969 15.9534
109.034 14.3399
109.977 14.2312
73.0631 14.8076
81.498 15.3438
82.5958 14.3083
77.3518 14.7604
70.7205 15.5408
70.9909 15.1967
70.3059 15.5259
83.8298 14.4568
93.0095 15.0247
100.558 15.1711
94.3306 14.8469
77.7465 13.3355
60.2923 14.5202
69.1805 14.7537
75.3676 15.4898
77.7989 15.7475
77.8155 14.6711
80.3736 15.1113
79.5665 15.6159
81.161 14.7465
94.4423 14.5298
96.0739 14.7093
91.8769 15.1977
91.5333 14.9464
104.584 15.8347
106.369 15.1477
103.041 15.0232
107.112 15.0583
103.06 15.8819
91.375 13.5962
95.7464 15.6342
91.0877 14.118
83.3459 14.5457
85.7427 14.3612
90.8147 14.9377
98.9915 15.0272
112.725 14.8109
122.009 14.8682
125.209 15.1454
127.761 14.4105
107.767 14.8464
108.56 15.4952
72.6156 14.3081
70.2531 14.9629
68.6258 15.8284
57.3585 15.7824
56.1486 15.8648
53.5701 14.5262
52.8824 14.1593
52.2605 13.992
57.6403 14.2467
60.5554 14.7149
57.711 14.9145
60.914 14.7719
60.914 14.4589
65.6675 14.9435
67.8148 14.7282
71.6423 14.4507
65.4084 14.5859
65.4084 15.2534
65.4084 15.8431
68.0041 14.7214
73.8187 15.5917
70.4321 15.5372
79.7075 14.9831
76.4881 15.5713
101.009 14.7434
99.3396 14.987
99.0042 14.159
90.8783 14.7293
93.0931 14.7789
101.375 15.1202
112.462 15.1086
116.594 15.0582
126.055 15.2467
128.677 16.3214
118.292 14.8141
121.091 14.8392
112.46 14.786
95.5925 15.2608
78.9331 14.7819
74.4145 14.1706
68.1796 14.5941
72.7771 14.6001
107.016 15.5822
113.721 14.3037
87.4022 14.3692
101.699 15.8795
71.6224 15.1979
82.1526 14.7372
72.9269 14.155
71.2701 14.4798
71.8486 14.5131
75.9321 14.351
68.0677 16.0362
76.236 14.9643
89.0552 14.0088
86.3574 15.5273
92.0397 14.7394
105.27 14.9188
99.0056 14.8881
89.5994 14.5856
93.3755 14.2257
80.5867 14.6828
82.9637 14.3392
76.8747 14.0055
83.8302 15.5498
91.1531 15.2297
80.5869 15.18
85.2313 15.2286
80.9616 15.0944
90.637 14.5733
82.3343 14.0569
80.1631 15.1957
77.4613 14.2778
69.1082 13.7377
67.4661 13.5441
66.1019 15.4001
65.6324 14.4015
78.0686 15.4948
77.1407 15.1858
85.7883 13.7573
75.6252 15.3447
77.5485 15.3007
75.9763 14.3257
78.5219 14.3112
63.7486 14.0216
60.2779 14.4941
62.3315 15.9191
66.7799 14.9267
65.4848 15.8383
67.9238 14.2398
73.1741 14.8218
77.1262 13.8282
78.3279 15.7323
82.8163 15.8606
94.8429 13.9497
84.1956 15.082
88.9103 15.211
75.2749 13.2991
73.1549 15.7068
85.2366 15.2585
92.4697 14.4418
87.7309 14.6237
75.4324 13.9127
79.0461 15.1757
79.4904 15.4364
87.2777 15.0113
91.1367 13.6762
77.5167 14.3911
84.9757 14.7427
91.1684 15.1241
101.942 14.954
99.5797 14.8568
102.139 15.1336
88.2577 14.7398
92.1973 14.3507
97.22 14.5709
87.6427 15.2453
82.6058 14.3989
82.7847 14.0627
81.7888 15.4788
98.2144 14.4432
107.838 14.7551
108.211 14.3844
110.13 14.3936
109.406 14.6016
109.549 14.5384
102.33 14.2775
99.3878 14.5603
82.2904 14.0687
90.1837 14.8113
103.672 14.8676
103.447 15.3295
108.965 14.4735
98.41 14.7108
87.3665 14.7024
96.6174 13.5397
94.5312 14.5949
96.4266 15.1958
94.6881 15.889
92.5056 15.5073
78.5434 15.1059
82.4725 14.9835
89.482 14.9801
103.193 15.3994
112.645 14.572
112.129 15.0208
129.591 13.9326
134.071 13.9197
136.03 13.9112
141.614 14.2707
118.835 14.3934
122.104 15.7762
146.039 15.7894
137.091 15.013
126.412 14.6552
116.452 14.7055
99.3865 13.8685
100.162 14.4925
102.631 14.8539
104.006 13.9904
126.72 15.0494
123.22 15.0158
123.697 15.1796
113.461 15.0958
90.5402 15.1168
96.6277 15.3604
89.0335 14.1509
91.4134 14.9957
88.6328 14.4435
91.7388 15.0553
89.901 14.7679
95.2889 14.8669
109.084 14.6486
108.856 15.268
112.589 13.4742
108.555 14.676
116.193 15.1178
121.671 15.6873
116.126 14.93
136.058 15.0981
127.11 15.8233
140.074 15.3553
137.24 14.7919
116.075 15.0162
83.7 16.1085
77.8931 14.3466
82.261 15.0715
77.7139 15.8971
72.7817 15.7991
69.5124 15.0154
67.2909 14.9502
67.2909 14.8066
67.2909 15.0591
73.8221 15.6708
70.5362 15.2788
76.4657 15.6054
68.1316 15.5074
71.0824 14.8383
74.6765 15.2629
73.5489 15.3045
69.1651 13.8804
60.1139 15.0428
63.6816 15.1566
49.3608 15.7797
49.7238 16.1249
47.4548 15.4627
53.2728 14.9349
57.096 15.1156
57.096 15.6326
68.1483 15.4977
64.6345 16.0554
61.6058 14.6936
61.6058 14.4592
63.6424 14.9616
62.152 14.8329
74.7 14.12
110.494 14.7732
119.283 13.3959
117.429 15.3957
116.589 14.5104
111.155 14.264
129.854 14.5036
125.707 14.2527
172.552 15.3073
183.101 14.9992
189.055 14.2144
189.055 14.4315
196.674 14.2454
173.913 15.3066
138.548 14.9572
118.518 16.2645
113.652 14.7827
119.189 14.8799
121.748 14.7964
129.507 14.7891
140.808 15.8962
129.465 14.8561
150.836 14.9425
141.132 13.9619
122.843 15.3644
125.211 14.9932
123.574 14.3575
109.188 15.2506
108.312 14.8038
93.1934 15.5397
79.281 15.0054
93.9373 14.4459
84.0983 14.9953
84.8274 14.4436
88.8783 15.1651
86.569 15.7941
71.2796 16.0911
79.8168 15.4691
80.6993 15.098
86.6836 14.877
92.7489 14.2377
81.8235 15.2642
76.0118 15.3234
74.0905 14.5677
66.325 14.4892
76.043 15.133
85.519 14.8321
90.4691 15.3099
111.64 16.1882
99.0521 16.0216
103.636 15.016
110.536 14.7522
110.536 15.0246
110.536 15.045
106.443 15.3304
118.031 15.2489
99.1781 14.9148
85.6481 15.0911
108.188 14.3654
111.661 14.7203
110.376 14.556
89.3585 15.7424
101.895 15.0934
84.5176 15.6762
76.3142 15.6891
73.1903 15.1949
73.0999 15.3859
73.0999 14.9939
76.1699 14.7728
71.8685 15.0793
71.9796 15.9598
71.9796 15.5279
65.6175 16.1042
60.3256 15.5993
62.5527 14.4527
59.159 14.5955
74.0539 13.7706
79.9723 14.3493
79.9723 14.4665
75.4323 16.2481
74.6167 14.0905
78.3665 14.4392
75.7024 14.3208
78.9444 14.3004
81.5114 15.3022
69.1129 14.0696
68.2739 15.1586
71.4379 14.3914
65.6481 15.2644
67.9298 15.276
57.5256 15.4625
56.7032 14.859
56.7032 13.8373
56.2429 15.2248
56.2429 14.9053
56.2429 15.5996
56.2429 13.0823
54.6201 15.0343
55.4393 14.9846
55.6774 14.6735
53.8549 14.5129
52.2544 14.8621
56.5732 14.6161
66.8223 14.9163
68.8511 14.224
73.8045 13.5974
68.7207 14.1048
71.477 14.6009
78.6904 16.157
78.5009 15.0445
82.1761 15.2409
84.9606 14.2944
85.727 14.9807
85.877 16.6251
86.0886 14.4847
82.7039 15.4427
85.2346 15.669
74.5453 14.3284
75.2166 14.3303
74.4815 14.0268
72.5646 14.9859
71.5672 16.1408
64.4257 14.0569
55.7974 14.18
64.8365 13.9614
67.2838 14.8759
67.3926 15.7616
65.3246 15.4582
62.3458 15.8021
63.2502 15.1448
55.6972 15.7509
57.02 15.6026
56.1927 16.8076
56.1927 14.5989
56.6644 15.7531
51.9761 14.497
46.513 15.0687
46.513 13.8084
46.513 15.2317
46.513 15.4093
46.513 15.4078
46.513 16.1523
49.3079 13.9225
49.3079 14.6139
49.3079 14.5664
49.3371 14.8337
56.4384 14.7125
62.5137 14.5128
59.7983 16.0157
61.3112 15.1323
64.0882 15.4055
64.0882 14.9482
62.3214 14.5014
65.7853 14.4237
68.718 14.565
68.718 16.2459
71.907 14.8182
71.907 14.4994
73.878 14.8345
81.2117 15.6718
79.2893 14.9221
79.9774 14.0543
96.2649 15.2068
87.6439 15.0751
83.3275 15.7479
84.067 15.2847
85.5163 14.8619
91.4247 15.2809
93.4392 15.4513
68.9354 14.4793
62.815 15.5716
65.1083 15.1974
62.202 14.7231
62.202 14.4583
53.9131 14.623
53.9131 15.6012
59.0552 14.7397
59.0552 14.9734
61.0579 14.9216
61.0579 15.0572
62.8959 14.9997
71.9236 14.4762
73.9774 15.8564
80.2193 15.5396
80.6707 14.6659
81.3085 14.6648
77.0344 15.4485
70.2702 15.7128
69.1319 15.0278
72.5869 15.0802
65.1655 15.3718
69.1544 15.2118
73.5066 14.9538
72.4474 14.7397
79.5046 13.6413
65.2551 13.1639
65.0631 15.5759
65.7449 14.5809
74.1224 15.5467
80.5085 14.3186
83.7055 14.7002
80.4807 14.5048
73.2295 14.9278
86.6579 15.2876
77.4508 14.6254
76.6926 14.7799
73.6168 15.2621
83.399 14.8676
84.3807 14.8989
79.4479 14.2302
77.1887 14.5789
77.1887 14.4562
81.7067 14.7334
83.0014 14.0671
88.7586 14.7079
79.4968 15.7225
82.8502 14.8752
88.347 13.7036
83.1511 14.2303
81.0264 14.9825
73.3729 14.647
94.1454 15.3178
94.1454 14.3892
79.03 15.4448
79.03 15.7953
73.9585 15.3877
86.4711 15.4952
88.2107 14.7099
88.4077 15.4288
106.843 15.2921
94.1265 15.2545
82.2888 14.1255
82.2888 15.2581
87.6007 15.945
99.78 15.0808
86.2099 15.6904
121.958 14.5917
108.546 14.5528
104.223 13.5524
113.628 14.2798
95.9636 14.235
100.062 15.82
100.041 14.7929
94.1973 15.889
83.8534 15.0948
85.5871 15.3602
86.4543 15.312
89.2813 15.5307
76.8991 14.4913
73.5762 15.8461
69.2396 14.0284
75.209 15.9445
78.2573 15.1527
88.5764 14.8618
84.0715 14.3846
80.8663 15.5941
82.9999 15.748
77.9944 14.6001
81.5417 14.9288
88.568 14.2803
105.083 14.9016
105.083 15.3348
109.048 14.6653
104.134 14.8834
105.247 15.0949
107.126 14.5463
98.6411 15.044
92.5428 14.0252
91.5482 15.1102
94.5704 15.5362
94.7204 14.6222
90.9146 14.7363
83.0396 14.3476
74.0052 14.464
72.6158 14.7735
72.0476 14.7025
73.6344 15.2077
87.0221 14.8729
86.2583 15.2351
85.9267 15.8041
85.3981 15.3898
93.6207 14.6392
119.248 15.1981
90.9949 15.4021
117.758 14.616
117.758 15.2322
111.161 14.7597
105.042 14.4337
96.5994 15.2053
94.559 15.2277
80.6852 14.5073
77.5667 15.9454
84.2626 15.5205
80.0516 14.435
106.848 14.7731
109.685 15.6664
119.722 14.256
109.698 14.8242
99.5652 14.9573
111.993 15.0727
97.6884 14.4112
93.4038 14.2182
96.1249 14.8111
99.826 14.7015
113.064 14.5188
106.947 15.2461
119.279 15.2364
133.05 15.0924
134.228 14.9749
98.7301 13.9174
110.516 15.2164
109.85 15.2245
87.3954 15.1909
83.5707 14.5988
75.8282 14.4874
97.8406 14.679
86.5627 15.2521
89.8047 14.5953
79.774 15.219
78.6577 15.2602
79.2622 15.4742
90.4106 15.2131
88.0768 14.428
83.6089 14.8108
81.922 15.4518
82.757 15.3186
88.4796 15.4848
71.5243 13.3071
85.6295 14.5746
84.8356 13.4805
84.5375 13.8284
82.8805 15.0266
103.622 15.6373
104.04 14.9059
124.181 13.9009
95.7077 14.6847
90.7127 14.3091
88.2335 14.5563
84.4062 15.5347
77.3238 14.367
93.1047 15.3858
93.1047 14.5364
85.1297 16.0129
90.3144 14.5665
86.8178 14.6191
86.801 14.9221
85.8189 15.1671
94.39 15.1393
91.6478 14.7461
93.8456 15.1064
106.127 15.1296
106.127 15.3559
100.985 14.1662
104.688 15.1338
83.4374 15.0186
85.3617 14.6288
97.074 14.5969
97.074 15.5363
97.015 15.2922
94.3963 13.9522
82.3287 14.0313
80.6596 14.6413
92.113 15.3561
85.4831 15.3968
79.2509 15.2121
87.086 14.6901
92.309 14.0563
82.4639 13.6139
88.0791 14.5456
86.7587 14.676
109.183 14.2826
108.472 14.7645
123.665 15.2362
99.231 15.5258
91.4054 14.4744
91.4054 14.6736
90.6954 15.1912
98.8144 14.5709
98.8144 14.6832
96.2337 14.5327
96.6894 14.8475
110.994 13.9666
106.019 14.5375
108.129 14.5223
111.373 14.2173
124.678 14.4105
124.678 14.4951
110.928 15.3404
103.987 14.446
109.282 15.057
106.614 15.681
114.05 14.8527
91.6449 15.3084
90.3226 15.0242
86.3013 14.3236
88.973 14.3789
74.3627 14.4139
71.7067 14.0563
80.1384 14.5521
85.2477 16.185
98.9609 14.3598
102.017 14.8786
101.131 14.627
90.4264 14.7485
91.8803 15.0606
87.3807 14.5019
88.383 13.3064
79.6624 13.8869
87.5615 14.5754
88.8102 14.9397
93.6564 15.0912
91.4371 16.1354
91.5112 15.2227
89.3485 14.8407
88.1455 15.3559
90.9114 14.3404
93.8289 14.1462
82.7693 14.6615
70.4221 15.8966
73.3804 14.3475
81.9531 14.5595
80.256 15.7457
82.5858 14.9229
85.3844 15.2809
100.159 15.4013
105.677 14.48
109.139 14.9603
113.072 14.9624
107.771 15.0236
102.063 14.25
108.346 16.4406
117.232 15.3901
106.694 14.1916
123.004 14.7696
105.871 14.599
94.4781 14.7672
105.469 15.3057
96.344 15.352
98.6661 15.8223
99.1234 14.3395
80.3457 14.6211
88.2228 14.2395
83.2292 15.0773
88.2127 16.0088
77.8651 15.2277
81.0997 14.2354
86.0587 15.8021
75.8461 15.9907
71.3483 14.4237
67.0937 13.8755
67.3877 15.1437
63.4307 15.1631
64.6346 16.1783
63.4421 15.1716
62.9987 15.2091
60.0526 13.9373
57.1992 14.4001
57.1992 14.6861
63.9184 13.467
62.2925 14.4518
65.1322 14.501
67.2242 14.5822
61.8823 15.217
61.8823 15.9893
57.3503 14.4167
59.9181 14.85
68.7116 15.3271
68.0787 14.7612
74.4918 14.3281
78.5397 15.8523
70.7283 15.4612
78.0296 14.9427
78.408 14.1527
84.3139 14.7284
84.2242 15.8079
74.4729 14.5405
90.1804 15.3178
86.3141 14.7435
82.7273 15.5723
75.0831 15.1182
72.5077 15.0856
83.1797 14.8227
77.1993 14.9874
80.057 15.1832
64.9182 15.2783
64.9182 14.3866
65.0079 15.2236
75.9685 14.9408
69.7324 14.3018
66.1221 14.8458
62.1792 14.7803
62.1792 15.4761
71.4485 15.0133
74.6537 13.8633
67.1141 15.3782
69.7909 15.3152
70.8542 14.7497
80.0015 15.2336
81.9641 14.516
73.537 14.6626
92.8987 14.6361
72.8841 16.1423
70.2329 15.4595
67.2766 15.6193
68.2568 14.7576
70.0156 15.2763
67.4276 14.6488
66.8742 15.1637
70.1507 14.9325
75.1922 14.5924
90.7101 14.5585
85.3087 14.6195
77.6095 15.2578
77.6095 15.575
83.6638 15.2187
91.131 15.5643
97.195 14.1626
84.0956 14.2966
85.6137 15.6843
84.6033 14.6592
75.082 15.4268
75.082 14.7567
77.3549 14.7681
94.1504 14.2247
92.9175 15.2351
90.29 15.1847
104.159 15.0417
104.159 15.4547
104.159 14.5821
104.939 15.3806
118.371 13.4959
106.228 16.0531
136.961 14.4502
149.405 15.2383
116.623 14.2596
90.0726 14.697
101.018 13.9518
115.823 14.6658
121.313 14.2902
121.313 14.6183
104.88 15.0365
85.1084 15.478
93.5783 14.8625
98.223 14.8489
105.925 14.4198
82.9572 15.333
78.6162 14.4945
63.5117 15.2692
60.1591 15.2928
58.9562 15.1386
68.9703 14.0342
65.3137 14.7173
68.3439 14.6316
64.3653 14.5432
55.7906 14.8211
59.9168 15.3703
64.0421 15.3327
60.6925 14.5101
62.6839 15.3843
68.2667 14.6018
66.2341 15.1911
65.9275 15.4577
65.9275 14.804
74.6886 14.1579
74.6886 15.5754
69.7295 15.9443
68.3182 14.2684
64.2993 15.686
66.2485 14.2207
65.8927 14.8848
69.9221 14.7137
69.9221 15.3938
75.7393 13.4862
75.9618 15.0865
75.9618 14.6178
66.1352 15.076
55.4259 15.2302
54.1599 15.084
48.4711 14.369
48.4711 14.9429
48.4711 14.9827
48.4711 14.4793
48.4711 14.667
48.4711 16.0982
48.4711 15.3507
50.0257 16.0601
50.6377 15.6883
58.5878 15.1038
59.7905 15.0796
68.5399 14.2278
65.69 15.5371
71.5956 14.7997
78.8062 15.2156
78.8654 15.09
77.911 13.7605
77.9935 14.9691
82.3182 14.7444
79.0859 14.6175
80.6636 14.6485
81.7227 14.8538
85.1675 15.1339
84.0268 14.79
78.6529 15.5114
77.4555 15.0523
81.9768 14.8778
74.7464 15.0753
68.9757 14.5231
62.3097 14.9673
62.8912 15.5688
72.3812 15.5077
70.0676 15.424
69.4112 14.7648
65.9486 14.8889
54.687 15.1327
64.8243 14.0796
67.6168 14.8813
59.0688 14.7717
53.9815 15.3741
53.9815 14.6163
53.9815 14.9988
52.0945 15.4023
53.7215 14.5197
53.7215 15.1411
53.7215 14.6814
56.9038 13.0473
56.9038 13.2786
68.8776 14.8605
68.8776 14.926
72.1184 14.101
67.9841 15.1872
68.9022 15.1417
68.9022 14.6377
69.6529 14.0707
66.6855 14.3906
67.3404 14.3755
63.7142 15.4524
65.6525 14.8969
61.5807 15.576
67.1187 15.0511
63.2941 14.3399
63.2941 14.7693
63.2941 14.3068
89.3591 14.3938
93.6357 14.606
99.6817 15.1265
98.1942 15.2102
100.696 15.0161
113.798 14.7651
100.267 14.3718
104.871 14.4681
126.663 14.4214
129.487 13.9475
129.487 14.6705
136.108 15.4314
144.108 14.8391
145.406 14.4709
139.375 14.6785
125.579 15.354
122.253 15.2957
103.651 14.6739
100.956 14.8009
85.3308 14.2488
99.0429 14.4502
90.5842 14.8794
98.6833 14.5954
92.9694 14.699
102.911 16.0475
94.7457 14.9542
97.6609 15.2831
100.828 15.0554
98.7529 14.9852
82.5894 14.8758
94.0298 14.4404
99.8494 15.6258
99.458 13.7797
104.63 14.156
118.773 14.6792
118.773 15.6415
102.979 15.5623
107.985 15.4947
105.648 15.3048
100.168 14.4867
103.877 14.3287
123.685 15.2199
127.38 15.1072
127.38 14.7006
121.036 14.0703
131.687 13.5262
116.357 13.6164
86.4468 13.8265
109.312 15.6691
110.484 15.2638
112.732 14.8773
113.171 14.7458
107.748 15.3082
101.424 15.4558
99.599 14.5438
92.0304 14.3453
82.0691 14.2494
83.0624 15.0097
81.7071 15.3075
75.7194 15.3669
74.5929 14.8365
88.2695 14.9692
81.1098 15.1105
76.9807 14.685
87.9965 14.3279
89.4259 14.9441
84.4588 14.7685
68.3213 14.7441
73.3155 15.4377
66.2937 15.5433
72.9864 14.781
65.0691 15.1287
60.4906 14.9932
76.2546 14.8394
62.0239 15.4965
62.0239 15.0398
63.4643 14.6944
59.9921 14.8893
64.7587 14.9645
66.0965 14.6148
67.7538 14.6344
72.717 14.4625
75.1606 14.2588
74.0498 14.4264
69.3613 15.6751
76.9145 14.912
81.3201 14.7572
89.8741 14.9531
87.1595 15.2994
93.3569 14.5616
99.4508 15.0031
115.448 15.0592
104.491 14.8298
91.1769 15.516
115.704 15.8815
110.625 15.3726
100.612 14.3768
94.3746 14.2975
94.9969 13.6736
90.6468 15.9855
89.6864 14.6638
96.9885 14.5466
97.9265 14.4379
100.054 14.116
88.4911 15.5962
78.1958 14.2371
84.0594 15.3581
83.575 13.8653
74.5514 14.2422
89.1223 13.4214
77.7597 14.2693
86.6273 14.3459
85.161 15.8663
82.4477 14.8643
91.8918 15.2657
95.389 14.9476
102.888 15.9293
99.163 14.4589
109.007 14.1137
117.935 14.7999
126.341 15.8961
115.181 14.2433
129.44 13.8771
118.812 14.2482
114.645 15.3169
98.2779 15.5689
94.2736 15.0001
78.8835 13.6773
93.8917 13.862
100.666 14.2958
90.6565 14.0602
82.6772 15.2643
81.6672 14.2606
84.7339 13.7683
89.4671 14.7839
72.7923 15.2642
69.8756 15.0867
64.7398 15.2193
59.8762 15.1168
61.8523 16.1673
74.3751 15.6211
74.4688 14.8773
56.7683 14.7653
53.0048 13.9942
58.2926 14.3953
56.9841 16.4008
56.9841 15.236
62.0222 14.4544
62.6727 14.8639
62.6727 14.7413
62.6727 14.2906
62.6727 14.2052
71.9386 15.0159
71.9386 14.8452
68.5185 15.2639
68.5185 15.4237
68.5185 14.879
68.5185 14.523
77.1126 13.8733
83.9001 14.8777
91.6153 15.9883
83.4195 14.8108
113.711 14.3262
114.584 14.8861
124.276 14.0975
122.256 15.1551
114.111 14.5692
107.853 14.345
83.2629 14.4901
77.401 15.0482
75.8643 14.8404
76.9264 14.897
90.7867 15.029
87.2585 14.8604
89.3558 14.4343
91.4811 14.3905
98.0999 13.9112
96.7884 14.1214
107.802 14.6841
99.5386 15.3444
88.7778 15.4509
89.2021 15.271
82.1583 14.51
73.3934 14.8702
73.3934 13.5773
63.3149 14.7268
59.6225 14.2077
74.4889 14.5504
65.3544 14.4457
65.2756 13.9781
66.149 15.8255
65.7573 15.5149
65.3802 15.5305
65.0688 14.6016
54.7295 14.8918
54.7295 15.3878
52.3005 14.7953
52.3005 14.7038
52.3005 15.9259
47.4126 15.4883
47.4126 15.0396
52.6048 15.8646
55.7318 14.7968
54.5818 14.0588
60.9492 14.5273
60.9492 14.6958
62.0047 15.129
58.6872 15.4142
58.3091 15.5568
64.6359 13.9804
64.6359 14.7206
70.7517 14.8525
69.4731 15.6178
74.3793 14.9497
95.789 15.1528
92.8663 14.9686
88.1403 14.4357
77.3001 14.6791
69.5006 14.8658
69.6283 16.4544
72.0153 14.4377
80.6745 15.3879
73.5525 16.0689
66.5229 15.1074
65.3967 14.9156
81.9272 14.6688
79.8595 15.4729
73.7572 14.9905
76.5758 14.399
75.6288 14.2029
76.5721 15.7214
82.0369 15.8039
65.206 15.4159
70.3282 15.1407
78.1058 14.8039
86.5225 15.0236
84.0074 14.4448
84.3021 14.3408
75.6267 14.0519
69.8304 14.0504
69.8304 15.2229
75.5699 13.4281
68.4305 14.7187
79.6992 14.34
79.9608 14.5435
87.4127 14.6204
108.325 14.4909
95.2578 13.9795
89.2585 15.5587
88.8434 16.0992
68.267 14.5319
67.2197 15.4873
71.465 15.007
79.1985 14.3803
77.9477 14.5038
80.1442 15.9291
81.2621 14.3721
115.088 14.615
119.914 14.202
118.82 14.9539
96.8394 15.1064
106.958 14.1067
95.2299 14.9004
96.4172 14.9238
93.1745 15.8645
95.4168 14.474
82.3374 14.942
82.3374 14.7707
88.5001 14.8165
84.5673 13.9131
89.6277 14.4059
96.0134 14.4987
105.26 13.9252
92.6759 13.3516
91.5005 15.4278
92.5716 15.6079
105.279 14.4932
103.394 13.7849
84.4944 15.8472
93.0307 15.2684
92.7457 14.8515
97.3975 16.0097
76.184 13.8626
80.6546 14.3569
78.6499 14.3913
78.6499 15.3433
86.2285 15.224
98.045 15.6962
104.148 15.7749
112.743 15.7658
99.2466 14.2236
106.211 15.1528
107.215 14.6944
95.8921 14.726
90.6056 15.6291
91.7758 15.7073
87.3643 14.9889
91.6552 14.7342
83.6 13.9126
73.6689 15.9369
73.0356 13.8545
68.0144 15.8024
76.9414 15.0664
78.8591 14.3493
77.0695 15.6869
82.4183 14.3661
67.03 14.5224
64.0282 14.2589
57.9245 15.1178
57.9245 15.1488
53.1017 15.4061
59.7174 15.1028
67.4177 14.4087
73.7487 14.3262
70.7289 14.7549
65.5894 14.7262
49.5784 14.95
55.5701 16.0938
55.7072 15.6564
52.7637 14.8206
51.4586 14.9684
54.2248 14.6314
56.7595 15.0515
46.3929 14.0074
41.9137 14.2822
41.1216 15.7409
41.8525 14.1633
42.6755 16.0545
42.784 15.7841
46.512 15.5204
55.6766 14.4667
54.0756 15.783
48.5773 15.1581
48.5773 14.6113
48.5773 14.5792
48.5773 14.7904
48.5773 15.6795
48.5773 15.1529
48.5773 15.0447
48.5773 14.4237
50.1025 14.3779
52.0383 13.3982
52.0383 15.6003
52.0383 14.5761
61.9869 14.6199
59.8173 14.8936
62.4146 14.5783
78.6312 15.4967
77.9277 15.4637
89.1939 15.4741
89.1939 13.9243
89.6019 14.994
78.7593 15.5406
78.6607 15.0438
77.6533 15.0422
79.7573 15.295
80.5405 15.2524
83.3924 13.9425
89.5865 14.194
88.8947 14.3658
83.2918 15.014
80.8439 15.2079
80.3553 14.704
80.3553 15.0095
81.2462 14.7605
81.2462 15.9207
100.338 15.2384
119.637 14.4779
107.859 15.5877
116.005 14.506
116.005 14.29
132.24 15.0416
123.478 14.9337
121.608 14.8592
134.861 15.092
129.711 14.6945
121.63 14.4761
117.139 14.6797
116.336 15.0058
118.768 14.6092
122.088 14.7571
113.616 13.9861
127.866 14.8213
115.926 13.6682
110.2 13.4904
114.092 14.5872
126.344 15.2684
130.721 15.0073
139.939 14.5155
155.365 14.5015
160.666 15.8743
172.772 14.7722
159.575 15.7125
126.381 15.281
128.542 15.2257
128.26 14.4521
131.481 14.2243
126.205 14.1174
121.778 15.4568
105.467 15.3915
97.649 13.5891
98.4805 14.9537
85.9951 15.6955
75.5259 14.7243
89.6848 15.0169
75.9234 14.0355
78.3047 15.5833
72.5773 15.6913
72.26 14.6842
96.7068 15.7246
95.4892 15.6682
94.8065 14.67
99.6251 14.9022
89.8062 14.899
102.479 14.901
122.034 14.9053
109.325 13.8968
88.2237 14.2936
79.813 15.2538
74.2561 15.7721
82.8178 15.131
86.224 15.5464
88.2003 14.4134
96.2602 14.4884
103.442 15.5571
87.3107 15.0961
80.6316 14.9425
73.7318 15.5029
75.0717 15.2674
70.0176 15.7961
64.6111 15.0967
65.923 14.6569
72.1263 15.3336
68.7195 14.7822
70.945 14.2184
82.285 15.0533
82.598 14.2422
89.741 15.6442
101.887 15.1515
97.3329 14.8028
83.3914 14.3538
102.645 14.6951
85.3736 14.2086
83.8976 15.4368
79.9029 15.2033
82.7191 14.6438
93.542 14.5909
104.372 14.5502
110.851 16.06
115.68 15.2284
111.195 14.6213
107.468 13.9762
83.2216 15.2498
80.984 15.5893
80.984 15.2318
71.473 14.9246
71.473 14.7663
76.4946 15.0648
78.8318 14.6861
75.6995 15.1208
83.8451 14.4264
75.7301 15.2204
73.2038 15.5223
62.1703 14.5425
66.6049 14.5101
66.6049 15.2404
68.6773 14.533
66.8384 15.2877
63.8317 14.1911
63.8317 14.0027
63.7371 14.6971
63.8384 14.9301
63.8384 14.4282
60.1384 16.261
60.1384 15.6774
66.4917 15.8758
67.1782 15.8758
63.2416 15.0801
71.4226 15.0697
73.7779 15.1857
62.5512 14.9288
58.121 14.9984
58.121 13.436
59.0515 15.4469
76.1852 15.0705
81.3251 15.4624
74.2232 15.2716
79.9566 14.5972
76.1864 14.1379
80.2372 13.6188
80.0377 15.2383
98.4773 14.8778
117.479 15.2698
117.479 14.2002
113.232 14.6944
124.958 14.861
107.403 14.9171
100.425 15.19
100.659 13.4819
97.7573 15.0544
104.175 14.0566
98.9967 14.8153
94.8901 14.8317
95.0692 14.2721
95.0692 15.0261
91.7604 13.4267
94.3894 16.2688
114.429 15.5982
103.599 15.2676
77.6808 14.6827
90.1243 15.3109
80.4179 14.2374
81.4703 15.4683
64.6103 14.9949
67.0546 15.0369
58.0368 15.3976
63.2207 15.2466
59.0184 15.2856
56.9965 14.7517
64.4789 13.8988
58.8344 13.5587
48.7332 14.9823
54.6826 14.1899
49.6299 14.7799
49.6299 15.1777
53.3917 15.2666
52.4456 14.8029
54.4651 14.2745
51.9195 14.9378
52.5026 15.2964
52.5026 15.1756
52.5284 14.4672
58.8482 14.0028
57.3841 14.1728
49.1011 15.3528
50.0826 14.5333
52.1193 15.3272
57.1911 15.1467
59.5504 15.1796
61.3666 15.2108
64.9439 15.5345
68.1884 14.2981
68.1884 15.6992
71.2035 14.4874
72.2657 14.7057
84.054 15.7503
86.6724 16.4625
96.2839 15.1582
105.61 14.3842
104.362 14.3759
98.0542 15.3441
94.1874 14.9376
93.62 16.0835
91.5334 14.4742
87.0488 15.2248
77.3533 15.1903
88.9428 14.6181
83.8626 14.2796
82.1874 14.049
85.9007 13.7681
87.736 15.2423
79.7411 16.4078
91.6994 13.9217
91.5469 14.4671
91.2368 14.8964
91.2368 15.8204
97.1415 14.4172
96.9907 14.2033
123.632 15.947
118.154 14.9735
102.431 14.9821
101.884 15.3201
104.37 14.9897
94.513 14.7908
94.5789 14.9716
101.278 14.163
115.868 14.2556
120.1 15.1946
125.77 15.0886
112.497 14.3537
115.022 14.5419
107.94 15.1315
110.583 14.6568
103.433 14.4123
104.609 15.0582
109.145 14.4233
109.164 14.7706
90.5431 15.0451
90.501 15.277
84.3021 14.7232
86.1698 13.9224
81.7228 13.3938
81.1915 15.1681
78.2653 15.1543
70.0618 15.0686
73.5041 15.4611
73.149 16.5649
83.3624 15.3764
86.2491 14.7337
83.9774 15.041
84.6322 16.0058
88.3099 14.3466
94.4225 14.6254
80.3168 15.2339
89.6979 14.912
85.9291 15.086
88.0494 15.3398
88.0494 14.4829
81.0187 14.231
81.8148 14.3404
91.7365 15.1019
88.1957 15.0972
83.8752 14.4064
82.5117 15.8332
85.7643 14.7851
103.933 15.2029
112.883 14.1457
116.584 14.3109
95.0801 14.5143
93.4228 15.2386
95.7803 15.5251
94.1151 14.7785
92.8592 14.9908
88.4317 14.8498
91.6657 14.5442
89.2868 14.608
88.3683 13.9555
82.4897 14.678
98.3875 15.3872
93.6805 15.3365
92.2827 14.8155
86.1683 15.0468
80.3869 15.0126
95.7724 14.8108
99.3905 14.2852
98.7792 14.8648
98.1858 14.8936
97.3004 15.0866
116.801 15.0817
109.23 15.049
127.506 15.3274
122.436 14.7941
120.166 15.0214
113.232 14.1084
84.9189 14.1292
81.6091 14.3592
75.1949 16.0272
64.5118 13.7341
63.2392 15.7035
75.0678 15.2842
66.0099 15.19
81.813 14.4811
72.7721 15.0821
79.2105 14.9707
79.0028 14.7719
64.1925 15.3648
62.2949 14.6073
55.3743 15.2722
56.7356 14.2822
54.8985 14.8024
49.6661 15.8118
55.7814 14.3156
55.7814 16.0396
55.7814 15.5932
58.6874 14.8475
65.6048 14.4666
62.3487 14.4919
60.9497 16.4064
62.4377 14.5395
64.374 14.1036
64.2974 14.1372
64.4207 15.0527
68.6259 15.3601
69.939 14.7492
69.6647 14.9346
69.9026 15.2174
68.3133 15.7163
66.261 14.6291
68.2161 15.1592
72.5708 15.127
75.7512 14.6862
62.9662 14.733
64.2758 13.2449
57.2329 15.562
57.1447 15.7296
51.1922 15.5281
51.1922 14.0068
57.567 15.9411
62.9975 14.8302
64.3966 14.4405
69.9113 15.3567
70.0533 14.6876
66.4849 14.7708
63.8167 14.1713
74.0762 15.7232
74.2658 14.3756
86.4378 14.4887
97.7732 14.3372
93.3487 15.2352
106.917 15.7588
97.7511 15.6011
102.372 15.3147
97.497 14.8772
95.785 14.6099
98.4518 14.6736
97.3296 14.6726
100.05 14.8578
87.7441 14.921
87.8012 14.8132
78.8525 14.8892
73.1968 14.4173
68.4841 15.1909
70.1158 15.9113
89.1564 14.7002
83.5703 14.7378
77.5968 15.5745
72.2957 14.6016
70.6668 15.0844
79.829 14.2895
75.1008 14.28
75.1008 15.1455
72.1085 15.1993
64.4759 15.5273
67.5765 15.9715
68.9706 15.9402
69.6294 14.8867
69.7144 14.8801
73.2761 14.3525
76.7425 15.1437
86.4142 15.2495
92.4174 14.3861
92.0175 14.744
92.0175 15.4879
87.439 15.1276
88.1685 15.2995
86.0084 15.1225
69.4706 14.9241
60.7588 16.1954
54.1241 15.0604
76.1536 14.4464
67.6619 13.8604
65.0089 15.295
67.7134 16.2839
64.5718 15.6003
70.2418 14.2119
67.5343 13.3084
66.6675 15.0062
71.6836 15.5193
70.3795 14.907
70.3795 15.3879
72.9771 14.5854
78.7257 14.7523
75.3596 14.7389
69.7817 14.9792
70.3256 14.0579
60.9956 14.2013
57.3061 15.2972
68.6441 14.9627
68.4758 15.3992
75.7304 14.6546
75.3119 14.7225
82.6967 15.3533
80.4103 14.2326
89.9087 15.0578
89.9087 15.3071
86.1865 14.7566
83.4274 14.0509
98.6561 14.6843
109.5 14.9096
112.108 14.4207
109.333 14.4932
108.719 14.5888
117.829 15.2183
121.594 15.0443
118.299 15.2817
108.037 14.471
118.622 14.5772
134.277 15.3762
132.044 13.9998
126.387 14.2898
137.525 15.2597
147.444 15.2305
134.653 14.0316
122.145 14.1281
108.41 14.3688
107.591 14.3795
104.567 15.4024
104.942 15.1563
91.913 14.9588
84.5727 14.5046
81.0016 15.3945
82.8821 14.9548
78.8 15.7947
104.063 14.7614
102.22 15.446
108.745 15.2735
110.88 15.2198
103.15 14.3948
96.56 15.936
103.123 15.1263
116.371 14.8082
101.567 14.5253
115.684 14.4147
111.271 14.7974
108.265 14.3268
109.112 14.6789
93.8114 14.4906
89.7844 14.0569
90.9622 14.8596
83.0556 14.1145
85.9768 14.5985
86.1675 15.6052
86.1675 14.2338
84.3778 14.1281
74.1207 14.6842
77.9883 15.5599
83.5474 16.1422
77.2909 14.8262
76.162 15.2672
72.022 15.5272
72.022 14.6651
74.0415 15.2446
62.8819 15.0903
59.9058 15.436
68.9201 14.9146
67.0616 14.7894
63.7346 14.9685
63.3095 14.515
74.5971 14.7318
63.4436 14.9007
67.7914 14.1618
64.3022 15.714
68.7454 14.8582
77.3102 14.3051
76.7666 13.9658
87.437 13.8724
79.6726 16.1766
75.5687 15.5292
64.8085 14.7937
57.7198 14.8803
57.7198 13.6331
57.7198 15.1333
57.7198 15.4319
57.7198 14.4836
57.7198 15.2355
58.5391 15.1194
58.4508 15.508
60.5286 14.9983
66.3438 15.3202
66.3438 16.1792
72.0473 15.0385
70.6737 14.8481
70.6737 14.7714
70.6045 15.7102
75.5444 14.935
66.2186 13.7866
73.4962 15.2952
72.5803 14.9665
68.6572 14.7688
71.7746 15.0559
69.7719 15.9395
72.546 15.8249
72.546 14.549
83.2844 13.9536
87.9633 14.9095
90.3748 13.6146
90.351 14.4651
105.073 15.9043
104.94 13.4947
110.537 14.8851
110.943 15.1257
107.172 15.3136
85.9218 14.4412
80.6619 14.9351
80.8103 14.0441
72.202 14.949
70.3497 15.4157
69.235 15.2618
71.5209 14.6838
71.557 15.7974
57.707 14.2296
59.7126 15.3972
62.0813 14.7994
62.0817 15.3384
67.4526 13.4451
70.1142 13.7107
63.1371 15.4384
68.5611 15.4513
58.06 15.614
61.544 14.8859
56.1675 15.0312
56.1675 14.8743
56.1675 14.9905
54.0596 13.9028
53.378 14.8382
53.378 15.3687
50.5349 15.2853
47.2533 15.0842
49.9771 15.5904
54.7555 15.6225
54.7555 15.2752
54.7555 14.445
54.7555 14.8271
54.7555 14.8751
54.7555 14.8589
54.7555 14.6754
58.1871 14.9733
58.1871 14.5255
51.9951 14.365
51.9951 14.8746
57.8219 16.2758
60.8653 15.5606
58.9043 15.0723
61.9872 15.3714
70.7249 14.9452
70.0064 14.3798
70.0064 15.3182
88.6441 14.9521
91.155 15.6696
94.0454 15.4682
99.4864 14.9986
92.8018 14.9744
88.1176 15.9106
87.0527 13.8577
78.0893 14.6154
78.0893 14.7979
105.082 15.3109
82.3841 15.8475
94.4599 15.2568
94.4599 14.553
95.972 15.52
112.052 15.1057
101.491 14.3322
101.715 14.8018
99.4969 15.5659
100.947 15.9203
125.126 14.4843
129.971 15.6789
128.344 14.2417
124.718 15.3477
129.817 14.2056
133.691 15.5699
144.957 14.8826
132.437 14.7758
134.457 15.7828
108.746 15.4137
116.386 14.6579
110.556 13.5577
106.023 15.1755
90.1188 15.2987
90.3098 14.9466
108.569 14.4014
111.327 14.2305
107.372 13.9459
100.071 13.621
100.071 14.7603
95.0654 15.6341
96.5344 14.9659
97.5253 14.9861
110.749 15.4876
110.75 15.3311
117.03 12.585
135.057 15.2524
122.459 14.9361
112.618 15.4148
112.236 15.8465
121.175 14.1474
114.991 14.1633
114.991 15.1707
106.627 14.3372
115.292 15.1609
118.969 15.7509
112.5 15.2185
108.421 15.144
90.2839 14.642
98.1892 13.8974
89.3133 15.5333
91.001 14.836
81.7261 14.3127
84.2112 15.0239
72.5069 14.3173
63.1308 14.5481
61.7666 14.7411
64.5273 14.7528
78.6596 13.9628
75.1948 14.8283
67.1756 15.1537
70.8934 14.1147
88.5723 14.3933
73.1449 14.8519
72.8947 14.8936
86.8999 14.378
78.3839 15.3621
63.9282 15.6931
66.3268 14.6358
66.7129 15.0222
66.7129 14.5967
73.3581 15.8762
70.1214 15.2172
75.2931 15.1901
76.7545 14.6928
74.4052 15.0095
84.5535 14.3787
114.174 13.9389
91.3379 14.7827
87.7049 14.2374
93.1629 14.9777
102.04 14.6376
98.8019 14.3271
96.933 15.4638
79.6999 15.2101
91.055 15.5409
85.3845 15.2928
79.4566 15.4559
86.2921 14.2463
88.6686 14.4035
76.0821 14.4708
77.9964 14.3304
63.3392 14.966
61.8049 15.4553
59.468 15.5355
56.1504 15.5606
53.815 15.5625
55.7261 15.6816
57.5434 15.1979
57.5434 15.5863
55.9633 14.7261
67.5091 14.2884
65.0226 15.1663
59.2576 14.4736
62.5818 14.1921
68.5969 15.5571
74.6075 15.1741
67.7279 15.5892
64.7596 15.8475
67.0216 15.6324
77.4469 15.9019
85.9731 13.6304
92.4331 13.931
100.451 15.6291
99.092 15.2581
98.9068 14.908
89.5717 14.714
87.1978 14.2877
92.2426 14.7999
86.849 13.9682
103.112 14.7823
98.867 16.1044
114.488 15.1814
105.821 14.3266
112.358 14.2552
107.606 16.3486
98.6943 14.5969
100.694 14.7333
93.571 15.0983
104.569 15.2927
96.8208 15.3075
94.7244 15.1107
101.082 15.32
95.9302 15.8177
89.5228 14.4779
85.1054 15.2826
82.8849 14.5319
89.5616 14.1758
82.8694 15.6867
86.1727 15.4925
79.41 15.2976
94.0387 15.3753
109.966 14.734
110.218 15.7046
112.155 15.2377
118.473 14.8592
121.254 15.0845
109.03 14.1752
102.608 14.6584
84.3868 15.5693
73.1973 14.0535
86.9974 15.1585
92.5236 15.2861
92.5236 15.7216
93.043 14.3341
97.941 14.5235
95.5813 16.3512
111.001 14.7778
101.503 15.0025
111.855 14.8872
118.729 14.7148
116.861 14.8569
109.605 15.3405
107.168 16.1111
95.646 14.9273
92.4785 15.3045
106.245 14.7606
103.851 14.3697
97.3654 14.8243
84.498 14.5702
81.8823 14.5259
75.969 14.6428
93.1555 14.5675
93.1555 15.4051
96.2491 14.2457
99.2549 14.3064
89.3156 13.8837
108.143 15.169
113.733 15.929
103.306 14.7428
111 14.8062
110.238 15.1234
88.9455 15.1537
77.5149 14.6922
92.8241 14.8864
88.5045 14.3413
90.2946 14.9087
109.179 14.4263
104.836 15.0814
95.2767 14.5493
94.5722 15.6628
102.845 14.3893
103.244 15.4916
103.244 15.6297
97.7513 15.0842
88.3884 14.8294
82.8914 14.6635
76.3884 15.6778
84.6554 14.988
85.9957 14.744
80.4082 14.6331
78.2431 14.8644
77.318 15.337
75.4295 15.166
69.7893 15.104
66.3187 14.725
49.2273 15.1876
59.207 15.2485
62.0245 14.0499
68.2991 14.6853
77.3992 14.6511
74.5385 14.8318
81.1779 15.185
80.0017 14.2257
94.9116 14.8369
90.1783 14.7464
101.004 15.2002
84.0456 15.4927
84.1843 14.5341
76.5737 15.0339
65.0111 14.8901
60.0177 15.5045
57.2088 14.1785
56.9624 15.6171
57.5131 15.3001
60.1466 15.6037
61.5225 14.2844
71.8685 16.2195
73.0326 14.1335
72.4391 14.8604
72.4391 15.1223
73.2095 15.0586
61.3132 15.0996
65.616 14.5329
82.2137 14.4878
74.3272 14.2964
68.7687 15.2466
68.3075 15.0868
66.1878 15.0678
73.907 15.1201
76.1592 14.7606
71.5879 15.0132
77.0957 13.3687
87.7325 14.7822
82.4317 15.0013
77.0112 15.1683
77.7031 15.4191
84.3599 14.524
80.6163 14.9094
79.3593 14.5505
79.3593 14.0872
91.3843 14.8909
89.9471 14.9653
87.9031 15.3795
85.4493 14.121
85.5451 14.5551
97.8487 14.9421
80.614 14.6944
90.7013 14.3497
89.264 14.6644
82.368 14.6876
79.3826 14.6678
69.2378 14.5333
67.7705 15.2861
81.3797 15.3147
83.3338 15.128
88.5845 14.9215
78.5663 15.2778
88.3099 15.246
85.0113 15.3987
82.8603 15.2507
83.0253 15.2863
76.9256 14.8294
85.1029 15.4979
77.4437 15.7411
85.2971 15.7866
76.3395 16.1132
103.286 14.7022
105.264 15.0547
118.202 15.0404
123.364 14.5935
121.164 13.9536
140.613 15.0738
163.697 15.1246
143.094 15.2869
123.278 14.7327
131.816 14.6239
138.843 15.4093
121.514 14.7738
118.154 14.7755
110.606 14.9095
110.2 15.2541
94.009 15.6531
81.0907 15.9566
81.0907 14.0546
83.6705 14.4493
85.4807 14.4515
77.2455 14.5371
77.4404 14.555
82.4514 15.4858
90.3858 15.2864
94.8094 14.8524
82.4272 15.8414
95.5021 16.2419
105.948 14.3701
109.188 15.3741
120.393 15.0665
113.464 15.2523
99.1106 15.2626
96.59 15.2631
87.203 15.3395
89.7698 14.7728
87.1276 14.5817
84.406 14.6483
97.9029 15.2545
111.318 14.8651
126.076 14.5574
126.076 14.4696
126.076 14.9621
111.439 14.8738
104.445 14.1746
120.728 14.6849
110.074 14.6542
114.257 15.1041
119.901 14.4812
109.537 15.6437
85.7224 15.2202
87.6299 15.1606
84.1652 15.1846
92.4511 14.2958
95.6931 15.5003
80.0595 15.3906
80.0595 14.8152
88.646 14.4798
104.593 14.3954
115.902 15.1851
115.642 14.744
136.841 14.4248
124.73 14.0097
123.837 14.8005
115.294 14.0232
125.968 14.9551
113.984 14.1831
100.832 14.3645
98.8626 14.7142
104.715 14.2383
98.8999 14.9894
107.496 14.3699
96.8771 13.6759
109.449 15.4662
105.905 14.5322
102.862 14.4512
99.3803 14.5802
99.16 15.5605
79.4136 15.2463
74.3023 14.7357
77.8216 14.4634
62.7711 14.9544
67.176 15.5866
59.7707 15.4775
71.9838 14.4373
68.1201 14.1736
67.6601 15.0163
61.449 15.6723
71.7788 14.6241
70.0238 14.4279
73.3596 14.365
73.5559 14.4477
66.9047 14.4369
67.8578 15.3326
70.297 15.3092
69.6843 15.4808
74.1235 14.86
77.4919 14.8949
79.5577 15.4295
86.9881 14.9081
76.0544 14.3623
82.6148 14.3753
88.2181 15.0424
90.8486 14.7938
94.9639 14.1688
87.8074 14.1703
86.214 14.1197
81.8393 14.9074
75.6979 15.1614
83.3595 15.358
86.721 15.2918
88.0762 14.9203
74.6006 14.3013
69.3385 14.3687
69.3385 15.0292
87.2098 14.3738
92.7407 16.0635
96.3952 15.3881
102.303 15.4452
105.009 15.3789
100.211 15.4425
98.2445 14.014
95.6402 14.007
101.595 15.306
101.713 15.4103
104.742 14.7517
114.165 14.6256
127.816 14.7114
135.592 14.2488
118.478 15.6674
119.218 15.3482
122.376 14.4074
108.474 14.7132
120.547 13.7422
120.98 14.6313
127.073 15.1218
134.742 13.8622
127.981 14.6552
134.629 15.298
149.144 15.1353
142.566 15.2081
142.4 15.1066
142.4 14.2773
134.838 15.281
137.408 15.0397
137.408 15.3559
118.609 14.3147
117.943 15.0066
129.566 15.0222
124.227 15.0097
114.809 14.9673
91.6937 14.8551
107.888 15.2858
108.179 15.8395
108.127 15.2022
115.596 14.914
109.663 15.4506
130.586 15.5316
131.28 15.028
135.131 14.458
129.316 14.3651
122.645 14.4735
132.806 14.5701
123.498 14.3314
115.863 15.2555
113.201 15.6026
111.413 15.776
106.893 14.6271
112.299 14.799
125.901 14.465
126.128 15.0179
122.77 16.1043
117.609 15.5193
107.684 15.3417
110.912 14.9951
115.468 14.7517
122.076 14.6994
121.079 15.0336
106.949 15.1908
107.576 15.2602
106.336 15.5933
92.029 15.3753
69.3009 14.6127
66.4209 13.6866
80.6886 15.5082
73.0427 15.4646
72.234 15.57
59.8611 14.4464
59.6251 15.215
84.3793 15.0411
90.2287 14.0676
83.6742 15.0112
73.0944 15.0264
83.8036 14.2249
83.4885 14.5628
81.1945 15.2936
89.0841 16.2208
89.0841 15.1483
84.5746 15.242
95.0762 14.6776
96.9576 15.1385
102.544 14.9972
94.9912 13.9943
94.9912 14.5358
104.853 14.9991
122.124 15.2551
109.717 14.8663
116.045 15.0023
115.415 15.9592
105.474 15.7903
100.17 15.2221
100.17 15.8594
100.17 14.218
100.17 14.9897
90.4818 14.9575
90.4818 14.1437
91.3337 15.2493
68.0534 14.1791
72.891 14.5719
79.4495 15.8015
74.0282 15.0931
72.4153 15.1108
71.8224 13.5415
71.8224 14.1985
67.8142 14.7905
67.0698 14.6306
67.0698 15.5636
65.9134 16.5782
62.1379 13.9
62.1379 14.3446
51.0778 15.2347
61.493 14.8537
63.613 14.8129
63.7555 14.3265
64.7826 15.1878
70.6907 15.2659
59.234 14.6464
60.9751 14.5395
60.9751 14.8438
64.6466 14.3
60.0235 15.9149
72.7096 15.8447
68.3589 14.6625
68.3589 14.0882
63.2559 14.2871
61.7425 15.0876
65.9483 14.7284
67.0111 15.6148
68.6408 14.3826
67.673 15.5376
75.7963 15.3909
73.2413 14.9292
75.062 15.2556
75.062 14.4609
63.413 15.4132
63.413 14.8015
65.1066 14.7947
65.9307 14.8598
84.7443 15.1527
84.7443 14.3861
67.0886 13.3499
68.6303 14.9691
68.6303 14.8303
74.303 15.1557
70.1725 15.2169
83.9374 14.691
83.3282 15.8898
77.2709 16.109
85.0437 15.1148
80.3236 14.6209
75.4181 15.8539
72.3462 16.5072
91.3267 13.917
85.3281 14.8423
99.6739 14.2747
99.7608 14.9839
102.393 15.9361
99.1513 13.895
106.38 14.2919
121.903 15.16
130.759 15.7063
132.416 15.5327
121.459 16.1955
107.329 16.0252
110.855 15.3469
119.411 15.3432
113.528 15.3385
114.961 14.3653
118.516 13.9859
102.849 13.8586
109.142 14.6301
103.267 14.9892
92.9053 15.8001
88.8965 15.4966
88.8965 14.3658
102.109 13.8762
110.279 16.252
108.846 15.0654
114.352 14.1456
102.428 16.2043
93.7258 14.372
91.7588 16.5282
102.885 14.83
84.5349 14.4044
89.5348 14.5182
95.2137 14.5961
103.73 14.5205
98.1477 15.1864
98.1834 15.5144
109.304 14.784
103.015 15.003
105.499 14.8608
101.253 15.3278
89.677 14.1979
93.8643 14.7648
101.804 14.4565
102.937 15.6384
101.55 14.6497
109.147 14.7264
94.102 14.7435
104.436 15.3694
98.0308 15.3862
93.3635 14.7469
90.8314 15.1116
90.7694 14.5784
92.5583 14.8422
81.4142 15.3448
89.8056 15.373
91.5997 14.3641
92.282 14.8428
90.346 15.4188
79.7658 14.8948
77.6292 15.2533
77.0498 15.0272
73.6066 14.2641
78.9175 14.4151
65.0325 15.0854
69.3448 16.0404
62.5509 15.6382
64.9043 13.8342
64.3945 16.0623
58.5056 15.7523
51.986 15.3167
54.1224 15.1238
54.1224 15.9312
53.9696 15.3177
52.5059 14.943
52.5059 14.9773
50.3822 14.8192
50.3822 16.144
51.377 14.8448
51.377 14.3124
51.2367 13.8848
54.0879 15.443
51.5954 15.764
54.649 15.1693
55.7483 15.5963
49.8949 14.9103
53.0688 15.2899
55.7957 14.8448
60.0807 13.5491
70.3641 14.1928
73.6232 15.5255
76.6727 14.9198
65.1433 14.8527
50.9938 15.0355
57.6049 14.6075
61.8994 15.4691
61.1501 15.1869
63.1093 15.1682
63.9201 13.9824
63.9201 14.8698
63.9201 14.4429
68.8811 14.9542
72.8471 14.6722
93.0152 14.7992
94.7666 14.851
77.7925 13.8653
87.5212 14.5171
84.0661 14.2254
85.341 14.9447
86.8195 14.18
95.0426 14.6765
97.1311 14.1251
94.7054 14.3033
105.727 14.186
106.998 13.7827
101.519 14.756
107.88 15.1092
107.88 15.8797
98.2528 14.0953
89.4852 15.3264
99.2114 14.769
112.907 15.7398
127.174 15.5025
124.412 14.4405
126.176 14.5767
126.176 15.6713
127.38 14.8712
139.879 15.4284
139.879 15.2768
139.879 15.1626
151.625 14.6447
141.003 14.8966
141.003 14.764
144.422 15.551
148.138 15.6367
135.314 15.5006
135.314 15.4754
137.322 13.1207
134.203 15.5458
135.407 15.5292
96.0165 15.6169
102.056 14.3343
103.847 14.6835
88.9962 14.2072
75.9796 14.342
77.4823 14.25
66.4107 14.6619
80.7248 14.6946
79.3336 14.6302
81.1775 14.9119
87.0782 14.6917
92.2177 14.6022
86.2929 13.614
77.0009 14.6472
93.2248 15.5775
96.1353 14.963
103.208 14.793
108.063 15.4517
97.421 15.4352
96.5191 14.5785
102.421 14.1161
106.537 14.829
94.6448 15.0535
101.861 13.5956
98.7858 14.6617
107.308 14.8015
91.8245 15.4074
104.761 15.394
104.761 14.6765
107.14 14.5096
111.32 14.9466
105.948 14.3676
105.948 14.4178
105.948 14.9173
105.948 15.3546
110.203 15.6074
98.4197 16.1896
90.0377 16.177
82.6158 14.5625
79.7831 14.7461
84.7231 14.7832
92.6312 16.4339
87.4249 14.4302
94.9361 15.7568
93.9534 14.9174
93.9534 15.8174
87.9157 14.1631
88.751 14.0617
92.7991 15.3961
88.8897 15.0406
94.4617 14.2955
85.6203 13.9073
88.1638 14.4193
84.5378 14.5525
73.5236 15.2663
78.4297 15.7657
89.0479 15.1366
83.653 13.955
79.234 14.4
91.6261 14.0867
97.4093 14.3714
87.9843 14.6879
87.3089 16.1065
78.9737 14.8941
65.7249 15.1439
62.1713 14.6669
62.4074 15.3204
65.7784 14.4695
65.2382 15.4268
67.2036 14.4081
65.6407 15.0509
74.7189 14.4412
73.8639 14.1532
67.6575 13.8409
68.2677 14.2648
74.3098 14.3067
80.0803 14.8628
77.0157 14.6596
75.6021 14.76
75.6967 14.8368
71.3399 13.6632
67.6535 15.9937
79.7621 15.2765
81.2521 15.1642
74.762 14.2811
83.2843 14.5361
89.8919 15.4973
86.1221 14.9625
83.6769 14.8276
83.6769 14.2553
82.9752 15.5731
76.9676 14.5213
76.9676 14.7444
66.9658 15.7461
62.055 15.7252
64.3965 14.9742
64.3965 15.2695
77.0097 15.3181
87.9748 15.3047
70.2536 15.0305
70.2536 15.5738
75.1153 14.8836
75.1153 15.8409
75.6019 14.9161
75.6019 14.7879
67.9368 14.9249
62.1655 15.0066
62.5957 15.0101
67.4859 14.6482
80.3082 14.0654
80.5242 14.156
83.5056 14.9301
88.8308 13.9722
85.4007 15.5354
99.2142 14.7972
96.9229 14.8174
96.5214 14.4608
104.232 15.3442
93.2217 15.5204
101.628 15.2446
92.529 14.3049
110.706 14.7341
111.026 15.3985
95.8854 14.657
96.0521 15.2913
94.0123 15.4827
89.8716 15.2276
111.529 14.2378
123.599 13.8048
131.865 14.4227
113.781 14.528
113.781 15.2139
111.934 15.5045
124.983 15.3793
114.594 15.4398
127.588 15.6
119.544 15.1399
130.351 13.6136
114.671 14.3409
109.699 14.4827
118.726 14.9096
118.726 14.7945
118.726 14.9766
118.726 14.3383
131.527 15.49
130.131 14.2295
121.083 15.6029
115.264 15.2099
124.084 15.4595
137.174 14.8865
148.373 14.8093
148.373 14.2829
148.373 13.2177
127.945 14.894
134.711 14.6448
134.711 14.5049
141.925 15.8947
142.654 16.4252
122.433 14.051
131.125 14.7904
139.912 14.4399
148.714 14.972
147.695 15.143
121.845 15.3202
118.606 14.8016
124.183 15.5454
124.721 15.1232
124.721 14.01
118.137 15.1631
134.862 15.2622
129.615 15.2191
147.665 15.3955
186.599 15.3402
170.647 15.362
154.318 15.034
149.936 16.4198
136.34 14.7371
134.428 14.4298
125.931 15.5837
128.153 14.5654
