100.439 15.3202
101.113 15.6575
101.341 15.5939
101.394 15.7775
100.947 15.4245
99.0569 15.8338
101.914 15.7514
99.4585 16.5699
100.422 15.232
99.2127 15.4424
103.339 16.0263
100.916 15.6299
100.151 15.4738
99.1865 15.4908
103.814 15.3073
101.413 15.541
98.5912 16.0386
99.8011 15.739
98.7757 15.9622
98.8587 16.3333
103.188 15.7888
102.012 15.1381
102.711 15.4927
98.8129 15.7606
99.4339 15.166
100.363 15.2762
101.653 15.5676
100.57 15.5833
101.802 16.2938
100.899 15.1461
98.2305 15.7825
99.7106 15.9462
102.778 15.0736
101.18 15.7811
100.158 15.4261
101.294 15.4419
100.172 15.0105
101.574 15.1729
102.325 15.516
100.727 15.9918
102.335 15.8752
101.099 15.0173
98.5843 14.9512
99.8103 15.3162
101.76 15.7726
100.948 16.0786
98.8618 15.6192
104.228 15.7647
102.943 15.3452
100.711 15.2911
101.958 15.3391
102.967 15.8912
100.147 15.9803
101.724 15.5522
95.2379 15.5934
100.17 15.402
102.821 15.3248
100.622 14.8852
100.046 15.9792
99.7717 15.6276
99.6501 16.0468
100.91 16.4235
97.5693 15.6854
100.424 15.557
97.3366 15.0756
100.107 15.0756
100.876 15.2141
101.124 15.6059
98.1747 15.9709
101.341 16.3914
102.456 15.3851
101.052 14.5863
100.438 15.1341
100.451 15.0298
101.787 15.0507
101.586 15.2967
102.074 15.3875
99.9671 15.2481
99.8216 14.9897
101.044 14.9366
100.522 15.279
102.136 15.3045
96.3579 15.6526
100.754 15.2556
99.6498 16.1925
101.771 16.2373
102.483 15.3529
101.88 15.4475
103.087 15.1063
100.625 14.6228
102.18 15.543
99.158 15.2071
104.458 15.2732
101.974 15.0438
98.1639 15.3662
102.927 15.4952
102.915 15.2944
100.086 15.5951
100.495 15.2088
101.362 15.2479
100.769 15.6711
102.258 15.6361
99.823 15.4629
103.143 15.6093
102.127 14.7348
102.668 14.9744
101.962 14.8779
99.9361 15.7818
100.457 15.2592
101.509 15.509
101.675 15.3046
98.3925 16.1672
99.8335 15.8528
98.0392 15.7627
102.082 15.3031
101.891 14.6785
102.622 15.0872
98.8773 15.6118
106.067 15.3535
100.523 15.6136
100.928 15.3458
100.825 15.7174
99.276 14.907
103.6 15.0896
100.032 15.1127
102.498 14.8199
102.721 15.6445
103.527 15.2595
99.8529 15.7713
98.0724 15.7749
99.0357 15.8743
99.1441 15.4347
99.4245 16.0199
100.128 14.7683
100.234 14.974
98.3784 16.2214
98.1763 16.1206
98.7905 15.5756
98.546 15.4367
100.902 14.4512
98.4816 15.7714
101.189 15.5071
102.369 15.6643
100.837 16.0598
99.663 14.616
103.029 15.1006
102.307 15.3949
100.24 15.7902
104.071 15.2178
98.4234 15.6195
100.258 15.906
98.0397 14.9733
97.1324 15.2324
101.359 15.0751
105.279 14.9137
103.013 15.1433
101.345 15.1031
100.561 16.1211
100.856 16.0812
102.44 15.255
100.135 14.9697
96.6996 15.273
103.5 15.1787
101.84 15.8866
100.996 15.9959
100.775 15.5864
98.0483 16.2498
99.0994 15.7337
96.806 15.8042
97.4414 15.0305
99.8811 15.0459
100.546 16.3488
99.1137 15.8516
100.965 15.1259
100.339 16.1263
101.896 16.3514
103.191 15.0536
100.018 15.5394
104.357 15.4984
99.5585 14.37
101.981 14.9864
101.274 15.2709
101.538 15.2556
100.203 15.1377
101.923 15.5145
98.0713 16.116
103.129 15.8445
101.099 14.325
99.5546 15.5713
101.974 15.1675
98.8645 15.6607
103.389 14.9618
99.3965 15.6037
100.483 15.3219
103.044 16.0766
103.091 15.8228
103.288 14.1827
99.5088 15.2596
100.408 15.2445
101.372 14.0554
99.4626 15.5633
99.7123 15.8615
102.802 15.3094
101.047 14.7993
100.354 14.7169
100.608 15.3707
100.391 15.6353
100.122 15.582
102.301 15.4679
100.126 15.6394
102.426 15.6617
101.451 14.9391
102.197 16.0623
96.5369 15.4345
98.3614 15.097
99.2681 16.0442
99.1745 15.2986
100.144 15.745
100.301 15.5352
101.439 15.5526
97.3516 15.6557
97.9548 15.2674
100.599 14.7158
99.8098 14.9484
98.2887 14.8623
100.264 15.3165
99.1914 15.2804
99.7959 15.6536
101.766 15.067
101.641 15.2516
103.8 14.7304
103.925 15.8416
100.52 15.8889
99.1304 15.7791
99.5729 16.3867
101.25 15.3312
101.469 15.5798
102.562 16.1089
101.226 15.9173
98.5503 15.6749
99.1213 15.5428
99.959 14.9089
98.6522 15.1441
101.149 15.538
100.808 15.2903
99.6813 15.4725
99.7048 15.1754
99.4955 15.5709
99.5196 15.7624
100.538 15.533
103.084 15.3187
101.683 15.5902
102.789 15.3713
102.721 15.8441
100.457 15.1507
102.058 15.2006
98.5358 15.1428
101.256 14.9055
101.14 15.1944
102.473 15.0972
100.833 15.8089
103.321 15.2542
102.724 15.5359
102.626 14.812
102.978 15.4563
101.799 16.1068
101.573 16.1729
97.4861 15.8267
99.3954 16.2833
100.951 15.7448
100.417 15.4604
103.382 15.2527
101.457 14.8041
103.241 14.9819
103.852 15.9587
102.037 14.3018
100.041 15.4432
102.648 15.289
100.655 15.2366
100.991 16.1136
99.9345 16.224
98.9244 15.023
98.9102 15.2063
98.346 15.387
101.609 15.1688
102.715 15.5877
103.233 15.5294
103.476 14.696
104.475 15.0369
100.666 14.958
98.0384 15.6532
100.276 15.8294
100.815 15.3254
99.1467 15.9447
100.493 15.8394
103.109 15.6468
102.027 15.6236
101.673 15.2003
103.416 15.5489
98.7069 15.5541
98.0842 15.6019
100.755 15.4633
99.6607 15.0295
100.602 15.4271
97.8883 16.4148
97.1532 15.535
102.756 15.679
103.277 15.1606
101.674 15.3465
104.071 15.5962
103.801 15.7051
100.054 15.871
100.076 15.4906
100.702 15.474
101.632 15.4703
100.808 15.5283
96.7452 15.55
98.884 15.6688
102.528 15.4337
101.668 15.7903
102.261 15.7929
101.891 15.3643
101.373 15.4636
100.574 15.4773
98.1179 15.69
99.1539 15.2149
102.208 15.6328
101.6 15.763
102.685 15.0297
100.264 15.1738
102.481 15.3673
103.576 15.0669
101.415 15.5697
100.722 15.4656
100.848 15.4583
100.126 14.9595
103.627 15.4108
99.6074 15.5864
99.034 15.6437
98.9006 16.1998
98.201 15.3995
96.9869 15.4861
97.4384 16.7529
99.4715 15.911
101.201 15.4744
100.397 15.8978
98.9229 15.7097
98.5037 15.1275
101.26 15.8993
103.097 15.9144
100.124 15.7543
102.695 15.2662
101.609 16.1286
98.9655 16.2303
105.073 14.9693
98.0946 15.5578
98.5812 15.8698
99.472 15.4566
102.176 15.3429
101.615 15.298
99.3376 15.3046
100.984 15.6877
101.177 15.4953
100.072 15.6704
100.386 15.1216
95.0043 15.0493
99.3717 15.2395
98.1768 15.6864
100.851 15.9211
101.296 15.7298
98.4808 15.3196
100.924 15.0734
99.2009 15.516
101.71 15.0802
102.807 15.3455
101.483 15.9261
96.2328 15.5387
100.527 15.1186
101.403 15.8649
100.061 15.5586
98.8389 15.6034
100.706 15.6284
98.6231 16.1274
101.871 14.2411
104.807 15.435
101.588 15.2371
101.411 15.5416
102.238 15.5536
102 15.3391
99.9955 14.8518
101 15.7506
103.126 14.6284
100.119 15.8626
100.994 16.0151
101.851 15.605
101.393 15.5648
104.66 16.2502
102.367 15.8739
101.714 15.279
102.018 15.2936
101.715 15.3029
102.651 15.1955
101.883 15.1379
103.572 15.114
100.092 15.3685
100.753 15.4162
100.649 16.0976
102.463 16.3039
102.648 15.7124
99.0553 15.4355
100.528 15.2763
100.143 15.518
100.283 15.7421
100.087 15.775
96.0985 15.2429
98.8462 15.9545
101.54 15.4476
100.286 15.5056
99.3684 15.3515
98.3903 15.6237
98.4345 15.4872
101.931 15.1129
101.722 15.3677
99.7854 15.5972
102.712 15.632
102.722 15.9226
100.326 15.1848
100.993 15.0456
104.118 15.3567
102.333 15.4066
102.433 15.5919
101.644 15.6782
101.417 15.6492
102.987 15.0972
101.509 15.3056
101.28 15.7496
103.293 15.0402
102.316 15.3109
100.893 15.7196
99.5984 15.7294
102.117 15.5866
101.247 14.5965
100.038 15.5387
100.267 15.2263
100.422 15.3692
103.216 15.4661
100.96 15.4038
101.895 14.7074
101.802 15.8124
99.4164 16.3894
103.508 15.6901
101.776 16.4706
101.548 15.6639
100.885 15.3016
98.0206 15.8058
101.185 15.4806
101.387 15.2591
102.046 16.0611
100.531 15.856
100.213 15.7147
103.258 15.7265
100.208 16.3753
100.381 15.8274
100.519 13.7738
100.229 15.4215
101.713 15.0113
100.025 15.7799
102.735 15.5155
103.302 15.9527
103.784 15.6295
103.411 14.8514
102.027 15.3417
102.196 15.1485
99.9114 15.3271
98.0915 15.7882
98.0968 15.8248
102.772 15.1543
101.447 15.3708
99.0347 15.5547
102.662 15.3899
102.549 15.6265
101.111 15.6794
98.7957 15.7571
99.085 15.5499
101.178 15.2998
101.68 15.8678
101.491 16.0469
101.293 15.1623
100.996 15.5477
103.354 14.8313
99.327 16.0529
97.1157 16.2695
101.624 15.3027
101.198 15.6605
102.42 15.2743
103.108 15.8678
100.35 15.5487
99.1054 15.7674
99.1503 15.6916
99.0226 15.9892
98.1486 15.9389
96.6394 15.3863
97.5191 16.0395
100.465 15.507
100.111 15.977
97.3887 15.9182
99.8836 15.9254
96.5956 15.7717
102.694 15.5894
101.581 15.1886
102.761 14.6523
100.698 16.107
100.61 15.4677
101.227 15.2905
99.0086 15.5423
98.7906 15.1565
98.8632 15.3294
98.82 15.2234
100.283 14.9263
101.77 15.2013
100.824 16.0988
100.25 15.1867
101.843 16.2405
100.687 15.7212
99.2843 15.7046
103.772 15.6918
98.7365 15.3832
101.112 15.297
102.304 15.3833
99.8798 15.451
102.28 15.3951
100.227 15.3207
98.9417 15.6594
101.407 15.6061
104.778 15.6221
98.4877 15.2155
99.9206 14.8574
101.763 15.2886
99.7389 15.4931
100.289 15.3786
102.259 14.7061
98.6681 15.8879
99.5039 15.8011
101.475 15.2126
102.172 14.7674
102.5 15.0532
101.206 15.1946
100.387 15.2434
99.6459 15.1878
100.668 15.5787
101.167 15.6359
100.105 15.4137
102.796 14.6169
105.344 14.7179
103.706 15.3822
103.364 14.5175
101.647 15.5072
99.7069 15.6066
100.666 15.8896
101.34 15.6607
103.021 16.2776
98.7004 15.8194
99.8412 15.5965
103.194 15.2489
101.056 14.728
99.0694 14.7351
98.8794 15.518
103.55 14.6279
101.952 15.6818
100.731 15.6304
97.6726 14.638
98.3824 16.1466
100.062 16.8531
101.183 15.7347
102.824 15.6574
103.41 15.7897
103.054 14.9435
101.589 15.5523
100.461 15.2453
100.917 15.5384
98.9986 16.0086
101.394 15.4829
99.8277 15.8972
99.3549 15.3149
99.6998 15.05
99.6735 14.9082
100.496 15.6447
101.092 15.6006
100.669 15.6743
98.1567 16.4077
102.022 15.8361
102.222 15.0757
100.084 15.8831
100.989 15.5684
99.5989 15.7007
100.043 15.1826
99.0108 15.3372
98.9411 14.9813
98.347 15.3484
100.693 15.1226
100.974 15.9669
101.579 15.9396
102.207 15.8967
100.884 15.5787
97.5738 14.9558
97.7485 16.5256
99.8445 14.9283
99.0234 14.7617
100.006 15.0482
100.166 14.8742
103.453 15.0557
100.749 16.0097
99.9519 15.3583
100.87 15.7515
97.6738 15.5482
100.436 15.3983
98.104 15.2195
100.789 15.3704
97.5753 15.662
100.03 16.0712
99.8263 15.4168
97.7038 15.1302
99.8327 15.8508
101.037 15.0025
101.795 15.6666
100.214 15.8596
100.415 15.1036
101.62 15.3388
102.779 16.3459
105.245 15.9928
101.849 14.8216
102.883 15.3319
101.8 14.552
100.784 15.2311
100.966 15.8384
104.425 15.2645
102.063 14.9398
97.969 15.3049
100.579 14.7802
98.3348 15.2041
99.2114 16.2802
96.8507 15.5804
100.532 15.4619
98.1472 16.0123
99.7909 15.841
101.324 14.8233
103.751 15.2903
98.6766 15.0814
102.973 15.6873
102.06 15.6576
100.086 15.3122
102.751 15.3605
103.696 14.9834
101.717 15.5124
103.816 15.4782
102.314 14.7906
102.726 15.7331
103.32 15.111
99.6295 15.2257
100.41 15.4054
100.593 15.3572
99.5751 15.158
97.6561 15.63
98.7968 15.0922
99.1926 15.2142
99.235 15.0063
98.8946 15.6673
100.107 15.3931
102.135 15.1913
101.858 15.2918
99.5422 15.8255
101.997 15.7657
102.298 15.9157
101.676 15.3614
100.091 15.3402
99.3568 15.0788
100.335 15.5281
101.526 15.1725
100.772 15.2377
102.272 15.4147
98.1013 15.9033
98.8857 15.4677
98.4327 16.0506
100.861 15.7109
100.828 14.6694
100.667 15.1448
103.263 15.4282
101.125 15.4811
100.741 15.9647
100.661 15.2266
100.269 15.7331
101.75 15.7529
100.426 14.7736
100.255 14.7643
100.178 15.0369
104.258 15.3549
98.3874 15.8716
98.6765 16.444
100.323 15.4282
99.3211 15.1875
101.788 15.8326
99.9191 15.5535
101.215 16.2364
96.9629 16.0743
102.896 16.1479
99.9003 15.8251
98.888 16.4574
100.761 15.8283
102.057 15.3821
101.246 15.8538
105.891 15.6459
102.126 15.6463
103.121 15.4061
100.234 15.2514
100.7 15.2965
101.108 15.5181
101.92 14.8475
102.145 15.6951
102.827 14.7548
102.739 15.8008
103.061 15.9425
102.941 14.4229
102.954 15.025
103.294 15.6177
105.2 15.5685
103.279 15.4996
99.1505 16.0523
98.9505 15.4615
95.8974 15.4897
101.558 15.4119
103.102 15.9652
102.489 15.2981
101.625 14.9661
100.25 15.8166
102.952 15.6485
98.8078 15.7923
101.35 15.659
101.102 15.6438
98.6948 15.6168
104.557 15.1878
103.603 15.217
103.518 15.0413
98.4807 15.7313
99.2081 15.4082
101.677 15.4725
96.1384 15.3386
102.51 15.1294
99.0706 15.8624
101.372 15.7078
101.871 15.8411
97.7192 15.7654
100.811 15.6749
100.143 15.7298
100.538 15.258
100.916 16.3061
104.188 16.4947
98.1895 15.4217
100.71 15.7037
98.4701 15.3529
99.3263 15.898
100.466 14.8784
96.8008 15.3425
97.9643 15.2737
99.3223 15.0364
101.429 15.3149
99.3363 15.1398
101.181 15.677
100.189 15.7265
100.411 15.2947
101.51 15.1514
100.963 15.5221
98.6528 15.2775
98.7778 15.9689
98.1375 16.136
98.9563 15.6155
100.876 15.9515
98.7731 16.3373
98.1701 15.4887
96.2558 15.5797
97.0514 15.5695
102.332 15.5427
98.7047 15.3814
100.432 14.726
100.732 15.1766
101.778 14.9565
101.898 15.8273
102.063 15.9958
101.144 15.5346
101.881 16.2098
100.575 16.0875
102.907 14.8283
101.367 15.3144
97.2285 15.4048
99.8569 15.6668
98.2393 15.8241
100.419 15.7364
99.3769 15.97
99.7309 15.8697
101.155 15.7995
101.057 16.3284
103.512 14.2558
105.351 14.8189
101.499 15.1667
100.255 15.239
100.502 15.3446
100.181 15.254
102.693 15.2226
102.266 15.23
102.652 15.2868
101.846 15.2936
101.697 15.1887
101.841 15.2387
97.9405 15.2044
99.3963 15.7715
101.425 15.9073
98.7835 15.6286
98.9546 15.8876
100.009 15.8432
101.369 15.4687
99.6275 16.271
100.987 15.3505
97.0868 15.5547
97.9963 15.78
99.3707 15.9445
100.002 15.4686
100.41 15.5791
96.8471 15.6105
99.9698 15.1122
100.203 14.3676
99.3742 15.9413
97.4716 15.2369
101.075 16.0979
101.24 15.2438
97.647 15.5691
98.416 16.2091
99.2025 15.1707
102.023 14.358
97.5673 15.144
100.006 15.0665
100.578 15.7799
105.561 15.2826
103.949 14.6884
102.991 15.5712
100.888 15.8401
104.369 15.5984
99.6558 15.4604
103.452 15.3058
103.196 15.3941
104.851 15.1365
105.5 15.4764
101.697 15.6729
101.009 15.8617
101.025 16.2266
100.843 15.9798
100.557 15.7371
97.8448 15.4097
99.8469 14.9971
104.84 14.3966
104.179 14.8111
100.47 15.4863
101.149 15.4245
101.372 15.7249
100.355 15.5505
102.038 15.3533
101.56 15.2893
101.218 15.288
102.142 15.587
101.42 15.0042
100.76 15.4027
104.381 14.5362
100.324 14.5658
101.125 15.3129
99.2728 15.8516
100.113 15.7218
103.916 14.8956
101.763 15.7885
102.178 15.1226
101.299 15.8609
102.138 15.4075
104.354 15.448
101.842 15.5546
101.8 15.5275
100.657 16.1749
100.118 15.7112
102.141 15.9465
97.1079 15.7873
99.7818 15.7532
100.125 15.7282
101.382 15.8306
101.812 15.1975
97.836 15.2292
98.9563 15.3607
102.605 15.4385
102.992 15.4414
103.255 15.2574
102.882 15.1891
103.424 15.519
97.6784 16.119
100.137 15.6913
100.627 15.642
100.066 14.9548
99.7004 14.5641
101.649 15.9646
102.965 15.1063
101.889 15.6373
101.032 15.7526
104.549 15.3974
102.022 15.5826
101.382 15.2651
101.764 15.4358
100.217 15.9018
100.712 15.766
99.8454 15.8212
99.9996 15.6487
99.2009 15.5947
99.8499 16.1674
100.605 15.8315
99.7642 15.2965
98.1626 15.7753
101.519 15.8545
102.181 15.6208
100.767 15.7206
100.759 15.3415
100.731 15.6757
99.8121 15.5864
100.049 15.9998
102.919 15.9729
95.5996 16.0086
98.5352 16.1248
100.209 15.497
100.672 15.1901
98.2066 16.3255
98.5287 16.0652
104.166 15.9597
101.472 15.7947
101.034 15.4759
102.209 15.515
98.1515 16.5126
100.446 15.9916
102.905 15.2983
101.499 15.3303
102.831 15.965
102.16 15.8847
99.4453 15.6956
100.272 15.9752
100.738 15.8515
99.9334 15.2619
102.53 15.5996
101.348 15.6442
97.5516 15.7377
98.3601 15.3253
99.4085 15.829
96.7771 14.9808
104.397 15.735
101.375 15.4555
99.2423 15.5254
99.934 14.9936
101.881 15.7021
99.1097 15.2494
101.366 15.4983
100.29 14.922
100.488 15.885
102.36 16.5173
101.915 16.0763
103.873 15.4707
102.496 14.97
99.3383 15.7692
99.8332 15.5682
100.965 15.5202
101.925 15.1414
100.55 15.5817
102.672 15.3498
99.8632 15.4033
100.868 15.4135
98.1574 15.4561
98.9673 15.3102
98.4293 16.2408
100.151 15.3639
101.614 15.4195
97.6817 15.6003
101.898 15.9189
100.467 15.9866
98.994 15.3293
99.5732 15.5668
97.9398 15.7477
99.2894 15.2752
97.8689 15.6306
99.7557 15.3235
99.8794 16.1565
100.329 15.39
101.565 16.3437
98.183 16.3069
101.905 15.297
96.1258 16.4439
100.695 15.3912
100.474 15.0816
98.641 15.1553
99.732 15.6417
99.781 15.277
97.7862 15.7619
101.008 15.95
100.741 14.7432
96.7867 15.1948
101.591 15.6845
101.995 14.8365
101.922 15.9729
102.356 15.5369
104.334 15.009
100.635 14.872
103.559 15.0255
100.692 15.0605
104.686 15.2329
101.668 15.198
100.161 15.5642
101.894 15.6812
101.658 15.5294
100.463 15.4426
99.7074 15.482
99.5915 15.5896
99.0173 15.5915
101.213 15.5148
101.372 15.285
103.019 14.6697
99.1085 15.5535
100.089 15.4514
103.238 15.5224
97.9237 15.8892
99.0809 15.8415
102.826 15.1895
101.571 15.7673
103.53 16.3417
96.5333 15.7958
101.479 15.5324
96.8362 16.3845
99.0952 14.923
98.938 14.9193
100.069 16.0811
99.7482 15.8222
98.6694 15.6861
98.7129 15.6338
98.0791 16.204
100.871 16.0713
102.097 15.4141
102.659 15.2872
101.022 15.7152
102.072 15.6695
101.066 15.3867
100.244 15.4601
100.171 15.4945
104.872 15.4764
99.2848 15.2093
100.747 15.1165
104.121 14.9386
100.633 14.5036
98.864 14.4916
101.775 15.2697
100.338 15.1376
99.5038 16.1459
101.683 15.6443
98.85 15.1455
101.313 15.3372
99.4315 15.6317
97.2891 15.8111
98.3532 15.4229
98.5282 14.898
101.726 15.8502
100.543 16.1052
100.628 15.3979
102.124 15.7125
105.41 15.3675
102.251 15.3579
102.543 14.8373
100.005 15.1926
101.085 15.2558
102.625 15.4251
100.359 15.4072
101.169 15.8508
95.1522 16.0284
99.3174 15.0956
104.124 15.2236
105.103 14.9467
98.8536 15.0344
100.295 15.4844
99.7372 15.2987
100.342 15.1294
99.2038 15.5388
101.645 15.89
100.8 15.1167
102.743 15.7827
100.13 15.7101
98.4357 15.6939
97.464 15.1173
99.7404 15.0988
101.038 15.1348
104.86 15.0129
103.264 15.8663
97.1819 15.9055
98.6726 16.0625
98.6592 15.9383
101.956 15.7474
100.677 15.1589
100.308 14.7228
99.3709 15.7608
99.1558 14.6304
101.988 15.9133
103.364 14.7515
103.371 14.4339
101.239 14.9873
103.081 15.312
102.273 15.7695
98.0328 15.3054
100.103 15.8597
100.662 15.5112
98.7899 15.5731
101.765 15.1948
101.443 15.598
100.44 15.5153
102.028 14.9943
101.38 14.8831
100.574 15.2542
100.655 15.9864
101.903 14.6459
97.0022 15.9088
97.3233 14.6324
98.7384 15.7544
101.728 15.1453
102.315 15.4887
102.215 14.8555
102.455 15.7297
102.013 15.3986
99.9086 15.9149
100.483 14.9626
102.444 15.6694
102.343 15.845
102.795 15.3239
100.882 15.5651
102.079 14.69
99.5607 15.3969
99.0764 15.2852
103.464 15.2329
103.08 15.7837
103.232 15.7126
97.8328 15.8356
103.581 15.0969
98.5068 16.222
98.5759 15.8812
101.231 15.1848
99.0301 15.7465
100.429 15.5852
98.4351 15.7743
98.3962 15.4991
99.3602 15.286
99.26 15.8504
99.1187 15.402
100.132 16.1388
103.217 15.1469
102.052 15.3274
102.281 14.7732
101.956 15.2546
98.4436 15.7553
98.5049 15.6245
101.284 15.0174
101.507 15.1636
102.916 15.4284
101.093 15.8307
104.357 15.4086
102.757 15.7925
101.47 15.2606
99.1699 16.4979
98.7274 15.4428
101.398 15.5866
103.095 15.7091
100.267 15.7297
100.569 15.4748
98.6588 15.3361
100.641 15.4098
102.53 15.8084
98.1434 15.4081
103.595 15.6377
102.879 14.6835
99.6367 15.6405
101.513 15.3739
100.371 15.2197
102.068 15.3632
99.4642 15.192
104.294 14.7434
99.3799 15.1922
99.3776 15.2913
99.4852 15.173
100.259 14.614
102.002 15.8389
102.081 15.7327
101.901 15.035
98.3434 15.6591
101.287 15.4292
100.474 15.296
100.382 14.92
103.254 15.4755
100.422 15.3964
100.749 15.3497
100.252 15.2132
101.389 15.0782
99.7497 15.0164
99.6171 16.4249
101.543 15.4849
101.303 15.219
102.002 15.6352
102.39 15.3729
103.05 14.8518
101.783 14.8973
100.532 15.3862
100.788 15.0034
98.9034 14.9185
99.732 15.2318
98.6313 15.0773
102.221 15.1417
103.188 15.2579
103.68 15.1455
104.655 14.9495
102.084 15.5932
102.903 15.4786
103.085 15.1661
101.977 14.8028
100.822 15.8994
96.8618 15.7673
97.8496 15.9165
99.9768 14.5387
100.338 14.7553
98.4746 15.1323
101.505 14.7907
101.318 15.7551
98.534 15.9272
104.677 15.7477
98.6542 16.1385
103.46 15.596
98.3614 15.6291
98.3078 16.0676
97.8417 15.5698
99.7147 14.8492
101.635 15.2896
102.706 15.3021
101.838 15.6726
100.793 15.3381
100.964 15.7733
99.9819 15.8923
100.011 15.0748
100.537 15.3413
100.76 15.3488
102.874 15.5665
101.948 15.1059
100.654 16.0568
98.0521 15.0616
104.543 15.4254
101.638 15.5571
99.8009 15.1102
95.9451 15.5868
103.017 15.5185
103.258 15.3037
100.208 15.0792
100.216 16.3822
100.681 16.0372
99.7902 16.0786
100.326 14.7595
99.8101 15.4898
103.476 15.3331
103.839 15.459
102.132 14.9732
103.202 14.9799
103.126 14.9418
102.43 15.8682
102.485 15.427
100.377 15.4515
102.252 14.8777
101.761 15.4654
100.798 15.3251
99.3134 15.3248
99.5649 15.2212
99.9293 15.3213
98.3678 15.77
100.967 15.324
100.099 15.6052
101.541 15.5253
101.977 15.4358
102.252 15.1948
102.23 15.3096
101.882 15.0325
97.531 16.2197
99.6707 15.2438
98.931 15.479
101.102 15.4617
98.6733 15.7069
100.832 15.3797
100.622 15.9356
99.0295 15.57
101.336 15.971
101.516 15.7292
99.6613 15.6527
99.4163 15.2757
99.2876 15.3163
101.576 15.6689
100.079 15.2002
99.9666 15.126
100.564 15.4763
103.715 16.0096
100.571 15.1797
99.3421 16.3063
102.306 15.8881
101.739 15.773
102.106 15.4408
99.467 15.3745
99.6018 15.3661
100.757 15.2341
101.491 15.21
101.464 15.504
101.545 16.0269
101.54 14.8416
101.606 15.5948
101.829 15.1097
101.372 15.448
101.863 15.5618
103.241 15.4387
98.8629 16.2037
98.6794 15.3799
101.163 15.6496
103.168 14.8198
102.939 15.171
100.722 15.3791
101.882 15.0365
102.625 15.0843
96.9961 16.0418
96.4582 14.9977
101.291 15.2534
103.044 15.4519
101.341 15.6416
98.9869 15.8419
100.794 15.5212
98.9549 15.9085
99.7811 15.8192
105.157 14.833
103.202 14.8599
103.391 15.4557
101.999 15.3486
103.022 15.1562
100.012 15.4451
99.5857 15.4889
101.89 15.2056
103.37 15.6731
99.3552 14.3249
98.1153 15.739
99.0894 15.2023
100.035 15.1232
98.0748 15.3886
103.691 15.8528
101.038 15.4119
98.2103 15.9272
103.924 15.407
100.046 15.4224
100.488 15.7141
99.733 14.8187
100.022 14.9771
101.671 16.6247
103.022 15.6025
100.767 15.1048
99.6151 15.3015
100.899 15.565
101.856 15.24
98.7608 15.5588
98.5004 15.0768
99.6737 14.8091
101.948 15.3745
101.988 15.8294
98.6819 16.1591
100.399 16.0104
97.4584 16.0966
102.608 15.9133
100.737 15.1883
99.9138 14.5059
101.597 15.2439
101.776 14.1006
95.8552 15.0375
99.2339 15.8611
101.302 15.5766
102.671 15.3594
102.127 15.7956
100.031 16.0888
99.6814 15.1564
103.353 15.165
99.6538 14.9734
100.379 15.0042
100.872 15.5538
101.233 15.787
97.7272 15.5213
98.9859 16.0703
101.782 16.037
98.6996 16.0836
99.8544 15.1091
101.937 15.9467
100.264 15.4507
100.19 14.7903
102.403 16.2623
101.478 14.9899
101.221 15.0934
101.481 15.7265
100.851 15.6313
101.331 15.3491
101.538 15.6065
99.7988 15.6136
100.567 15.8991
99.43 15.8495
98.3873 16.033
99.0364 15.8044
98.8529 15.5995
99.6801 15.4536
99.8703 15.5102
103.742 14.9158
98.0171 15.3563
101.71 15.392
99.8264 14.9187
102.049 15.357
103.092 15.4949
105.215 15.5614
100.044 15.8086
101.993 15.9681
102.173 15.9203
101.17 15.0345
100.125 15.2782
98.7425 15.2892
104.26 15.1721
102.384 15.216
100.348 15.4606
100.421 15.7652
101.416 15.2902
102.097 16.2223
104.525 15.0704
101.475 15.4444
99.4235 15.2125
98.5534 16.0177
100.178 15.7196
98.5143 14.9953
100.681 15.4982
102.547 15.2572
101.719 15.0725
100.602 15.2305
97.8815 15.5974
101.839 15.3901
101.851 15.6802
101.821 14.8806
101.493 14.8751
102.833 14.4627
101.891 14.5634
99.5825 15.5585
101.63 15.2125
99.4309 15.5438
103.997 15.3445
100.519 15.5341
101.239 15.488
99.9408 15.7736
101.597 15.9166
101.135 15.6065
101.108 15.8655
99.7113 15.1199
97.6912 15.1053
101.247 15.391
100.277 15.5826
102.942 15.3896
98.0503 15.5192
99.1381 16.0591
99.4208 16.3471
100.89 14.7492
99.3776 15.2647
100.234 15.8354
101.627 15.9753
100.282 14.9077
102 15.478
100.927 14.5871
98.6366 14.8692
103.001 15.3022
102.087 15.0728
100.519 15.197
100.079 15.5564
100.321 15.2229
102.439 15.564
99.2149 15.5734
99.577 15.5678
99.4908 15.8052
99.4963 15.0451
101.422 15.0942
105.543 15.0486
101.213 16.1818
100.511 16.3326
99.4129 16.2833
99.8198 16.0219
100.667 15.5753
101.973 15.9892
101.983 15.2922
103.319 15.8919
100.499 14.7262
104.909 14.8694
99.0368 14.7641
101.128 14.9264
100.843 15.5427
99.8194 15.5384
98.4244 15.7377
99.6263 15.8179
95.6691 15.5286
102.023 15.4961
101.4 15.4785
101.423 15.4228
102.627 15.5023
101.774 15.1581
98.9529 15.134
98.2696 15.5603
104.001 14.9075
98.4066 15.3095
101.154 14.9441
96.5369 16.0577
99.3502 15.5937
97.467 16.3287
100.671 15.8256
101.25 15.8514
99.4195 15.1704
100.53 15.6736
100.242 15.896
103.162 15.1495
103.827 14.8853
104.223 15.3339
103.293 15.7962
101.86 15.5039
99.6912 15.9101
103.038 15.881
104.968 15.4975
102.276 15.5747
102.761 15.3591
101.827 15.7072
103.208 15.7949
100.827 15.3716
100.139 15.3118
101.25 14.8001
100.2 15.1263
100.804 15.229
102.276 14.4857
101.01 15.9681
97.0318 15.2337
96.8952 15.4595
97.1921 15.6906
100.049 15.0456
101.458 15.1585
103.168 15.6599
96.5034 15.5153
98.3824 15.5511
103.047 15.5392
103.089 15.6823
104.71 15.5163
100.052 15.9969
101.229 14.9663
97.9548 15.6366
98.9437 15.8651
100.483 15.3164
101.357 15.1566
100.333 15.2815
100.079 15.1553
102.458 15.0315
101.794 15.889
101.973 15.7732
100.863 15.05
102.666 14.5762
99.4727 16.2604
96.9019 15.6389
101.581 15.1674
100.34 15.6031
101.325 15.7836
100.662 15.181
102.434 14.7822
101.507 15.3549
100.663 15.3011
102.184 14.7943
103.773 14.7983
101.086 15.0547
98.8882 15.811
100.994 15.215
101.023 15.7714
100.012 16.223
100.578 14.5928
103.869 14.7807
101.192 15.3222
101.504 15.4097
103.315 15.1053
102.947 14.9823
102.723 14.7693
99.3273 15.5781
103.522 15.5178
100.812 16.1616
99.9404 15.868
101.641 14.602
102.281 15.1581
100.943 14.8284
101.015 15.0318
100.678 15.1813
101.492 15.5763
101.165 15.7918
103.218 15.5254
101.014 15.2587
99.7135 15.454
100.13 15.4629
101.977 14.6266
99.5092 16.0571
102.226 15.2746
102.493 15.8486
101.176 16.201
101.562 14.77
100.937 15.59
98.8436 15.1461
101.334 15.5343
101.8 14.7361
97.7656 15.9147
102.564 15.2075
100.506 15.1041
99.4922 15.182
102.167 15.5478
101.292 15.7107
102.833 15.2945
101.371 15.6825
96.8447 15.6707
101.794 14.6779
100.462 15.4753
100.343 14.967
100.984 15.6086
98.9564 15.4352
101.229 15.3218
102.042 15.5787
99.6006 16.3376
100.86 15.6355
99.3863 16.0594
100.867 16.2473
99.6687 15.5317
101.914 15.7046
101.922 15.3754
101.951 14.6571
101.719 15.5535
102.876 14.8777
103.025 15.4217
102.599 15.4447
96.7712 15.4666
101.878 15.5115
98.8967 15.3031
99.5509 15.3524
99.8961 15.3646
101.187 14.2894
101.827 16.4124
102.287 15.9952
100.934 16.0221
99.8326 15.659
100.256 15.598
99.1039 15.7225
100.894 15.5571
99.1583 15.9511
102.806 15.2916
101.149 14.9975
102.229 15.3281
101.782 15.519
101.466 15.4126
100.291 15.7461
103.138 15.4031
99.7468 15.5963
100.904 15.7285
100.641 15.3493
99.5011 15.0904
102.001 15.1707
100.243 15.1255
98.4334 15.6579
98.9904 16.0596
100.258 15.4138
100.913 15.5521
99.1146 15.532
98.3175 15.469
101.181 15.5749
98.3667 16.1213
97.75 16.2155
101.792 15.4887
103.443 16.0085
102.371 15.9156
100.863 16.2324
100.369 15.4755
102.258 14.9332
99.5784 15.5645
100.262 15.2985
102.053 14.8971
96.9917 15.1572
98.5285 15.5545
98.018 15.3545
99.8819 15.6473
100.211 15.2791
99.533 15.3551
100.024 15.1142
103.125 15.3886
102.489 15.3202
101.744 15.543
101.838 15.167
97.721 15.0819
102.812 14.5653
100.659 15.7636
102.028 15.5722
99.5509 15.737
99.882 15.7698
100.123 15.8905
100.202 15.9161
98.0624 15.3659
102.279 16.1584
101.973 15.4855
99.1812 15.4398
103.207 15.2529
100.003 15.1179
99.7095 16.1147
104.358 15.3886
101.484 15.1016
102.014 15.174
101.331 15.5621
103.173 15.0781
102.804 14.9934
95.2183 15.4501
101.489 15.3835
100.304 15.7112
98.28 14.9323
100.172 15.7322
100.275 15.9094
102.216 15.0297
103.653 15.3626
101.928 15.7006
100.975 15.8074
102.417 15.8092
101.499 15.1341
98.8203 15.2959
100.916 14.8873
100.173 15.3807
100.122 15.7783
100.151 16.1251
99.83 15.6553
99.7341 15.2481
97.9988 15.4372
100.308 15.7076
98.8721 15.945
100.23 15.5591
98.3957 15.2337
101.816 15.728
100.776 15.3121
100.605 15.2709
99.1071 15.7172
103.097 15.1733
103.751 14.8051
103.196 15.5533
103.786 15.519
102.642 15.2454
98.6603 14.9756
99.387 14.8532
102.554 15.3998
97.2709 16.0498
102.79 15.6539
100.305 15.4004
99.2112 15.7358
97.5356 16.0931
97.9616 15.78
99.5009 15.5544
102.03 15.0554
100.585 15.3011
103.804 14.8441
102.461 14.5296
102.211 15.2714
100.934 15.3216
100.799 14.8635
100.424 15.1658
99.3565 15.393
99.0577 15.5706
104.914 15.0852
103.007 15.1785
98.9057 14.8971
100.392 15.5176
100.181 16.0805
99.8277 15.5797
101.403 15.1684
101.687 15.2004
101.172 15.3973
102.264 15.2787
102.059 15.5367
98.083 16.3202
100.95 15.7386
101.085 15.4912
99.889 15.2142
99.8062 15.2057
102.269 14.8592
100.963 15.3089
102.784 15.0788
99.852 15.758
98.5159 15.6637
101.033 15.1212
99.8316 15.5871
99.0101 16.0218
100.259 16.2424
100.983 15.4744
101.941 15.1026
100.692 15.2987
102.671 15.5612
99.795 15.7545
100.638 15.3577
98.0118 15.5117
99.3567 15.1889
103.606 14.342
102.581 15.3071
96.1769 14.9413
102.836 15.3355
100.237 16.0302
100.758 15.9404
102.314 15.2659
103.927 14.9903
97.6973 15.4245
102.305 15.6174
101.224 15.6546
101.875 15.9672
99.3051 15.6337
97.8844 15.4023
99.3337 14.475
100.651 15.3046
103.284 15.7259
101.749 15.4589
98.5323 15.3905
99.9243 15.9581
100.018 15.9581
104.534 15.4372
101.676 15.3802
98.9487 15.3863
98.8451 15.7944
100.894 15.6675
101.327 15.2415
102.005 15.2211
99.1026 15.1353
101.812 15.2475
102.541 15.6409
103.139 15.5737
102.932 15.8492
100.141 16.1675
100.688 16.2353
101.993 15.6282
102.402 15.9646
102.29 15.8625
98.5698 15.5471
99.1769 16.455
97.694 14.8723
99.9699 15.2278
98.0602 15.8093
99.6335 15.1506
102.157 15.3959
98.5374 15.5632
100.209 15.1411
99.7497 15.3179
98.9777 15.5316
99.0032 16.2698
101.015 15.3963
100.135 15.017
104.03 14.6418
100.143 16.1273
96.0797 15.9007
101.477 15.3251
103.28 14.7614
99.4017 14.8083
101.078 15.1115
99.0124 15.9077
100.199 16.0724
100.236 14.7942
98.8075 16.0746
101.338 15.8226
103.734 14.8909
101.136 15.1855
100.742 15.6939
99.7086 15.4918
104.442 15.7968
99.8704 16.0107
101.491 15.4509
99.6022 16.3014
101.922 15.7052
101.684 15.8002
102.535 15.3835
100.652 15.4358
100.246 15.4421
99.8847 15.4441
99.6315 15.4177
100.004 14.8475
100.269 15.5071
99.4617 16.0552
101.6 15.3083
97.1093 15.9928
99.6576 15.779
101.049 15.5882
102.619 16.0313
99.6765 15.4764
101.075 15.7574
100.54 15.6718
99.9837 14.2263
102.043 15.538
98.2966 15.582
98.2996 16.0817
99.6504 15.2515
99.2515 15.5677
102.367 15.3891
100.097 15.7821
101.686 15.4617
102.759 15.1308
95.8362 16.709
101.902 15.7552
103.697 15.3571
102.817 15.885
98.0758 15.2553
98.3272 16.1852
98.3493 16.3022
97.6471 15.5509
99.9786 15.2863
101.294 15.9586
98.6707 15.5755
102.218 15.4234
103.23 15.0619
100.966 15.4922
101.037 15.7951
105.405 14.9047
100.917 15.9352
105.727 14.9839
100.414 15.1829
100.414 16.1673
98.7834 15.6666
99.1134 15.336
99.2094 15.6844
101.461 15.2104
100.511 16.2721
99.5285 16.2929
98.7468 14.6444
97.8431 15.4437
100.317 14.9981
101.248 14.9951
102.302 15.8344
100.007 15.8968
101.059 15.9189
99.1767 15.312
99.1058 15.255
98.0462 15.2546
101.3 15.4642
101.96 15.9676
101.44 15.4986
101.828 15.6404
99.7476 16.0972
104.869 14.8529
103.199 15.15
99.8446 16.1022
102.064 15.8129
103.013 15.8608
103.477 15.407
99.3325 15.4616
100.786 15.4421
100.287 15.3878
100.804 15.865
100.442 15.2865
103.549 15.296
99.3002 15.6445
100.448 15.431
100.541 15.5319
98.8056 16.43
97.8319 15.6426
101.737 15.5725
101.727 15.764
101.979 15.2784
101.779 14.7482
97.194 15.3937
99.8838 15.4768
99.8331 15.3122
99.7096 15.366
100.109 15.1828
101.36 14.5587
99.9227 15.5235
101.626 14.6657
101.226 14.8793
102.237 15.6597
99.1053 15.3793
100.172 15.8671
101.592 15.8373
101.61 15.9747
99.6085 15.6017
101.45 15.2379
100.072 15.7057
103.059 15.5755
101.074 15.6118
100.824 15.4776
101.393 15.1897
99.1855 15.1189
100.992 15.3442
103.461 15.1494
102.092 14.6556
101.002 14.8232
100.639 14.7185
101.588 15.0244
103.023 15.4426
99.075 15.1683
100.752 15.5023
99.2582 15.9847
100.361 15.6553
100.462 15.6375
100.367 15.2298
98.2174 15.3663
101.081 15.7706
101.825 15.6463
99.5628 14.748
104.464 15.2479
104.109 14.9144
102.603 15.0633
100.992 15.0112
100.487 15.0073
102.501 15.6314
100.214 15.6329
100.877 15.3794
100.785 15.5554
101.848 14.158
99.4417 14.9655
98.4587 15.6449
100.443 15.4848
102.266 14.5562
100.907 15.2287
100.16 15.4108
101.118 15.7704
99.4505 15.4175
98.0536 16.5943
98.1237 15.2892
99.6266 15.8709
102.009 15.9538
101.709 15.6305
103.107 14.5372
101.305 15.1564
100.179 15.5342
99.5908 15.2916
101.086 15.9786
100.997 14.254
100.94 15.6889
100.57 15.5225
99.1278 15.4569
101.402 15.1218
101.684 15.0554
101.815 14.7212
101.803 15.7149
99.9276 15.6389
98.5325 15.0737
99.7273 16.1534
99.2876 15.5283
98.4649 15.6978
98.5602 15.563
98.4914 15.7689
96.8201 15.6166
100.62 15.817
100.604 15.6448
99.2166 15.1152
97.1415 15.5667
104.351 15.2267
101.876 15.3065
102.074 15.2822
102.224 15.4532
102.714 15.2719
102.38 15.3315
101.338 15.8931
102.138 14.4832
102.447 15.3378
100.905 15.1637
106.143 15.2466
101.485 16.3718
105.581 15.8314
103.929 15.4557
99.698 15.4305
98.9823 15.7499
100.427 15.5361
100.536 15.4452
101.491 16.0265
101.148 15.726
99.0079 15.5161
103.055 14.934
100.836 14.7798
101.109 15.4887
100.095 16.4269
98.5545 15.6994
98.92 15.2327
98.213 15.4641
98.3745 15.6226
99.7696 15.4384
100.172 15.4887
97.987 15.2291
97.3202 15.4798
101.319 14.8383
102.292 16.0906
101.611 14.8976
99.9772 14.9603
100.261 15.3729
100.06 15.4096
101.967 14.627
100.64 15.2535
104.624 15.1885
100.462 15.4151
100.213 15.4974
100.39 15.6424
101.461 15.3202
102.949 15.1886
101.799 14.9647
101.939 15.3684
100.665 15.1445
101.902 15.2512
102.743 15.4852
99.3862 15.6091
98.4306 14.6986
99.9715 15.6014
98.7214 15.3046
99.9621 15.2929
101.99 15.6485
103.526 15.5162
100.947 15.5344
97.0291 15.8128
97.9342 15.8509
99.6125 15.9046
100.394 15.8135
98.1687 15.2694
99.2047 15.611
99.7949 15.455
101.391 15.4107
99.1106 15.4889
100.363 14.9236
99.87 15.1966
101.297 15.3109
102.57 15.4406
102.005 15.6435
100.822 15.7092
102.425 15.1237
102.141 15.4545
102.406 15.7683
102.143 15.2328
100.67 14.5998
104.129 15.8784
100.36 15.7127
96.5885 16.327
98.2697 16.1042
97.4191 15.6623
99.9629 15.4542
100.062 15.2438
103.253 15.2095
100.666 15.7997
99.3016 15.4552
98.7735 15.2675
102.922 15.0781
101.872 15.433
99.0662 15.7167
98.5683 15.2918
100.9 15.2451
100.301 15.2451
101.973 15.8062
103.457 15.4185
100.158 15.3864
100.964 15.6426
100.937 15.7107
101.198 15.4826
100.847 15.6233
100.204 15.411
99.1253 15.164
101.834 15.8595
101.699 15.3381
97.3112 15.4106
98.267 15.6843
100.968 15.6908
102.349 14.8451
98.4737 15.5597
98.317 15.5022
97.1418 16.0128
103.437 15.7108
100.436 16.0712
100.557 15.1128
100.591 15.6198
104.342 14.9285
102 15.2363
100.105 16.0648
102.663 15.3728
103.306 15.1484
103.142 15.2719
97.6152 15.7422
99.6853 14.8651
102.942 15.1703
105.177 15.028
100.121 15.4271
103.262 15.7604
103.333 15.0023
102.491 15.2167
99.3882 15.5909
99.6486 14.8376
102.632 15.2234
101.482 15.327
105.441 15.1281
98.8713 16.005
100.369 15.0917
98.9982 14.9635
103.453 14.9278
101.42 15.2862
100.34 15.5536
102.517 15.1272
100.851 16.2167
102.505 15.5538
101.275 15.9979
100.934 15.5517
100.707 15.4016
102.241 15.5692
101.472 15.8373
98.517 15.9157
102.202 15.581
101.51 15.5745
100.243 15.954
97.8411 15.4925
100.912 15.5977
98.4309 15.58
99.046 15.3561
99.3812 15.223
102.077 15.9348
102.147 15.5983
100.883 15.9016
99.9637 15.908
98.5403 16.1984
98.7509 15.5755
97.2782 15.7706
96.7592 15.7596
99.3159 15.3991
104.913 15.6954
98.3579 15.5214
98.36 15.5446
100.481 15.8735
100.57 15.9857
103.531 15.0221
102.303 15.5641
100.82 15.5892
100.269 15.8203
102.415 16.0927
98.1144 15.5524
101.021 15.601
101.388 15.5408
105.47 15.1158
99.5818 15.7246
100.732 15.6161
100.614 15.6465
100.522 15.5788
99.3864 15.8576
99.5493 15.5769
100.484 15.4845
99.1452 15.9459
101.958 15.1591
98.9208 15.0285
102.456 15.0615
102.533 14.906
101.219 15.3842
101.605 15.5154
102.022 15.4578
99.3447 15.4127
100.698 14.6165
101.878 14.9544
99.068 15.6951
100.283 14.8729
101.271 15.1979
101.715 15.3278
99.837 15.3684
99.1038 15.3883
99.0692 15.5581
98.6848 15.6482
96.5996 15.8239
101.008 15.2022
99.7333 15.516
102.1 15.2176
99.5898 15.4382
101.001 15.0755
101.001 15.1924
104.047 15.3551
101.918 15.1993
98.6662 15.5804
98.6026 15.6492
102.355 15.424
100.834 15.5227
99.3243 14.954
101.552 15.3498
100.256 15.413
102.651 14.6882
100.737 15.3133
97.8239 15.8887
98.1369 15.2916
99.6791 15.3313
100.812 15.289
98.916 15.3672
101.993 15.704
99.803 15.1535
101.671 15.6009
105.282 15.5396
103.409 15.4812
101.994 15.4344
102.68 15.6685
103.549 14.9324
102.363 15.0127
100.353 15.1745
99.8444 15.359
101.602 15.3953
103.334 15.6096
99.7738 15.3124
99.9241 15.0222
101.475 15.1644
101.075 15.0601
99.9871 15.2739
100.476 15.2221
101.052 15.5475
98.6756 15.6543
100.391 15.917
98.1282 15.4657
98.1313 15.8877
99.9074 15.5477
100.137 16.1187
101.014 15.2905
103.133 15.5466
103.113 15.1383
103.503 14.6266
102.159 15.2431
102.218 15.6477
100.942 15.6678
102.413 15.5913
99.0687 15.694
104.321 15.5603
98.2163 16.0811
98.9762 15.44
98.276 15.6972
98.622 15.914
102.718 15.7271
98.518 15.8644
101.344 15.8246
101.203 15.6013
101.908 15.9946
100.199 14.5872
98.9606 15.323
100.097 15.4628
100.535 15.4242
101.32 15.2169
104.271 14.7979
100.454 16.2251
102.041 15.6777
101.532 14.9682
101.921 14.6801
99.9004 15.7521
100.397 15.5789
104.823 15.2474
102.835 15.4879
102.892 15.6731
101.487 15.4104
101.6 15.54
101.969 15.9604
99.9138 15.3274
98.7689 15.2021
104.946 15.2249
104.103 15.2117
101.516 15.2296
101.904 15.0066
98.6566 15.3645
103.055 15.0721
103.273 14.9787
101.15 16.264
99.2373 15.175
100.841 15.3385
98.0896 15.2869
99.0726 16.1411
96.799 15.5328
99.7611 15.8314
100.053 15.5152
101.254 15.4181
100.688 14.9082
99.0748 15.5167
101.384 15.5108
104.535 15.4919
108.358 15.0716
103.466 14.9437
100.122 15.5885
97.3175 15.7341
99.5499 14.9367
102.041 15.1445
102.828 15.3224
98.2411 15.2776
101.194 15.6698
100.342 15.5861
100.12 15.1012
100.862 14.9436
99.711 15.4023
100.046 15.0188
103.017 15.2116
102.186 15.5522
100.517 15.5232
102.413 15.5444
101.999 15.5683
101.757 15.6187
102.338 15.2486
102.126 15.593
103.659 15.0329
102.261 14.9022
102.434 15.285
104.119 15.1523
101.061 15.6954
103.596 15.1356
100.564 14.8561
100.663 14.995
103.882 15.5018
97.6077 15.979
98.7627 16.1932
99.6902 15.2594
98.5652 15.9073
101.426 15.3901
102.201 15.1694
104.729 15.2348
101.334 15.0615
101.123 15.2566
100.919 14.6616
103.778 14.7902
98.1047 16.0093
103.587 15
100.537 15.3436
102.229 15.8553
104.037 15.1802
103.402 15.064
96.5773 15.8839
100.347 15.4328
99.6349 15.2094
101.281 15.7078
101.611 15.7213
102.69 15.8117
101.661 15.0026
99.7599 15.4456
100.701 15.7654
99.8797 16.6334
99.6185 15.2381
102.072 15.0118
97.8059 15.9775
100.625 14.8328
101.835 15.2676
103.183 14.848
102.487 15.4278
100.424 15.3694
99.0878 15.6487
100.538 15.671
100.164 15.6377
101.877 15.6538
100.27 15.4219
101.928 15.4864
101.738 15.7837
98.8192 15.0447
101.024 15.372
102.365 14.9456
100.601 15.696
102.185 15.3321
103.322 15.5589
98.1774 15.5513
98.9005 16.2112
97.5286 15.945
99.2299 16.0335
99.7902 15.1708
101.86 15.2264
101.544 15.1614
101.42 15.2116
98.996 15.2317
101.805 15.271
100.421 16.0873
98.9097 15.809
101.226 15.4492
101.43 15.1432
99.9006 14.8859
100.048 14.8469
99.4559 15.2791
101.66 15.2473
102.206 15.2677
101.297 15.8379
99.455 15.8686
99.0331 15.4934
101.099 14.9752
100.928 15.3078
100.314 15.8532
100.165 15.6517
101.008 15.416
100.329 15.1591
100.314 15.8124
101.392 15.7891
98.7888 15.856
100.953 15.5847
103.844 15.8159
99.7614 15.9582
102.296 14.93
103.449 14.956
98.2965 15.163
103.035 15.2777
98.1764 15.8651
99.8683 16.1226
98.8272 15.2963
100.456 15.7388
100.992 14.9724
98.5038 15.7092
99.2801 15.3107
103.73 15.1298
102.375 15.5246
102.418 15.8452
103.742 15.222
98.0872 15.0565
101.451 15.3796
101.769 14.8411
99.3884 15.0287
100.291 15.3955
98.1573 14.858
98.433 14.9375
100.57 15.4217
99.8066 15.514
101.666 15.1349
101.342 15.7346
99.424 15.8979
100.107 15.0365
100.331 15.7074
99.4079 15.6647
103.467 15.557
100.173 15.301
100.248 15.4145
100.922 15.3335
99.153 14.9632
100.841 14.836
100.771 15.064
101.462 14.947
100.643 15.4631
103.373 15.698
101.773 15.9061
101.528 15.0742
100.321 15.4366
98.0705 15.4098
99.0771 14.8942
103.513 14.3526
104.124 14.6409
103.481 15.2631
104.012 14.6918
100.176 15.0378
98.8114 16.4649
101.649 15.7711
98.9246 15.7628
98.7712 15.6193
99.3833 15.3822
102.564 15.9466
101.114 15.7833
96.3925 15.6922
99.5651 15.69
98.0513 15.786
100.147 15.7576
102.183 15.8412
102.164 15.9334
101.607 15.6918
97.4193 15.5872
96.3228 15.5845
96.4484 15.926
101.275 15.7573
100.713 15.1967
99.1177 15.8733
98.5282 15.2049
99.6004 15.9317
99.8791 14.7539
101.396 15.3137
99.5508 15.1124
100.041 15.0099
103.799 14.9357
100.77 14.5885
100.647 15.1386
97.8387 15.2905
105.098 15.5487
101.631 15.6769
100.795 15.0472
101.984 15.2495
96.0885 15.7903
98.306 15.7717
99.3095 15.8564
99.7937 14.9936
100.385 15.3865
100.399 14.5935
100.318 15.2738
100.338 15.5187
99.3789 15.8346
96.6593 15.3821
99.8055 15.2245
101.434 15.7773
99.0398 15.4633
99.1645 15.8896
99.0093 15.1845
100.756 15.5032
101.25 15.8694
104.399 15.6771
103.239 15.3882
103.322 15.2332
100.516 14.9862
100.068 15.7609
98.2513 15.6104
100.094 15.4956
97.4412 15.8836
98.796 15.4517
97.2591 15.5813
97.5094 14.9802
101.538 16.0546
99.8814 16.3647
100.06 14.7865
101.755 14.7617
102.124 15.1843
100.54 14.6843
102.377 16.3935
99.3483 15.8037
98.5384 16.125
100.208 15.6394
105.252 15.2701
99.6057 15.7592
99.0941 15.8354
99.8487 15.6667
99.0692 15.9318
100.726 15.5662
98.8977 16.3145
102.09 15.6065
101.614 15.9699
101.23 15.0968
101.615 15.5747
97.5533 16.8178
100.271 15.8798
99.7693 15.7754
97.1829 16.2544
99.0654 15.4737
98.4492 15.6049
100.974 15.7159
105.577 15.466
100.162 15.5014
102.106 14.9274
101.136 15.8057
101.105 14.7075
98.0879 15.9858
98.7237 15.9726
99.3975 15.1614
100.452 16.1472
100.438 14.7736
101.675 15.6025
101.676 15.0007
103.451 15.0567
99.0044 15.0902
101.482 14.9319
100.862 14.484
100.779 15.7429
102.668 15.9885
102.263 15.5307
101.202 15.7639
100.765 15.4697
102.657 15.1513
102.087 14.9551
102.281 16.1759
101.501 15.8109
99.3099 15.2196
97.1505 16.1379
98.1844 16.2917
98.1447 16.0184
97.8796 16.2698
102.032 15.2071
99.4501 15.1272
99.5271 15.4896
97.4915 15.0894
101.522 15.5592
100.738 15.2841
100.662 15.9591
104.206 14.9145
99.5209 15.5165
104.708 14.6842
101.559 15.6373
99.039 15.663
100.07 15.7443
99.1303 15.8968
99.1303 15.6975
99.6491 15.0003
102.313 14.6205
101.436 15.3517
103.271 15.2083
103.173 14.6392
103.381 15.1029
99.806 14.9924
101.148 15.819
101.82 14.6083
102.663 15.9418
103.782 14.9073
101.996 15.2372
99.7832 14.8495
100.744 14.8213
100.944 14.9469
102.627 15.0765
99.4566 15.317
100.333 15.8291
100.648 15.5442
99.8176 15.5359
99.6342 15.0679
101.037 15.3406
97.6907 15.9227
98.8415 15.7155
100.203 15.4614
100.091 15.6356
102.704 15.5352
102.196 15.6564
102.258 15.5484
103.476 15.6944
100.199 15.9582
100.906 15.8872
100.756 15.7206
96.3488 16.0191
100.839 15.955
100.439 15.2396
99.8617 15.7419
99.8887 15.5665
99.8854 16.2149
101.657 15.4225
100.33 16.0025
102.079 15.3203
102.245 15.3067
101.595 15.4021
101.335 15.316
98.7433 16.0419
98.3208 15.4979
101.765 15.3192
98.9398 14.9787
96.7821 15.7045
99.7996 16.1295
97.5676 15.7308
101.064 15.7621
102.981 15.5584
101.279 15.1844
101.251 15.6517
104.414 15.9341
104.89 15.3345
100.532 15.7305
101.591 15.406
103.285 15.534
104.283 15.5322
104.182 15.4303
100.792 15.221
100.463 15.2356
101.424 15.2962
102.539 15.9925
105.775 15.5425
102.059 14.8729
100.903 14.4446
103.402 15.3719
98.4886 15.5316
101.488 15.3717
101.234 15.6395
103.002 15.5826
99.3822 14.9257
105.28 15.4337
100.358 14.7808
104.53 15.1634
101.693 15.495
101.11 15.5059
99.5722 15.8697
99.6029 15.5953
100.113 15.5571
102.957 15.2982
100.783 15.0582
101.077 15.4521
102.401 14.8172
100.597 15.2815
103.331 15.4791
102.778 15.5058
98.704 15.1387
103.787 15.6536
102.38 15.7266
99.5672 15.4611
99.1596 15.5075
98.4554 15.8948
98.3302 16.146
99.2817 15.6745
99.6929 16.2703
100.527 15.6309
99.7214 15.0756
101.876 15.6041
99.5027 15.9768
101.151 15.9734
102.547 15.3617
98.7387 15.3843
100.638 15.2853
99.6741 15.0724
102.684 15.9533
98.819 15.4535
97.5677 15.4803
100.852 15.1657
100.873 15.463
101.982 15.3698
102.005 15.565
101 15.0491
100.517 15.3716
98.8371 15.656
99.5211 15.4534
99.8336 15.1564
98.8585 15.0659
99.6517 15.2534
101.44 14.9345
101.305 15.2577
105.193 16.1094
98.9229 15.7591
100.929 16.0666
102.199 15.7661
101.191 15.8487
102.477 15.4438
100.722 15.6183
99.1264 15.0597
98.7651 15.0209
101.443 16.1028
99.5661 15.55
99.861 15.4768
97.9967 15.411
99.4911 16.2627
100.394 15.9086
100.2 15.2151
103.187 15.5325
103.543 15.5584
100.441 15.5496
100.508 15.4313
101.25 15.1416
101.354 15.8346
103.111 15.2044
99.6964 15.3064
102.265 15.3034
100.776 15.604
98.3362 15.7093
102.862 15.7561
102.827 15.2477
102.586 16.0074
100.511 15.5202
100.477 14.6289
102.411 16.2412
100.62 15.6636
99.8114 16.0866
99.0221 15.5215
99.2888 15.4151
99.7291 15.3295
102.004 15.6021
101.488 14.939
98.6806 15.7092
102.553 15.6175
99.8307 15.0916
99.1009 15.3049
100.04 15.2172
102.626 14.8811
102.363 14.8579
101.744 15.1694
100.497 15.4532
97.8749 15.5429
102.988 15.8379
99.4391 15.5288
98.4687 15.2733
97.2104 15.4924
99.7167 15.7278
101.966 15.8609
102.289 16.336
101.359 15.4909
103.336 15.3738
101.251 15.3602
100.26 14.5607
98.6252 15.4384
102.893 15.1144
100.047 15.1185
100.411 15.1967
101.945 15.3097
101.602 14.7725
101.207 14.6771
103.931 15.8267
100.615 16.1832
100.302 15.4548
99.1234 15.1274
99.4138 15.4822
99.4137 14.7006
99.3365 15.375
103.668 14.8148
103.627 14.7457
101.878 15.8393
101.574 14.6981
99.4499 15.9008
101.13 15.5247
98.1558 15.5132
100.198 15.1461
101.863 15.1578
99.5327 15.2319
98.374 15.1552
104.016 15.1857
99.0025 15.1809
100.043 15.0985
99.7396 15.4125
101.945 16.0589
100.983 16.4863
102.474 15.1684
100.549 15.2457
99.3837 15.6093
99.4415 15.6436
100.885 14.935
98.9778 15.4985
102.027 15.2573
100.541 15.2642
99.6192 15.8185
99.8941 15.9337
101.137 14.719
100.684 15.2152
100.254 15.4007
102.412 15.3127
98.7479 16.4295
98.3669 14.9613
98.0963 15.0528
101.36 15.5524
102.324 15.6445
99.0089 15.5794
103.01 15.2885
102.259 15.3898
101.656 15.4088
104.1 15.1179
100.5 15.4625
102.725 15.5238
101.02 15.7499
101.008 15.291
99.9026 15.5684
99.3234 15.1067
102.644 15.3237
100.201 15.5569
101.64 15.5323
101.282 16.0581
101.158 15.5796
99.1994 15.1879
100.202 15.5649
101.839 15.6748
101.884 15.6907
100.55 14.8263
100.528 16.1072
100.485 15.97
98.8101 15.8325
99.2481 15.7463
99.334 15.4906
101.36 15.1821
102.476 15.7367
101.121 15.6429
102.614 15.3159
100.646 15.6364
98.2891 15.3975
97.5535 15.6436
99.2671 16.1745
100.27 16.5198
99.8804 16.3874
99.8818 15.1717
99.8873 16.0519
101.897 14.9689
98.4411 15.0796
101.082 15.514
101.11 15.8774
100.959 16.0891
99.8202 16.1169
100.244 15.4519
102.643 15.9459
105.334 15.7732
101.501 15.4911
100.936 15.5512
98.8963 16.1015
99.5378 15.7559
98.8068 15.0319
98.431 16.4426
101.279 15.0629
101.436 15.531
100.235 15.8572
101.906 15.1596
102.547 15.289
99.9064 16.0952
104.701 15.8568
99.1861 16.1656
97.4989 15.2527
100.14 15.0629
100.385 15.2581
98.6104 14.6617
101.253 14.954
101.894 15.4968
101.74 14.2863
102.771 15.0095
100.933 15.4061
101.794 15.1944
99.183 15.3375
101.298 14.6807
106.757 13.8894
105.153 14.5815
103.986 14.8924
100.285 15.3895
98.228 15.7266
98.1294 15.53
101.86 15.7252
99.0983 15.192
102.184 14.4691
99.9333 15.3464
102.767 15.8762
98.7043 15.2452
102.893 14.5468
104.835 14.2957
97.215 16.0526
99.7706 15.2168
101.055 15.483
98.6838 15.364
99.691 15.554
101.327 15.2963
102.232 15.2045
100.474 15.5771
100.432 15.2418
98.8786 15.2777
101.5 15.2588
101.557 15.4032
99.2915 16.0378
99.0193 15.1102
100.374 15.1565
101.113 15.6183
102.43 15.5947
101.959 14.9642
104.055 15.1491
102.237 15.0133
101.287 15.5864
102.58 15.2468
102.428 15.0048
101.758 15.646
97.065 16.2671
100.411 16.1501
100.531 16.0459
102.301 15.1673
102.622 15.6123
101.011 15.5605
101.347 14.9367
102.154 15.5319
98.3969 16.2187
99.5241 15.8087
99.7021 15.6217
99.2621 15.6374
101.743 15.5231
100.305 15.5034
99.8288 15.1761
99.4722 15.2412
99.4592 15.1213
100.614 15.2268
96.9196 15.9319
100.379 15.4238
101.057 15.4162
99.805 15.7496
100.994 15.6611
98.4729 15.482
102.676 15.49
100.606 15.5371
100.259 14.9891
99.7595 15.4472
102.554 15.6822
103.08 15.5827
101.046 15.4851
103.575 15.2261
103.68 15.1925
99.4656 14.8803
101.861 15.4215
95.0191 15.6333
99.9227 15.3548
98.3531 16.104
96.1714 15.8999
99.4086 15.5129
99.2606 14.8569
101.64 15.2163
100.758 15.7104
99.1026 15.0557
99.5734 15.3011
101.58 15.2835
101.134 15.8598
101.74 15.8064
100.935 15.7297
101.249 15.0859
98.8163 15.9673
97.4255 16.0132
100.907 15.5329
100.46 15.7896
101.719 16.017
100.023 16.0772
101.764 15.8626
100.371 15.8132
99.1843 15.144
103.472 15.6201
100.365 15.5919
100.842 15.553
101.219 14.9577
101.763 15.2726
98.4599 15.8057
103.448 15.6384
100.671 16.1676
97.1312 15.7006
101.746 15.666
98.9284 15.8426
100.721 15.4333
101.2 16.1339
102.2 14.8904
102.108 15.5906
101.216 16.139
98.6593 16.2192
101.438 15.8554
99.2937 15.0154
99.6897 15.1817
101.064 15.6904
100.465 15.8279
100.521 15.34
98.3206 15.5302
98.6672 15.5201
99.3344 15.0091
99.9338 15.2807
101.253 15.7258
98.639 15.5018
99.1221 15.4671
102.736 15.5774
99.744 15.353
99.4251 15.0843
99.5151 14.942
99.876 15.0479
102.151 15.3317
103.203 15.3261
99.24 15.3161
101.436 15.3764
100.291 15.5049
100.775 15.3576
101.322 15.5888
102.668 14.8158
98.3842 15.1658
100.807 15.3428
100.716 15.4134
99.154 15.2102
100.341 15.994
101.31 15.3843
100.11 15.3744
104.762 15.4331
101.773 15.413
98.73 15.6474
99.3865 15.46
98.2286 14.9599
100.724 15.0007
99.7686 15.2507
100.091 15.3201
100.253 15.5636
100.739 15.5416
101.482 14.7388
102.492 15.0745
98.0043 15.5689
97.9149 15.0396
99.6278 15.6235
100.511 15.419
98.65 15.5019
98.6788 15.2436
97.8057 15.2355
101.31 15.3765
100.149 15.9172
98.6521 14.9925
101.041 15.1676
97.8237 15.7005
102.044 14.8434
104.438 15.171
101.663 15.6162
100.893 16.3856
100.364 16.1207
97.446 16.0326
101.151 15.4775
99.5733 15.5209
101.635 15.6248
100.928 15.6973
100.811 15.0725
98.5682 15.6526
99.2679 15.3948
100.399 15.1932
98.9802 14.9808
103.784 15.0075
101.557 15.3434
101.877 15.1451
100.297 15.9936
97.3327 15.9333
99.9751 15.9606
97.1866 15.8303
97.2245 15.1452
96.9754 16.2093
96.8971 15.583
104.08 15.6773
102.41 16.3247
102.323 15.5243
99.9901 15.9872
98.9773 15.8939
101.141 16.1908
98.7685 15.2576
99.4542 15.1674
103.219 15.0893
99.7935 15.4232
100.133 14.8069
102.968 15.6023
103.335 15.7981
103.017 15.4304
104.088 15.8779
102.313 16.0752
96.9582 15.2238
99.6241 15.5058
102.387 15.0088
100.746 16.0221
99.352 15.8464
100.001 15.677
103.251 15.1887
101.632 15.1231
102.469 15.9623
101.737 15.7213
101.114 15.8415
99.7539 15.289
101.095 14.8494
100.955 15.1139
100.696 15.9494
101.748 15.594
100.551 15.7645
99.9059 15.8624
102.893 15.6428
97.1966 16.0242
99.1276 15.2555
98.6923 14.8892
99.8973 14.9275
101.338 15.793
101.482 15.2109
100.95 15.1588
102.498 16.04
101.068 15.8071
101.404 15.7434
102.334 15.1297
100.167 15.9941
101.127 16.0426
100.325 15.8255
104.228 15.8421
104.93 15.6201
102.806 15.0364
102.827 14.8137
99.0545 14.9751
100.346 14.9755
99.991 14.9874
99.4718 14.8017
100.784 15.1727
102.21 15.3436
99.8228 14.9479
99.084 14.9705
98.6338 15.5427
99.2334 15.6336
95.1251 15.633
102.187 16.0795
100.556 16.4278
101.338 15.5745
98.8164 15.4081
100.134 15.3999
98.737 15.2419
102.918 15.443
100.104 15.4258
98.8088 15.6079
97.8013 15.4921
97.8013 15.5765
99.4233 15.1418
101.531 15.5395
99.4497 14.9183
96.7138 15.7556
100.27 15.4347
99.46 15.3731
100.729 15.7651
101.05 15.2864
101.119 15.5707
101.795 14.6992
101.434 14.9421
103.281 15.3595
99.7484 15.3338
102.327 15.0374
99.1891 15.7582
101.159 15.3609
101.425 15.6117
102.513 15.0971
99.9858 15.5276
98.3444 15.5403
99.5356 15.5109
98.2719 14.9582
101.577 14.8166
106.241 14.9357
104.409 14.7185
102.232 15.7198
101.467 15.7148
98.5441 14.9866
103.642 15.1548
98.0398 15.6171
99.498 15.357
99.0268 15.2429
101.156 15.4514
98.1361 15.0989
102.983 15.5586
102.665 15.538
101.511 15.5813
101.562 14.7824
101 15.6939
96.8614 15.0255
103.255 15.1911
104.27 15.0592
100.628 15.3159
100.76 15.3
102.471 15.3296
100.687 15.3186
101.56 15.5803
97.0975 15.0644
98.6533 15.5919
102.464 15.6397
101.648 15.611
102.419 15.7188
104.461 15.0683
99.7232 15.2998
101.595 15.1344
103.087 15.6914
101.936 15.3837
101.653 15.2171
101.527 15.1622
101.53 15.0986
101.247 15.0841
101.401 15.7152
99.3827 15.7865
99.7316 15.7045
103.032 16.5238
101.432 15.8013
103.34 15.5839
101.262 15.383
101.615 15.6949
101.921 15.5768
101.117 15.7235
99.654 15.0137
100.107 15.1274
101.042 15.4564
98.6103 15.5032
100.421 15.1122
99.8274 15.1912
99.0412 15.2553
99.7176 15.3355
100.248 15.2262
100.668 14.9034
103.273 14.5863
99.701 15.9881
101.479 15.2305
101.305 15.7503
101.446 16.0755
101.462 15.9322
101.062 15.8595
97.8678 16.0461
102.121 15.2885
101.852 14.3269
103.462 14.9188
101.862 15.2972
100.242 16.3462
102.163 15.9817
103.01 15.8484
101.448 15.7147
103.864 14.8409
100.73 15.778
101.038 15.4406
103.809 15.4629
100.863 15.5952
100.419 15.6788
97.4768 15.429
103.286 15.3495
103.389 14.7729
99.3015 15.3968
100.024 15.5603
99.9511 15.489
100.111 15.4216
100.922 15.2075
99.7889 15.5781
99.4929 15.432
100.215 15.553
102.038 15.8694
103.232 15.3192
104.266 14.6133
105.006 14.552
101.991 14.4912
98.9035 15.0531
103.276 15.7552
100.648 15.8542
100.272 15.5423
98.0793 15.5767
99.3827 14.9808
101.877 15.3002
101.199 15.0572
98.5987 15.0143
100.271 14.8705
100.499 14.6985
100.319 15.5653
103.967 15.1342
101.176 15.6362
97.8961 15.8189
101.015 15.6762
102.869 14.2813
100.654 14.6909
104.872 14.0661
102.074 15.3379
101.009 15.362
99.2457 16.3066
99.7269 15.3839
96.9515 15.0589
102.839 14.1155
99.2299 15.8595
100.238 15.7
100.881 15.8571
101.83 16.0097
95.0617 16.4525
100.263 14.8508
96.6264 15.2668
100.336 15.1991
101.857 15.4146
100.178 15.2327
100.024 15.9587
100.193 14.5708
100.271 14.9924
100.318 15.0329
101.749 15.2804
104.339 15.558
105.355 15.8517
104.67 15.427
101.985 15.5336
101.443 15.5004
102.028 15.3769
100.529 15.0141
100.008 15.97
96.6582 15.6389
99.6454 16.2899
101.76 15.4666
101.392 15.5363
102.247 15.3355
100.639 15.3205
103.391 15.3579
103.429 16.3618
98.3365 15.4545
99.1561 15.5573
100.586 15.7261
98.7186 15.8043
97.1147 14.8725
100.882 15.9401
104.655 15.4123
101.617 15.5461
98.2143 15.7111
97.8506 16.1447
99.5681 15.2799
100.666 15.3926
99.9204 15.6645
97.9505 15.8846
99.4327 15.6871
101.34 15.3064
100.591 14.9865
99.6717 16.4689
100.714 16.1211
102.586 15.6825
100.716 15.532
99.2452 14.9413
101.256 15.7813
102.156 15.7613
100.11 15.7154
99.5711 15.5743
99.191 15.5569
100.957 15.2315
102.151 15.2378
101.776 15.4922
103.888 15.132
96.7097 14.9183
97.3257 15.7009
95.9098 15.6796
103.83 16.1217
101.633 15.913
100.868 14.6984
105.853 14.9288
105.123 14.4961
105.117 15.3094
100.692 15.722
104.089 14.7351
97.9745 15.6944
100.832 15.237
104.137 15.1003
103.859 15.1721
102.642 15.5374
99.6396 15.2158
99.6121 15.0716
98.5814 15.8914
96.7714 16.331
100.653 15.2811
100.914 15.1701
101.36 15.7634
99.4855 16.3355
98.2364 15.6101
100.441 15.404
101.966 15.3707
100.149 15.638
100.722 14.7966
100.505 14.9505
100.773 15.2586
101.388 15.3574
100.547 15.5119
103.099 15.5662
102.111 15.4617
100.945 15.4759
103.243 15.4706
103.885 15.1664
103.587 14.8319
101.939 15.3476
102.2 15.4227
102.106 15.2274
102.938 14.462
100.842 14.932
100.405 15.3707
99.8753 15.5491
100.569 15.4814
98.4593 15.5495
103.128 15.4707
103.478 14.6655
103.332 15.8399
102.021 15.4047
100.219 15.3255
99.3953 15.2694
101.606 15.2169
100.986 15.2053
97.6345 15.1824
98.8132 15.8397
100.381 15.7696
100.502 15.2237
102.295 14.9548
103.741 15.1295
103.057 15.209
103.583 15.0762
101.931 15.0479
102.157 14.9951
99.7064 15.9077
100.423 15.8714
100.227 16.035
98.8268 15.9063
98.9607 15.6445
99.5707 15.6442
100.885 15.7244
100.882 15.1509
96.3313 15.2169
98.721 15.0001
104.095 15.2509
99.5225 15.0828
101.331 15.1986
101.674 15.6122
97.3473 15.6162
100.7 15.0335
98.8166 15.6983
97.2909 15.6838
99.2303 15.6261
98.7953 15.5501
99.6301 15.3523
99.8233 15.5899
98.1981 15.6506
99.1556 16.0143
100.101 16.0143
101.964 15.4041
100.589 15.2135
101.986 15.1834
99.3328 15.2141
101.38 15.5959
98.2932 15.4221
99.9665 15.7663
99.4214 15.6726
102.102 15.5499
101.341 15.5987
100.613 15.4622
100.139 15.4986
102.677 15.3053
102.232 15.5647
101.396 15.908
99.6054 15.6955
99.5292 15.4974
100.942 15.6634
99.537 15.3368
101.015 15.3229
101.287 14.992
102.848 15.735
100.207 15.7098
99.5701 15.9728
102.384 15.8765
98.2871 15.2095
105.98 15.0247
100.911 15.2709
101.17 15.2551
100.38 15.2986
104.835 15.1843
102.596 15.2565
102.032 15.3192
102.405 14.8994
100.963 15.5383
102.539 16.1234
100.513 15.5231
100.796 15.711
100.958 15.5608
104.818 15.5313
104.666 15.4317
102.381 15.5579
100.687 15.1538
101.647 15.5371
102.435 15.7009
101.852 15.2414
98.3222 15.8334
102.459 15.2557
100.963 14.6783
104.989 15.1319
100.878 15.9326
98.2532 15.0741
100.291 16.1944
99.5007 16.3283
100.063 16.5162
98.7104 16.0192
101.447 15.1025
101.647 15.4381
97.2395 15.5281
101.142 15.0666
105.843 14.133
100.178 15.2522
104.39 14.7792
105.008 15.2531
101.645 15.2489
103.992 15.2023
99.885 15.6478
99.8649 16.1283
99.3758 15.5039
100.568 15.393
101.572 15.5726
101.889 15.0418
100.133 14.8673
98.8446 14.7472
102.016 15.0197
101.073 15.5765
99.8199 16.107
103.935 15.8395
101.874 15.4098
101.297 15.6856
100.316 16.2202
100.176 16.184
94.1981 15.6646
101.784 15.2533
99.6568 14.9854
100.887 15.3728
102.46 15.8961
101.42 15.477
100.463 15.4275
101.135 14.802
99.176 14.7832
100.353 15.6689
102.228 15.1735
97.1597 15.3025
98.965 15.285
101.391 16.299
97.8166 15.8057
99.3044 15.4192
101.743 16.2387
97.8063 15.124
102.916 15.1066
99.5985 15.4096
99.416 15.7364
98.9063 15.8381
101.754 15.8799
100.373 15.6305
101.462 15.0411
98.2309 15.0383
100.645 15.6013
100.88 15.6559
104.295 15.0169
101.211 15.6754
100.62 15.4026
101.845 15.4942
98.5099 15.3808
100.511 15.14
104.957 15.7434
100.989 15.8314
98.5155 15.3434
98.4014 15.4547
99.1283 15.9626
100.509 15.347
99.3944 15.3773
98.0283 15.1851
103.774 16.0834
99.0916 15.8695
99.3789 15.2978
99.4339 15.2444
99.4204 16.0628
99.2383 15.5643
98.9058 15.7406
99.3287 15.8141
101.357 15.8393
100.709 14.8212
101.942 15.1731
100.827 15.2991
104.537 15.1463
102.164 14.9846
101.565 15.1718
101.883 14.8944
101.869 15.6276
103.284 15.3805
101.834 15.1694
99.0299 15.0896
101.333 15.9086
97.9997 15.8296
97.7619 15.8617
98.6264 16.387
100.968 15.6927
102.606 15.6689
102.511 15.6896
102.055 15.534
101.334 15.8983
102.162 15.4148
105.985 15.1969
102.79 15.5526
101.324 15.105
100.848 15.1775
101.462 15.363
100.565 15.6918
101.044 15.2751
97.6027 15.0047
99.412 15.6671
101.102 16.063
99.8573 15.405
98.9413 15.6062
100.227 15.89
100.975 15.6285
97.4566 15.47
97.7941 15.4294
97.9908 15.1913
97.3964 15.876
103.727 14.9509
99.0207 15.0854
99.3665 15.9254
103.401 15.8806
101.95 15.1024
103.123 15.5882
102.389 16.0033
100.37 15.3033
98.3405 15.2595
100.39 15.4775
98.9326 15.7285
101.52 15.3087
105.224 15.6257
98.8638 15.6225
102.097 15.6142
99.2932 15.7135
99.9901 15.3471
100.489 15.2986
103.105 15.5796
101.731 15.2798
98.9686 16.1541
101.013 14.976
102.239 15.8655
103.416 15.7326
102.861 15.7565
102.941 15.6904
103.696 14.8328
99.9802 15.8459
101.115 15.8791
100.154 14.8363
105.358 14.4419
101.61 14.9971
101.857 15.3731
97.5743 14.9752
98.6477 15.1175
100.967 15.9429
102.508 15.5293
99.4212 16.0498
98.9578 16.3316
100.335 15.7294
97.8341 15.3086
101.268 15.1407
98.98 15.8331
96.4396 15.8445
102.69 15.1355
101.736 15.5216
101.871 15.6349
102.053 15.0852
102.806 14.9383
101.029 14.8226
97.2223 15.1959
98.3442 14.5625
101.14 14.6956
103.07 15.8891
96.4836 15.6773
97.3864 16.0307
98.6551 15.7234
100.199 15.943
99.1249 15.7472
101.378 15.339
99.5905 15.5086
102.148 15.3757
99.7587 15.3198
100.783 15.5119
100.879 15.9086
102.443 15.1791
102.214 15.8322
99.2459 15.3205
101.08 14.7889
100.99 15.1032
101.778 15.0912
100.715 14.992
98.9784 15.1117
101.459 16.718
98.7844 15.2776
100.117 15.8972
105.461 15.3988
105.426 14.3922
103.411 14.7553
100.459 15.9331
103.867 15.4096
100.429 15.4858
100.136 15.5192
102.595 15.2294
100.759 15.0401
104.232 15.1875
99.7887 15.1581
101.873 15.2697
102.205 15.4911
101.293 15.1086
101.283 14.5915
103.155 14.9754
97.8682 15.5284
99.0032 15.2481
102.453 15.5085
102.228 15.5534
101.691 15.9149
96.6938 16.3891
100.253 16.3915
100.423 16.1789
100.546 15.1035
101.868 15.2994
103.361 15.5737
100.847 15.1537
101.54 15.1429
99.9193 15.8149
100.446 15.6854
99.557 15.8362
99.049 15.8953
102.79 15.5572
102.676 15.6774
99.9991 15.646
99.3385 16.0148
99.6788 15.0103
102.144 15.3158
97.8121 15.529
100.514 15.5418
102.287 14.9345
101.937 15.4999
101.609 15.4512
97.9989 16.2641
99.5841 16.444
102.25 16.1261
101.328 15.5199
99.3473 15.2654
103.641 14.6611
102.843 16.0081
100.312 15.5157
103.28 15.4369
98.9531 14.8289
101.239 14.8924
100.597 15.7792
100.392 14.8959
104.831 14.0239
101.941 14.8068
103.894 14.8382
101.274 15.8783
99.8001 15.2375
101.661 15.4894
101.375 15.5847
100.424 15.1491
99.748 16.1045
101.834 14.8288
101.393 15.4947
102.462 15.3177
99.1606 15.1291
97.4222 14.8944
103.283 14.8805
99.1106 15.6167
101.389 15.2857
101.59 15.3338
101.031 15.0245
100.309 15.0776
101.96 15.659
101.501 14.8275
97.5594 15.5353
99.4467 14.9136
98.3192 15.6549
98.039 15.6836
100.321 15.5409
99.8387 14.868
100.244 14.8619
99.1537 15.0056
99.966 15.3486
99.6748 15.7872
98.774 15.6195
100.221 15.8544
101.256 15.1942
102.026 15.4492
93.4915 15.6716
100.665 15.8345
100.939 15.9301
100.801 15.3513
101.953 15.2223
100.299 14.9717
102.304 15.6819
103.084 15.0717
99.6757 15.4549
100.921 15.2687
100.78 14.95
98.7296 14.7157
102.001 15.8036
100.655 15.837
99.5436 15.9635
99.7164 14.6708
104.935 14.9035
101.77 15.5738
98.8326 15.6698
98.1822 15.6803
101.153 15.8457
100.166 15.5768
98.1385 15.398
97.6844 15.6263
96.9254 15.2474
102.115 15.1777
101.7 15.5321
98.875 15.6411
95.95 15.8984
98.9205 16.5236
100.216 15.1827
99.2774 15.701
102.355 14.7434
103.509 15.7463
102.146 15.7652
98.4204 15.767
97.9217 15.7653
100.36 15.334
99.556 15.0054
103.061 14.8748
101.22 15.6802
99.5142 15.6708
101.266 15.4665
102.006 15.2957
102.97 15.2363
101.423 15.0417
99.3359 15.2851
100.955 15.613
104.207 16.09
99.1057 15.9542
97.5046 16.3061
96.7068 16.3309
101.016 15.7783
102.244 15.6223
101.535 15.9289
101.458 15.5435
100.899 15.6495
97.5914 15.7516
99.3435 15.0327
102.069 15.2492
98.5026 15.5382
101.365 14.7026
103.081 14.7535
99.3727 14.9187
100.722 15.6408
100.342 14.999
101.319 15.6479
103.012 15.9814
105.088 14.8564
102.704 15.1107
99.3964 15.589
96.9378 15.31
98.2621 15.8212
99.2525 15.6275
98.4243 15.1
101.666 15.2908
101.193 15.3305
100.214 15.391
100.404 15.9051
98.5748 15.7051
105.13 15.223
104.021 14.8862
99.507 15.3147
99.0638 15.4606
103.42 15.3067
100.397 15.2999
100.217 15.352
101.299 15.3392
100.322 15.2545
100.481 15.6516
98.7514 14.9581
99.7441 14.6808
101.899 15.2731
97.8963 15.2994
100.052 16.2288
102.181 15.6028
100.442 15.3882
98.6527 14.8851
98.7699 14.8622
100.364 15.7598
100.911 15.5539
103.067 15.0475
100.823 14.7225
101.321 15.8609
100.112 15.9501
100.312 16.2269
101.607 15.3374
102.491 15.3977
100.457 16.1678
101.645 15.6504
101.67 15.7717
100.714 15.9055
103.806 15.4383
104.393 15.1929
101.876 15.1596
100.345 15.3519
102.563 16.3011
100.383 15.6478
103.768 14.9596
103.026 15.5455
104.114 14.7253
104.562 14.6508
102.178 14.9879
99.6641 15.1881
102.02 15.316
99.4734 15.3062
101.638 15.4798
99.5576 15.5058
102.516 15.0963
102.901 15.2341
101.733 15.288
101.259 14.8955
104.328 14.9237
104.422 15.1103
103.145 15.2281
101.469 15.3331
101.931 15.3331
101.222 15.3411
101.825 15.3309
98.9626 15.4134
98.261 15.7873
100.11 15.7662
99.384 15.7149
100.245 16.0135
103.176 15.245
101.954 16.0134
100.224 15.8188
99.0581 15.5228
99.8931 16.0188
97.4875 16.0506
97.6529 16.3322
104.267 15.3622
98.6255 15.38
103.67 15.5045
101.479 15.6593
98.2905 15.5836
102.922 15.0191
101.608 15.8245
100.932 15.3726
104.001 15.4721
99.888 15.1369
100.372 15.5151
99.5418 15.7106
100.672 15.5851
99.5736 15.5964
101.155 15.1335
102.422 14.6529
102.58 15.1052
101.876 15.531
98.1512 15.2766
97.1701 14.7899
97.4321 16.1177
95.7041 15.4306
98.5129 15.7366
100.733 16.1644
103.232 15.6517
102.014 15.0871
101.083 15.9249
98.5352 15.513
100.04 15.0711
103.14 15.2453
100.815 15.3372
100.232 15.6895
98.573 15.0849
102.455 14.9196
96.747 16.4175
96.456 15.6851
99.3053 15.6135
99.6163 15.3091
100.234 15.2392
100.352 15.5039
100.667 15.5737
101.956 15.3811
105.627 14.7689
99.2363 15.0743
101.383 14.8772
102.211 14.8865
104.141 14.493
102.241 14.8243
101.055 15.6078
101.225 15.7859
100.364 15.6665
100.877 15.6693
99.7703 15.8715
100.26 16.499
101.378 16.2193
98.1463 15.3339
99.0527 15.6963
100.343 16.2075
101.346 15.5044
101.277 15.7942
100.626 15.829
99.863 15.7898
99.2412 15.3901
100.727 15.7367
101.793 15.1484
102.131 15.2672
100.866 15.5035
102.147 15.0268
100.084 15.5729
97.7626 15.2426
99.1698 14.5926
99.2018 15.8058
100.33 14.8276
100.465 15.5197
101.768 15.6662
103.034 14.261
101.38 15.6436
103.705 15.64
102.329 15.3046
99.4594 15.4667
98.5991 15.8243
96.8305 16.4873
104.293 15.4205
104.831 15.483
99.6025 16.0052
100.52 14.7218
103.276 15.1372
101.867 15.3211
98.1839 15.4689
100.043 15.0582
102.258 15.2929
102.576 15.4209
102.239 14.8515
97.8425 15.9924
98.2864 15.6835
101.941 15.327
100.497 15.3189
102.902 15.4009
102.741 15.0359
101.808 15.1839
100.931 15.3718
100.938 15.205
100.487 15.0273
100.635 15.8342
100.366 15.9415
101.5 15.1115
103.675 16.0264
99.3195 15.2058
100.185 15.4674
98.9791 15.8805
101.973 15.8716
100.103 15.307
103.881 15.8865
99.6774 16.0516
101.977 15.4081
100.656 15.3116
101.716 15.3347
100.897 15.5523
100.693 14.8945
98.109 14.9982
101.41 14.7224
98.3175 15.8711
98.6739 15.7456
97.8764 15.2663
98.7408 15.5929
104.288 15.2593
99.0617 15.3818
98.9306 15.5346
100.449 15.4881
100.778 15.7613
100.541 16.4029
101.099 15.4576
102.044 15.7882
98.7049 15.2482
104.753 15.816
96.4934 15.6972
101.924 15.6181
100.034 15.7145
103.334 15.4332
98.101 15.4421
103.457 15.2159
99.0215 15.8577
94.7604 15.8579
100.551 15.5701
97.0996 15.1837
99.8919 15.3669
100.815 15.4658
102.9 15.3957
98.6466 15.6334
99.0962 15.724
101.278 15.0319
106.394 15.17
104.797 15.1109
102.409 15.1131
101.164 15.3409
101.208 14.9785
101.211 15.0567
101.116 15.0808
100.215 15.6341
101.253 15.5881
101.104 15.4234
100.957 15.4357
101.612 14.9194
101.738 15.3239
101.205 15.4511
101.771 16.1438
101.534 15.2689
101.367 15.7217
102.467 14.8414
102.882 15.1242
100.715 14.9999
100.717 16.0993
99.8605 15.4504
100.033 15.1759
98.1102 16.0123
100.602 15.8328
100.368 15.5264
100.772 16.3471
102.424 15.0191
101.319 15.0065
100.048 15.394
102.079 15.5289
101.921 15.1376
99.582 15.3854
102.671 15.1175
101.648 15.3478
95.7255 15.7726
100.029 14.8286
101.836 15.9784
99.6397 14.8901
99.9452 15.697
99.6692 15.2891
99.242 15.3502
96.6742 15.1619
101.291 15.0149
104.517 15.3681
100.866 15.834
101.75 15.6465
99.0641 15.9177
101.684 15.2914
101.788 16.1753
101.614 15.5122
101.611 15.2853
101.605 15.1501
101.592 15.6745
98.0044 16.2619
96.4632 15.756
96.0806 15.674
97.9962 15.3598
101.986 16.1176
102.45 15.8317
101.133 15.1107
100.016 15.3561
96.3422 15.5965
97.3153 15.651
100.587 15.6829
99.7332 15.6448
101.227 15.734
99.4154 15.816
99.6073 15.4513
99.475 15.1157
97.1047 15.5748
99.2674 15.2443
99.4607 15.319
97.2692 16.2761
102.09 15.912
100.706 15.9082
100.434 15.0701
100.055 15.2711
100.563 15.4354
101.047 15.9593
101.176 15.6877
101.225 16.0335
101.155 15.5845
98.775 15.8121
97.299 15.9252
101.876 15.9318
102.945 15.7904
100.999 15.5936
101.325 15.722
99.9987 15.6011
100.071 16.0186
99.3977 15.5859
99.7472 15.372
99.5954 15.5275
99.885 15.7212
100.937 15.5194
101.176 15.5568
96.7698 15.9567
98.5067 15.6965
99.1651 15.5646
98.7149 15.5286
98.1892 16.615
101.711 15.3812
100.389 15.5616
101.703 15.3205
101.866 15.9017
102.927 15.4982
100.968 15.2412
104.582 14.8749
102.957 15.8063
99.9821 15.2595
100.227 15.5831
99.3679 15.0148
100.029 15.622
100.603 15.5891
100.251 16.0243
102.033 15.6956
101.22 14.9981
100.473 15.5675
102.619 15.0381
101.502 14.5541
99.9987 15.0451
98.9391 15.0639
100.418 16.0554
100.263 15.9126
102.58 15.3592
102.505 15.7685
103.23 15.7723
101.465 15.9261
101.623 15.7001
97.7316 16.0182
98.4653 16.2648
99.221 15.7215
101.736 15.8843
99.5321 15.5439
98.2951 15.9538
100.042 15.8746
100.167 15.6351
100.808 15.8498
100.886 15.3509
101.191 16.1025
98.9427 15.615
102.08 15.5742
102.006 14.9755
101.421 15.676
103.186 14.6131
99.5503 15.1404
102.692 15.756
103.014 15.8046
104.559 15.0882
101.64 15.0899
101.071 15.4075
101.856 15.1647
100.813 15.678
100.722 15.279
102.379 15.1142
103.376 15.0399
102.117 14.8075
102.936 15.7674
99.6118 15.521
100.622 14.6463
99.2017 15.3684
99.9688 15.477
100.293 15.1302
102.318 15.4181
99.7683 14.8704
101.498 15.2959
100.043 15.3095
99.8912 15.4861
99.7532 15.9525
101.1 15.4458
103.833 16.0139
101.295 15.8044
101.21 15.8571
103.226 14.985
103.085 15.2472
100.011 15.5419
95.5987 15.0988
97.4746 15.6539
96.9355 15.7653
98.98 15.5255
97.9245 15.906
99.6362 15.4276
98.382 15.9657
104.941 15.3154
100.167 14.8666
101.209 15.6781
101.903 15.2391
106.098 14.9545
101.313 15.2828
100.759 15.224
104.474 15.5182
101.46 15.72
100.601 15.4587
99.5849 15.0382
97.6625 16.2679
97.6152 15.5456
98.2652 15.0437
98.9268 14.6518
98.7019 15.4736
97.5917 16.0335
98.1848 15.1029
103.519 14.5911
99.2459 14.7553
101.835 15.4909
100.636 15.2338
103.897 14.862
100.161 15.4454
98.2609 16.0666
102.488 15.636
99.5354 15.189
105.154 15.6517
102.742 15.5005
100.664 15.3485
100.773 14.8666
101.155 14.6117
104.125 15.4285
98.5692 15.4029
99.8376 16.0621
102.74 15.2729
102.135 15.3241
98.6003 15.6954
96.6475 15.8809
99.1761 14.9194
99.6997 15.3568
98.5077 15.7872
97.826 15.7644
101.101 16.2282
100.366 15.6459
102.772 15.0398
100.422 15.2232
101.087 16.0614
99.2636 15.9654
97.1688 16.4005
102.76 15.3694
102.305 15.248
102.263 15.1747
98.71 15.6666
99.4319 15.2994
100.9 15.5119
95.1278 15.8237
103.072 14.1777
102.711 14.7222
101.026 15.2165
103.82 15.2623
103.82 14.9481
100.804 14.994
102.29 14.6658
99.5337 15.6379
102.834 15.5016
102.226 15.2555
102.944 15.5201
101.661 16.3435
102.08 15.8905
97.6497 15.4429
100.782 15.6454
100.156 15.7788
101.088 15.079
100.79 15.2575
103.745 14.789
102.013 15.567
99.635 15.8852
100.437 15.5618
100.451 14.7896
99.8243 14.805
102.93 14.948
101.787 14.9529
104.12 15.368
101.823 15.4439
101.711 15.4506
102.434 15.2566
104.083 15.2896
103.006 15.144
103.991 15.2618
105.339 15.2975
102.927 15.3094
98.418 15.3454
97.613 15.9073
104.584 15.125
102.852 15.4943
102.638 14.9278
102.934 14.174
103.138 16.0725
102.276 15.7631
97.6728 15.4715
100.497 15.3906
102.401 15.5337
99.4794 15.5144
98.903 15.3602
102.08 15.5137
100.646 16.2536
99.2349 15.075
98.8509 15.6572
100.606 14.8286
98.3289 15.714
101.475 15.4794
98.5153 15.2519
95.8032 15.7059
98.184 15.0837
101.711 15.2723
102.69 15.2635
100.839 14.8313
98.7712 16.0771
99.7169 15.2189
102.403 15.4279
102.006 15.4907
100.656 15.0122
101.72 15.3854
102.423 15.0128
101.291 15.3854
99.0099 15.402
100.909 16.0706
100.162 16.0769
97.7763 15.5
99.9892 15.4339
102.006 15.532
101.662 15.3827
102.092 14.9943
101.356 15.6114
100.822 16.002
103.757 15.8075
104.723 15.1744
102.002 15.2826
100.585 16.0415
102.701 15.3499
100.648 15.3848
102.432 15.1148
101.87 15.6587
103.412 15.3885
101.109 15.7378
101.54 14.8457
99.451 16.7384
99.9257 15.7185
102.733 15.374
103.85 14.9577
100.332 14.8314
99.073 15.1045
100.562 15.138
99.9358 15.3449
99.7089 15.2674
98.2367 15.0847
100.576 15.1217
98.8569 15.2159
100.031 14.846
99.135 15.6933
99.1166 15.8165
101.531 15.5486
99.7567 16.3092
99.421 15.9512
99.5805 15.5469
102.194 15.3797
99.9778 15.4703
102.628 15.7559
99.3795 15.4331
99.6451 15.4095
100.343 15.3604
99.2529 15.4883
100.828 15.3631
100.618 15.9292
96.0333 16.1814
100.375 15.5863
99.8647 15.3494
100.312 15.4703
101.634 15.9836
102.252 15.42
99.7598 15.7459
98.9144 14.3189
99.6187 15.119
100.537 15.1762
100.225 14.9913
100.372 16.0654
102.556 16.1678
99.8432 16.0523
100.188 15.1983
97.3254 15.4637
99.1784 15.9183
99.4761 15.0657
99.1553 15.6225
99.9884 15.7091
99.8809 15.2999
104.567 15.1114
101.293 15.9497
101.913 15.3098
103.084 15.2962
103.79 15.4984
104.803 14.7885
103.878 15.12
101.84 16.2557
101.203 15.2933
100.71 15.585
100.866 15.1072
100.496 15.4284
99.6431 15.2926
103.761 15.1161
101.144 14.7162
101.436 15.2332
99.5337 15.4967
103.189 15.2952
101.109 15.5364
101.058 15.1345
102.067 15.5201
103.872 15.9559
100.997 14.8099
102.028 16.104
100.306 14.8037
101.57 15.8849
98.3613 15.7891
101.673 14.3534
101.614 15.3189
102.036 15.8021
100.721 15.9347
101.384 15.6109
100.128 15.403
99.7649 15.1815
99.9348 16.0873
98.7713 15.5145
97.5506 15.4503
99.3869 16.0603
101.251 15.0915
100.265 15.2813
101.567 14.8041
102.338 15.7931
102.288 14.7294
100.522 16.0693
101.06 15.9661
99.3709 15.7401
98.7803 16.1284
101.231 15.982
102.914 15.8856
97.4508 15.8142
95.5285 15.7221
98.4171 15.5948
100.282 15.3303
100.188 15.881
101.369 15.427
99.5224 15.3225
100.197 15.2343
101.542 15.6661
100.071 15.5712
97.9446 15.5766
100.013 15.6173
95.9156 14.9286
99.5167 14.9488
102.352 15.0992
101.416 15.0397
98.8501 15.4478
97.268 15.5267
99.1026 15.3165
100.031 14.9777
102.897 14.2965
99.2707 14.8427
101.698 15.0625
101.521 15.8497
101.9 15.2096
98.1567 15.5458
101.128 15.4882
99.5786 15.7354
102.615 15.3859
100.249 15.4631
100.918 15.0636
101.422 15.9169
102.453 15.8133
98.6363 16.634
98.7445 15.2336
101.569 15.6996
101.886 15.1802
102.556 15.2946
96.9768 15.0895
100.351 15.6913
99.5317 15.0406
100.92 14.117
100.591 15.6423
97.9881 15.9639
99.2472 15.3095
101.783 15.1865
102.172 14.8348
100.091 15.3549
100.963 15.4749
98.665 15.7346
101.81 15.2374
101.665 14.934
102.281 15.0017
101.977 14.9418
103.222 15.2429
98.6253 16.1747
100.927 15.663
100.366 15.2468
100.548 15.1377
102.527 15.3584
101.679 15.2595
104.733 15.4749
103.798 14.8684
99.0155 15.5812
99.9438 14.984
98.5538 14.9211
96.7514 15.8025
97.7717 16.0143
101.035 15.5935
101.678 15.431
101.527 15.4114
101.398 15.4043
99.6946 15.4918
100.363 15.3845
102.841 15.717
101.52 15.6225
99.3614 15.2802
101.7 15.7673
103.011 15.5307
102.646 15.4112
101.331 15.5135
99.591 15.5776
98.1003 15.3365
99.4355 15.3015
98.9757 15.4408
100.628 15.4611
97.824 14.9791
100.591 15.8335
105.461 15.4835
102.114 15.485
102.033 15.2436
101.946 15.2555
104.323 15.5262
103.443 14.3259
101.614 15.0096
102.822 15.0298
100.84 15.6433
100.961 14.6148
104.122 14.9047
104.755 14.3885
101.888 15.0769
101.828 15.2758
104.345 15.7019
102.122 15.3219
99.3319 15.2356
101.412 15.1394
102.465 15.5587
102.291 15.3879
101.923 15.6152
102.95 14.9721
98.7957 15.3249
102.55 14.6961
103.732 14.5762
102.682 14.8852
99.6524 15.6045
102.276 15.4068
101.108 14.9641
101.689 15.8539
102.595 14.7956
101.697 14.3938
100.648 14.9588
101.608 14.9998
102.723 15.2672
101.011 14.7332
100.561 16.0326
101.55 15.3066
99.5906 15.4308
99.686 15.6643
101.391 15.6364
101.761 15.599
101.061 15.6895
99.2742 16.1325
99.7415 15.552
102.388 14.6802
101.931 15.571
104.577 16.1698
102.246 15.5592
101.27 15.8879
102.092 15.4252
102.183 15.6718
103.98 15.4326
98.4535 15.6309
100.059 15.0203
98.7144 14.6737
100.268 15.1033
97.2607 15.6921
99.9451 15.4057
101.31 15.2245
100.188 15.5766
98.7565 15.7704
101.632 15.0693
100.778 15.7949
101.513 15.7649
98.9362 15.6059
97.3415 16.022
98.0439 16.2399
104.143 15.4526
100.773 14.9772
103.067 15.3583
106.032 15.4211
103.296 15.2184
100.502 15.6862
100.788 15.4214
100.802 16.3403
101.577 15.0521
100.023 14.9719
101.731 15.3261
102.063 15.4683
101.099 15.3429
102.53 15.3545
102.295 15.0634
100.252 15.643
97.2977 15.4599
98.6246 14.9691
98.5803 15.655
101.435 15.3536
103.395 14.6618
101.059 15.1303
100.824 15.1303
99.771 15.4364
103.231 15.7333
101.022 15.6816
99.2703 16.059
100.186 15.4942
100.013 14.8509
102.918 15.4465
100.286 15.3568
99.9681 15.4074
101.192 15.9604
99.0291 15.5448
101.538 15.132
102.78 15.2352
100.151 15.28
99.1072 15.86
98.9175 15.8463
99.9508 16.1524
102.876 15.3229
99.5548 15.6209
100.599 15.4214
100.482 15.3033
100.86 15.0492
103.165 14.6387
96.8622 16.0016
102.586 15.6147
101.984 15.204
100.459 15.4824
101.599 15.996
99.1631 15.6248
101.351 15.3723
97.1228 16.2232
98.2491 15.4428
99.5655 16.0726
99.0615 15.75
102.01 15.5143
101.678 15.2189
102.239 15.2901
100.971 15.7892
102.108 15.8449
99.5061 15.7172
102.146 15.1052
101.78 15.5483
104.136 15.4096
99.9496 15.3753
102.947 15.2552
102.013 15.2864
102.581 15.2555
105.781 15.223
99.6984 15.6891
99.9781 16.0002
101.729 16.5153
101.313 15.5145
99.9861 15.5822
98.4662 15.6362
95.8744 15.5543
97.4349 15.5536
101.347 15.7198
100.366 15.6721
99.3619 15.5239
100.467 15.4066
100.128 16.1119
99.7627 15.711
100.379 15.7002
104.248 15.4494
102.407 15.5738
101.704 15.8379
102.199 15.4078
102.646 15.4562
101.523 16.0683
100.802 15.3778
100.101 15.4083
100.486 15.5862
103.685 15.551
102.195 15.7818
100.373 15.8938
101.16 15.1141
102.354 14.8459
102.621 15.0095
102.559 14.959
98.7736 15.2636
99.5952 15.5003
97.4878 16.381
102.608 15.5614
99.4381 15.6976
103.859 15.1971
100.47 14.7179
101.155 14.8338
99.0709 15.9796
103.042 15.5292
103.354 15.5775
101.082 15.4714
100.852 15.6652
101.853 14.9317
104.57 15.1713
98.738 15.5043
98.452 15.358
102.812 15.2394
102.693 14.9389
99.9502 14.8858
101.802 15.6332
100.959 15.6315
103.119 15.198
101.3 15.1212
103.931 14.9595
103.135 14.4727
102.372 15.0449
99.9274 15.4662
99.2572 15.4249
101.876 15.6537
99.6094 15.1167
97.8552 15.1461
99.9434 15.4719
104.421 15.6294
102.114 15.5869
101.248 15.459
99.3325 15.4083
101.639 15.627
103.889 15.4015
98.175 15.6968
103.173 15.162
101.707 14.9656
99.0355 15.6003
99.4553 15.3096
100.652 14.9443
101.321 15.0848
100.814 15.6881
102.554 15.7454
100.945 15.2892
99.494 15.585
100.78 16.0755
98.4998 16.3583
99.4442 15.823
105.439 15.5059
100.652 15.705
100.767 15.0083
100.457 16.2286
98.8027 16.2956
99.4359 15.863
100.121 15.3828
100.217 15.3435
104.364 15.5932
103.471 15.0029
103.657 14.7328
101.489 15.2263
96.5736 15.6318
100.823 16.1036
97.3566 15.4774
101.522 15.0464
96.5935 15.386
99.0201 15.6393
99.2258 15.6588
100.781 15.8491
103.818 15.4172
102.132 15.4826
101.543 15.7657
96.9286 16.3235
97.6883 15.7289
101.897 15.2589
101.316 15.0898
101.962 15.5762
100.393 15.6117
100.033 15.6286
104.819 15.2411
103.481 15.5913
102.551 15.1854
100.188 14.5551
103.015 14.8594
101.149 15.4463
101.899 15.1865
98.7867 15.0541
97.6116 15.2418
99.494 15.5591
100.78 14.8013
99.0959 15.4689
100.554 15.2954
100.751 15.3631
99.9245 15.3619
101.083 16.4799
98.9809 15.9783
102.731 16.3193
100.402 15.9641
99.2497 15.1415
100.326 15.3498
100.586 15
100.533 15.797
100.379 15.875
99.7202 14.9117
99.5208 15.3904
97.866 15.6164
101.094 15.6515
102.746 15.7133
101.613 14.6952
102.195 15.0754
102.195 15.111
100.493 14.7957
99.7322 15.1756
102.852 14.9145
101.303 15.4552
99.5572 15.807
99.8611 15.2495
101.072 15.7559
99.779 15.7955
102.387 15.3235
102.474 15.4983
101.48 15.4184
99.2121 15.6436
99.6176 15.6659
103.534 15.8432
101.473 14.9698
100.968 15.6559
101.485 15.2734
100.199 15.4099
102.143 15.1641
102.244 15.5225
102.571 15.5117
106.013 15.4942
103.198 15.31
101.872 15.4332
102.209 15.3809
102.437 14.9546
100.915 15.6702
99.9858 15.4813
101.231 15.0698
101.315 14.8486
100.943 15.2642
99.6833 15.289
103.43 15.6067
101.496 15.5419
98.5956 15.0237
99.407 15.2687
98.0704 15.4795
99.4726 14.9698
97.6696 15.5431
99.3165 15.9197
100.578 15.0537
101.223 15.1468
99.3956 15.4987
100.924 15.4997
102.427 15.2679
100.708 15.4585
100.614 15.6045
100.206 15.214
100.492 15.713
101.648 15.648
98.8808 15.7524
97.1754 14.5426
98.8678 15.1351
101.044 14.9249
100.94 14.868
101.972 14.8287
100.808 16.1896
101.826 15.907
100.279 15.4347
100.331 15.315
99.3279 15.756
102.689 15.6945
100.864 15.2893
101.056 15.46
100.111 15.5896
99.8935 15.25
100.278 15.5971
98.956 15.0352
96.0166 15.7139
99.1337 15.7934
99.5358 14.7086
99.3122 14.9225
100.124 15.1807
103.554 15.0731
103.405 15.0824
101.374 15.152
102.13 15.2142
101.442 15.6711
101.747 15.504
102.532 15.7397
100.149 15.2012
101.108 15.2461
97.5531 15.6329
100.779 16.0759
95.9039 15.8459
97.0207 15.372
100.452 15.4171
100.093 15.4807
104.163 15.5732
98.562 15.9396
102.331 15.0887
101.292 15.4211
100.099 15.9444
99.6547 16.4462
99.8193 14.7227
100.007 16.0192
100.344 15.3152
100.189 15.6793
101.265 16.3208
100.521 14.7212
99.1566 15.1963
98.2715 14.8348
99.8002 15.5046
97.7788 16.419
98.6105 14.9218
101.295 15.2676
99.5699 15.306
99.4243 16.0498
100.225 15.9132
101.288 15.8688
99.9083 15.769
100.143 15.8217
99.6434 15.3613
98.6463 15.9212
100.739 15.35
102.253 15.2614
98.1439 15.1357
99.7095 15.9327
99.0604 15.6882
97.2491 15.1042
102.214 16.3465
101.237 15.61
98.2971 15.5177
101.086 15.4769
100.183 15.2944
101.544 15.0487
103.527 15.5649
101.887 15.2262
102.094 14.7786
102.743 15.7228
102.784 15.7906
101.253 15.1238
104.313 15.144
100.558 15.0249
101.706 14.9812
100.453 15.2088
102.234 15.0077
99.1593 15.2878
102.249 16.1826
102.443 15.4645
99.6041 15.2994
100.967 15.6721
98.419 15.4581
103.72 15.1806
103.467 15.2402
101.914 15.3668
99.2259 15.143
101.754 15.1246
101.199 14.9524
100.36 14.9716
99.8815 14.9604
105.136 14.7204
103.194 15.4196
100.821 15.6298
101.802 15.35
100.71 15.3863
100.705 16.3964
99.7404 15.7104
101.529 15.6846
103.142 15.8026
97.2618 15.5798
98.0441 15.9257
101.762 15.2942
102.875 15.6707
100.887 16.4195
100.599 15.2854
100.812 15.3598
100.824 15.3985
99.8851 15.5032
101.177 15.6507
100.937 15.0067
101.769 16.001
101.103 15.7612
102.404 15.1115
101.99 16.0071
100.206 15.8112
100.769 15.1007
101.463 15.1281
101.934 15.238
100.6 15.4388
103.183 16.0756
98.7542 15.3123
102.134 15.3635
101.441 15.2651
98.3514 16.6432
99.1035 15.482
98.7927 16.0567
105.072 15.2394
101.649 15.4838
99.7197 15.4424
101.617 15.0634
102.286 14.808
97.7059 15.6873
98.3265 15.2363
100.884 15.6221
98.8255 15.7006
104.504 15.7348
102.204 15.0527
98.289 14.8437
99.6638 15.195
99.5633 15.0004
100.022 15.152
101.23 15.1611
102.47 15.12
101.427 16.0563
99.0692 15.5933
98.7556 15.3846
96.9448 15.1727
101.965 15.1821
102.034 15.6131
98.769 14.9814
101.788 15.1213
101.713 15.7361
103.915 15.0748
101.512 15.7795
97.0043 15.9683
98.4505 15.9429
99.4239 15.3567
99.1803 15.4724
105.734 15.1412
101.177 14.9205
99.7289 15.599
100.453 15.5324
101.634 15.7439
101.026 14.6947
102.441 14.9759
102.696 15.7703
100.195 15.3452
98.3716 15.108
100.146 15.3235
101.084 15.5915
98.8436 15.2938
95.5957 15.1642
102.123 16.2933
101.668 15.6249
100.898 15.3495
100.465 15.2519
99.7954 15.3334
100.218 15.37
98.7726 15.8851
99.4131 15.9989
97.8343 15.5191
99.1705 16.1811
98.8301 15.6721
100.946 15.0997
101.859 15.4515
101.081 15.4697
100.022 15.1587
100.507 15.9357
101.012 15.1532
102.538 15.4814
103.115 14.8155
101.446 16.0272
99.8502 15.3233
99.1249 16.1299
104.452 15.8312
101.088 15.7679
100.835 15.9385
101.728 15.1367
101.168 15.4601
103.721 15.1916
100.786 15.1458
100.7 14.66
102.865 15.3644
102.076 14.6505
101.622 15.4109
100.011 15.1986
99.5265 16.1116
99.9237 15.6789
101.623 15.4402
100.495 15.4748
99.2015 15.7716
103.539 14.7146
105.422 15.4196
104.194 14.4947
102.163 14.612
101.261 15.5776
102.129 15.5558
102.142 15.458
101.11 14.5811
103.023 15.3067
103.151 15.3889
100.303 15.1413
101.779 15.6529
95.6339 15.7377
101.197 15.4258
102.344 15.5336
100.467 15.2069
103.084 15.4309
97.1582 15.3681
97.9814 16.1751
100.889 14.667
98.9213 15.5951
99.9573 15.2419
98.8883 15.5147
100.399 15.6484
103.023 16.1726
100.534 15.5391
100.411 14.3286
101.387 15.2921
101.228 15.948
101.49 15.7926
101.964 15.5661
104.038 15.3779
103.47 15.3739
104.196 14.4989
99.9612 15.3543
99.1141 14.898
99.2973 15.9246
100.202 15.6758
98.3017 15.8884
104.372 15.2653
102.087 15.4984
99.6232 14.9441
100.641 15.394
101.856 15.1194
102.196 15.8142
97.463 15.5295
102.544 15.17
99.8364 16.0387
100.74 15.9669
98.0688 15.5308
99.4938 15.6012
101.686 14.8025
103.165 15.6774
99.5658 15.9444
99.5327 16.0525
100.183 16.1878
100.02 15.6845
100.546 14.8883
100.314 14.7929
101.751 14.9707
103.434 14.9779
103.283 14.629
101.703 14.7909
100.139 15.5826
99.2611 15.491
100.149 16.0553
101.388 15.7887
100.162 15.6129
106.344 14.853
105.252 15.3902
101.657 15.4925
101.13 16.1513
101.48 15.5693
98.066 15.2975
100.145 15.09
100.817 14.7913
99.5397 15.1666
99.7363 15.348
100.532 15.5022
99.7969 15.5054
100.108 15.2829
100.351 15.2863
100.452 15.4053
99.8319 15.8533
101.224 16.0512
101.308 15.4469
99.8756 15.3329
99.765 15.1288
98.0321 14.6247
101.967 15.3044
100.612 15.0232
102.198 15.3224
101.8 15.5665
99.3627 14.97
102.88 15.5289
99.9103 14.746
100.7 15.9987
101.481 14.9951
98.5668 15.5474
98.7854 15.4474
98.8822 16.0928
98.7248 16.1639
99.4722 15.6577
103.145 15.827
101.203 15.8226
98.7682 15.8666
102.299 15.7407
100.818 15.6804
102.434 15.9204
101.732 15.0432
102.165 15.1613
98.4343 15.5844
97.7541 15.5229
101.841 15.2347
97.736 15.1646
99.9658 15.8063
102.402 15.5026
100.64 15.499
98.5141 15.3939
100.303 15.7388
101.965 14.8606
101.254 16.1098
103.956 16.1061
103.747 15.7247
101.083 14.7253
101.765 14.6155
98.9998 15.4567
99.5317 15.2751
99.4817 15.8651
97.5215 15.4727
98.2132 16.3303
99.8211 14.7042
100.826 16.1879
101.099 15.952
103.829 15.4887
101.488 14.812
103.375 15.6124
99.7434 15.4888
100.678 15.4687
102.471 16.202
103.369 15.9369
100.869 14.7195
103.197 15.4712
105.656 15.0545
98.2405 15.9078
100.364 14.8631
101.181 15.6811
102.503 15.5945
100.121 15.2226
102.549 15.1591
101.629 15.0797
103.176 15.6743
99.9075 14.6971
99.3635 15.5714
100.453 14.9936
97.7234 15.6444
99.2283 15.4604
99.9358 15.7863
103.266 14.9245
102.853 14.9055
101.913 15.4291
99.0212 14.6992
100.6 15.8906
100.145 14.9852
101.42 15.7447
102.241 15.2711
96.0601 15.5015
98.3037 15.6251
99.4688 15.5388
102.339 15.5205
98.7342 15.512
101.422 15.8792
103.16 15.8868
98.9836 15.704
106.576 14.6109
103.625 15.2501
103.709 15.2336
100.176 15.1835
99.2387 15.3623
100.269 15.4954
100.158 15.0093
103.285 15.2983
102.615 15.8614
102.093 15.3182
101.559 15.1439
98.3683 15.8455
102.067 14.4797
103.899 15.147
100.751 15.3899
99.4218 15.6557
98.736 15.6494
99.7196 15.6705
103.336 15.7691
101.281 15.3031
97.5083 15.3031
98.5603 15.4745
103.933 14.59
102.203 14.4576
102.827 14.5328
102.242 15.1809
103.349 15.3193
98.5787 15.2907
100.298 15.2615
102.458 16.2719
100.41 15.9043
102 15.3965
102.432 15.1893
101.993 14.9773
102.032 15.1015
99.5619 15.3886
101.946 14.6963
100.126 15.6261
102.459 16.2132
104.43 15.9785
94.9327 15.8536
102.613 15.9741
101.785 15.3578
100.925 15.4029
100.977 15.4977
100.673 15.8392
97.6002 15.5801
101.009 15.3547
100.525 15.9824
105.511 15.4287
102.122 14.8121
101.143 16.5119
100.162 15.6297
97.1698 15.4629
101.299 15.9269
100.843 15.2328
100.49 15.7272
99.8479 15.7276
101.243 14.908
101.562 15.5899
103.494 15.0916
102.324 15.3854
103.921 14.7975
99.3468 14.639
101.429 15.3223
100.405 16.1293
102.765 15.754
101.562 15.9579
99.2188 15.7375
101.162 15.3716
99.4215 15.063
98.6863 16.0893
100.991 16.2235
99.7669 16.1804
99.9035 15.3199
101.291 15.8155
102.022 15.8846
98.1748 15.3894
102.759 15.4883
99.2037 16.1696
98.7801 15.4754
99.4851 15.8136
97.3317 15.7106
101.687 16.0606
100.607 15.4902
101.97 16.2861
98.941 15.7584
100.598 15.8913
103.037 15.0661
100.574 14.922
100.579 15.129
101.541 15.08
99.3032 15.3617
101.092 15.1727
102.266 14.8857
102.27 15.1184
100.362 15.2891
100.662 14.8973
101.116 15.4836
103.737 14.6
100.234 15.6538
101.903 14.9701
101.423 15.0092
103.182 15.9771
99.4656 15.2119
103.684 15.5377
99.7255 15.2753
98.3205 15.2898
103.146 15.3406
99.9104 15.8367
98.0827 16.1017
98.2744 15.8724
97.8831 15.3836
97.1399 15.7202
98.4057 15.5418
101.113 14.5356
98.167 15.7355
101.737 16.062
100.482 15.9033
100.7 15.8316
99.7346 15.42
101.096 15.7225
100.601 15.4164
99.3875 15.286
102.913 15.3739
102.614 15.8205
104.537 15.4318
101.784 15.9941
99.863 15.3844
100.78 15.2393
101.889 15.0836
100.929 15.0906
99.4554 15.8625
101.593 15.195
98.9522 15.1072
99.0707 15.4593
99.374 15.2985
104.085 14.6164
106.019 14.9639
105.92 15.0284
98.7481 15.1828
99.9095 15.8986
99.2626 15.3758
102.013 14.8994
99.2916 14.9247
98.8907 15.8076
102.366 15.4878
98.1425 14.9348
103.562 14.8937
100.856 15.0067
101.255 15.7954
100.595 15.7477
102.244 14.7826
102.256 15.2269
101.693 15.6012
100.151 15.5576
103.211 15.1502
104.509 15.0028
98.3996 15.5193
102.042 15.272
101.407 15.1212
96.6823 16.0961
100.531 15.5246
99.7497 15.2873
102.034 15.3219
99.4933 16.1463
95.324 15.6625
99.6103 15.4637
100.942 15.1404
100.797 15.3528
103.148 15.8367
105.272 15.2546
103.658 15.3956
99.738 15.4139
99.4499 15.8573
101.106 15.5953
100.827 15.4303
99.7134 15.3391
100.835 15.6126
100.673 15.7252
101.195 15.6672
101.108 16.0388
104.84 15.136
102.226 15.2563
100.386 15.6114
100.933 16.0826
98.3416 16.2647
98.105 16.3675
101.491 15.8115
101.733 16.0981
102.616 15.2054
102.907 15.2711
102.689 14.7288
99.3337 14.9836
100.557 15.3268
100.805 15.9556
101.395 15.884
99.3684 15.5101
100.666 15.3319
99.1222 15.3304
98.1176 16.0392
101.715 15.8551
98.8396 15.2225
103.313 14.513
101.739 15.4624
101.714 15.2641
99.8035 15.3418
101.524 15.1009
100.095 15.3301
103.787 16.1533
99.4841 16.1151
100.386 15.6475
100.039 15.6339
100.24 16.127
101.036 15.1599
102.451 15.3771
103.54 15.4997
100.563 15.4528
99.7466 14.9715
98.7349 16.0613
100.19 15.8029
99.6259 16.0201
102.441 15.6801
99.8319 15.6388
100.038 15.6715
97.5087 16.1007
99.7422 16.2515
100.312 15.9753
102.452 15.4384
101.239 14.7566
104.673 14.9631
104.627 15.7845
104.23 16.0158
101.136 15.5383
97.0186 15.943
101.963 14.7227
101.639 15.2509
99.6835 15.6235
105.383 15.606
97.1296 15.4327
102.364 15.6281
99.6323 16.0408
102.813 15.5035
95.7195 15.7834
101.722 14.9303
102.003 15.9409
98.1884 16.3323
99.9403 15.9184
101.371 16.0284
97.5542 16.082
97.8292 15.8537
98.6963 15.8474
102.552 15
100.034 14.896
102.627 15.1308
101.81 15.9185
98.9884 15.0693
100.58 15.3694
98.971 15.4757
102.432 15.071
101.634 15.0051
102.984 15.4864
105.26 15.3881
103.779 14.9467
100.579 15.1216
99.4709 15.4007
99.7671 15.167
100.622 15.7709
99.9601 15.7225
100.085 15.0328
100.638 15.6135
102.373 15.4473
101.418 15.4297
102.276 15.7479
103.503 14.9833
99.0258 15.3116
99.7451 16.2579
99.6844 15.4911
98.5973 15.5398
94.9815 16.0144
97.5636 15.1004
101.341 15.0931
103.974 15.2186
102.194 16.1176
101.493 14.6848
102.51 14.814
102.833 15.0455
101.534 15.1742
100.692 15.4829
99.9159 15.8472
99.1575 15.7584
101.128 15.4379
102.007 14.7928
99.9427 14.7804
102.602 15.0327
100.761 15.9578
100.804 14.969
101.709 14.8522
100.008 15.7515
100.959 15.5533
103.902 14.8686
102.392 16.0639
100.404 15.3665
99.3806 15.4831
100.947 15.3385
100.338 15.5294
101.447 15.4798
98.0157 15.8054
103.027 15.4814
101.494 15.6403
102.426 16.2874
99.005 16.0265
97.796 15.2862
97.6798 15.8104
98.2604 15.2302
100.917 15.3389
102.802 15.6462
99.9418 15.8055
102.839 15.79
101.306 16.102
104.147 14.9007
103.763 15.133
98.5493 15.8661
101.288 15.8061
101.113 15.6979
99.5751 15.8955
100.905 14.6743
101.641 15.6069
99.1911 15.0278
100.272 14.8317
100.705 14.7257
99.2037 15.6551
101.776 15.4868
100.038 15.8977
99.4413 15.5553
98.2771 15.4382
101.239 15.7744
101.82 15.3299
97.1018 15.3182
100.069 15.3131
104.726 14.3301
101.287 15.8124
101.262 15.8076
101.754 15.3469
100.946 15.5517
98.4554 15.4261
99.1341 15.8582
103.124 15.2737
104.15 15.5288
99.2704 15.3642
102.282 15.9688
97.7772 15.2665
102.178 15.5512
101.077 14.572
102.763 16.3596
100.881 14.608
98.3033 15.5378
102.592 15.3994
101.573 15.4063
102.825 15.1472
100.35 15.7501
99.688 15.3783
100.088 15.729
99.9881 15.4136
99.389 14.6139
101.285 15.5292
102.148 15.5639
100.69 15.3789
103.515 15.1379
100.915 15.832
101.019 15.4033
100.493 15.3385
98.666 15.6586
101.108 15.4417
101.238 14.7753
101.607 15.1117
103.396 15.7072
104.1 15.8234
100.976 15.7964
103.993 14.8721
105.631 15.7326
99.566 16.0581
100.271 16.1539
99.3039 16.0446
101.944 15.5574
101.246 15.2965
100.536 15.2819
100.536 15.3775
99.9405 16.0997
103.306 14.7636
101.023 14.8776
100.073 14.887
98.7696 14.9405
101.399 15.3446
101.716 15.7762
101.83 15.3134
99.7652 15.737
99.8843 15.7755
99.1829 15.6339
101.941 15.6492
101.665 14.9654
103.118 16.236
102.38 14.8673
101.828 15.2737
100.754 15.3633
100.796 15.4692
103.368 15.8922
103.787 14.2776
103.782 16.266
98.3779 16.4353
99.0306 16.1749
101.676 15.7131
101.791 15.3772
103.747 15.8229
102.206 15.3719
100.702 15.6777
98.6546 15.1232
106.816 15.1672
101.219 15.0908
104.02 15.1759
104.996 14.9053
101.123 15.8624
102.134 15.8924
101.145 15.2584
100.146 15.8087
100.189 15.462
98.9715 15.2163
100.465 15.4831
103.114 14.7336
100.457 15.7433
102.174 15.2737
100.178 15.8299
98.6306 15.0316
100.929 14.63
100.675 15.3601
102.537 15.0052
101.088 15.1338
105.542 15.6065
98.8245 15.9684
103.55 15.4671
102.064 15.4888
99.8311 15.4202
98.4269 15.0728
99.4199 15.2016
101.563 15.5974
98.1558 16.0824
99.0937 16.1579
103.266 15.1885
103.206 15.5044
100.164 15.5322
99.7345 15.3526
99.3257 15.8239
101.723 15.9413
101.723 15.1604
99.3421 14.793
99.9646 15.2145
100.473 15.1021
98.8396 15.138
99.1689 14.7508
98.3745 15.4374
98.7468 15.1475
99.0542 15.8601
101.364 15.0896
104.65 14.992
98.9119 15.7592
101.252 15.9095
101.484 15.4114
100.592 15.049
100.767 15.3494
99.1744 15.3878
98.512 15.07
100.124 15.2998
98.0807 15.5014
98.7509 16.1293
99.0451 15.6789
102.595 15.1364
99.8611 15.6683
98.4621 15.9648
101.093 16.5622
99.5703 16.5093
99.8423 15.6609
102.838 14.9855
101.077 15.5484
101.773 15.995
99.9595 16.1212
101.148 15.1512
104.137 15.777
103.798 15.1515
100.044 15.3165
99.8076 15.4286
100.198 16.1235
100.227 15.9345
100.283 15.7488
101.696 15.9772
100.346 15.2868
98.5896 15.2031
98.7844 14.698
96.8499 14.9268
97.6574 15.5169
101.608 15.3233
105.408 15.6663
101.867 15.4571
99.5241 15.5535
101.441 15.2325
99.8146 15.2039
100.963 14.6247
101.71 15.3005
103.417 15.0554
101.745 16.6527
102.905 15.7281
101.621 15.0912
101.93 15.3662
99.211 15.3004
99.5682 15.3239
101.542 15.4676
101.96 15.9049
103.513 14.9947
102.402 15.5498
101.858 15.5559
100.788 14.4201
100.517 15.5088
100.868 15.4089
98.9424 15.5712
102.208 15.6445
102.429 15.6821
101.025 15.5786
101.424 15.5302
99.9127 14.6533
102.281 14.9296
101.681 15.1459
101.591 15.8265
101.086 15.3249
100.953 15.9535
100.738 15.9581
101.269 15.3794
100.202 16.1774
101.673 15.8668
103.169 15.4716
101.542 15.3303
94.5611 15.5549
102.324 15.0748
101.458 14.933
101.775 15.3488
102.952 15.1111
101.822 15.7627
102.478 15.4925
103.752 15.2741
101.882 15.2947
102.349 15.2736
102.825 15.2724
101.938 15.3362
97.0308 15.616
102.935 15.0655
98.5743 15.7817
101.499 15.4458
100.862 14.6537
99.8927 14.7989
99.0633 15.1757
100.117 15.5205
101.25 15.9679
100.608 15.9446
99.0015 16.0302
100.576 16.0589
98.0147 15.9619
100.146 15.3039
99.1278 15.2886
101.053 15.3447
102.545 15.0803
100.006 14.9577
100.28 15.9508
100.308 15.2417
100.619 15.5289
100.833 15.4662
100.71 15.376
102.791 15.339
101.474 15.288
100.434 14.8007
99.9273 15.8122
97.0003 16.1466
99.834 14.9094
100.053 15.8056
103.178 15.0703
104.534 14.3497
102.971 15.2281
102.126 15.9064
100.079 15.9848
99.0953 15.6614
99.9908 15.915
101.704 15.5055
104.561 15.2971
103.156 15.1691
102.326 15.8757
99.6151 15.7717
103.698 15.2155
101.642 15.6029
102.791 15.736
103.089 15.1264
100.717 14.8489
99.3733 14.8296
99.9204 15.3062
100.213 15.3972
98.9924 14.9917
97.4138 16.1231
97.5335 15.6455
98.3512 16.4223
96.58 15.5333
99.133 15.6886
99.6403 15.7777
99.1822 15.281
99.2888 15.2017
98.7971 15.3239
103.84 15.4837
105.452 14.574
102.244 16.1815
100.331 15.7408
100.658 15.7947
100.957 15.4992
100.937 15.0268
101.135 14.6953
100.974 15.3955
100.119 14.9199
99.0158 15.7102
103.475 15.7326
102.548 15.5814
99.6273 14.8652
103.215 15.6125
98.1522 15.493
100.191 16.0561
101.365 15.2827
100.967 16.0604
101.795 16.1696
102.866 15.8973
103.886 15.5826
103.249 15.3626
101.473 14.9818
101.173 16.0425
99.3348 15.3061
103.989 15.7635
96.7675 15.9113
102.405 15.1309
